GAS LISTING C:\Users\bayra\AppData\Local\Temp\cc5uuyJi.s 			page 1


   1              		.file	"board.c"
   2              		.section	".text","axv"
   3              	.Ltext0:
   4              		.cfi_sections	.debug_frame
   5              		.section	.data.spc_mscr_io_init,"aw",@progbits
   6              		.align 2
   7              		.type	spc_mscr_io_init, @object
   8              		.size	spc_mscr_io_init, 60
   9              	spc_mscr_io_init:
  10 0000 000A     		.short	10
  11 0002 0000     		.zero	2
  12 0004 02880008 		.long	42467336
  13 0008 00       		.byte	0
  14 0009 000000   		.zero	3
  15 000c 000B     		.short	11
  16 000e 0000     		.zero	2
  17 0010 00890000 		.long	8978432
  18 0014 00       		.byte	0
  19 0015 000000   		.zero	3
  20 0018 0056     		.short	86
  21 001a 0000     		.zero	2
  22 001c 00890000 		.long	8978432
  23 0020 00       		.byte	0
  24 0021 000000   		.zero	3
  25 0024 0057     		.short	87
  26 0026 0000     		.zero	2
  27 0028 02880002 		.long	42467330
  28 002c 00       		.byte	0
  29 002d 000000   		.zero	3
  30 0030 FFFF     		.short	-1
  31 0032 0000     		.zero	2
  32 0034 00000000 		.long	0
  33 0038 00       		.byte	0
  34 0039 000000   		.zero	3
  35              		.section	.data.spc_mscr_mux_init,"aw",@progbits
  36              		.align 2
  37              		.type	spc_mscr_mux_init, @object
  38              		.size	spc_mscr_mux_init, 24
  39              	spc_mscr_mux_init:
  40 0000 00F6     		.short	246
  41 0002 0000     		.zero	2
  42 0004 00000006 		.long	6
  43 0008 00FC     		.short	252
  44 000a 0000     		.zero	2
  45 000c 00000005 		.long	5
  46 0010 FFFF     		.short	-1
  47 0012 0000     		.zero	2
  48 0014 00000000 		.long	0
  49              		.section	.data.pal_default_config,"aw",@progbits
  50              		.align 2
  51              		.type	pal_default_config, @object
  52              		.size	pal_default_config, 8
  53              	pal_default_config:
  54 0000 00000000 		.long	spc_mscr_io_init
  55 0004 00000000 		.long	spc_mscr_mux_init
  56              		.section	.text.boardInit,"axv",@progbits
  57              		.align 1
GAS LISTING C:\Users\bayra\AppData\Local\Temp\cc5uuyJi.s 			page 2


  58              		.p2align 4,,15
  59              		.globl boardInit
  60              		.type	boardInit, @function
  61              	boardInit:
  62              	.LFB2:
  63              		.file 1 "./components/spc58ecxx_board_initialization_component_rla/cfg/board.c"
  64              		.loc 1 49 0
  65              		.cfi_startproc
  66 0000 182106F8 		e_stwu %r1,-8(%r1)
  67              	.LCFI0:
  68              		.cfi_def_cfa_offset 8
  69 0004 0080     		se_mflr %r0
  70 0006 D301     		se_stw %r0,12(%r1)
  71              		.cfi_offset 65, 4
  72              		.loc 1 51 0
  73 0008 70E0E000 		e_lis %r7,pal_default_config@ha
  74 000c 1C670000 		e_la %r3,pal_default_config@l(%r7)
  75 0010 78000001 		e_bl pal_init
  76              		.loc 1 52 0
  77 0014 C301     		se_lwz %r0,12(%r1)
  78 0016 0090     		se_mtlr %r0
  79 0018 2071     		se_addi %r1,8
  80              	.LCFI1:
  81              		.cfi_def_cfa_offset 0
  82 001a 0004     		se_blr
  83              		.cfi_endproc
  84              	.LFE2:
  85              		.size	boardInit, .-boardInit
  86              		.section	".text","axv"
  87              	.Letext0:
  88              		.file 2 "c:\\spc5studio-6.0\\eclipse\\plugins\\com.st.tools.spc5.tools.gnu.gcc.ppcvle.win32_4.9.4.
  89              		.file 3 "c:\\spc5studio-6.0\\eclipse\\plugins\\com.st.tools.spc5.tools.gnu.gcc.ppcvle.win32_4.9.4.
  90              		.file 4 "./components/spc58ecxx_board_initialization_component_rla/lib/include/pal.h"
  91              		.section	.debug_info,"",@progbits
  92              	.Ldebug_info0:
  93 0000 000001D3 		.4byte	0x1d3
  94 0004 0002     		.2byte	0x2
  95 0006 00000000 		.4byte	.Ldebug_abbrev0
  96 000a 04       		.byte	0x4
  97 000b 01       		.uleb128 0x1
  98 000c 00000000 		.4byte	.LASF28
  99 0010 01       		.byte	0x1
 100 0011 00000000 		.4byte	.LASF29
 101 0015 00000000 		.4byte	.LASF30
 102 0019 00000000 		.4byte	.Ldebug_ranges0+0
 103 001d 00000000 		.4byte	0
 104 0021 00000000 		.4byte	0
 105 0025 00000000 		.4byte	.Ldebug_line0
 106 0029 02       		.uleb128 0x2
 107 002a 01       		.byte	0x1
 108 002b 06       		.byte	0x6
 109 002c 00000000 		.4byte	.LASF0
 110 0030 03       		.uleb128 0x3
 111 0031 00000000 		.4byte	.LASF2
 112 0035 02       		.byte	0x2
 113 0036 1D       		.byte	0x1d
 114 0037 0000003B 		.4byte	0x3b
GAS LISTING C:\Users\bayra\AppData\Local\Temp\cc5uuyJi.s 			page 3


 115 003b 02       		.uleb128 0x2
 116 003c 01       		.byte	0x1
 117 003d 08       		.byte	0x8
 118 003e 00000000 		.4byte	.LASF1
 119 0042 03       		.uleb128 0x3
 120 0043 00000000 		.4byte	.LASF3
 121 0047 02       		.byte	0x2
 122 0048 29       		.byte	0x29
 123 0049 0000004D 		.4byte	0x4d
 124 004d 02       		.uleb128 0x2
 125 004e 02       		.byte	0x2
 126 004f 05       		.byte	0x5
 127 0050 00000000 		.4byte	.LASF4
 128 0054 02       		.uleb128 0x2
 129 0055 02       		.byte	0x2
 130 0056 07       		.byte	0x7
 131 0057 00000000 		.4byte	.LASF5
 132 005b 02       		.uleb128 0x2
 133 005c 04       		.byte	0x4
 134 005d 05       		.byte	0x5
 135 005e 00000000 		.4byte	.LASF6
 136 0062 03       		.uleb128 0x3
 137 0063 00000000 		.4byte	.LASF7
 138 0067 02       		.byte	0x2
 139 0068 41       		.byte	0x41
 140 0069 0000006D 		.4byte	0x6d
 141 006d 02       		.uleb128 0x2
 142 006e 04       		.byte	0x4
 143 006f 07       		.byte	0x7
 144 0070 00000000 		.4byte	.LASF8
 145 0074 02       		.uleb128 0x2
 146 0075 08       		.byte	0x8
 147 0076 05       		.byte	0x5
 148 0077 00000000 		.4byte	.LASF9
 149 007b 02       		.uleb128 0x2
 150 007c 08       		.byte	0x8
 151 007d 07       		.byte	0x7
 152 007e 00000000 		.4byte	.LASF10
 153 0082 04       		.uleb128 0x4
 154 0083 04       		.byte	0x4
 155 0084 05       		.byte	0x5
 156 0085 696E7400 		.string	"int"
 157 0089 02       		.uleb128 0x2
 158 008a 04       		.byte	0x4
 159 008b 07       		.byte	0x7
 160 008c 00000000 		.4byte	.LASF11
 161 0090 03       		.uleb128 0x3
 162 0091 00000000 		.4byte	.LASF12
 163 0095 03       		.byte	0x3
 164 0096 15       		.byte	0x15
 165 0097 00000030 		.4byte	0x30
 166 009b 03       		.uleb128 0x3
 167 009c 00000000 		.4byte	.LASF13
 168 00a0 03       		.byte	0x3
 169 00a1 20       		.byte	0x20
 170 00a2 00000042 		.4byte	0x42
 171 00a6 03       		.uleb128 0x3
GAS LISTING C:\Users\bayra\AppData\Local\Temp\cc5uuyJi.s 			page 4


 172 00a7 00000000 		.4byte	.LASF14
 173 00ab 03       		.byte	0x3
 174 00ac 2D       		.byte	0x2d
 175 00ad 00000062 		.4byte	0x62
 176 00b1 02       		.uleb128 0x2
 177 00b2 04       		.byte	0x4
 178 00b3 07       		.byte	0x7
 179 00b4 00000000 		.4byte	.LASF15
 180 00b8 03       		.uleb128 0x3
 181 00b9 00000000 		.4byte	.LASF16
 182 00bd 04       		.byte	0x4
 183 00be 8B       		.byte	0x8b
 184 00bf 000000A6 		.4byte	0xa6
 185 00c3 05       		.uleb128 0x5
 186 00c4 0C       		.byte	0xc
 187 00c5 04       		.byte	0x4
 188 00c6 95       		.byte	0x95
 189 00c7 000000F6 		.4byte	0xf6
 190 00cb 06       		.uleb128 0x6
 191 00cc 00000000 		.4byte	.LASF17
 192 00d0 04       		.byte	0x4
 193 00d1 96       		.byte	0x96
 194 00d2 0000009B 		.4byte	0x9b
 195 00d6 02       		.byte	0x2
 196 00d7 23       		.byte	0x23
 197 00d8 00       		.uleb128 0
 198 00d9 06       		.uleb128 0x6
 199 00da 00000000 		.4byte	.LASF18
 200 00de 04       		.byte	0x4
 201 00df 97       		.byte	0x97
 202 00e0 000000B8 		.4byte	0xb8
 203 00e4 02       		.byte	0x2
 204 00e5 23       		.byte	0x23
 205 00e6 04       		.uleb128 0x4
 206 00e7 06       		.uleb128 0x6
 207 00e8 00000000 		.4byte	.LASF19
 208 00ec 04       		.byte	0x4
 209 00ed 98       		.byte	0x98
 210 00ee 00000090 		.4byte	0x90
 211 00f2 02       		.byte	0x2
 212 00f3 23       		.byte	0x23
 213 00f4 08       		.uleb128 0x8
 214 00f5 00       		.byte	0
 215 00f6 03       		.uleb128 0x3
 216 00f7 00000000 		.4byte	.LASF20
 217 00fb 04       		.byte	0x4
 218 00fc 99       		.byte	0x99
 219 00fd 000000C3 		.4byte	0xc3
 220 0101 05       		.uleb128 0x5
 221 0102 08       		.byte	0x8
 222 0103 04       		.byte	0x4
 223 0104 9E       		.byte	0x9e
 224 0105 00000126 		.4byte	0x126
 225 0109 06       		.uleb128 0x6
 226 010a 00000000 		.4byte	.LASF17
 227 010e 04       		.byte	0x4
 228 010f 9F       		.byte	0x9f
GAS LISTING C:\Users\bayra\AppData\Local\Temp\cc5uuyJi.s 			page 5


 229 0110 0000009B 		.4byte	0x9b
 230 0114 02       		.byte	0x2
 231 0115 23       		.byte	0x23
 232 0116 00       		.uleb128 0
 233 0117 06       		.uleb128 0x6
 234 0118 00000000 		.4byte	.LASF18
 235 011c 04       		.byte	0x4
 236 011d A0       		.byte	0xa0
 237 011e 000000A6 		.4byte	0xa6
 238 0122 02       		.byte	0x2
 239 0123 23       		.byte	0x23
 240 0124 04       		.uleb128 0x4
 241 0125 00       		.byte	0
 242 0126 03       		.uleb128 0x3
 243 0127 00000000 		.4byte	.LASF21
 244 012b 04       		.byte	0x4
 245 012c A1       		.byte	0xa1
 246 012d 00000101 		.4byte	0x101
 247 0131 05       		.uleb128 0x5
 248 0132 08       		.byte	0x8
 249 0133 04       		.byte	0x4
 250 0134 AC       		.byte	0xac
 251 0135 00000156 		.4byte	0x156
 252 0139 06       		.uleb128 0x6
 253 013a 00000000 		.4byte	.LASF22
 254 013e 04       		.byte	0x4
 255 013f AD       		.byte	0xad
 256 0140 00000156 		.4byte	0x156
 257 0144 02       		.byte	0x2
 258 0145 23       		.byte	0x23
 259 0146 00       		.uleb128 0
 260 0147 06       		.uleb128 0x6
 261 0148 00000000 		.4byte	.LASF23
 262 014c 04       		.byte	0x4
 263 014d AE       		.byte	0xae
 264 014e 0000015C 		.4byte	0x15c
 265 0152 02       		.byte	0x2
 266 0153 23       		.byte	0x23
 267 0154 04       		.uleb128 0x4
 268 0155 00       		.byte	0
 269 0156 07       		.uleb128 0x7
 270 0157 04       		.byte	0x4
 271 0158 000000F6 		.4byte	0xf6
 272 015c 07       		.uleb128 0x7
 273 015d 04       		.byte	0x4
 274 015e 00000126 		.4byte	0x126
 275 0162 03       		.uleb128 0x3
 276 0163 00000000 		.4byte	.LASF24
 277 0167 04       		.byte	0x4
 278 0168 AF       		.byte	0xaf
 279 0169 00000131 		.4byte	0x131
 280 016d 08       		.uleb128 0x8
 281 016e 01       		.byte	0x1
 282 016f 00000000 		.4byte	.LASF31
 283 0173 01       		.byte	0x1
 284 0174 31       		.byte	0x31
 285 0175 01       		.byte	0x1
GAS LISTING C:\Users\bayra\AppData\Local\Temp\cc5uuyJi.s 			page 6


 286 0176 00000000 		.4byte	.LFB2
 287 017a 00000000 		.4byte	.LFE2
 288 017e 00000000 		.4byte	.LLST0
 289 0182 01       		.byte	0x1
 290 0183 09       		.uleb128 0x9
 291 0184 000000F6 		.4byte	0xf6
 292 0188 00000193 		.4byte	0x193
 293 018c 0A       		.uleb128 0xa
 294 018d 000000B1 		.4byte	0xb1
 295 0191 04       		.byte	0x4
 296 0192 00       		.byte	0
 297 0193 0B       		.uleb128 0xb
 298 0194 00000000 		.4byte	.LASF25
 299 0198 01       		.byte	0x1
 300 0199 14       		.byte	0x14
 301 019a 00000183 		.4byte	0x183
 302 019e 05       		.byte	0x5
 303 019f 03       		.byte	0x3
 304 01a0 00000000 		.4byte	spc_mscr_io_init
 305 01a4 09       		.uleb128 0x9
 306 01a5 00000126 		.4byte	0x126
 307 01a9 000001B4 		.4byte	0x1b4
 308 01ad 0A       		.uleb128 0xa
 309 01ae 000000B1 		.4byte	0xb1
 310 01b2 02       		.byte	0x2
 311 01b3 00       		.byte	0
 312 01b4 0B       		.uleb128 0xb
 313 01b5 00000000 		.4byte	.LASF26
 314 01b9 01       		.byte	0x1
 315 01ba 20       		.byte	0x20
 316 01bb 000001A4 		.4byte	0x1a4
 317 01bf 05       		.byte	0x5
 318 01c0 03       		.byte	0x3
 319 01c1 00000000 		.4byte	spc_mscr_mux_init
 320 01c5 0B       		.uleb128 0xb
 321 01c6 00000000 		.4byte	.LASF27
 322 01ca 01       		.byte	0x1
 323 01cb 29       		.byte	0x29
 324 01cc 00000162 		.4byte	0x162
 325 01d0 05       		.byte	0x5
 326 01d1 03       		.byte	0x3
 327 01d2 00000000 		.4byte	pal_default_config
 328 01d6 00       		.byte	0
 329              		.section	.debug_abbrev,"",@progbits
 330              	.Ldebug_abbrev0:
 331 0000 01       		.uleb128 0x1
 332 0001 11       		.uleb128 0x11
 333 0002 01       		.byte	0x1
 334 0003 25       		.uleb128 0x25
 335 0004 0E       		.uleb128 0xe
 336 0005 13       		.uleb128 0x13
 337 0006 0B       		.uleb128 0xb
 338 0007 03       		.uleb128 0x3
 339 0008 0E       		.uleb128 0xe
 340 0009 1B       		.uleb128 0x1b
 341 000a 0E       		.uleb128 0xe
 342 000b 55       		.uleb128 0x55
GAS LISTING C:\Users\bayra\AppData\Local\Temp\cc5uuyJi.s 			page 7


 343 000c 06       		.uleb128 0x6
 344 000d 11       		.uleb128 0x11
 345 000e 01       		.uleb128 0x1
 346 000f 52       		.uleb128 0x52
 347 0010 01       		.uleb128 0x1
 348 0011 10       		.uleb128 0x10
 349 0012 06       		.uleb128 0x6
 350 0013 00       		.byte	0
 351 0014 00       		.byte	0
 352 0015 02       		.uleb128 0x2
 353 0016 24       		.uleb128 0x24
 354 0017 00       		.byte	0
 355 0018 0B       		.uleb128 0xb
 356 0019 0B       		.uleb128 0xb
 357 001a 3E       		.uleb128 0x3e
 358 001b 0B       		.uleb128 0xb
 359 001c 03       		.uleb128 0x3
 360 001d 0E       		.uleb128 0xe
 361 001e 00       		.byte	0
 362 001f 00       		.byte	0
 363 0020 03       		.uleb128 0x3
 364 0021 16       		.uleb128 0x16
 365 0022 00       		.byte	0
 366 0023 03       		.uleb128 0x3
 367 0024 0E       		.uleb128 0xe
 368 0025 3A       		.uleb128 0x3a
 369 0026 0B       		.uleb128 0xb
 370 0027 3B       		.uleb128 0x3b
 371 0028 0B       		.uleb128 0xb
 372 0029 49       		.uleb128 0x49
 373 002a 13       		.uleb128 0x13
 374 002b 00       		.byte	0
 375 002c 00       		.byte	0
 376 002d 04       		.uleb128 0x4
 377 002e 24       		.uleb128 0x24
 378 002f 00       		.byte	0
 379 0030 0B       		.uleb128 0xb
 380 0031 0B       		.uleb128 0xb
 381 0032 3E       		.uleb128 0x3e
 382 0033 0B       		.uleb128 0xb
 383 0034 03       		.uleb128 0x3
 384 0035 08       		.uleb128 0x8
 385 0036 00       		.byte	0
 386 0037 00       		.byte	0
 387 0038 05       		.uleb128 0x5
 388 0039 13       		.uleb128 0x13
 389 003a 01       		.byte	0x1
 390 003b 0B       		.uleb128 0xb
 391 003c 0B       		.uleb128 0xb
 392 003d 3A       		.uleb128 0x3a
 393 003e 0B       		.uleb128 0xb
 394 003f 3B       		.uleb128 0x3b
 395 0040 0B       		.uleb128 0xb
 396 0041 01       		.uleb128 0x1
 397 0042 13       		.uleb128 0x13
 398 0043 00       		.byte	0
 399 0044 00       		.byte	0
GAS LISTING C:\Users\bayra\AppData\Local\Temp\cc5uuyJi.s 			page 8


 400 0045 06       		.uleb128 0x6
 401 0046 0D       		.uleb128 0xd
 402 0047 00       		.byte	0
 403 0048 03       		.uleb128 0x3
 404 0049 0E       		.uleb128 0xe
 405 004a 3A       		.uleb128 0x3a
 406 004b 0B       		.uleb128 0xb
 407 004c 3B       		.uleb128 0x3b
 408 004d 0B       		.uleb128 0xb
 409 004e 49       		.uleb128 0x49
 410 004f 13       		.uleb128 0x13
 411 0050 38       		.uleb128 0x38
 412 0051 0A       		.uleb128 0xa
 413 0052 00       		.byte	0
 414 0053 00       		.byte	0
 415 0054 07       		.uleb128 0x7
 416 0055 0F       		.uleb128 0xf
 417 0056 00       		.byte	0
 418 0057 0B       		.uleb128 0xb
 419 0058 0B       		.uleb128 0xb
 420 0059 49       		.uleb128 0x49
 421 005a 13       		.uleb128 0x13
 422 005b 00       		.byte	0
 423 005c 00       		.byte	0
 424 005d 08       		.uleb128 0x8
 425 005e 2E       		.uleb128 0x2e
 426 005f 00       		.byte	0
 427 0060 3F       		.uleb128 0x3f
 428 0061 0C       		.uleb128 0xc
 429 0062 03       		.uleb128 0x3
 430 0063 0E       		.uleb128 0xe
 431 0064 3A       		.uleb128 0x3a
 432 0065 0B       		.uleb128 0xb
 433 0066 3B       		.uleb128 0x3b
 434 0067 0B       		.uleb128 0xb
 435 0068 27       		.uleb128 0x27
 436 0069 0C       		.uleb128 0xc
 437 006a 11       		.uleb128 0x11
 438 006b 01       		.uleb128 0x1
 439 006c 12       		.uleb128 0x12
 440 006d 01       		.uleb128 0x1
 441 006e 40       		.uleb128 0x40
 442 006f 06       		.uleb128 0x6
 443 0070 9642     		.uleb128 0x2116
 444 0072 0C       		.uleb128 0xc
 445 0073 00       		.byte	0
 446 0074 00       		.byte	0
 447 0075 09       		.uleb128 0x9
 448 0076 01       		.uleb128 0x1
 449 0077 01       		.byte	0x1
 450 0078 49       		.uleb128 0x49
 451 0079 13       		.uleb128 0x13
 452 007a 01       		.uleb128 0x1
 453 007b 13       		.uleb128 0x13
 454 007c 00       		.byte	0
 455 007d 00       		.byte	0
 456 007e 0A       		.uleb128 0xa
GAS LISTING C:\Users\bayra\AppData\Local\Temp\cc5uuyJi.s 			page 9


 457 007f 21       		.uleb128 0x21
 458 0080 00       		.byte	0
 459 0081 49       		.uleb128 0x49
 460 0082 13       		.uleb128 0x13
 461 0083 2F       		.uleb128 0x2f
 462 0084 0B       		.uleb128 0xb
 463 0085 00       		.byte	0
 464 0086 00       		.byte	0
 465 0087 0B       		.uleb128 0xb
 466 0088 34       		.uleb128 0x34
 467 0089 00       		.byte	0
 468 008a 03       		.uleb128 0x3
 469 008b 0E       		.uleb128 0xe
 470 008c 3A       		.uleb128 0x3a
 471 008d 0B       		.uleb128 0xb
 472 008e 3B       		.uleb128 0x3b
 473 008f 0B       		.uleb128 0xb
 474 0090 49       		.uleb128 0x49
 475 0091 13       		.uleb128 0x13
 476 0092 02       		.uleb128 0x2
 477 0093 0A       		.uleb128 0xa
 478 0094 00       		.byte	0
 479 0095 00       		.byte	0
 480 0096 00       		.byte	0
 481              		.section	.debug_loc,"",@progbits
 482              	.Ldebug_loc0:
 483              	.LLST0:
 484 0000 00000000 		.4byte	.LFB2
 485 0004 00000000 		.4byte	.LCFI0
 486 0008 0002     		.2byte	0x2
 487 000a 71       		.byte	0x71
 488 000b 00       		.sleb128 0
 489 000c 00000000 		.4byte	.LCFI0
 490 0010 00000000 		.4byte	.LCFI1
 491 0014 0002     		.2byte	0x2
 492 0016 71       		.byte	0x71
 493 0017 08       		.sleb128 8
 494 0018 00000000 		.4byte	.LCFI1
 495 001c 00000000 		.4byte	.LFE2
 496 0020 0002     		.2byte	0x2
 497 0022 71       		.byte	0x71
 498 0023 00       		.sleb128 0
 499 0024 00000000 		.4byte	0
 500 0028 00000000 		.4byte	0
 501              		.section	.debug_aranges,"",@progbits
 502 0000 0000001C 		.4byte	0x1c
 503 0004 0002     		.2byte	0x2
 504 0006 00000000 		.4byte	.Ldebug_info0
 505 000a 04       		.byte	0x4
 506 000b 00       		.byte	0
 507 000c 0000     		.2byte	0
 508 000e 0000     		.2byte	0
 509 0010 00000000 		.4byte	.LFB2
 510 0014 0000001C 		.4byte	.LFE2-.LFB2
 511 0018 00000000 		.4byte	0
 512 001c 00000000 		.4byte	0
 513              		.section	.debug_ranges,"",@progbits
GAS LISTING C:\Users\bayra\AppData\Local\Temp\cc5uuyJi.s 			page 10


 514              	.Ldebug_ranges0:
 515 0000 00000000 		.4byte	.LFB2
 516 0004 00000000 		.4byte	.LFE2
 517 0008 00000000 		.4byte	0
 518 000c 00000000 		.4byte	0
 519              		.section	.debug_line,"",@progbits
 520              	.Ldebug_line0:
 521 0000 000001F6 		.section	.debug_str,"MS",@progbits,1
 521      00020000 
 521      01DF0201 
 521      FB0E0D00 
 521      01010101 
 522              	.LASF2:
 523 0000 5F5F7569 		.string	"__uint8_t"
 523      6E74385F 
 523      7400
 524              	.LASF3:
 525 000a 5F5F696E 		.string	"__int16_t"
 525      7431365F 
 525      7400
 526              	.LASF18:
 527 0014 76616C75 		.string	"value"
 527      6500
 528              	.LASF16:
 529 001a 696F6D6F 		.string	"iomode_t"
 529      64655F74 
 529      00
 530              	.LASF0:
 531 0023 7369676E 		.string	"signed char"
 531      65642063 
 531      68617200 
 532              	.LASF1:
 533 002f 756E7369 		.string	"unsigned char"
 533      676E6564 
 533      20636861 
 533      7200
 534              	.LASF8:
 535 003d 6C6F6E67 		.string	"long unsigned int"
 535      20756E73 
 535      69676E65 
 535      6420696E 
 535      7400
 536              	.LASF5:
 537 004f 73686F72 		.string	"short unsigned int"
 537      7420756E 
 537      7369676E 
 537      65642069 
 537      6E7400
 538              	.LASF29:
 539 0062 2E2F636F 		.string	"./components/spc58ecxx_board_initialization_component_rla/cfg/board.c"
 539      6D706F6E 
 539      656E7473 
 539      2F737063 
 539      35386563 
 540              	.LASF20:
 541 00a8 7370635F 		.string	"spc_mscr_io_init_t"
 541      6D736372 
GAS LISTING C:\Users\bayra\AppData\Local\Temp\cc5uuyJi.s 			page 11


 541      5F696F5F 
 541      696E6974 
 541      5F7400
 542              	.LASF25:
 543 00bb 7370635F 		.string	"spc_mscr_io_init"
 543      6D736372 
 543      5F696F5F 
 543      696E6974 
 543      00
 544              	.LASF24:
 545 00cc 50414C43 		.string	"PALConfig"
 545      6F6E6669 
 545      6700
 546              	.LASF30:
 547 00d6 443A5C47 		.string	"D:\\GitKraken\\SPC58EC80E5\\Gateway"
 547      69744B72 
 547      616B656E 
 547      5C535043 
 547      35384543 
 548              	.LASF27:
 549 00f7 70616C5F 		.string	"pal_default_config"
 549      64656661 
 549      756C745F 
 549      636F6E66 
 549      696700
 550              	.LASF7:
 551 010a 5F5F7569 		.string	"__uint32_t"
 551      6E743332 
 551      5F7400
 552              	.LASF11:
 553 0115 756E7369 		.string	"unsigned int"
 553      676E6564 
 553      20696E74 
 553      00
 554              	.LASF10:
 555 0122 6C6F6E67 		.string	"long long unsigned int"
 555      206C6F6E 
 555      6720756E 
 555      7369676E 
 555      65642069 
 556              	.LASF12:
 557 0139 75696E74 		.string	"uint8_t"
 557      385F7400 
 558              	.LASF31:
 559 0141 626F6172 		.string	"boardInit"
 559      64496E69 
 559      7400
 560              	.LASF13:
 561 014b 696E7431 		.string	"int16_t"
 561      365F7400 
 562              	.LASF22:
 563 0153 6D736372 		.string	"mscr_io"
 563      5F696F00 
 564              	.LASF15:
 565 015b 73697A65 		.string	"sizetype"
 565      74797065 
 565      00
GAS LISTING C:\Users\bayra\AppData\Local\Temp\cc5uuyJi.s 			page 12


 566              	.LASF21:
 567 0164 7370635F 		.string	"spc_mscr_mux_init_t"
 567      6D736372 
 567      5F6D7578 
 567      5F696E69 
 567      745F7400 
 568              	.LASF9:
 569 0178 6C6F6E67 		.string	"long long int"
 569      206C6F6E 
 569      6720696E 
 569      7400
 570              	.LASF23:
 571 0186 6D736372 		.string	"mscr_mux"
 571      5F6D7578 
 571      00
 572              	.LASF17:
 573 018f 696E6465 		.string	"index"
 573      7800
 574              	.LASF26:
 575 0195 7370635F 		.string	"spc_mscr_mux_init"
 575      6D736372 
 575      5F6D7578 
 575      5F696E69 
 575      7400
 576              	.LASF19:
 577 01a7 6770646F 		.string	"gpdo"
 577      00
 578              	.LASF4:
 579 01ac 73686F72 		.string	"short int"
 579      7420696E 
 579      7400
 580              	.LASF14:
 581 01b6 75696E74 		.string	"uint32_t"
 581      33325F74 
 581      00
 582              	.LASF6:
 583 01bf 6C6F6E67 		.string	"long int"
 583      20696E74 
 583      00
 584              	.LASF28:
 585 01c8 474E5520 		.ascii	"GNU C 4.9.4 20160726 (Sat May 27 11:09:55 CDT 2017         b"
 585      4320342E 
 585      392E3420 
 585      32303136 
 585      30373236 
 586 0204 75696C64 		.ascii	"uild.sh"
 586      2E7368
 587 020b 20726576 		.string	" rev=gd8b6c20 s=F494 ELe200 -V release_gd8b6c20_build_Fed_ELe200_ML0) -mcall-sysv -mcpu=e
 587      3D676438 
 587      62366332 
 587      3020733D 
 587      46343934 
 588              		.ident	"GCC: (GNU) 4.9.4 20160726 (Sat May 27 11:09:55 CDT 2017         build.sh rev=gd8b6c20 s=F4
GAS LISTING C:\Users\bayra\AppData\Local\Temp\cc5uuyJi.s 			page 13


DEFINED SYMBOLS
                            *ABS*:00000000 board.c
C:\Users\bayra\AppData\Local\Temp\cc5uuyJi.s:9      .data.spc_mscr_io_init:00000000 spc_mscr_io_init
C:\Users\bayra\AppData\Local\Temp\cc5uuyJi.s:39     .data.spc_mscr_mux_init:00000000 spc_mscr_mux_init
C:\Users\bayra\AppData\Local\Temp\cc5uuyJi.s:53     .data.pal_default_config:00000000 pal_default_config
C:\Users\bayra\AppData\Local\Temp\cc5uuyJi.s:61     .text.boardInit:00000000 boardInit

UNDEFINED SYMBOLS
pal_init
