GAS LISTING C:\Users\bayra\AppData\Local\Temp\ccQzjoBV.s 			page 1


   1              		.file	"cache.c"
   2              		.section	".text","axv"
   3              	.Ltext0:
   4              		.cfi_sections	.debug_frame
   5              		.section	.text.idc_invalidate,"axv",@progbits
   6              		.align 1
   7              		.p2align 4,,15
   8              		.type	idc_invalidate, @function
   9              	idc_invalidate:
  10              	.LFB0:
  11              		.file 1 "./components/spc58ecxx_platform_component_rla/lib/src/cache.c"
  12              		.loc 1 108 0
  13              		.cfi_startproc
  14 0000 182106D0 		e_stwu %r1,-48(%r1)
  15              	.LCFI0:
  16              		.cfi_def_cfa_offset 48
  17 0004 DA31     		se_stw %r3,40(%r1)
  18 0006 0147     		se_mr %r7,%r4
  19 0008 34E1002C 		e_stb %r7,44(%r1)
  20              		.loc 1 111 0
  21 000c 4807     		se_li %r7,0
  22 000e D571     		se_stw %r7,20(%r1)
  23 0010 4807     		se_li %r7,0
  24 0012 D671     		se_stw %r7,24(%r1)
  25              		.loc 1 112 0
  26 0014 4807     		se_li %r7,0
  27 0016 D771     		se_stw %r7,28(%r1)
  28              		.loc 1 115 0
  29 0018 CA71     		se_lwz %r7,40(%r1)
  30 001a 2A17     		se_cmpi %r7,1
  31 001c 7F800020 		e_mcrf %cr7,%cr0
  32 0020 7CE00026 		mfcr %r7
  33 0024 74E7E007 		e_rlwinm %r7,%r7,28,0xf0000000
  34 0028 7CE80120 		mtcrf 128,%r7
  35 002c 7A020014 		e_bne %cr0,.L2
  36              		.loc 1 116 0
  37 0030 4927     		se_li %r7,18
  38 0032 D371     		se_stw %r7,12(%r1)
  39              		.loc 1 117 0
  40 0034 4847     		se_li %r7,4
  41 0036 D471     		se_stw %r7,16(%r1)
  42              		.loc 1 118 0
  43 0038 2C07     		se_bmaski %r7,0
  44 003a 9871     		se_stb %r7,8(%r1)
  45 003c 78000010 		e_b .L3
  46              	.L2:
  47              		.loc 1 120 0
  48 0040 4927     		se_li %r7,18
  49 0042 D371     		se_stw %r7,12(%r1)
  50              		.loc 1 121 0
  51 0044 4847     		se_li %r7,4
  52 0046 D471     		se_stw %r7,16(%r1)
  53              		.loc 1 122 0
  54 0048 4FF7     		se_li %r7,127
  55 004a 9871     		se_stb %r7,8(%r1)
  56              	.L3:
  57              		.loc 1 126 0
GAS LISTING C:\Users\bayra\AppData\Local\Temp\ccQzjoBV.s 			page 2


  58 004c 30E1002C 		e_lbz %r7,44(%r1)
  59 0050 00C7     		se_extzb %r7
  60 0052 2A17     		se_cmpi %r7,1
  61 0054 7F800020 		e_mcrf %cr7,%cr0
  62 0058 7CE00026 		mfcr %r7
  63 005c 74E7E007 		e_rlwinm %r7,%r7,28,0xf0000000
  64 0060 7CE80120 		mtcrf 128,%r7
  65 0064 7A02002C 		e_bne %cr0,.L4
  66              		.loc 1 127 0
  67 0068 CA71     		se_lwz %r7,40(%r1)
  68 006a 2A17     		se_cmpi %r7,1
  69 006c 7F800020 		e_mcrf %cr7,%cr0
  70 0070 7CE00026 		mfcr %r7
  71 0074 74E7E007 		e_rlwinm %r7,%r7,28,0xf0000000
  72 0078 7CE80120 		mtcrf 128,%r7
  73 007c 7A02000E 		e_bne %cr0,.L5
  74              		.loc 1 127 0 is_stmt 0 discriminator 1
  75              	 # 127 "./components/spc58ecxx_platform_component_rla/lib/src/cache.c" 1
  76 0080 7CF3FAA6 		mfspr %r7, 1011
  77              	 # 0 "" 2
  78 0084 D671     		se_stw %r7,24(%r1)
  79 0086 7800000A 		e_b .L4
  80              	.L5:
  81              		.loc 1 127 0 discriminator 2
  82              	 # 127 "./components/spc58ecxx_platform_component_rla/lib/src/cache.c" 1
  83 008a 7CF2FAA6 		mfspr %r7, 1010
  84              	 # 0 "" 2
  85 008e D671     		se_stw %r7,24(%r1)
  86              	.L4:
  87              		.loc 1 131 0 is_stmt 1
  88 0090 CA71     		se_lwz %r7,40(%r1)
  89 0092 2A17     		se_cmpi %r7,1
  90 0094 7F800020 		e_mcrf %cr7,%cr0
  91 0098 7CE00026 		mfcr %r7
  92 009c 74E7E007 		e_rlwinm %r7,%r7,28,0xf0000000
  93 00a0 7CE80120 		mtcrf 128,%r7
  94 00a4 7A02000E 		e_bne %cr0,.L6
  95              		.loc 1 131 0 is_stmt 0 discriminator 1
  96 00a8 C371     		se_lwz %r7,12(%r1)
  97              	 # 131 "./components/spc58ecxx_platform_component_rla/lib/src/cache.c" 1
  98 00aa 7CF3FBA6 		mtspr 1011, %r7
  99              	 # 0 "" 2
 100 00ae 7800000A 		e_b .L7
 101              	.L6:
 102              		.loc 1 131 0 discriminator 2
 103 00b2 C371     		se_lwz %r7,12(%r1)
 104              	 # 131 "./components/spc58ecxx_platform_component_rla/lib/src/cache.c" 1
 105 00b4 7CF2FBA6 		mtspr 1010, %r7
 106              	 # 0 "" 2
 107              	.L7:
 108              		.loc 1 132 0 is_stmt 1
 109 00b8 CA71     		se_lwz %r7,40(%r1)
 110 00ba 2A17     		se_cmpi %r7,1
 111 00bc 7F800020 		e_mcrf %cr7,%cr0
 112 00c0 7CE00026 		mfcr %r7
 113 00c4 74E7E007 		e_rlwinm %r7,%r7,28,0xf0000000
 114 00c8 7CE80120 		mtcrf 128,%r7
GAS LISTING C:\Users\bayra\AppData\Local\Temp\ccQzjoBV.s 			page 3


 115 00cc 7A02000E 		e_bne %cr0,.L8
 116              		.loc 1 132 0 is_stmt 0 discriminator 1
 117              	 # 132 "./components/spc58ecxx_platform_component_rla/lib/src/cache.c" 1
 118 00d0 7CF3FAA6 		mfspr %r7, 1011
 119              	 # 0 "" 2
 120 00d4 D571     		se_stw %r7,20(%r1)
 121 00d6 7800000A 		e_b .L9
 122              	.L8:
 123              		.loc 1 132 0 discriminator 2
 124              	 # 132 "./components/spc58ecxx_platform_component_rla/lib/src/cache.c" 1
 125 00da 7CF2FAA6 		mfspr %r7, 1010
 126              	 # 0 "" 2
 127 00de D571     		se_stw %r7,20(%r1)
 128              	.L9:
 129              		.loc 1 136 0 is_stmt 1
 130 00e0 7800002C 		e_b .L10
 131              	.L12:
 132              		.loc 1 137 0
 133 00e4 CA71     		se_lwz %r7,40(%r1)
 134 00e6 2A17     		se_cmpi %r7,1
 135 00e8 7F800020 		e_mcrf %cr7,%cr0
 136 00ec 7CE00026 		mfcr %r7
 137 00f0 74E7E007 		e_rlwinm %r7,%r7,28,0xf0000000
 138 00f4 7CE80120 		mtcrf 128,%r7
 139 00f8 7A02000E 		e_bne %cr0,.L11
 140              		.loc 1 137 0 is_stmt 0 discriminator 1
 141              	 # 137 "./components/spc58ecxx_platform_component_rla/lib/src/cache.c" 1
 142 00fc 7CF3FAA6 		mfspr %r7, 1011
 143              	 # 0 "" 2
 144 0100 D571     		se_stw %r7,20(%r1)
 145 0102 7800000A 		e_b .L10
 146              	.L11:
 147              		.loc 1 137 0 discriminator 2
 148              	 # 137 "./components/spc58ecxx_platform_component_rla/lib/src/cache.c" 1
 149 0106 7CF2FAA6 		mfspr %r7, 1010
 150              	 # 0 "" 2
 151 010a D571     		se_stw %r7,20(%r1)
 152              	.L10:
 153              		.loc 1 136 0 is_stmt 1
 154 010c C561     		se_lwz %r6,20(%r1)
 155 010e C371     		se_lwz %r7,12(%r1)
 156 0110 4676     		se_and %r6,%r7
 157 0112 C371     		se_lwz %r7,12(%r1)
 158 0114 7F863800 		cmp %cr7,%r6,%r7
 159 0118 7CE00026 		mfcr %r7
 160 011c 74E7E007 		e_rlwinm %r7,%r7,28,0xf0000000
 161 0120 7CE80120 		mtcrf 128,%r7
 162 0124 7A12FFC0 		e_beq %cr0,.L12
 163              		.loc 1 141 0
 164 0128 CA71     		se_lwz %r7,40(%r1)
 165 012a 2A17     		se_cmpi %r7,1
 166 012c 7F800020 		e_mcrf %cr7,%cr0
 167 0130 7CE00026 		mfcr %r7
 168 0134 74E7E007 		e_rlwinm %r7,%r7,28,0xf0000000
 169 0138 7CE80120 		mtcrf 128,%r7
 170 013c 7A02000E 		e_bne %cr0,.L13
 171              		.loc 1 141 0 is_stmt 0 discriminator 1
GAS LISTING C:\Users\bayra\AppData\Local\Temp\ccQzjoBV.s 			page 4


 172              	 # 141 "./components/spc58ecxx_platform_component_rla/lib/src/cache.c" 1
 173 0140 7CF3FAA6 		mfspr %r7, 1011
 174              	 # 0 "" 2
 175 0144 D571     		se_stw %r7,20(%r1)
 176 0146 7800000A 		e_b .L14
 177              	.L13:
 178              		.loc 1 141 0 discriminator 2
 179              	 # 141 "./components/spc58ecxx_platform_component_rla/lib/src/cache.c" 1
 180 014a 7CF2FAA6 		mfspr %r7, 1010
 181              	 # 0 "" 2
 182 014e D571     		se_stw %r7,20(%r1)
 183              	.L14:
 184              		.loc 1 142 0 is_stmt 1
 185 0150 C561     		se_lwz %r6,20(%r1)
 186 0152 C471     		se_lwz %r7,16(%r1)
 187 0154 4676     		se_and %r6,%r7
 188 0156 C471     		se_lwz %r7,16(%r1)
 189 0158 7F863800 		cmp %cr7,%r6,%r7
 190 015c 7CE00026 		mfcr %r7
 191 0160 74E7E007 		e_rlwinm %r7,%r7,28,0xf0000000
 192 0164 7CE80120 		mtcrf 128,%r7
 193 0168 7A02003A 		e_bne %cr0,.L15
 194              		.loc 1 143 0
 195 016c C471     		se_lwz %r7,16(%r1)
 196 016e 0027     		se_not %r7
 197 0170 C561     		se_lwz %r6,20(%r1)
 198 0172 4667     		se_and %r7,%r6
 199 0174 D571     		se_stw %r7,20(%r1)
 200              		.loc 1 144 0
 201 0176 CA71     		se_lwz %r7,40(%r1)
 202 0178 2A17     		se_cmpi %r7,1
 203 017a 7F800020 		e_mcrf %cr7,%cr0
 204 017e 7CE00026 		mfcr %r7
 205 0182 74E7E007 		e_rlwinm %r7,%r7,28,0xf0000000
 206 0186 7CE80120 		mtcrf 128,%r7
 207 018a 7A02000E 		e_bne %cr0,.L16
 208              		.loc 1 144 0 is_stmt 0 discriminator 1
 209 018e C571     		se_lwz %r7,20(%r1)
 210              	 # 144 "./components/spc58ecxx_platform_component_rla/lib/src/cache.c" 1
 211 0190 7CF3FBA6 		mtspr 1011, %r7
 212              	 # 0 "" 2
 213 0194 7800000A 		e_b .L17
 214              	.L16:
 215              		.loc 1 144 0 discriminator 2
 216 0198 C571     		se_lwz %r7,20(%r1)
 217              	 # 144 "./components/spc58ecxx_platform_component_rla/lib/src/cache.c" 1
 218 019a 7CF2FBA6 		mtspr 1010, %r7
 219              	 # 0 "" 2
 220              	.L17:
 221              		.loc 1 145 0 is_stmt 1
 222 019e 4827     		se_li %r7,2
 223 01a0 D771     		se_stw %r7,28(%r1)
 224              	.L15:
 225              		.loc 1 152 0
 226 01a2 C771     		se_lwz %r7,28(%r1)
 227 01a4 2A07     		se_cmpi %r7,0
 228 01a6 7F800020 		e_mcrf %cr7,%cr0
GAS LISTING C:\Users\bayra\AppData\Local\Temp\ccQzjoBV.s 			page 5


 229 01aa 7CE00026 		mfcr %r7
 230 01ae 74E7E007 		e_rlwinm %r7,%r7,28,0xf0000000
 231 01b2 7CE80120 		mtcrf 128,%r7
 232 01b6 7A120096 		e_beq %cr0,.L18
 233              		.loc 1 153 0
 234 01ba 4807     		se_li %r7,0
 235 01bc 9A71     		se_stb %r7,10(%r1)
 236 01be 78000074 		e_b .L19
 237              	.L24:
 238              		.loc 1 154 0
 239 01c2 4807     		se_li %r7,0
 240 01c4 9971     		se_stb %r7,9(%r1)
 241 01c6 78000046 		e_b .L20
 242              	.L23:
 243              		.loc 1 155 0
 244 01ca 8A71     		se_lbz %r7,10(%r1)
 245 01cc 00C7     		se_extzb %r7
 246 01ce 7CE6C070 		e_slwi %r6,%r7,24
 247 01d2 8971     		se_lbz %r7,9(%r1)
 248 01d4 00C7     		se_extzb %r7
 249 01d6 6C57     		se_slwi %r7, 5
 250 01d8 4467     		se_or %r7,%r6
 251 01da D571     		se_stw %r7,20(%r1)
 252              		.loc 1 156 0
 253 01dc CA71     		se_lwz %r7,40(%r1)
 254 01de 2A17     		se_cmpi %r7,1
 255 01e0 7F800020 		e_mcrf %cr7,%cr0
 256 01e4 7CE00026 		mfcr %r7
 257 01e8 74E7E007 		e_rlwinm %r7,%r7,28,0xf0000000
 258 01ec 7CE80120 		mtcrf 128,%r7
 259 01f0 7A02000E 		e_bne %cr0,.L21
 260              		.loc 1 157 0
 261 01f4 C571     		se_lwz %r7,20(%r1)
 262              	 # 157 "./components/spc58ecxx_platform_component_rla/lib/src/cache.c" 1
 263 01f6 7CFFEBA6 		mtspr 959, %r7
 264              	 # 0 "" 2
 265 01fa 7800000A 		e_b .L22
 266              	.L21:
 267              		.loc 1 159 0
 268 01fe C571     		se_lwz %r7,20(%r1)
 269              	 # 159 "./components/spc58ecxx_platform_component_rla/lib/src/cache.c" 1
 270 0200 7CF8FBA6 		mtspr 1016, %r7
 271              	 # 0 "" 2
 272              	.L22:
 273              		.loc 1 154 0 discriminator 2
 274 0204 8971     		se_lbz %r7,9(%r1)
 275 0206 00C7     		se_extzb %r7
 276 0208 2007     		se_addi %r7,1
 277 020a 9971     		se_stb %r7,9(%r1)
 278              	.L20:
 279              		.loc 1 154 0 is_stmt 0 discriminator 1
 280 020c 8971     		se_lbz %r7,9(%r1)
 281 020e 74E6063F 		e_rlwinm %r6,%r7,0,0xff
 282 0212 8871     		se_lbz %r7,8(%r1)
 283 0214 00C7     		se_extzb %r7
 284 0216 7F863840 		cmpl %cr7,%r6,%r7
 285 021a 7CE00026 		mfcr %r7
GAS LISTING C:\Users\bayra\AppData\Local\Temp\ccQzjoBV.s 			page 6


 286 021e 74E7E007 		e_rlwinm %r7,%r7,28,0xf0000000
 287 0222 7CE80120 		mtcrf 128,%r7
 288 0226 7A01FFA4 		e_ble %cr0,.L23
 289              		.loc 1 153 0 is_stmt 1 discriminator 2
 290 022a 8A71     		se_lbz %r7,10(%r1)
 291 022c 00C7     		se_extzb %r7
 292 022e 2007     		se_addi %r7,1
 293 0230 9A71     		se_stb %r7,10(%r1)
 294              	.L19:
 295              		.loc 1 153 0 is_stmt 0 discriminator 1
 296 0232 8A71     		se_lbz %r7,10(%r1)
 297 0234 00C7     		se_extzb %r7
 298 0236 2207     		se_cmpli %r7,1
 299 0238 7F800020 		e_mcrf %cr7,%cr0
 300 023c 7CE00026 		mfcr %r7
 301 0240 74E7E007 		e_rlwinm %r7,%r7,28,0xf0000000
 302 0244 7CE80120 		mtcrf 128,%r7
 303 0248 7A01FF7A 		e_ble %cr0,.L24
 304              	.L18:
 305              		.loc 1 164 0 is_stmt 1
 306 024c 30E1002C 		e_lbz %r7,44(%r1)
 307 0250 00C7     		se_extzb %r7
 308 0252 2A17     		se_cmpi %r7,1
 309 0254 7F800020 		e_mcrf %cr7,%cr0
 310 0258 7CE00026 		mfcr %r7
 311 025c 74E7E007 		e_rlwinm %r7,%r7,28,0xf0000000
 312 0260 7CE80120 		mtcrf 128,%r7
 313 0264 7A02002C 		e_bne %cr0,.L25
 314              		.loc 1 165 0
 315 0268 CA71     		se_lwz %r7,40(%r1)
 316 026a 2A17     		se_cmpi %r7,1
 317 026c 7F800020 		e_mcrf %cr7,%cr0
 318 0270 7CE00026 		mfcr %r7
 319 0274 74E7E007 		e_rlwinm %r7,%r7,28,0xf0000000
 320 0278 7CE80120 		mtcrf 128,%r7
 321 027c 7A02000E 		e_bne %cr0,.L26
 322              		.loc 1 165 0 is_stmt 0 discriminator 1
 323 0280 C671     		se_lwz %r7,24(%r1)
 324              	 # 165 "./components/spc58ecxx_platform_component_rla/lib/src/cache.c" 1
 325 0282 7CF3FBA6 		mtspr 1011, %r7
 326              	 # 0 "" 2
 327 0286 7800000A 		e_b .L25
 328              	.L26:
 329              		.loc 1 165 0 discriminator 2
 330 028a C671     		se_lwz %r7,24(%r1)
 331              	 # 165 "./components/spc58ecxx_platform_component_rla/lib/src/cache.c" 1
 332 028c 7CF2FBA6 		mtspr 1010, %r7
 333              	 # 0 "" 2
 334              	.L25:
 335              		.loc 1 168 0 is_stmt 1
 336 0290 C771     		se_lwz %r7,28(%r1)
 337              		.loc 1 169 0
 338 0292 0173     		se_mr %r3,%r7
 339 0294 18218030 		e_addi %r1,%r1,48
 340              	.LCFI1:
 341              		.cfi_def_cfa_offset 0
 342 0298 0004     		se_blr
GAS LISTING C:\Users\bayra\AppData\Local\Temp\ccQzjoBV.s 			page 7


 343              		.cfi_endproc
 344              	.LFE0:
 345              		.size	idc_invalidate, .-idc_invalidate
 346              		.section	.text.idc_enable,"axv",@progbits
 347              		.align 1
 348              		.p2align 4,,15
 349              		.type	idc_enable, @function
 350              	idc_enable:
 351              	.LFB1:
 352              		.loc 1 171 0
 353              		.cfi_startproc
 354 0000 182106E0 		e_stwu %r1,-32(%r1)
 355              	.LCFI2:
 356              		.cfi_def_cfa_offset 32
 357 0004 D631     		se_stw %r3,24(%r1)
 358 0006 D741     		se_stw %r4,28(%r1)
 359              		.loc 1 172 0
 360 0008 4807     		se_li %r7,0
 361 000a D271     		se_stw %r7,8(%r1)
 362              		.loc 1 175 0
 363 000c C671     		se_lwz %r7,24(%r1)
 364 000e 2A17     		se_cmpi %r7,1
 365 0010 7F800020 		e_mcrf %cr7,%cr0
 366 0014 7CE00026 		mfcr %r7
 367 0018 74E7E007 		e_rlwinm %r7,%r7,28,0xf0000000
 368 001c 7CE80120 		mtcrf 128,%r7
 369 0020 7A02000E 		e_bne %cr0,.L29
 370              		.loc 1 175 0 is_stmt 0 discriminator 1
 371              	 # 175 "./components/spc58ecxx_platform_component_rla/lib/src/cache.c" 1
 372 0024 7CF3FAA6 		mfspr %r7, 1011
 373              	 # 0 "" 2
 374 0028 D271     		se_stw %r7,8(%r1)
 375 002a 7800000A 		e_b .L30
 376              	.L29:
 377              		.loc 1 175 0 discriminator 2
 378              	 # 175 "./components/spc58ecxx_platform_component_rla/lib/src/cache.c" 1
 379 002e 7CF2FAA6 		mfspr %r7, 1010
 380              	 # 0 "" 2
 381 0032 D271     		se_stw %r7,8(%r1)
 382              	.L30:
 383              		.loc 1 176 0 is_stmt 1
 384 0034 C261     		se_lwz %r6,8(%r1)
 385 0036 C771     		se_lwz %r7,28(%r1)
 386 0038 4467     		se_or %r7,%r6
 387 003a D271     		se_stw %r7,8(%r1)
 388              		.loc 1 177 0
 389 003c C671     		se_lwz %r7,24(%r1)
 390 003e 2A17     		se_cmpi %r7,1
 391 0040 7F800020 		e_mcrf %cr7,%cr0
 392 0044 7CE00026 		mfcr %r7
 393 0048 74E7E007 		e_rlwinm %r7,%r7,28,0xf0000000
 394 004c 7CE80120 		mtcrf 128,%r7
 395 0050 7A02000E 		e_bne %cr0,.L31
 396              		.loc 1 177 0 is_stmt 0 discriminator 1
 397 0054 C271     		se_lwz %r7,8(%r1)
 398              	 # 177 "./components/spc58ecxx_platform_component_rla/lib/src/cache.c" 1
 399 0056 7CF3FBA6 		mtspr 1011, %r7
GAS LISTING C:\Users\bayra\AppData\Local\Temp\ccQzjoBV.s 			page 8


 400              	 # 0 "" 2
 401 005a 7800000A 		e_b .L28
 402              	.L31:
 403              		.loc 1 177 0 discriminator 2
 404 005e C271     		se_lwz %r7,8(%r1)
 405              	 # 177 "./components/spc58ecxx_platform_component_rla/lib/src/cache.c" 1
 406 0060 7CF2FBA6 		mtspr 1010, %r7
 407              	 # 0 "" 2
 408              	.L28:
 409              		.loc 1 178 0 is_stmt 1
 410 0064 21F1     		se_addi %r1,32
 411              	.LCFI3:
 412              		.cfi_def_cfa_offset 0
 413 0066 0004     		se_blr
 414              		.cfi_endproc
 415              	.LFE1:
 416              		.size	idc_enable, .-idc_enable
 417              		.section	.text.idc_disable,"axv",@progbits
 418              		.align 1
 419              		.p2align 4,,15
 420              		.type	idc_disable, @function
 421              	idc_disable:
 422              	.LFB2:
 423              		.loc 1 180 0
 424              		.cfi_startproc
 425 0000 182106E0 		e_stwu %r1,-32(%r1)
 426              	.LCFI4:
 427              		.cfi_def_cfa_offset 32
 428 0004 D631     		se_stw %r3,24(%r1)
 429              		.loc 1 181 0
 430 0006 4807     		se_li %r7,0
 431 0008 D271     		se_stw %r7,8(%r1)
 432              		.loc 1 186 0
 433 000a C671     		se_lwz %r7,24(%r1)
 434 000c 2A17     		se_cmpi %r7,1
 435 000e 7F800020 		e_mcrf %cr7,%cr0
 436 0012 7CE00026 		mfcr %r7
 437 0016 74E7E007 		e_rlwinm %r7,%r7,28,0xf0000000
 438 001a 7CE80120 		mtcrf 128,%r7
 439 001e 7A02000E 		e_bne %cr0,.L34
 440              		.loc 1 186 0 is_stmt 0 discriminator 1
 441              	 # 186 "./components/spc58ecxx_platform_component_rla/lib/src/cache.c" 1
 442 0022 7CF3FAA6 		mfspr %r7, 1011
 443              	 # 0 "" 2
 444 0026 D271     		se_stw %r7,8(%r1)
 445 0028 7800000A 		e_b .L35
 446              	.L34:
 447              		.loc 1 186 0 discriminator 2
 448              	 # 186 "./components/spc58ecxx_platform_component_rla/lib/src/cache.c" 1
 449 002c 7CF2FAA6 		mfspr %r7, 1010
 450              	 # 0 "" 2
 451 0030 D271     		se_stw %r7,8(%r1)
 452              	.L35:
 453              		.loc 1 187 0 is_stmt 1
 454 0032 C271     		se_lwz %r7,8(%r1)
 455 0034 61F7     		se_bclri %r7,31
 456 0036 D271     		se_stw %r7,8(%r1)
GAS LISTING C:\Users\bayra\AppData\Local\Temp\ccQzjoBV.s 			page 9


 457              		.loc 1 188 0
 458 0038 C671     		se_lwz %r7,24(%r1)
 459 003a 2A17     		se_cmpi %r7,1
 460 003c 7F800020 		e_mcrf %cr7,%cr0
 461 0040 7CE00026 		mfcr %r7
 462 0044 74E7E007 		e_rlwinm %r7,%r7,28,0xf0000000
 463 0048 7CE80120 		mtcrf 128,%r7
 464 004c 7A02000E 		e_bne %cr0,.L36
 465              		.loc 1 188 0 is_stmt 0 discriminator 1
 466 0050 C271     		se_lwz %r7,8(%r1)
 467              	 # 188 "./components/spc58ecxx_platform_component_rla/lib/src/cache.c" 1
 468 0052 7CF3FBA6 		mtspr 1011, %r7
 469              	 # 0 "" 2
 470 0056 7800000A 		e_b .L33
 471              	.L36:
 472              		.loc 1 188 0 discriminator 2
 473 005a C271     		se_lwz %r7,8(%r1)
 474              	 # 188 "./components/spc58ecxx_platform_component_rla/lib/src/cache.c" 1
 475 005c 7CF2FBA6 		mtspr 1010, %r7
 476              	 # 0 "" 2
 477              	.L33:
 478              		.loc 1 189 0 is_stmt 1
 479 0060 21F1     		se_addi %r1,32
 480              	.LCFI5:
 481              		.cfi_def_cfa_offset 0
 482 0062 0004     		se_blr
 483              		.cfi_endproc
 484              	.LFE2:
 485              		.size	idc_disable, .-idc_disable
 486              		.section	.text.idc_exist,"axv",@progbits
 487              		.align 1
 488              		.p2align 4,,15
 489              		.type	idc_exist, @function
 490              	idc_exist:
 491              	.LFB3:
 492              		.loc 1 191 0
 493              		.cfi_startproc
 494 0000 182106F0 		e_stwu %r1,-16(%r1)
 495              	.LCFI6:
 496              		.cfi_def_cfa_offset 16
 497 0004 0080     		se_mflr %r0
 498 0006 D501     		se_stw %r0,20(%r1)
 499              		.cfi_offset 65, 4
 500 0008 D231     		se_stw %r3,8(%r1)
 501              		.loc 1 192 0
 502 000a C271     		se_lwz %r7,8(%r1)
 503 000c 2A17     		se_cmpi %r7,1
 504 000e 7F800020 		e_mcrf %cr7,%cr0
 505 0012 7CE00026 		mfcr %r7
 506 0016 74E7E007 		e_rlwinm %r7,%r7,28,0xf0000000
 507 001a 7CE80120 		mtcrf 128,%r7
 508 001e 7A020028 		e_bne %cr0,.L39
 509              		.loc 1 193 0
 510 0022 4803     		se_li %r3,0
 511 0024 78000001 		e_bl cache_get_cfg
 512 0028 0137     		se_mr %r7,%r3
 513 002a 2A07     		se_cmpi %r7,0
GAS LISTING C:\Users\bayra\AppData\Local\Temp\ccQzjoBV.s 			page 10


 514 002c 7F800020 		e_mcrf %cr7,%cr0
 515 0030 7CE00026 		mfcr %r7
 516 0034 74E7E007 		e_rlwinm %r7,%r7,28,0xf0000000
 517 0038 7CE80120 		mtcrf 128,%r7
 518 003c 7A02002E 		e_bne %cr0,.L40
 519              		.loc 1 194 0
 520 0040 4817     		se_li %r7,1
 521 0042 7800002A 		e_b .L41
 522              	.L39:
 523              		.loc 1 196 0
 524 0046 4813     		se_li %r3,1
 525 0048 78000001 		e_bl cache_get_cfg
 526 004c 0137     		se_mr %r7,%r3
 527 004e 2A07     		se_cmpi %r7,0
 528 0050 7F800020 		e_mcrf %cr7,%cr0
 529 0054 7CE00026 		mfcr %r7
 530 0058 74E7E007 		e_rlwinm %r7,%r7,28,0xf0000000
 531 005c 7CE80120 		mtcrf 128,%r7
 532 0060 7A02000A 		e_bne %cr0,.L40
 533              		.loc 1 197 0
 534 0064 4817     		se_li %r7,1
 535 0066 78000006 		e_b .L41
 536              	.L40:
 537              		.loc 1 199 0
 538 006a 4807     		se_li %r7,0
 539              	.L41:
 540              		.loc 1 200 0
 541 006c 0173     		se_mr %r3,%r7
 542 006e C501     		se_lwz %r0,20(%r1)
 543 0070 0090     		se_mtlr %r0
 544 0072 20F1     		se_addi %r1,16
 545              	.LCFI7:
 546              		.cfi_def_cfa_offset 0
 547 0074 0004     		se_blr
 548              		.cfi_endproc
 549              	.LFE3:
 550              		.size	idc_exist, .-idc_exist
 551              		.section	.text.cache_get_status,"axv",@progbits
 552              		.align 1
 553              		.p2align 4,,15
 554              		.globl cache_get_status
 555              		.type	cache_get_status, @function
 556              	cache_get_status:
 557              	.LFB4:
 558              		.loc 1 214 0
 559              		.cfi_startproc
 560 0000 182106E0 		e_stwu %r1,-32(%r1)
 561              	.LCFI8:
 562              		.cfi_def_cfa_offset 32
 563 0004 0080     		se_mflr %r0
 564 0006 D901     		se_stw %r0,36(%r1)
 565              		.cfi_offset 65, 4
 566 0008 D631     		se_stw %r3,24(%r1)
 567              		.loc 1 215 0
 568 000a 4807     		se_li %r7,0
 569 000c D271     		se_stw %r7,8(%r1)
 570              		.loc 1 217 0
GAS LISTING C:\Users\bayra\AppData\Local\Temp\ccQzjoBV.s 			page 11


 571 000e C631     		se_lwz %r3,24(%r1)
 572 0010 78000001 		e_bl idc_exist
 573 0014 0137     		se_mr %r7,%r3
 574 0016 2A07     		se_cmpi %r7,0
 575 0018 7F800020 		e_mcrf %cr7,%cr0
 576 001c 7CE00026 		mfcr %r7
 577 0020 74E7E007 		e_rlwinm %r7,%r7,28,0xf0000000
 578 0024 7CE80120 		mtcrf 128,%r7
 579 0028 7A12000A 		e_beq %cr0,.L43
 580              		.loc 1 218 0
 581 002c C271     		se_lwz %r7,8(%r1)
 582 002e 78000034 		e_b .L44
 583              	.L43:
 584              		.loc 1 220 0
 585 0032 C671     		se_lwz %r7,24(%r1)
 586 0034 2A17     		se_cmpi %r7,1
 587 0036 7F800020 		e_mcrf %cr7,%cr0
 588 003a 7CE00026 		mfcr %r7
 589 003e 74E7E007 		e_rlwinm %r7,%r7,28,0xf0000000
 590 0042 7CE80120 		mtcrf 128,%r7
 591 0046 7A020012 		e_bne %cr0,.L45
 592              		.loc 1 221 0
 593              	 # 221 "./components/spc58ecxx_platform_component_rla/lib/src/cache.c" 1
 594 004a 7CF3FAA6 		mfspr %r7, 1011
 595              	 # 0 "" 2
 596 004e D271     		se_stw %r7,8(%r1)
 597              		.loc 1 222 0
 598 0050 C271     		se_lwz %r7,8(%r1)
 599 0052 2E17     		se_andi %r7,1
 600 0054 7800000E 		e_b .L44
 601              	.L45:
 602              		.loc 1 224 0
 603              	 # 224 "./components/spc58ecxx_platform_component_rla/lib/src/cache.c" 1
 604 0058 7CF2FAA6 		mfspr %r7, 1010
 605              	 # 0 "" 2
 606 005c D271     		se_stw %r7,8(%r1)
 607              		.loc 1 225 0
 608 005e C271     		se_lwz %r7,8(%r1)
 609 0060 2E17     		se_andi %r7,1
 610              	.L44:
 611              		.loc 1 226 0
 612 0062 0173     		se_mr %r3,%r7
 613 0064 C901     		se_lwz %r0,36(%r1)
 614 0066 0090     		se_mtlr %r0
 615 0068 21F1     		se_addi %r1,32
 616              	.LCFI9:
 617              		.cfi_def_cfa_offset 0
 618 006a 0004     		se_blr
 619              		.cfi_endproc
 620              	.LFE4:
 621              		.size	cache_get_status, .-cache_get_status
 622              		.section	.text.cache_enable,"axv",@progbits
 623              		.align 1
 624              		.p2align 4,,15
 625              		.globl cache_enable
 626              		.type	cache_enable, @function
 627              	cache_enable:
GAS LISTING C:\Users\bayra\AppData\Local\Temp\ccQzjoBV.s 			page 12


 628              	.LFB5:
 629              		.loc 1 237 0
 630              		.cfi_startproc
 631 0000 182106E0 		e_stwu %r1,-32(%r1)
 632              	.LCFI10:
 633              		.cfi_def_cfa_offset 32
 634 0004 0080     		se_mflr %r0
 635 0006 D901     		se_stw %r0,36(%r1)
 636              		.cfi_offset 65, 4
 637 0008 D631     		se_stw %r3,24(%r1)
 638              		.loc 1 238 0
 639 000a 4807     		se_li %r7,0
 640 000c D271     		se_stw %r7,8(%r1)
 641              		.loc 1 240 0
 642 000e C631     		se_lwz %r3,24(%r1)
 643 0010 78000001 		e_bl idc_exist
 644 0014 D231     		se_stw %r3,8(%r1)
 645 0016 C271     		se_lwz %r7,8(%r1)
 646 0018 2A07     		se_cmpi %r7,0
 647 001a 7F800020 		e_mcrf %cr7,%cr0
 648 001e 7CE00026 		mfcr %r7
 649 0022 74E7E007 		e_rlwinm %r7,%r7,28,0xf0000000
 650 0026 7CE80120 		mtcrf 128,%r7
 651 002a 7A12000A 		e_beq %cr0,.L47
 652              		.loc 1 241 0
 653 002e C271     		se_lwz %r7,8(%r1)
 654 0030 7800004A 		e_b .L48
 655              	.L47:
 656              		.loc 1 243 0
 657 0034 70E00201 		e_li %r7,513
 658              	 # 243 "./components/spc58ecxx_platform_component_rla/lib/src/cache.c" 1
 659 0038 7CF5FBA6 		mtspr 1013, %r7
 660              	 # 0 "" 2
 661              		.loc 1 247 0
 662              	 # 247 "./components/spc58ecxx_platform_component_rla/lib/src/cache.c" 1
 663 003c 4C00012C 		isync
 664              	 # 0 "" 2
 665              	 # 247 "./components/spc58ecxx_platform_component_rla/lib/src/cache.c" 1
 666 0040 7C0004AC 		msync
 667              	 # 0 "" 2
 668              		.loc 1 250 0
 669 0044 C631     		se_lwz %r3,24(%r1)
 670 0046 4814     		se_li %r4,1
 671 0048 78000001 		e_bl idc_invalidate
 672              		.loc 1 251 0
 673 004c C671     		se_lwz %r7,24(%r1)
 674 004e 2A17     		se_cmpi %r7,1
 675 0050 7F800020 		e_mcrf %cr7,%cr0
 676 0054 7CE00026 		mfcr %r7
 677 0058 74E7E007 		e_rlwinm %r7,%r7,28,0xf0000000
 678 005c 7CE80120 		mtcrf 128,%r7
 679 0060 7A020010 		e_bne %cr0,.L49
 680              		.loc 1 252 0
 681 0064 C631     		se_lwz %r3,24(%r1)
 682 0066 4814     		se_li %r4,1
 683 0068 78000001 		e_bl idc_enable
 684 006c 7800000C 		e_b .L50
GAS LISTING C:\Users\bayra\AppData\Local\Temp\ccQzjoBV.s 			page 13


 685              	.L49:
 686              		.loc 1 254 0
 687 0070 C631     		se_lwz %r3,24(%r1)
 688 0072 4814     		se_li %r4,1
 689 0074 78000001 		e_bl idc_enable
 690              	.L50:
 691              		.loc 1 257 0
 692 0078 C271     		se_lwz %r7,8(%r1)
 693              	.L48:
 694              		.loc 1 258 0
 695 007a 0173     		se_mr %r3,%r7
 696 007c C901     		se_lwz %r0,36(%r1)
 697 007e 0090     		se_mtlr %r0
 698 0080 21F1     		se_addi %r1,32
 699              	.LCFI11:
 700              		.cfi_def_cfa_offset 0
 701 0082 0004     		se_blr
 702              		.cfi_endproc
 703              	.LFE5:
 704              		.size	cache_enable, .-cache_enable
 705              		.section	.text.cache_set_control,"axv",@progbits
 706              		.align 1
 707              		.p2align 4,,15
 708              		.globl cache_set_control
 709              		.type	cache_set_control, @function
 710              	cache_set_control:
 711              	.LFB6:
 712              		.loc 1 270 0
 713              		.cfi_startproc
 714 0000 182106E0 		e_stwu %r1,-32(%r1)
 715              	.LCFI12:
 716              		.cfi_def_cfa_offset 32
 717 0004 0080     		se_mflr %r0
 718 0006 D901     		se_stw %r0,36(%r1)
 719              		.cfi_offset 65, 4
 720 0008 D631     		se_stw %r3,24(%r1)
 721 000a D741     		se_stw %r4,28(%r1)
 722              		.loc 1 271 0
 723 000c 4807     		se_li %r7,0
 724 000e D271     		se_stw %r7,8(%r1)
 725              		.loc 1 273 0
 726 0010 C631     		se_lwz %r3,24(%r1)
 727 0012 78000001 		e_bl idc_exist
 728 0016 D231     		se_stw %r3,8(%r1)
 729 0018 C271     		se_lwz %r7,8(%r1)
 730 001a 2A07     		se_cmpi %r7,0
 731 001c 7F800020 		e_mcrf %cr7,%cr0
 732 0020 7CE00026 		mfcr %r7
 733 0024 74E7E007 		e_rlwinm %r7,%r7,28,0xf0000000
 734 0028 7CE80120 		mtcrf 128,%r7
 735 002c 7A12000A 		e_beq %cr0,.L52
 736              		.loc 1 274 0
 737 0030 C271     		se_lwz %r7,8(%r1)
 738 0032 78000048 		e_b .L53
 739              	.L52:
 740              		.loc 1 276 0
 741 0036 70E00201 		e_li %r7,513
GAS LISTING C:\Users\bayra\AppData\Local\Temp\ccQzjoBV.s 			page 14


 742              	 # 276 "./components/spc58ecxx_platform_component_rla/lib/src/cache.c" 1
 743 003a 7CF5FBA6 		mtspr 1013, %r7
 744              	 # 0 "" 2
 745              		.loc 1 280 0
 746              	 # 280 "./components/spc58ecxx_platform_component_rla/lib/src/cache.c" 1
 747 003e 4C00012C 		isync
 748              	 # 0 "" 2
 749              	 # 280 "./components/spc58ecxx_platform_component_rla/lib/src/cache.c" 1
 750 0042 7C0004AC 		msync
 751              	 # 0 "" 2
 752              		.loc 1 282 0
 753 0046 C631     		se_lwz %r3,24(%r1)
 754 0048 4814     		se_li %r4,1
 755 004a 78000001 		e_bl idc_invalidate
 756 004e D231     		se_stw %r3,8(%r1)
 757              		.loc 1 283 0
 758 0050 C671     		se_lwz %r7,24(%r1)
 759 0052 2A17     		se_cmpi %r7,1
 760 0054 7F800020 		e_mcrf %cr7,%cr0
 761 0058 7CE00026 		mfcr %r7
 762 005c 74E7E007 		e_rlwinm %r7,%r7,28,0xf0000000
 763 0060 7CE80120 		mtcrf 128,%r7
 764 0064 7A02000E 		e_bne %cr0,.L54
 765              		.loc 1 283 0 is_stmt 0 discriminator 1
 766 0068 C771     		se_lwz %r7,28(%r1)
 767              	 # 283 "./components/spc58ecxx_platform_component_rla/lib/src/cache.c" 1
 768 006a 7CF3FBA6 		mtspr 1011, %r7
 769              	 # 0 "" 2
 770 006e 7800000A 		e_b .L55
 771              	.L54:
 772              		.loc 1 283 0 discriminator 2
 773 0072 C771     		se_lwz %r7,28(%r1)
 774              	 # 283 "./components/spc58ecxx_platform_component_rla/lib/src/cache.c" 1
 775 0074 7CF2FBA6 		mtspr 1010, %r7
 776              	 # 0 "" 2
 777              	.L55:
 778              		.loc 1 285 0 is_stmt 1
 779 0078 C271     		se_lwz %r7,8(%r1)
 780              	.L53:
 781              		.loc 1 286 0
 782 007a 0173     		se_mr %r3,%r7
 783 007c C901     		se_lwz %r0,36(%r1)
 784 007e 0090     		se_mtlr %r0
 785 0080 21F1     		se_addi %r1,32
 786              	.LCFI13:
 787              		.cfi_def_cfa_offset 0
 788 0082 0004     		se_blr
 789              		.cfi_endproc
 790              	.LFE6:
 791              		.size	cache_set_control, .-cache_set_control
 792              		.section	.text.cache_disable,"axv",@progbits
 793              		.align 1
 794              		.p2align 4,,15
 795              		.globl cache_disable
 796              		.type	cache_disable, @function
 797              	cache_disable:
 798              	.LFB7:
GAS LISTING C:\Users\bayra\AppData\Local\Temp\ccQzjoBV.s 			page 15


 799              		.loc 1 297 0
 800              		.cfi_startproc
 801 0000 182106E0 		e_stwu %r1,-32(%r1)
 802              	.LCFI14:
 803              		.cfi_def_cfa_offset 32
 804 0004 0080     		se_mflr %r0
 805 0006 D901     		se_stw %r0,36(%r1)
 806              		.cfi_offset 65, 4
 807 0008 D631     		se_stw %r3,24(%r1)
 808              		.loc 1 298 0
 809 000a 4807     		se_li %r7,0
 810 000c D271     		se_stw %r7,8(%r1)
 811              		.loc 1 300 0
 812 000e C631     		se_lwz %r3,24(%r1)
 813 0010 78000001 		e_bl idc_exist
 814 0014 D231     		se_stw %r3,8(%r1)
 815 0016 C271     		se_lwz %r7,8(%r1)
 816 0018 2A07     		se_cmpi %r7,0
 817 001a 7F800020 		e_mcrf %cr7,%cr0
 818 001e 7CE00026 		mfcr %r7
 819 0022 74E7E007 		e_rlwinm %r7,%r7,28,0xf0000000
 820 0026 7CE80120 		mtcrf 128,%r7
 821 002a 7A12000A 		e_beq %cr0,.L57
 822              		.loc 1 301 0
 823 002e C271     		se_lwz %r7,8(%r1)
 824 0030 78000026 		e_b .L58
 825              	.L57:
 826              		.loc 1 303 0
 827 0034 70E00201 		e_li %r7,513
 828              	 # 303 "./components/spc58ecxx_platform_component_rla/lib/src/cache.c" 1
 829 0038 7CF5FBA6 		mtspr 1013, %r7
 830              	 # 0 "" 2
 831              		.loc 1 307 0
 832              	 # 307 "./components/spc58ecxx_platform_component_rla/lib/src/cache.c" 1
 833 003c 4C00012C 		isync
 834              	 # 0 "" 2
 835              	 # 307 "./components/spc58ecxx_platform_component_rla/lib/src/cache.c" 1
 836 0040 7C0004AC 		msync
 837              	 # 0 "" 2
 838              		.loc 1 309 0
 839 0044 C631     		se_lwz %r3,24(%r1)
 840 0046 4814     		se_li %r4,1
 841 0048 78000001 		e_bl idc_invalidate
 842 004c D231     		se_stw %r3,8(%r1)
 843              		.loc 1 310 0
 844 004e C631     		se_lwz %r3,24(%r1)
 845 0050 78000001 		e_bl idc_disable
 846              		.loc 1 312 0
 847 0054 C271     		se_lwz %r7,8(%r1)
 848              	.L58:
 849              		.loc 1 313 0
 850 0056 0173     		se_mr %r3,%r7
 851 0058 C901     		se_lwz %r0,36(%r1)
 852 005a 0090     		se_mtlr %r0
 853 005c 21F1     		se_addi %r1,32
 854              	.LCFI15:
 855              		.cfi_def_cfa_offset 0
GAS LISTING C:\Users\bayra\AppData\Local\Temp\ccQzjoBV.s 			page 16


 856 005e 0004     		se_blr
 857              		.cfi_endproc
 858              	.LFE7:
 859              		.size	cache_disable, .-cache_disable
 860              		.section	.text.cache_get_cfg,"axv",@progbits
 861              		.align 1
 862              		.p2align 4,,15
 863              		.globl cache_get_cfg
 864              		.type	cache_get_cfg, @function
 865              	cache_get_cfg:
 866              	.LFB8:
 867              		.loc 1 324 0
 868              		.cfi_startproc
 869 0000 182106E0 		e_stwu %r1,-32(%r1)
 870              	.LCFI16:
 871              		.cfi_def_cfa_offset 32
 872 0004 D631     		se_stw %r3,24(%r1)
 873              		.loc 1 325 0
 874 0006 4807     		se_li %r7,0
 875 0008 D271     		se_stw %r7,8(%r1)
 876              		.loc 1 327 0
 877 000a 70E00201 		e_li %r7,513
 878              	 # 327 "./components/spc58ecxx_platform_component_rla/lib/src/cache.c" 1
 879 000e 7CF5FBA6 		mtspr 1013, %r7
 880              	 # 0 "" 2
 881              		.loc 1 328 0
 882 0012 C671     		se_lwz %r7,24(%r1)
 883 0014 2A07     		se_cmpi %r7,0
 884 0016 7F800020 		e_mcrf %cr7,%cr0
 885 001a 7CE00026 		mfcr %r7
 886 001e 74E7E007 		e_rlwinm %r7,%r7,28,0xf0000000
 887 0022 7CE80120 		mtcrf 128,%r7
 888 0026 7A02000E 		e_bne %cr0,.L60
 889              		.loc 1 329 0
 890              	 # 329 "./components/spc58ecxx_platform_component_rla/lib/src/cache.c" 1
 891 002a 7CE482A6 		mfspr %r7, 516
 892              	 # 0 "" 2
 893 002e D271     		se_stw %r7,8(%r1)
 894 0030 7800000A 		e_b .L61
 895              	.L60:
 896              		.loc 1 331 0
 897              	 # 331 "./components/spc58ecxx_platform_component_rla/lib/src/cache.c" 1
 898 0034 7CE382A6 		mfspr %r7, 515
 899              	 # 0 "" 2
 900 0038 D271     		se_stw %r7,8(%r1)
 901              	.L61:
 902              		.loc 1 334 0
 903 003a C671     		se_lwz %r7,24(%r1)
 904 003c 2207     		se_cmpli %r7,1
 905 003e 7F800020 		e_mcrf %cr7,%cr0
 906 0042 7CE00026 		mfcr %r7
 907 0046 74E7E007 		e_rlwinm %r7,%r7,28,0xf0000000
 908 004a 7CE80120 		mtcrf 128,%r7
 909 004e 7A110010 		e_bgt %cr0,.L62
 910              		.loc 1 337 0
 911 0052 C271     		se_lwz %r7,8(%r1)
 912 0054 74E7057F 		e_rlwinm %r7,%r7,0,21,31
GAS LISTING C:\Users\bayra\AppData\Local\Temp\ccQzjoBV.s 			page 17


 913 0058 D271     		se_stw %r7,8(%r1)
 914              		.loc 1 338 0
 915 005a 78000008 		e_b .L64
 916              	.L62:
 917              		.loc 1 340 0
 918 005e 4807     		se_li %r7,0
 919 0060 D271     		se_stw %r7,8(%r1)
 920              	.L64:
 921              		.loc 1 342 0
 922 0062 C271     		se_lwz %r7,8(%r1)
 923              		.loc 1 343 0
 924 0064 0173     		se_mr %r3,%r7
 925 0066 21F1     		se_addi %r1,32
 926              	.LCFI17:
 927              		.cfi_def_cfa_offset 0
 928 0068 0004     		se_blr
 929              		.cfi_endproc
 930              	.LFE8:
 931              		.size	cache_get_cfg, .-cache_get_cfg
 932              		.section	.text.cache_invalidate,"axv",@progbits
 933              		.align 1
 934              		.p2align 4,,15
 935              		.globl cache_invalidate
 936              		.type	cache_invalidate, @function
 937              	cache_invalidate:
 938              	.LFB9:
 939              		.loc 1 354 0
 940              		.cfi_startproc
 941 0000 182106E0 		e_stwu %r1,-32(%r1)
 942              	.LCFI18:
 943              		.cfi_def_cfa_offset 32
 944 0004 0080     		se_mflr %r0
 945 0006 D901     		se_stw %r0,36(%r1)
 946              		.cfi_offset 65, 4
 947 0008 D631     		se_stw %r3,24(%r1)
 948              		.loc 1 355 0
 949 000a 4807     		se_li %r7,0
 950 000c D271     		se_stw %r7,8(%r1)
 951              		.loc 1 357 0
 952 000e C631     		se_lwz %r3,24(%r1)
 953 0010 78000001 		e_bl idc_exist
 954 0014 D231     		se_stw %r3,8(%r1)
 955 0016 C271     		se_lwz %r7,8(%r1)
 956 0018 2A07     		se_cmpi %r7,0
 957 001a 7F800020 		e_mcrf %cr7,%cr0
 958 001e 7CE00026 		mfcr %r7
 959 0022 74E7E007 		e_rlwinm %r7,%r7,28,0xf0000000
 960 0026 7CE80120 		mtcrf 128,%r7
 961 002a 7A12000A 		e_beq %cr0,.L67
 962              		.loc 1 358 0
 963 002e C271     		se_lwz %r7,8(%r1)
 964 0030 78000020 		e_b .L68
 965              	.L67:
 966              		.loc 1 360 0
 967 0034 70E00201 		e_li %r7,513
 968              	 # 360 "./components/spc58ecxx_platform_component_rla/lib/src/cache.c" 1
 969 0038 7CF5FBA6 		mtspr 1013, %r7
GAS LISTING C:\Users\bayra\AppData\Local\Temp\ccQzjoBV.s 			page 18


 970              	 # 0 "" 2
 971              		.loc 1 363 0
 972              	 # 363 "./components/spc58ecxx_platform_component_rla/lib/src/cache.c" 1
 973 003c 4C00012C 		isync
 974              	 # 0 "" 2
 975              	 # 363 "./components/spc58ecxx_platform_component_rla/lib/src/cache.c" 1
 976 0040 7C0004AC 		msync
 977              	 # 0 "" 2
 978              		.loc 1 366 0
 979 0044 C631     		se_lwz %r3,24(%r1)
 980 0046 4814     		se_li %r4,1
 981 0048 78000001 		e_bl idc_invalidate
 982 004c D231     		se_stw %r3,8(%r1)
 983              		.loc 1 368 0
 984 004e C271     		se_lwz %r7,8(%r1)
 985              	.L68:
 986              		.loc 1 369 0
 987 0050 0173     		se_mr %r3,%r7
 988 0052 C901     		se_lwz %r0,36(%r1)
 989 0054 0090     		se_mtlr %r0
 990 0056 21F1     		se_addi %r1,32
 991              	.LCFI19:
 992              		.cfi_def_cfa_offset 0
 993 0058 0004     		se_blr
 994              		.cfi_endproc
 995              	.LFE9:
 996              		.size	cache_invalidate, .-cache_invalidate
 997              		.section	.text.cache_flush_range,"axv",@progbits
 998              		.align 1
 999              		.p2align 4,,15
 1000              		.globl cache_flush_range
 1001              		.type	cache_flush_range, @function
 1002              	cache_flush_range:
 1003              	.LFB10:
 1004              		.loc 1 381 0
 1005              		.cfi_startproc
 1006 0000 182106E0 		e_stwu %r1,-32(%r1)
 1007              	.LCFI20:
 1008              		.cfi_def_cfa_offset 32
 1009 0004 D631     		se_stw %r3,24(%r1)
 1010 0006 0147     		se_mr %r7,%r4
 1011 0008 BE71     		se_sth %r7,28(%r1)
 1012              		.loc 1 383 0
 1013 000a 4807     		se_li %r7,0
 1014 000c D371     		se_stw %r7,12(%r1)
 1015              		.loc 1 385 0
 1016              	 # 385 "./components/spc58ecxx_platform_component_rla/lib/src/cache.c" 1
 1017 000e 7CF2FAA6 		mfspr %r7, 1010
 1018              	 # 0 "" 2
 1019 0012 D371     		se_stw %r7,12(%r1)
 1020              		.loc 1 386 0
 1021 0014 C371     		se_lwz %r7,12(%r1)
 1022 0016 2E17     		se_andi %r7,1
 1023 0018 2A07     		se_cmpi %r7,0
 1024 001a 7F800020 		e_mcrf %cr7,%cr0
 1025 001e 7CE00026 		mfcr %r7
 1026 0022 74E7E007 		e_rlwinm %r7,%r7,28,0xf0000000
GAS LISTING C:\Users\bayra\AppData\Local\Temp\ccQzjoBV.s 			page 19


 1027 0026 7CE80120 		mtcrf 128,%r7
 1028 002a 7A02000A 		e_bne %cr0,.L70
 1029              		.loc 1 387 0
 1030 002e 4817     		se_li %r7,1
 1031 0030 7800003A 		e_b .L71
 1032              	.L70:
 1033              		.loc 1 389 0
 1034 0034 C671     		se_lwz %r7,24(%r1)
 1035 0036 D271     		se_stw %r7,8(%r1)
 1036 0038 78000010 		e_b .L72
 1037              	.L73:
 1038              		.loc 1 390 0 discriminator 3
 1039 003c C271     		se_lwz %r7,8(%r1)
 1040              	 # 390 "./components/spc58ecxx_platform_component_rla/lib/src/cache.c" 1
 1041 003e 7C0038AC 		dcbf 0, %r7
 1042              	 # 0 "" 2
 1043              		.loc 1 389 0 discriminator 3
 1044 0042 C271     		se_lwz %r7,8(%r1)
 1045 0044 2037     		se_addi %r7,4
 1046 0046 D271     		se_stw %r7,8(%r1)
 1047              	.L72:
 1048              		.loc 1 389 0 is_stmt 0 discriminator 1
 1049 0048 AE71     		se_lhz %r7,28(%r1)
 1050 004a 74E6043F 		e_rlwinm %r6,%r7,0,0xffff
 1051 004e C671     		se_lwz %r7,24(%r1)
 1052 0050 0476     		se_add %r6,%r7
 1053 0052 C271     		se_lwz %r7,8(%r1)
 1054 0054 7F863840 		cmpl %cr7,%r6,%r7
 1055 0058 7CE00026 		mfcr %r7
 1056 005c 74E7E007 		e_rlwinm %r7,%r7,28,0xf0000000
 1057 0060 7CE80120 		mtcrf 128,%r7
 1058 0064 7A11FFD8 		e_bgt %cr0,.L73
 1059              		.loc 1 392 0 is_stmt 1
 1060 0068 4807     		se_li %r7,0
 1061              	.L71:
 1062              		.loc 1 393 0
 1063 006a 0173     		se_mr %r3,%r7
 1064 006c 21F1     		se_addi %r1,32
 1065              	.LCFI21:
 1066              		.cfi_def_cfa_offset 0
 1067 006e 0004     		se_blr
 1068              		.cfi_endproc
 1069              	.LFE10:
 1070              		.size	cache_flush_range, .-cache_flush_range
 1071              		.section	.text.cache_invalidate_range,"axv",@progbits
 1072              		.align 1
 1073              		.p2align 4,,15
 1074              		.globl cache_invalidate_range
 1075              		.type	cache_invalidate_range, @function
 1076              	cache_invalidate_range:
 1077              	.LFB11:
 1078              		.loc 1 405 0
 1079              		.cfi_startproc
 1080 0000 182106E0 		e_stwu %r1,-32(%r1)
 1081              	.LCFI22:
 1082              		.cfi_def_cfa_offset 32
 1083 0004 D631     		se_stw %r3,24(%r1)
GAS LISTING C:\Users\bayra\AppData\Local\Temp\ccQzjoBV.s 			page 20


 1084 0006 0147     		se_mr %r7,%r4
 1085 0008 BE71     		se_sth %r7,28(%r1)
 1086              		.loc 1 407 0
 1087 000a 4807     		se_li %r7,0
 1088 000c D371     		se_stw %r7,12(%r1)
 1089              		.loc 1 409 0
 1090              	 # 409 "./components/spc58ecxx_platform_component_rla/lib/src/cache.c" 1
 1091 000e 7CF2FAA6 		mfspr %r7, 1010
 1092              	 # 0 "" 2
 1093 0012 D371     		se_stw %r7,12(%r1)
 1094              		.loc 1 410 0
 1095 0014 C371     		se_lwz %r7,12(%r1)
 1096 0016 2E17     		se_andi %r7,1
 1097 0018 2A07     		se_cmpi %r7,0
 1098 001a 7F800020 		e_mcrf %cr7,%cr0
 1099 001e 7CE00026 		mfcr %r7
 1100 0022 74E7E007 		e_rlwinm %r7,%r7,28,0xf0000000
 1101 0026 7CE80120 		mtcrf 128,%r7
 1102 002a 7A02000A 		e_bne %cr0,.L75
 1103              		.loc 1 411 0
 1104 002e 4817     		se_li %r7,1
 1105 0030 7800004A 		e_b .L76
 1106              	.L75:
 1107              		.loc 1 413 0
 1108 0034 70E00201 		e_li %r7,513
 1109              	 # 413 "./components/spc58ecxx_platform_component_rla/lib/src/cache.c" 1
 1110 0038 7CF5FBA6 		mtspr 1013, %r7
 1111              	 # 0 "" 2
 1112              		.loc 1 416 0
 1113              	 # 416 "./components/spc58ecxx_platform_component_rla/lib/src/cache.c" 1
 1114 003c 4C00012C 		isync
 1115              	 # 0 "" 2
 1116              	 # 416 "./components/spc58ecxx_platform_component_rla/lib/src/cache.c" 1
 1117 0040 7C0004AC 		msync
 1118              	 # 0 "" 2
 1119              		.loc 1 418 0
 1120 0044 C671     		se_lwz %r7,24(%r1)
 1121 0046 D271     		se_stw %r7,8(%r1)
 1122 0048 78000010 		e_b .L77
 1123              	.L78:
 1124              		.loc 1 419 0 discriminator 3
 1125 004c C271     		se_lwz %r7,8(%r1)
 1126              	 # 419 "./components/spc58ecxx_platform_component_rla/lib/src/cache.c" 1
 1127 004e 7C003BAC 		dcbi 0, %r7
 1128              	 # 0 "" 2
 1129              		.loc 1 418 0 discriminator 3
 1130 0052 C271     		se_lwz %r7,8(%r1)
 1131 0054 2037     		se_addi %r7,4
 1132 0056 D271     		se_stw %r7,8(%r1)
 1133              	.L77:
 1134              		.loc 1 418 0 is_stmt 0 discriminator 1
 1135 0058 AE71     		se_lhz %r7,28(%r1)
 1136 005a 74E6043F 		e_rlwinm %r6,%r7,0,0xffff
 1137 005e C671     		se_lwz %r7,24(%r1)
 1138 0060 0476     		se_add %r6,%r7
 1139 0062 C271     		se_lwz %r7,8(%r1)
 1140 0064 7F863840 		cmpl %cr7,%r6,%r7
GAS LISTING C:\Users\bayra\AppData\Local\Temp\ccQzjoBV.s 			page 21


 1141 0068 7CE00026 		mfcr %r7
 1142 006c 74E7E007 		e_rlwinm %r7,%r7,28,0xf0000000
 1143 0070 7CE80120 		mtcrf 128,%r7
 1144 0074 7A11FFD8 		e_bgt %cr0,.L78
 1145              		.loc 1 421 0 is_stmt 1
 1146 0078 4807     		se_li %r7,0
 1147              	.L76:
 1148              		.loc 1 422 0
 1149 007a 0173     		se_mr %r3,%r7
 1150 007c 21F1     		se_addi %r1,32
 1151              	.LCFI23:
 1152              		.cfi_def_cfa_offset 0
 1153 007e 0004     		se_blr
 1154              		.cfi_endproc
 1155              	.LFE11:
 1156              		.size	cache_invalidate_range, .-cache_invalidate_range
 1157              		.section	".text","axv"
 1158              	.Letext0:
 1159              		.file 2 "c:\\spc5studio-6.0\\eclipse\\plugins\\com.st.tools.spc5.tools.gnu.gcc.ppcvle.win32_4.9.4.
 1160              		.file 3 "c:\\spc5studio-6.0\\eclipse\\plugins\\com.st.tools.spc5.tools.gnu.gcc.ppcvle.win32_4.9.4.
 1161              		.file 4 "./components/spc58ecxx_platform_component_rla/lib/include/cache.h"
 1162              		.section	.debug_info,"",@progbits
 1163              	.Ldebug_info0:
 1164 0000 00000491 		.4byte	0x491
 1165 0004 0002     		.2byte	0x2
 1166 0006 00000000 		.4byte	.Ldebug_abbrev0
 1167 000a 04       		.byte	0x4
 1168 000b 01       		.uleb128 0x1
 1169 000c 00000000 		.4byte	.LASF48
 1170 0010 01       		.byte	0x1
 1171 0011 00000000 		.4byte	.LASF49
 1172 0015 00000000 		.4byte	.LASF50
 1173 0019 00000000 		.4byte	.Ldebug_ranges0+0
 1174 001d 00000000 		.4byte	0
 1175 0021 00000000 		.4byte	0
 1176 0025 00000000 		.4byte	.Ldebug_line0
 1177 0029 02       		.uleb128 0x2
 1178 002a 01       		.byte	0x1
 1179 002b 06       		.byte	0x6
 1180 002c 00000000 		.4byte	.LASF0
 1181 0030 03       		.uleb128 0x3
 1182 0031 00000000 		.4byte	.LASF3
 1183 0035 02       		.byte	0x2
 1184 0036 1D       		.byte	0x1d
 1185 0037 0000003B 		.4byte	0x3b
 1186 003b 02       		.uleb128 0x2
 1187 003c 01       		.byte	0x1
 1188 003d 08       		.byte	0x8
 1189 003e 00000000 		.4byte	.LASF1
 1190 0042 02       		.uleb128 0x2
 1191 0043 02       		.byte	0x2
 1192 0044 05       		.byte	0x5
 1193 0045 00000000 		.4byte	.LASF2
 1194 0049 03       		.uleb128 0x3
 1195 004a 00000000 		.4byte	.LASF4
 1196 004e 02       		.byte	0x2
 1197 004f 2B       		.byte	0x2b
GAS LISTING C:\Users\bayra\AppData\Local\Temp\ccQzjoBV.s 			page 22


 1198 0050 00000054 		.4byte	0x54
 1199 0054 02       		.uleb128 0x2
 1200 0055 02       		.byte	0x2
 1201 0056 07       		.byte	0x7
 1202 0057 00000000 		.4byte	.LASF5
 1203 005b 02       		.uleb128 0x2
 1204 005c 04       		.byte	0x4
 1205 005d 05       		.byte	0x5
 1206 005e 00000000 		.4byte	.LASF6
 1207 0062 03       		.uleb128 0x3
 1208 0063 00000000 		.4byte	.LASF7
 1209 0067 02       		.byte	0x2
 1210 0068 41       		.byte	0x41
 1211 0069 0000006D 		.4byte	0x6d
 1212 006d 02       		.uleb128 0x2
 1213 006e 04       		.byte	0x4
 1214 006f 07       		.byte	0x7
 1215 0070 00000000 		.4byte	.LASF8
 1216 0074 02       		.uleb128 0x2
 1217 0075 08       		.byte	0x8
 1218 0076 05       		.byte	0x5
 1219 0077 00000000 		.4byte	.LASF9
 1220 007b 02       		.uleb128 0x2
 1221 007c 08       		.byte	0x8
 1222 007d 07       		.byte	0x7
 1223 007e 00000000 		.4byte	.LASF10
 1224 0082 04       		.uleb128 0x4
 1225 0083 04       		.byte	0x4
 1226 0084 05       		.byte	0x5
 1227 0085 696E7400 		.string	"int"
 1228 0089 02       		.uleb128 0x2
 1229 008a 04       		.byte	0x4
 1230 008b 07       		.byte	0x7
 1231 008c 00000000 		.4byte	.LASF11
 1232 0090 03       		.uleb128 0x3
 1233 0091 00000000 		.4byte	.LASF12
 1234 0095 03       		.byte	0x3
 1235 0096 15       		.byte	0x15
 1236 0097 00000030 		.4byte	0x30
 1237 009b 03       		.uleb128 0x3
 1238 009c 00000000 		.4byte	.LASF13
 1239 00a0 03       		.byte	0x3
 1240 00a1 21       		.byte	0x21
 1241 00a2 00000049 		.4byte	0x49
 1242 00a6 03       		.uleb128 0x3
 1243 00a7 00000000 		.4byte	.LASF14
 1244 00ab 03       		.byte	0x3
 1245 00ac 2D       		.byte	0x2d
 1246 00ad 00000062 		.4byte	0x62
 1247 00b1 05       		.uleb128 0x5
 1248 00b2 04       		.byte	0x4
 1249 00b3 04       		.byte	0x4
 1250 00b4 12       		.byte	0x12
 1251 00b5 000000C6 		.4byte	0xc6
 1252 00b9 06       		.uleb128 0x6
 1253 00ba 00000000 		.4byte	.LASF15
 1254 00be 00       		.sleb128 0
GAS LISTING C:\Users\bayra\AppData\Local\Temp\ccQzjoBV.s 			page 23


 1255 00bf 06       		.uleb128 0x6
 1256 00c0 00000000 		.4byte	.LASF16
 1257 00c4 01       		.sleb128 1
 1258 00c5 00       		.byte	0
 1259 00c6 03       		.uleb128 0x3
 1260 00c7 00000000 		.4byte	.LASF17
 1261 00cb 04       		.byte	0x4
 1262 00cc 15       		.byte	0x15
 1263 00cd 000000B1 		.4byte	0xb1
 1264 00d1 05       		.uleb128 0x5
 1265 00d2 04       		.byte	0x4
 1266 00d3 04       		.byte	0x4
 1267 00d4 17       		.byte	0x17
 1268 00d5 000000E6 		.4byte	0xe6
 1269 00d9 06       		.uleb128 0x6
 1270 00da 00000000 		.4byte	.LASF18
 1271 00de 00       		.sleb128 0
 1272 00df 06       		.uleb128 0x6
 1273 00e0 00000000 		.4byte	.LASF19
 1274 00e4 01       		.sleb128 1
 1275 00e5 00       		.byte	0
 1276 00e6 03       		.uleb128 0x3
 1277 00e7 00000000 		.4byte	.LASF20
 1278 00eb 04       		.byte	0x4
 1279 00ec 1A       		.byte	0x1a
 1280 00ed 000000D1 		.4byte	0xd1
 1281 00f1 05       		.uleb128 0x5
 1282 00f2 04       		.byte	0x4
 1283 00f3 04       		.byte	0x4
 1284 00f4 1C       		.byte	0x1c
 1285 00f5 0000010C 		.4byte	0x10c
 1286 00f9 06       		.uleb128 0x6
 1287 00fa 00000000 		.4byte	.LASF21
 1288 00fe 00       		.sleb128 0
 1289 00ff 06       		.uleb128 0x6
 1290 0100 00000000 		.4byte	.LASF22
 1291 0104 01       		.sleb128 1
 1292 0105 06       		.uleb128 0x6
 1293 0106 00000000 		.4byte	.LASF23
 1294 010a 02       		.sleb128 2
 1295 010b 00       		.byte	0
 1296 010c 03       		.uleb128 0x3
 1297 010d 00000000 		.4byte	.LASF24
 1298 0111 04       		.byte	0x4
 1299 0112 20       		.byte	0x20
 1300 0113 000000F1 		.4byte	0xf1
 1301 0117 07       		.uleb128 0x7
 1302 0118 00000000 		.4byte	.LASF34
 1303 011c 01       		.byte	0x1
 1304 011d 6C       		.byte	0x6c
 1305 011e 01       		.byte	0x1
 1306 011f 0000010C 		.4byte	0x10c
 1307 0123 00000000 		.4byte	.LFB0
 1308 0127 00000000 		.4byte	.LFE0
 1309 012b 00000000 		.4byte	.LLST0
 1310 012f 01       		.byte	0x1
 1311 0130 000001BD 		.4byte	0x1bd
GAS LISTING C:\Users\bayra\AppData\Local\Temp\ccQzjoBV.s 			page 24


 1312 0134 08       		.uleb128 0x8
 1313 0135 00000000 		.4byte	.LASF25
 1314 0139 01       		.byte	0x1
 1315 013a 6C       		.byte	0x6c
 1316 013b 000000C6 		.4byte	0xc6
 1317 013f 02       		.byte	0x2
 1318 0140 91       		.byte	0x91
 1319 0141 78       		.sleb128 -8
 1320 0142 08       		.uleb128 0x8
 1321 0143 00000000 		.4byte	.LASF26
 1322 0147 01       		.byte	0x1
 1323 0148 6C       		.byte	0x6c
 1324 0149 00000090 		.4byte	0x90
 1325 014d 02       		.byte	0x2
 1326 014e 91       		.byte	0x91
 1327 014f 7C       		.sleb128 -4
 1328 0150 09       		.uleb128 0x9
 1329 0151 00000000 		.4byte	.LASF27
 1330 0155 01       		.byte	0x1
 1331 0156 6D       		.byte	0x6d
 1332 0157 0000003B 		.4byte	0x3b
 1333 015b 02       		.byte	0x2
 1334 015c 91       		.byte	0x91
 1335 015d 58       		.sleb128 -40
 1336 015e 0A       		.uleb128 0xa
 1337 015f 7300     		.string	"s"
 1338 0161 01       		.byte	0x1
 1339 0162 6D       		.byte	0x6d
 1340 0163 0000003B 		.4byte	0x3b
 1341 0167 02       		.byte	0x2
 1342 0168 91       		.byte	0x91
 1343 0169 59       		.sleb128 -39
 1344 016a 0A       		.uleb128 0xa
 1345 016b 7700     		.string	"w"
 1346 016d 01       		.byte	0x1
 1347 016e 6D       		.byte	0x6d
 1348 016f 0000003B 		.4byte	0x3b
 1349 0173 02       		.byte	0x2
 1350 0174 91       		.byte	0x91
 1351 0175 5A       		.sleb128 -38
 1352 0176 09       		.uleb128 0x9
 1353 0177 00000000 		.4byte	.LASF28
 1354 017b 01       		.byte	0x1
 1355 017c 6E       		.byte	0x6e
 1356 017d 00000089 		.4byte	0x89
 1357 0181 02       		.byte	0x2
 1358 0182 91       		.byte	0x91
 1359 0183 5C       		.sleb128 -36
 1360 0184 09       		.uleb128 0x9
 1361 0185 00000000 		.4byte	.LASF29
 1362 0189 01       		.byte	0x1
 1363 018a 6E       		.byte	0x6e
 1364 018b 00000089 		.4byte	0x89
 1365 018f 02       		.byte	0x2
 1366 0190 91       		.byte	0x91
 1367 0191 60       		.sleb128 -32
 1368 0192 0A       		.uleb128 0xa
GAS LISTING C:\Users\bayra\AppData\Local\Temp\ccQzjoBV.s 			page 25


 1369 0193 73707200 		.string	"spr"
 1370 0197 01       		.byte	0x1
 1371 0198 6F       		.byte	0x6f
 1372 0199 00000089 		.4byte	0x89
 1373 019d 02       		.byte	0x2
 1374 019e 91       		.byte	0x91
 1375 019f 64       		.sleb128 -28
 1376 01a0 09       		.uleb128 0x9
 1377 01a1 00000000 		.4byte	.LASF30
 1378 01a5 01       		.byte	0x1
 1379 01a6 6F       		.byte	0x6f
 1380 01a7 00000089 		.4byte	0x89
 1381 01ab 02       		.byte	0x2
 1382 01ac 91       		.byte	0x91
 1383 01ad 68       		.sleb128 -24
 1384 01ae 09       		.uleb128 0x9
 1385 01af 00000000 		.4byte	.LASF31
 1386 01b3 01       		.byte	0x1
 1387 01b4 70       		.byte	0x70
 1388 01b5 0000010C 		.4byte	0x10c
 1389 01b9 02       		.byte	0x2
 1390 01ba 91       		.byte	0x91
 1391 01bb 6C       		.sleb128 -20
 1392 01bc 00       		.byte	0
 1393 01bd 0B       		.uleb128 0xb
 1394 01be 00000000 		.4byte	.LASF32
 1395 01c2 01       		.byte	0x1
 1396 01c3 AB       		.byte	0xab
 1397 01c4 01       		.byte	0x1
 1398 01c5 00000000 		.4byte	.LFB1
 1399 01c9 00000000 		.4byte	.LFE1
 1400 01cd 00000000 		.4byte	.LLST1
 1401 01d1 01       		.byte	0x1
 1402 01d2 00000201 		.4byte	0x201
 1403 01d6 08       		.uleb128 0x8
 1404 01d7 00000000 		.4byte	.LASF25
 1405 01db 01       		.byte	0x1
 1406 01dc AB       		.byte	0xab
 1407 01dd 000000C6 		.4byte	0xc6
 1408 01e1 02       		.byte	0x2
 1409 01e2 91       		.byte	0x91
 1410 01e3 78       		.sleb128 -8
 1411 01e4 0C       		.uleb128 0xc
 1412 01e5 64656600 		.string	"def"
 1413 01e9 01       		.byte	0x1
 1414 01ea AB       		.byte	0xab
 1415 01eb 00000089 		.4byte	0x89
 1416 01ef 02       		.byte	0x2
 1417 01f0 91       		.byte	0x91
 1418 01f1 7C       		.sleb128 -4
 1419 01f2 0A       		.uleb128 0xa
 1420 01f3 73707200 		.string	"spr"
 1421 01f7 01       		.byte	0x1
 1422 01f8 AC       		.byte	0xac
 1423 01f9 00000089 		.4byte	0x89
 1424 01fd 02       		.byte	0x2
 1425 01fe 91       		.byte	0x91
GAS LISTING C:\Users\bayra\AppData\Local\Temp\ccQzjoBV.s 			page 26


 1426 01ff 68       		.sleb128 -24
 1427 0200 00       		.byte	0
 1428 0201 0B       		.uleb128 0xb
 1429 0202 00000000 		.4byte	.LASF33
 1430 0206 01       		.byte	0x1
 1431 0207 B4       		.byte	0xb4
 1432 0208 01       		.byte	0x1
 1433 0209 00000000 		.4byte	.LFB2
 1434 020d 00000000 		.4byte	.LFE2
 1435 0211 00000000 		.4byte	.LLST2
 1436 0215 01       		.byte	0x1
 1437 0216 00000237 		.4byte	0x237
 1438 021a 08       		.uleb128 0x8
 1439 021b 00000000 		.4byte	.LASF25
 1440 021f 01       		.byte	0x1
 1441 0220 B4       		.byte	0xb4
 1442 0221 000000C6 		.4byte	0xc6
 1443 0225 02       		.byte	0x2
 1444 0226 91       		.byte	0x91
 1445 0227 78       		.sleb128 -8
 1446 0228 0A       		.uleb128 0xa
 1447 0229 73707200 		.string	"spr"
 1448 022d 01       		.byte	0x1
 1449 022e B5       		.byte	0xb5
 1450 022f 00000089 		.4byte	0x89
 1451 0233 02       		.byte	0x2
 1452 0234 91       		.byte	0x91
 1453 0235 68       		.sleb128 -24
 1454 0236 00       		.byte	0
 1455 0237 0D       		.uleb128 0xd
 1456 0238 00000000 		.4byte	.LASF35
 1457 023c 01       		.byte	0x1
 1458 023d BF       		.byte	0xbf
 1459 023e 01       		.byte	0x1
 1460 023f 0000010C 		.4byte	0x10c
 1461 0243 00000000 		.4byte	.LFB3
 1462 0247 00000000 		.4byte	.LFE3
 1463 024b 00000000 		.4byte	.LLST3
 1464 024f 01       		.byte	0x1
 1465 0250 00000263 		.4byte	0x263
 1466 0254 08       		.uleb128 0x8
 1467 0255 00000000 		.4byte	.LASF25
 1468 0259 01       		.byte	0x1
 1469 025a BF       		.byte	0xbf
 1470 025b 000000C6 		.4byte	0xc6
 1471 025f 02       		.byte	0x2
 1472 0260 91       		.byte	0x91
 1473 0261 78       		.sleb128 -8
 1474 0262 00       		.byte	0
 1475 0263 0E       		.uleb128 0xe
 1476 0264 01       		.byte	0x1
 1477 0265 00000000 		.4byte	.LASF36
 1478 0269 01       		.byte	0x1
 1479 026a D6       		.byte	0xd6
 1480 026b 01       		.byte	0x1
 1481 026c 00000089 		.4byte	0x89
 1482 0270 00000000 		.4byte	.LFB4
GAS LISTING C:\Users\bayra\AppData\Local\Temp\ccQzjoBV.s 			page 27


 1483 0274 00000000 		.4byte	.LFE4
 1484 0278 00000000 		.4byte	.LLST4
 1485 027c 01       		.byte	0x1
 1486 027d 0000029E 		.4byte	0x29e
 1487 0281 08       		.uleb128 0x8
 1488 0282 00000000 		.4byte	.LASF25
 1489 0286 01       		.byte	0x1
 1490 0287 D6       		.byte	0xd6
 1491 0288 000000C6 		.4byte	0xc6
 1492 028c 02       		.byte	0x2
 1493 028d 91       		.byte	0x91
 1494 028e 78       		.sleb128 -8
 1495 028f 0A       		.uleb128 0xa
 1496 0290 73707200 		.string	"spr"
 1497 0294 01       		.byte	0x1
 1498 0295 D7       		.byte	0xd7
 1499 0296 00000089 		.4byte	0x89
 1500 029a 02       		.byte	0x2
 1501 029b 91       		.byte	0x91
 1502 029c 68       		.sleb128 -24
 1503 029d 00       		.byte	0
 1504 029e 0E       		.uleb128 0xe
 1505 029f 01       		.byte	0x1
 1506 02a0 00000000 		.4byte	.LASF37
 1507 02a4 01       		.byte	0x1
 1508 02a5 ED       		.byte	0xed
 1509 02a6 01       		.byte	0x1
 1510 02a7 0000010C 		.4byte	0x10c
 1511 02ab 00000000 		.4byte	.LFB5
 1512 02af 00000000 		.4byte	.LFE5
 1513 02b3 00000000 		.4byte	.LLST5
 1514 02b7 01       		.byte	0x1
 1515 02b8 000002D9 		.4byte	0x2d9
 1516 02bc 08       		.uleb128 0x8
 1517 02bd 00000000 		.4byte	.LASF25
 1518 02c1 01       		.byte	0x1
 1519 02c2 ED       		.byte	0xed
 1520 02c3 000000C6 		.4byte	0xc6
 1521 02c7 02       		.byte	0x2
 1522 02c8 91       		.byte	0x91
 1523 02c9 78       		.sleb128 -8
 1524 02ca 09       		.uleb128 0x9
 1525 02cb 00000000 		.4byte	.LASF31
 1526 02cf 01       		.byte	0x1
 1527 02d0 EE       		.byte	0xee
 1528 02d1 0000010C 		.4byte	0x10c
 1529 02d5 02       		.byte	0x2
 1530 02d6 91       		.byte	0x91
 1531 02d7 68       		.sleb128 -24
 1532 02d8 00       		.byte	0
 1533 02d9 0F       		.uleb128 0xf
 1534 02da 01       		.byte	0x1
 1535 02db 00000000 		.4byte	.LASF38
 1536 02df 01       		.byte	0x1
 1537 02e0 010E     		.2byte	0x10e
 1538 02e2 01       		.byte	0x1
 1539 02e3 0000010C 		.4byte	0x10c
GAS LISTING C:\Users\bayra\AppData\Local\Temp\ccQzjoBV.s 			page 28


 1540 02e7 00000000 		.4byte	.LFB6
 1541 02eb 00000000 		.4byte	.LFE6
 1542 02ef 00000000 		.4byte	.LLST6
 1543 02f3 01       		.byte	0x1
 1544 02f4 00000326 		.4byte	0x326
 1545 02f8 10       		.uleb128 0x10
 1546 02f9 00000000 		.4byte	.LASF25
 1547 02fd 01       		.byte	0x1
 1548 02fe 010E     		.2byte	0x10e
 1549 0300 000000C6 		.4byte	0xc6
 1550 0304 02       		.byte	0x2
 1551 0305 91       		.byte	0x91
 1552 0306 78       		.sleb128 -8
 1553 0307 10       		.uleb128 0x10
 1554 0308 00000000 		.4byte	.LASF39
 1555 030c 01       		.byte	0x1
 1556 030d 010E     		.2byte	0x10e
 1557 030f 000000A6 		.4byte	0xa6
 1558 0313 02       		.byte	0x2
 1559 0314 91       		.byte	0x91
 1560 0315 7C       		.sleb128 -4
 1561 0316 11       		.uleb128 0x11
 1562 0317 00000000 		.4byte	.LASF31
 1563 031b 01       		.byte	0x1
 1564 031c 010F     		.2byte	0x10f
 1565 031e 0000010C 		.4byte	0x10c
 1566 0322 02       		.byte	0x2
 1567 0323 91       		.byte	0x91
 1568 0324 68       		.sleb128 -24
 1569 0325 00       		.byte	0
 1570 0326 0F       		.uleb128 0xf
 1571 0327 01       		.byte	0x1
 1572 0328 00000000 		.4byte	.LASF40
 1573 032c 01       		.byte	0x1
 1574 032d 0129     		.2byte	0x129
 1575 032f 01       		.byte	0x1
 1576 0330 0000010C 		.4byte	0x10c
 1577 0334 00000000 		.4byte	.LFB7
 1578 0338 00000000 		.4byte	.LFE7
 1579 033c 00000000 		.4byte	.LLST7
 1580 0340 01       		.byte	0x1
 1581 0341 00000364 		.4byte	0x364
 1582 0345 10       		.uleb128 0x10
 1583 0346 00000000 		.4byte	.LASF25
 1584 034a 01       		.byte	0x1
 1585 034b 0129     		.2byte	0x129
 1586 034d 000000C6 		.4byte	0xc6
 1587 0351 02       		.byte	0x2
 1588 0352 91       		.byte	0x91
 1589 0353 78       		.sleb128 -8
 1590 0354 11       		.uleb128 0x11
 1591 0355 00000000 		.4byte	.LASF31
 1592 0359 01       		.byte	0x1
 1593 035a 012A     		.2byte	0x12a
 1594 035c 0000010C 		.4byte	0x10c
 1595 0360 02       		.byte	0x2
 1596 0361 91       		.byte	0x91
GAS LISTING C:\Users\bayra\AppData\Local\Temp\ccQzjoBV.s 			page 29


 1597 0362 68       		.sleb128 -24
 1598 0363 00       		.byte	0
 1599 0364 12       		.uleb128 0x12
 1600 0365 01       		.byte	0x1
 1601 0366 00000000 		.4byte	.LASF41
 1602 036a 01       		.byte	0x1
 1603 036b 0144     		.2byte	0x144
 1604 036d 01       		.byte	0x1
 1605 036e 00000089 		.4byte	0x89
 1606 0372 00000000 		.4byte	.LFB8
 1607 0376 00000000 		.4byte	.LFE8
 1608 037a 00000000 		.4byte	.LLST8
 1609 037e 01       		.byte	0x1
 1610 037f 000003A2 		.4byte	0x3a2
 1611 0383 10       		.uleb128 0x10
 1612 0384 00000000 		.4byte	.LASF42
 1613 0388 01       		.byte	0x1
 1614 0389 0144     		.2byte	0x144
 1615 038b 000000E6 		.4byte	0xe6
 1616 038f 02       		.byte	0x2
 1617 0390 91       		.byte	0x91
 1618 0391 78       		.sleb128 -8
 1619 0392 13       		.uleb128 0x13
 1620 0393 73707200 		.string	"spr"
 1621 0397 01       		.byte	0x1
 1622 0398 0145     		.2byte	0x145
 1623 039a 00000089 		.4byte	0x89
 1624 039e 02       		.byte	0x2
 1625 039f 91       		.byte	0x91
 1626 03a0 68       		.sleb128 -24
 1627 03a1 00       		.byte	0
 1628 03a2 0F       		.uleb128 0xf
 1629 03a3 01       		.byte	0x1
 1630 03a4 00000000 		.4byte	.LASF43
 1631 03a8 01       		.byte	0x1
 1632 03a9 0162     		.2byte	0x162
 1633 03ab 01       		.byte	0x1
 1634 03ac 0000010C 		.4byte	0x10c
 1635 03b0 00000000 		.4byte	.LFB9
 1636 03b4 00000000 		.4byte	.LFE9
 1637 03b8 00000000 		.4byte	.LLST9
 1638 03bc 01       		.byte	0x1
 1639 03bd 000003E0 		.4byte	0x3e0
 1640 03c1 10       		.uleb128 0x10
 1641 03c2 00000000 		.4byte	.LASF25
 1642 03c6 01       		.byte	0x1
 1643 03c7 0162     		.2byte	0x162
 1644 03c9 000000C6 		.4byte	0xc6
 1645 03cd 02       		.byte	0x2
 1646 03ce 91       		.byte	0x91
 1647 03cf 78       		.sleb128 -8
 1648 03d0 11       		.uleb128 0x11
 1649 03d1 00000000 		.4byte	.LASF31
 1650 03d5 01       		.byte	0x1
 1651 03d6 0163     		.2byte	0x163
 1652 03d8 0000010C 		.4byte	0x10c
 1653 03dc 02       		.byte	0x2
GAS LISTING C:\Users\bayra\AppData\Local\Temp\ccQzjoBV.s 			page 30


 1654 03dd 91       		.byte	0x91
 1655 03de 68       		.sleb128 -24
 1656 03df 00       		.byte	0
 1657 03e0 12       		.uleb128 0x12
 1658 03e1 01       		.byte	0x1
 1659 03e2 00000000 		.4byte	.LASF44
 1660 03e6 01       		.byte	0x1
 1661 03e7 017D     		.2byte	0x17d
 1662 03e9 01       		.byte	0x1
 1663 03ea 0000010C 		.4byte	0x10c
 1664 03ee 00000000 		.4byte	.LFB10
 1665 03f2 00000000 		.4byte	.LFE10
 1666 03f6 00000000 		.4byte	.LLST10
 1667 03fa 01       		.byte	0x1
 1668 03fb 0000043C 		.4byte	0x43c
 1669 03ff 10       		.uleb128 0x10
 1670 0400 00000000 		.4byte	.LASF45
 1671 0404 01       		.byte	0x1
 1672 0405 017D     		.2byte	0x17d
 1673 0407 000000A6 		.4byte	0xa6
 1674 040b 02       		.byte	0x2
 1675 040c 91       		.byte	0x91
 1676 040d 78       		.sleb128 -8
 1677 040e 10       		.uleb128 0x10
 1678 040f 00000000 		.4byte	.LASF46
 1679 0413 01       		.byte	0x1
 1680 0414 017D     		.2byte	0x17d
 1681 0416 0000009B 		.4byte	0x9b
 1682 041a 02       		.byte	0x2
 1683 041b 91       		.byte	0x91
 1684 041c 7C       		.sleb128 -4
 1685 041d 11       		.uleb128 0x11
 1686 041e 00000000 		.4byte	.LASF47
 1687 0422 01       		.byte	0x1
 1688 0423 017E     		.2byte	0x17e
 1689 0425 000000A6 		.4byte	0xa6
 1690 0429 02       		.byte	0x2
 1691 042a 91       		.byte	0x91
 1692 042b 68       		.sleb128 -24
 1693 042c 13       		.uleb128 0x13
 1694 042d 73707200 		.string	"spr"
 1695 0431 01       		.byte	0x1
 1696 0432 017F     		.2byte	0x17f
 1697 0434 00000089 		.4byte	0x89
 1698 0438 02       		.byte	0x2
 1699 0439 91       		.byte	0x91
 1700 043a 6C       		.sleb128 -20
 1701 043b 00       		.byte	0
 1702 043c 14       		.uleb128 0x14
 1703 043d 01       		.byte	0x1
 1704 043e 00000000 		.4byte	.LASF51
 1705 0442 01       		.byte	0x1
 1706 0443 0195     		.2byte	0x195
 1707 0445 01       		.byte	0x1
 1708 0446 0000010C 		.4byte	0x10c
 1709 044a 00000000 		.4byte	.LFB11
 1710 044e 00000000 		.4byte	.LFE11
GAS LISTING C:\Users\bayra\AppData\Local\Temp\ccQzjoBV.s 			page 31


 1711 0452 00000000 		.4byte	.LLST11
 1712 0456 01       		.byte	0x1
 1713 0457 10       		.uleb128 0x10
 1714 0458 00000000 		.4byte	.LASF45
 1715 045c 01       		.byte	0x1
 1716 045d 0195     		.2byte	0x195
 1717 045f 000000A6 		.4byte	0xa6
 1718 0463 02       		.byte	0x2
 1719 0464 91       		.byte	0x91
 1720 0465 78       		.sleb128 -8
 1721 0466 10       		.uleb128 0x10
 1722 0467 00000000 		.4byte	.LASF46
 1723 046b 01       		.byte	0x1
 1724 046c 0195     		.2byte	0x195
 1725 046e 0000009B 		.4byte	0x9b
 1726 0472 02       		.byte	0x2
 1727 0473 91       		.byte	0x91
 1728 0474 7C       		.sleb128 -4
 1729 0475 11       		.uleb128 0x11
 1730 0476 00000000 		.4byte	.LASF47
 1731 047a 01       		.byte	0x1
 1732 047b 0196     		.2byte	0x196
 1733 047d 000000A6 		.4byte	0xa6
 1734 0481 02       		.byte	0x2
 1735 0482 91       		.byte	0x91
 1736 0483 68       		.sleb128 -24
 1737 0484 13       		.uleb128 0x13
 1738 0485 73707200 		.string	"spr"
 1739 0489 01       		.byte	0x1
 1740 048a 0197     		.2byte	0x197
 1741 048c 00000089 		.4byte	0x89
 1742 0490 02       		.byte	0x2
 1743 0491 91       		.byte	0x91
 1744 0492 6C       		.sleb128 -20
 1745 0493 00       		.byte	0
 1746 0494 00       		.byte	0
 1747              		.section	.debug_abbrev,"",@progbits
 1748              	.Ldebug_abbrev0:
 1749 0000 01       		.uleb128 0x1
 1750 0001 11       		.uleb128 0x11
 1751 0002 01       		.byte	0x1
 1752 0003 25       		.uleb128 0x25
 1753 0004 0E       		.uleb128 0xe
 1754 0005 13       		.uleb128 0x13
 1755 0006 0B       		.uleb128 0xb
 1756 0007 03       		.uleb128 0x3
 1757 0008 0E       		.uleb128 0xe
 1758 0009 1B       		.uleb128 0x1b
 1759 000a 0E       		.uleb128 0xe
 1760 000b 55       		.uleb128 0x55
 1761 000c 06       		.uleb128 0x6
 1762 000d 11       		.uleb128 0x11
 1763 000e 01       		.uleb128 0x1
 1764 000f 52       		.uleb128 0x52
 1765 0010 01       		.uleb128 0x1
 1766 0011 10       		.uleb128 0x10
 1767 0012 06       		.uleb128 0x6
GAS LISTING C:\Users\bayra\AppData\Local\Temp\ccQzjoBV.s 			page 32


 1768 0013 00       		.byte	0
 1769 0014 00       		.byte	0
 1770 0015 02       		.uleb128 0x2
 1771 0016 24       		.uleb128 0x24
 1772 0017 00       		.byte	0
 1773 0018 0B       		.uleb128 0xb
 1774 0019 0B       		.uleb128 0xb
 1775 001a 3E       		.uleb128 0x3e
 1776 001b 0B       		.uleb128 0xb
 1777 001c 03       		.uleb128 0x3
 1778 001d 0E       		.uleb128 0xe
 1779 001e 00       		.byte	0
 1780 001f 00       		.byte	0
 1781 0020 03       		.uleb128 0x3
 1782 0021 16       		.uleb128 0x16
 1783 0022 00       		.byte	0
 1784 0023 03       		.uleb128 0x3
 1785 0024 0E       		.uleb128 0xe
 1786 0025 3A       		.uleb128 0x3a
 1787 0026 0B       		.uleb128 0xb
 1788 0027 3B       		.uleb128 0x3b
 1789 0028 0B       		.uleb128 0xb
 1790 0029 49       		.uleb128 0x49
 1791 002a 13       		.uleb128 0x13
 1792 002b 00       		.byte	0
 1793 002c 00       		.byte	0
 1794 002d 04       		.uleb128 0x4
 1795 002e 24       		.uleb128 0x24
 1796 002f 00       		.byte	0
 1797 0030 0B       		.uleb128 0xb
 1798 0031 0B       		.uleb128 0xb
 1799 0032 3E       		.uleb128 0x3e
 1800 0033 0B       		.uleb128 0xb
 1801 0034 03       		.uleb128 0x3
 1802 0035 08       		.uleb128 0x8
 1803 0036 00       		.byte	0
 1804 0037 00       		.byte	0
 1805 0038 05       		.uleb128 0x5
 1806 0039 04       		.uleb128 0x4
 1807 003a 01       		.byte	0x1
 1808 003b 0B       		.uleb128 0xb
 1809 003c 0B       		.uleb128 0xb
 1810 003d 3A       		.uleb128 0x3a
 1811 003e 0B       		.uleb128 0xb
 1812 003f 3B       		.uleb128 0x3b
 1813 0040 0B       		.uleb128 0xb
 1814 0041 01       		.uleb128 0x1
 1815 0042 13       		.uleb128 0x13
 1816 0043 00       		.byte	0
 1817 0044 00       		.byte	0
 1818 0045 06       		.uleb128 0x6
 1819 0046 28       		.uleb128 0x28
 1820 0047 00       		.byte	0
 1821 0048 03       		.uleb128 0x3
 1822 0049 0E       		.uleb128 0xe
 1823 004a 1C       		.uleb128 0x1c
 1824 004b 0D       		.uleb128 0xd
GAS LISTING C:\Users\bayra\AppData\Local\Temp\ccQzjoBV.s 			page 33


 1825 004c 00       		.byte	0
 1826 004d 00       		.byte	0
 1827 004e 07       		.uleb128 0x7
 1828 004f 2E       		.uleb128 0x2e
 1829 0050 01       		.byte	0x1
 1830 0051 03       		.uleb128 0x3
 1831 0052 0E       		.uleb128 0xe
 1832 0053 3A       		.uleb128 0x3a
 1833 0054 0B       		.uleb128 0xb
 1834 0055 3B       		.uleb128 0x3b
 1835 0056 0B       		.uleb128 0xb
 1836 0057 27       		.uleb128 0x27
 1837 0058 0C       		.uleb128 0xc
 1838 0059 49       		.uleb128 0x49
 1839 005a 13       		.uleb128 0x13
 1840 005b 11       		.uleb128 0x11
 1841 005c 01       		.uleb128 0x1
 1842 005d 12       		.uleb128 0x12
 1843 005e 01       		.uleb128 0x1
 1844 005f 40       		.uleb128 0x40
 1845 0060 06       		.uleb128 0x6
 1846 0061 9742     		.uleb128 0x2117
 1847 0063 0C       		.uleb128 0xc
 1848 0064 01       		.uleb128 0x1
 1849 0065 13       		.uleb128 0x13
 1850 0066 00       		.byte	0
 1851 0067 00       		.byte	0
 1852 0068 08       		.uleb128 0x8
 1853 0069 05       		.uleb128 0x5
 1854 006a 00       		.byte	0
 1855 006b 03       		.uleb128 0x3
 1856 006c 0E       		.uleb128 0xe
 1857 006d 3A       		.uleb128 0x3a
 1858 006e 0B       		.uleb128 0xb
 1859 006f 3B       		.uleb128 0x3b
 1860 0070 0B       		.uleb128 0xb
 1861 0071 49       		.uleb128 0x49
 1862 0072 13       		.uleb128 0x13
 1863 0073 02       		.uleb128 0x2
 1864 0074 0A       		.uleb128 0xa
 1865 0075 00       		.byte	0
 1866 0076 00       		.byte	0
 1867 0077 09       		.uleb128 0x9
 1868 0078 34       		.uleb128 0x34
 1869 0079 00       		.byte	0
 1870 007a 03       		.uleb128 0x3
 1871 007b 0E       		.uleb128 0xe
 1872 007c 3A       		.uleb128 0x3a
 1873 007d 0B       		.uleb128 0xb
 1874 007e 3B       		.uleb128 0x3b
 1875 007f 0B       		.uleb128 0xb
 1876 0080 49       		.uleb128 0x49
 1877 0081 13       		.uleb128 0x13
 1878 0082 02       		.uleb128 0x2
 1879 0083 0A       		.uleb128 0xa
 1880 0084 00       		.byte	0
 1881 0085 00       		.byte	0
GAS LISTING C:\Users\bayra\AppData\Local\Temp\ccQzjoBV.s 			page 34


 1882 0086 0A       		.uleb128 0xa
 1883 0087 34       		.uleb128 0x34
 1884 0088 00       		.byte	0
 1885 0089 03       		.uleb128 0x3
 1886 008a 08       		.uleb128 0x8
 1887 008b 3A       		.uleb128 0x3a
 1888 008c 0B       		.uleb128 0xb
 1889 008d 3B       		.uleb128 0x3b
 1890 008e 0B       		.uleb128 0xb
 1891 008f 49       		.uleb128 0x49
 1892 0090 13       		.uleb128 0x13
 1893 0091 02       		.uleb128 0x2
 1894 0092 0A       		.uleb128 0xa
 1895 0093 00       		.byte	0
 1896 0094 00       		.byte	0
 1897 0095 0B       		.uleb128 0xb
 1898 0096 2E       		.uleb128 0x2e
 1899 0097 01       		.byte	0x1
 1900 0098 03       		.uleb128 0x3
 1901 0099 0E       		.uleb128 0xe
 1902 009a 3A       		.uleb128 0x3a
 1903 009b 0B       		.uleb128 0xb
 1904 009c 3B       		.uleb128 0x3b
 1905 009d 0B       		.uleb128 0xb
 1906 009e 27       		.uleb128 0x27
 1907 009f 0C       		.uleb128 0xc
 1908 00a0 11       		.uleb128 0x11
 1909 00a1 01       		.uleb128 0x1
 1910 00a2 12       		.uleb128 0x12
 1911 00a3 01       		.uleb128 0x1
 1912 00a4 40       		.uleb128 0x40
 1913 00a5 06       		.uleb128 0x6
 1914 00a6 9742     		.uleb128 0x2117
 1915 00a8 0C       		.uleb128 0xc
 1916 00a9 01       		.uleb128 0x1
 1917 00aa 13       		.uleb128 0x13
 1918 00ab 00       		.byte	0
 1919 00ac 00       		.byte	0
 1920 00ad 0C       		.uleb128 0xc
 1921 00ae 05       		.uleb128 0x5
 1922 00af 00       		.byte	0
 1923 00b0 03       		.uleb128 0x3
 1924 00b1 08       		.uleb128 0x8
 1925 00b2 3A       		.uleb128 0x3a
 1926 00b3 0B       		.uleb128 0xb
 1927 00b4 3B       		.uleb128 0x3b
 1928 00b5 0B       		.uleb128 0xb
 1929 00b6 49       		.uleb128 0x49
 1930 00b7 13       		.uleb128 0x13
 1931 00b8 02       		.uleb128 0x2
 1932 00b9 0A       		.uleb128 0xa
 1933 00ba 00       		.byte	0
 1934 00bb 00       		.byte	0
 1935 00bc 0D       		.uleb128 0xd
 1936 00bd 2E       		.uleb128 0x2e
 1937 00be 01       		.byte	0x1
 1938 00bf 03       		.uleb128 0x3
GAS LISTING C:\Users\bayra\AppData\Local\Temp\ccQzjoBV.s 			page 35


 1939 00c0 0E       		.uleb128 0xe
 1940 00c1 3A       		.uleb128 0x3a
 1941 00c2 0B       		.uleb128 0xb
 1942 00c3 3B       		.uleb128 0x3b
 1943 00c4 0B       		.uleb128 0xb
 1944 00c5 27       		.uleb128 0x27
 1945 00c6 0C       		.uleb128 0xc
 1946 00c7 49       		.uleb128 0x49
 1947 00c8 13       		.uleb128 0x13
 1948 00c9 11       		.uleb128 0x11
 1949 00ca 01       		.uleb128 0x1
 1950 00cb 12       		.uleb128 0x12
 1951 00cc 01       		.uleb128 0x1
 1952 00cd 40       		.uleb128 0x40
 1953 00ce 06       		.uleb128 0x6
 1954 00cf 9642     		.uleb128 0x2116
 1955 00d1 0C       		.uleb128 0xc
 1956 00d2 01       		.uleb128 0x1
 1957 00d3 13       		.uleb128 0x13
 1958 00d4 00       		.byte	0
 1959 00d5 00       		.byte	0
 1960 00d6 0E       		.uleb128 0xe
 1961 00d7 2E       		.uleb128 0x2e
 1962 00d8 01       		.byte	0x1
 1963 00d9 3F       		.uleb128 0x3f
 1964 00da 0C       		.uleb128 0xc
 1965 00db 03       		.uleb128 0x3
 1966 00dc 0E       		.uleb128 0xe
 1967 00dd 3A       		.uleb128 0x3a
 1968 00de 0B       		.uleb128 0xb
 1969 00df 3B       		.uleb128 0x3b
 1970 00e0 0B       		.uleb128 0xb
 1971 00e1 27       		.uleb128 0x27
 1972 00e2 0C       		.uleb128 0xc
 1973 00e3 49       		.uleb128 0x49
 1974 00e4 13       		.uleb128 0x13
 1975 00e5 11       		.uleb128 0x11
 1976 00e6 01       		.uleb128 0x1
 1977 00e7 12       		.uleb128 0x12
 1978 00e8 01       		.uleb128 0x1
 1979 00e9 40       		.uleb128 0x40
 1980 00ea 06       		.uleb128 0x6
 1981 00eb 9642     		.uleb128 0x2116
 1982 00ed 0C       		.uleb128 0xc
 1983 00ee 01       		.uleb128 0x1
 1984 00ef 13       		.uleb128 0x13
 1985 00f0 00       		.byte	0
 1986 00f1 00       		.byte	0
 1987 00f2 0F       		.uleb128 0xf
 1988 00f3 2E       		.uleb128 0x2e
 1989 00f4 01       		.byte	0x1
 1990 00f5 3F       		.uleb128 0x3f
 1991 00f6 0C       		.uleb128 0xc
 1992 00f7 03       		.uleb128 0x3
 1993 00f8 0E       		.uleb128 0xe
 1994 00f9 3A       		.uleb128 0x3a
 1995 00fa 0B       		.uleb128 0xb
GAS LISTING C:\Users\bayra\AppData\Local\Temp\ccQzjoBV.s 			page 36


 1996 00fb 3B       		.uleb128 0x3b
 1997 00fc 05       		.uleb128 0x5
 1998 00fd 27       		.uleb128 0x27
 1999 00fe 0C       		.uleb128 0xc
 2000 00ff 49       		.uleb128 0x49
 2001 0100 13       		.uleb128 0x13
 2002 0101 11       		.uleb128 0x11
 2003 0102 01       		.uleb128 0x1
 2004 0103 12       		.uleb128 0x12
 2005 0104 01       		.uleb128 0x1
 2006 0105 40       		.uleb128 0x40
 2007 0106 06       		.uleb128 0x6
 2008 0107 9642     		.uleb128 0x2116
 2009 0109 0C       		.uleb128 0xc
 2010 010a 01       		.uleb128 0x1
 2011 010b 13       		.uleb128 0x13
 2012 010c 00       		.byte	0
 2013 010d 00       		.byte	0
 2014 010e 10       		.uleb128 0x10
 2015 010f 05       		.uleb128 0x5
 2016 0110 00       		.byte	0
 2017 0111 03       		.uleb128 0x3
 2018 0112 0E       		.uleb128 0xe
 2019 0113 3A       		.uleb128 0x3a
 2020 0114 0B       		.uleb128 0xb
 2021 0115 3B       		.uleb128 0x3b
 2022 0116 05       		.uleb128 0x5
 2023 0117 49       		.uleb128 0x49
 2024 0118 13       		.uleb128 0x13
 2025 0119 02       		.uleb128 0x2
 2026 011a 0A       		.uleb128 0xa
 2027 011b 00       		.byte	0
 2028 011c 00       		.byte	0
 2029 011d 11       		.uleb128 0x11
 2030 011e 34       		.uleb128 0x34
 2031 011f 00       		.byte	0
 2032 0120 03       		.uleb128 0x3
 2033 0121 0E       		.uleb128 0xe
 2034 0122 3A       		.uleb128 0x3a
 2035 0123 0B       		.uleb128 0xb
 2036 0124 3B       		.uleb128 0x3b
 2037 0125 05       		.uleb128 0x5
 2038 0126 49       		.uleb128 0x49
 2039 0127 13       		.uleb128 0x13
 2040 0128 02       		.uleb128 0x2
 2041 0129 0A       		.uleb128 0xa
 2042 012a 00       		.byte	0
 2043 012b 00       		.byte	0
 2044 012c 12       		.uleb128 0x12
 2045 012d 2E       		.uleb128 0x2e
 2046 012e 01       		.byte	0x1
 2047 012f 3F       		.uleb128 0x3f
 2048 0130 0C       		.uleb128 0xc
 2049 0131 03       		.uleb128 0x3
 2050 0132 0E       		.uleb128 0xe
 2051 0133 3A       		.uleb128 0x3a
 2052 0134 0B       		.uleb128 0xb
GAS LISTING C:\Users\bayra\AppData\Local\Temp\ccQzjoBV.s 			page 37


 2053 0135 3B       		.uleb128 0x3b
 2054 0136 05       		.uleb128 0x5
 2055 0137 27       		.uleb128 0x27
 2056 0138 0C       		.uleb128 0xc
 2057 0139 49       		.uleb128 0x49
 2058 013a 13       		.uleb128 0x13
 2059 013b 11       		.uleb128 0x11
 2060 013c 01       		.uleb128 0x1
 2061 013d 12       		.uleb128 0x12
 2062 013e 01       		.uleb128 0x1
 2063 013f 40       		.uleb128 0x40
 2064 0140 06       		.uleb128 0x6
 2065 0141 9742     		.uleb128 0x2117
 2066 0143 0C       		.uleb128 0xc
 2067 0144 01       		.uleb128 0x1
 2068 0145 13       		.uleb128 0x13
 2069 0146 00       		.byte	0
 2070 0147 00       		.byte	0
 2071 0148 13       		.uleb128 0x13
 2072 0149 34       		.uleb128 0x34
 2073 014a 00       		.byte	0
 2074 014b 03       		.uleb128 0x3
 2075 014c 08       		.uleb128 0x8
 2076 014d 3A       		.uleb128 0x3a
 2077 014e 0B       		.uleb128 0xb
 2078 014f 3B       		.uleb128 0x3b
 2079 0150 05       		.uleb128 0x5
 2080 0151 49       		.uleb128 0x49
 2081 0152 13       		.uleb128 0x13
 2082 0153 02       		.uleb128 0x2
 2083 0154 0A       		.uleb128 0xa
 2084 0155 00       		.byte	0
 2085 0156 00       		.byte	0
 2086 0157 14       		.uleb128 0x14
 2087 0158 2E       		.uleb128 0x2e
 2088 0159 01       		.byte	0x1
 2089 015a 3F       		.uleb128 0x3f
 2090 015b 0C       		.uleb128 0xc
 2091 015c 03       		.uleb128 0x3
 2092 015d 0E       		.uleb128 0xe
 2093 015e 3A       		.uleb128 0x3a
 2094 015f 0B       		.uleb128 0xb
 2095 0160 3B       		.uleb128 0x3b
 2096 0161 05       		.uleb128 0x5
 2097 0162 27       		.uleb128 0x27
 2098 0163 0C       		.uleb128 0xc
 2099 0164 49       		.uleb128 0x49
 2100 0165 13       		.uleb128 0x13
 2101 0166 11       		.uleb128 0x11
 2102 0167 01       		.uleb128 0x1
 2103 0168 12       		.uleb128 0x12
 2104 0169 01       		.uleb128 0x1
 2105 016a 40       		.uleb128 0x40
 2106 016b 06       		.uleb128 0x6
 2107 016c 9742     		.uleb128 0x2117
 2108 016e 0C       		.uleb128 0xc
 2109 016f 00       		.byte	0
GAS LISTING C:\Users\bayra\AppData\Local\Temp\ccQzjoBV.s 			page 38


 2110 0170 00       		.byte	0
 2111 0171 00       		.byte	0
 2112              		.section	.debug_loc,"",@progbits
 2113              	.Ldebug_loc0:
 2114              	.LLST0:
 2115 0000 00000000 		.4byte	.LFB0
 2116 0004 00000000 		.4byte	.LCFI0
 2117 0008 0002     		.2byte	0x2
 2118 000a 71       		.byte	0x71
 2119 000b 00       		.sleb128 0
 2120 000c 00000000 		.4byte	.LCFI0
 2121 0010 00000000 		.4byte	.LCFI1
 2122 0014 0002     		.2byte	0x2
 2123 0016 71       		.byte	0x71
 2124 0017 30       		.sleb128 48
 2125 0018 00000000 		.4byte	.LCFI1
 2126 001c 00000000 		.4byte	.LFE0
 2127 0020 0002     		.2byte	0x2
 2128 0022 71       		.byte	0x71
 2129 0023 00       		.sleb128 0
 2130 0024 00000000 		.4byte	0
 2131 0028 00000000 		.4byte	0
 2132              	.LLST1:
 2133 002c 00000000 		.4byte	.LFB1
 2134 0030 00000000 		.4byte	.LCFI2
 2135 0034 0002     		.2byte	0x2
 2136 0036 71       		.byte	0x71
 2137 0037 00       		.sleb128 0
 2138 0038 00000000 		.4byte	.LCFI2
 2139 003c 00000000 		.4byte	.LCFI3
 2140 0040 0002     		.2byte	0x2
 2141 0042 71       		.byte	0x71
 2142 0043 20       		.sleb128 32
 2143 0044 00000000 		.4byte	.LCFI3
 2144 0048 00000000 		.4byte	.LFE1
 2145 004c 0002     		.2byte	0x2
 2146 004e 71       		.byte	0x71
 2147 004f 00       		.sleb128 0
 2148 0050 00000000 		.4byte	0
 2149 0054 00000000 		.4byte	0
 2150              	.LLST2:
 2151 0058 00000000 		.4byte	.LFB2
 2152 005c 00000000 		.4byte	.LCFI4
 2153 0060 0002     		.2byte	0x2
 2154 0062 71       		.byte	0x71
 2155 0063 00       		.sleb128 0
 2156 0064 00000000 		.4byte	.LCFI4
 2157 0068 00000000 		.4byte	.LCFI5
 2158 006c 0002     		.2byte	0x2
 2159 006e 71       		.byte	0x71
 2160 006f 20       		.sleb128 32
 2161 0070 00000000 		.4byte	.LCFI5
 2162 0074 00000000 		.4byte	.LFE2
 2163 0078 0002     		.2byte	0x2
 2164 007a 71       		.byte	0x71
 2165 007b 00       		.sleb128 0
 2166 007c 00000000 		.4byte	0
GAS LISTING C:\Users\bayra\AppData\Local\Temp\ccQzjoBV.s 			page 39


 2167 0080 00000000 		.4byte	0
 2168              	.LLST3:
 2169 0084 00000000 		.4byte	.LFB3
 2170 0088 00000000 		.4byte	.LCFI6
 2171 008c 0002     		.2byte	0x2
 2172 008e 71       		.byte	0x71
 2173 008f 00       		.sleb128 0
 2174 0090 00000000 		.4byte	.LCFI6
 2175 0094 00000000 		.4byte	.LCFI7
 2176 0098 0002     		.2byte	0x2
 2177 009a 71       		.byte	0x71
 2178 009b 10       		.sleb128 16
 2179 009c 00000000 		.4byte	.LCFI7
 2180 00a0 00000000 		.4byte	.LFE3
 2181 00a4 0002     		.2byte	0x2
 2182 00a6 71       		.byte	0x71
 2183 00a7 00       		.sleb128 0
 2184 00a8 00000000 		.4byte	0
 2185 00ac 00000000 		.4byte	0
 2186              	.LLST4:
 2187 00b0 00000000 		.4byte	.LFB4
 2188 00b4 00000000 		.4byte	.LCFI8
 2189 00b8 0002     		.2byte	0x2
 2190 00ba 71       		.byte	0x71
 2191 00bb 00       		.sleb128 0
 2192 00bc 00000000 		.4byte	.LCFI8
 2193 00c0 00000000 		.4byte	.LCFI9
 2194 00c4 0002     		.2byte	0x2
 2195 00c6 71       		.byte	0x71
 2196 00c7 20       		.sleb128 32
 2197 00c8 00000000 		.4byte	.LCFI9
 2198 00cc 00000000 		.4byte	.LFE4
 2199 00d0 0002     		.2byte	0x2
 2200 00d2 71       		.byte	0x71
 2201 00d3 00       		.sleb128 0
 2202 00d4 00000000 		.4byte	0
 2203 00d8 00000000 		.4byte	0
 2204              	.LLST5:
 2205 00dc 00000000 		.4byte	.LFB5
 2206 00e0 00000000 		.4byte	.LCFI10
 2207 00e4 0002     		.2byte	0x2
 2208 00e6 71       		.byte	0x71
 2209 00e7 00       		.sleb128 0
 2210 00e8 00000000 		.4byte	.LCFI10
 2211 00ec 00000000 		.4byte	.LCFI11
 2212 00f0 0002     		.2byte	0x2
 2213 00f2 71       		.byte	0x71
 2214 00f3 20       		.sleb128 32
 2215 00f4 00000000 		.4byte	.LCFI11
 2216 00f8 00000000 		.4byte	.LFE5
 2217 00fc 0002     		.2byte	0x2
 2218 00fe 71       		.byte	0x71
 2219 00ff 00       		.sleb128 0
 2220 0100 00000000 		.4byte	0
 2221 0104 00000000 		.4byte	0
 2222              	.LLST6:
 2223 0108 00000000 		.4byte	.LFB6
GAS LISTING C:\Users\bayra\AppData\Local\Temp\ccQzjoBV.s 			page 40


 2224 010c 00000000 		.4byte	.LCFI12
 2225 0110 0002     		.2byte	0x2
 2226 0112 71       		.byte	0x71
 2227 0113 00       		.sleb128 0
 2228 0114 00000000 		.4byte	.LCFI12
 2229 0118 00000000 		.4byte	.LCFI13
 2230 011c 0002     		.2byte	0x2
 2231 011e 71       		.byte	0x71
 2232 011f 20       		.sleb128 32
 2233 0120 00000000 		.4byte	.LCFI13
 2234 0124 00000000 		.4byte	.LFE6
 2235 0128 0002     		.2byte	0x2
 2236 012a 71       		.byte	0x71
 2237 012b 00       		.sleb128 0
 2238 012c 00000000 		.4byte	0
 2239 0130 00000000 		.4byte	0
 2240              	.LLST7:
 2241 0134 00000000 		.4byte	.LFB7
 2242 0138 00000000 		.4byte	.LCFI14
 2243 013c 0002     		.2byte	0x2
 2244 013e 71       		.byte	0x71
 2245 013f 00       		.sleb128 0
 2246 0140 00000000 		.4byte	.LCFI14
 2247 0144 00000000 		.4byte	.LCFI15
 2248 0148 0002     		.2byte	0x2
 2249 014a 71       		.byte	0x71
 2250 014b 20       		.sleb128 32
 2251 014c 00000000 		.4byte	.LCFI15
 2252 0150 00000000 		.4byte	.LFE7
 2253 0154 0002     		.2byte	0x2
 2254 0156 71       		.byte	0x71
 2255 0157 00       		.sleb128 0
 2256 0158 00000000 		.4byte	0
 2257 015c 00000000 		.4byte	0
 2258              	.LLST8:
 2259 0160 00000000 		.4byte	.LFB8
 2260 0164 00000000 		.4byte	.LCFI16
 2261 0168 0002     		.2byte	0x2
 2262 016a 71       		.byte	0x71
 2263 016b 00       		.sleb128 0
 2264 016c 00000000 		.4byte	.LCFI16
 2265 0170 00000000 		.4byte	.LCFI17
 2266 0174 0002     		.2byte	0x2
 2267 0176 71       		.byte	0x71
 2268 0177 20       		.sleb128 32
 2269 0178 00000000 		.4byte	.LCFI17
 2270 017c 00000000 		.4byte	.LFE8
 2271 0180 0002     		.2byte	0x2
 2272 0182 71       		.byte	0x71
 2273 0183 00       		.sleb128 0
 2274 0184 00000000 		.4byte	0
 2275 0188 00000000 		.4byte	0
 2276              	.LLST9:
 2277 018c 00000000 		.4byte	.LFB9
 2278 0190 00000000 		.4byte	.LCFI18
 2279 0194 0002     		.2byte	0x2
 2280 0196 71       		.byte	0x71
GAS LISTING C:\Users\bayra\AppData\Local\Temp\ccQzjoBV.s 			page 41


 2281 0197 00       		.sleb128 0
 2282 0198 00000000 		.4byte	.LCFI18
 2283 019c 00000000 		.4byte	.LCFI19
 2284 01a0 0002     		.2byte	0x2
 2285 01a2 71       		.byte	0x71
 2286 01a3 20       		.sleb128 32
 2287 01a4 00000000 		.4byte	.LCFI19
 2288 01a8 00000000 		.4byte	.LFE9
 2289 01ac 0002     		.2byte	0x2
 2290 01ae 71       		.byte	0x71
 2291 01af 00       		.sleb128 0
 2292 01b0 00000000 		.4byte	0
 2293 01b4 00000000 		.4byte	0
 2294              	.LLST10:
 2295 01b8 00000000 		.4byte	.LFB10
 2296 01bc 00000000 		.4byte	.LCFI20
 2297 01c0 0002     		.2byte	0x2
 2298 01c2 71       		.byte	0x71
 2299 01c3 00       		.sleb128 0
 2300 01c4 00000000 		.4byte	.LCFI20
 2301 01c8 00000000 		.4byte	.LCFI21
 2302 01cc 0002     		.2byte	0x2
 2303 01ce 71       		.byte	0x71
 2304 01cf 20       		.sleb128 32
 2305 01d0 00000000 		.4byte	.LCFI21
 2306 01d4 00000000 		.4byte	.LFE10
 2307 01d8 0002     		.2byte	0x2
 2308 01da 71       		.byte	0x71
 2309 01db 00       		.sleb128 0
 2310 01dc 00000000 		.4byte	0
 2311 01e0 00000000 		.4byte	0
 2312              	.LLST11:
 2313 01e4 00000000 		.4byte	.LFB11
 2314 01e8 00000000 		.4byte	.LCFI22
 2315 01ec 0002     		.2byte	0x2
 2316 01ee 71       		.byte	0x71
 2317 01ef 00       		.sleb128 0
 2318 01f0 00000000 		.4byte	.LCFI22
 2319 01f4 00000000 		.4byte	.LCFI23
 2320 01f8 0002     		.2byte	0x2
 2321 01fa 71       		.byte	0x71
 2322 01fb 20       		.sleb128 32
 2323 01fc 00000000 		.4byte	.LCFI23
 2324 0200 00000000 		.4byte	.LFE11
 2325 0204 0002     		.2byte	0x2
 2326 0206 71       		.byte	0x71
 2327 0207 00       		.sleb128 0
 2328 0208 00000000 		.4byte	0
 2329 020c 00000000 		.4byte	0
 2330              		.section	.debug_aranges,"",@progbits
 2331 0000 00000074 		.4byte	0x74
 2332 0004 0002     		.2byte	0x2
 2333 0006 00000000 		.4byte	.Ldebug_info0
 2334 000a 04       		.byte	0x4
 2335 000b 00       		.byte	0
 2336 000c 0000     		.2byte	0
 2337 000e 0000     		.2byte	0
GAS LISTING C:\Users\bayra\AppData\Local\Temp\ccQzjoBV.s 			page 42


 2338 0010 00000000 		.4byte	.LFB0
 2339 0014 0000029A 		.4byte	.LFE0-.LFB0
 2340 0018 00000000 		.4byte	.LFB1
 2341 001c 00000068 		.4byte	.LFE1-.LFB1
 2342 0020 00000000 		.4byte	.LFB2
 2343 0024 00000064 		.4byte	.LFE2-.LFB2
 2344 0028 00000000 		.4byte	.LFB3
 2345 002c 00000076 		.4byte	.LFE3-.LFB3
 2346 0030 00000000 		.4byte	.LFB4
 2347 0034 0000006C 		.4byte	.LFE4-.LFB4
 2348 0038 00000000 		.4byte	.LFB5
 2349 003c 00000084 		.4byte	.LFE5-.LFB5
 2350 0040 00000000 		.4byte	.LFB6
 2351 0044 00000084 		.4byte	.LFE6-.LFB6
 2352 0048 00000000 		.4byte	.LFB7
 2353 004c 00000060 		.4byte	.LFE7-.LFB7
 2354 0050 00000000 		.4byte	.LFB8
 2355 0054 0000006A 		.4byte	.LFE8-.LFB8
 2356 0058 00000000 		.4byte	.LFB9
 2357 005c 0000005A 		.4byte	.LFE9-.LFB9
 2358 0060 00000000 		.4byte	.LFB10
 2359 0064 00000070 		.4byte	.LFE10-.LFB10
 2360 0068 00000000 		.4byte	.LFB11
 2361 006c 00000080 		.4byte	.LFE11-.LFB11
 2362 0070 00000000 		.4byte	0
 2363 0074 00000000 		.4byte	0
 2364              		.section	.debug_ranges,"",@progbits
 2365              	.Ldebug_ranges0:
 2366 0000 00000000 		.4byte	.LFB0
 2367 0004 00000000 		.4byte	.LFE0
 2368 0008 00000000 		.4byte	.LFB1
 2369 000c 00000000 		.4byte	.LFE1
 2370 0010 00000000 		.4byte	.LFB2
 2371 0014 00000000 		.4byte	.LFE2
 2372 0018 00000000 		.4byte	.LFB3
 2373 001c 00000000 		.4byte	.LFE3
 2374 0020 00000000 		.4byte	.LFB4
 2375 0024 00000000 		.4byte	.LFE4
 2376 0028 00000000 		.4byte	.LFB5
 2377 002c 00000000 		.4byte	.LFE5
 2378 0030 00000000 		.4byte	.LFB6
 2379 0034 00000000 		.4byte	.LFE6
 2380 0038 00000000 		.4byte	.LFB7
 2381 003c 00000000 		.4byte	.LFE7
 2382 0040 00000000 		.4byte	.LFB8
 2383 0044 00000000 		.4byte	.LFE8
 2384 0048 00000000 		.4byte	.LFB9
 2385 004c 00000000 		.4byte	.LFE9
 2386 0050 00000000 		.4byte	.LFB10
 2387 0054 00000000 		.4byte	.LFE10
 2388 0058 00000000 		.4byte	.LFB11
 2389 005c 00000000 		.4byte	.LFE11
 2390 0060 00000000 		.4byte	0
 2391 0064 00000000 		.4byte	0
 2392              		.section	.debug_line,"",@progbits
 2393              	.Ldebug_line0:
 2394 0000 000003D9 		.section	.debug_str,"MS",@progbits,1
GAS LISTING C:\Users\bayra\AppData\Local\Temp\ccQzjoBV.s 			page 43


 2394      00020000 
 2394      01CD0201 
 2394      FB0E0D00 
 2394      01010101 
 2395              	.LASF39:
 2396 0000 63637372 		.string	"ccsr"
 2396      00
 2397              	.LASF45:
 2398 0005 61646472 		.string	"addr"
 2398      00
 2399              	.LASF20:
 2400 000a 63616368 		.string	"cache_cfg_t"
 2400      655F6366 
 2400      675F7400 
 2401              	.LASF36:
 2402 0016 63616368 		.string	"cache_get_status"
 2402      655F6765 
 2402      745F7374 
 2402      61747573 
 2402      00
 2403              	.LASF2:
 2404 0027 73686F72 		.string	"short int"
 2404      7420696E 
 2404      7400
 2405              	.LASF25:
 2406 0031 63747970 		.string	"ctype"
 2406      6500
 2407              	.LASF50:
 2408 0037 443A5C47 		.string	"D:\\GitKraken\\SPC58EC80E5\\Gateway"
 2408      69744B72 
 2408      616B656E 
 2408      5C535043 
 2408      35384543 
 2409              	.LASF7:
 2410 0058 5F5F7569 		.string	"__uint32_t"
 2410      6E743332 
 2410      5F7400
 2411              	.LASF4:
 2412 0063 5F5F7569 		.string	"__uint16_t"
 2412      6E743136 
 2412      5F7400
 2413              	.LASF22:
 2414 006e 49434443 		.string	"ICDC_ERROR_UNAVAILABLE"
 2414      5F455252 
 2414      4F525F55 
 2414      4E415641 
 2414      494C4142 
 2415              	.LASF12:
 2416 0085 75696E74 		.string	"uint8_t"
 2416      385F7400 
 2417              	.LASF40:
 2418 008d 63616368 		.string	"cache_disable"
 2418      655F6469 
 2418      7361626C 
 2418      6500
 2419              	.LASF33:
 2420 009b 6964635F 		.string	"idc_disable"
GAS LISTING C:\Users\bayra\AppData\Local\Temp\ccQzjoBV.s 			page 44


 2420      64697361 
 2420      626C6500 
 2421              	.LASF49:
 2422 00a7 2E2F636F 		.string	"./components/spc58ecxx_platform_component_rla/lib/src/cache.c"
 2422      6D706F6E 
 2422      656E7473 
 2422      2F737063 
 2422      35386563 
 2423              	.LASF43:
 2424 00e5 63616368 		.string	"cache_invalidate"
 2424      655F696E 
 2424      76616C69 
 2424      64617465 
 2424      00
 2425              	.LASF9:
 2426 00f6 6C6F6E67 		.string	"long long int"
 2426      206C6F6E 
 2426      6720696E 
 2426      7400
 2427              	.LASF19:
 2428 0104 44435F44 		.string	"DC_DCSIZE"
 2428      4353495A 
 2428      4500
 2429              	.LASF17:
 2430 010e 63616368 		.string	"cache_type_t"
 2430      655F7479 
 2430      70655F74 
 2430      00
 2431              	.LASF6:
 2432 011b 6C6F6E67 		.string	"long int"
 2432      20696E74 
 2432      00
 2433              	.LASF42:
 2434 0124 63636667 		.string	"ccfg"
 2434      00
 2435              	.LASF28:
 2436 0129 696E765F 		.string	"inv_val"
 2436      76616C00 
 2437              	.LASF3:
 2438 0131 5F5F7569 		.string	"__uint8_t"
 2438      6E74385F 
 2438      7400
 2439              	.LASF37:
 2440 013b 63616368 		.string	"cache_enable"
 2440      655F656E 
 2440      61626C65 
 2440      00
 2441              	.LASF47:
 2442 0148 63616464 		.string	"caddr"
 2442      7200
 2443              	.LASF1:
 2444 014e 756E7369 		.string	"unsigned char"
 2444      676E6564 
 2444      20636861 
 2444      7200
 2445              	.LASF24:
 2446 015c 63616368 		.string	"cache_result_t"
GAS LISTING C:\Users\bayra\AppData\Local\Temp\ccQzjoBV.s 			page 45


 2446      655F7265 
 2446      73756C74 
 2446      5F7400
 2447              	.LASF0:
 2448 016b 7369676E 		.string	"signed char"
 2448      65642063 
 2448      68617200 
 2449              	.LASF10:
 2450 0177 6C6F6E67 		.string	"long long unsigned int"
 2450      206C6F6E 
 2450      6720756E 
 2450      7369676E 
 2450      65642069 
 2451              	.LASF41:
 2452 018e 63616368 		.string	"cache_get_cfg"
 2452      655F6765 
 2452      745F6366 
 2452      6700
 2453              	.LASF14:
 2454 019c 75696E74 		.string	"uint32_t"
 2454      33325F74 
 2454      00
 2455              	.LASF11:
 2456 01a5 756E7369 		.string	"unsigned int"
 2456      676E6564 
 2456      20696E74 
 2456      00
 2457              	.LASF31:
 2458 01b2 63726573 		.string	"cres"
 2458      00
 2459              	.LASF13:
 2460 01b7 75696E74 		.string	"uint16_t"
 2460      31365F74 
 2460      00
 2461              	.LASF16:
 2462 01c0 49435F54 		.string	"IC_TYPE"
 2462      59504500 
 2463              	.LASF5:
 2464 01c8 73686F72 		.string	"short unsigned int"
 2464      7420756E 
 2464      7369676E 
 2464      65642069 
 2464      6E7400
 2465              	.LASF26:
 2466 01db 73617665 		.string	"savectx"
 2466      63747800 
 2467              	.LASF34:
 2468 01e3 6964635F 		.string	"idc_invalidate"
 2468      696E7661 
 2468      6C696461 
 2468      746500
 2469              	.LASF18:
 2470 01f2 49435F49 		.string	"IC_ICSIZE"
 2470      4353495A 
 2470      4500
 2471              	.LASF29:
 2472 01fc 61626F5F 		.string	"abo_val"
GAS LISTING C:\Users\bayra\AppData\Local\Temp\ccQzjoBV.s 			page 46


 2472      76616C00 
 2473              	.LASF30:
 2474 0204 63636163 		.string	"ccache"
 2474      686500
 2475              	.LASF27:
 2476 020b 73657473 		.string	"sets"
 2476      00
 2477              	.LASF35:
 2478 0210 6964635F 		.string	"idc_exist"
 2478      65786973 
 2478      7400
 2479              	.LASF8:
 2480 021a 6C6F6E67 		.string	"long unsigned int"
 2480      20756E73 
 2480      69676E65 
 2480      6420696E 
 2480      7400
 2481              	.LASF21:
 2482 022c 49434443 		.string	"ICDC_NO_ERROR"
 2482      5F4E4F5F 
 2482      4552524F 
 2482      5200
 2483              	.LASF46:
 2484 023a 73697A65 		.string	"size"
 2484      00
 2485              	.LASF44:
 2486 023f 63616368 		.string	"cache_flush_range"
 2486      655F666C 
 2486      7573685F 
 2486      72616E67 
 2486      6500
 2487              	.LASF23:
 2488 0251 49434443 		.string	"ICDC_ERROR_ABORTED"
 2488      5F455252 
 2488      4F525F41 
 2488      424F5254 
 2488      454400
 2489              	.LASF15:
 2490 0264 44435F54 		.string	"DC_TYPE"
 2490      59504500 
 2491              	.LASF51:
 2492 026c 63616368 		.string	"cache_invalidate_range"
 2492      655F696E 
 2492      76616C69 
 2492      64617465 
 2492      5F72616E 
 2493              	.LASF38:
 2494 0283 63616368 		.string	"cache_set_control"
 2494      655F7365 
 2494      745F636F 
 2494      6E74726F 
 2494      6C00
 2495              	.LASF48:
 2496 0295 474E5520 		.ascii	"GNU C 4.9.4 20160726 (Sat May 27 11:09:55 CDT 2017         b"
 2496      4320342E 
 2496      392E3420 
 2496      32303136 
GAS LISTING C:\Users\bayra\AppData\Local\Temp\ccQzjoBV.s 			page 47


 2496      30373236 
 2497 02d1 75696C64 		.ascii	"uild.sh"
 2497      2E7368
 2498 02d8 20726576 		.string	" rev=gd8b6c20 s=F494 ELe200 -V release_gd8b6c20_build_Fed_ELe200_ML0) -mcall-sysv -mcpu=e
 2498      3D676438 
 2498      62366332 
 2498      3020733D 
 2498      46343934 
 2499              	.LASF32:
 2500 03d9 6964635F 		.string	"idc_enable"
 2500      656E6162 
 2500      6C6500
 2501              		.ident	"GCC: (GNU) 4.9.4 20160726 (Sat May 27 11:09:55 CDT 2017         build.sh rev=gd8b6c20 s=F4
GAS LISTING C:\Users\bayra\AppData\Local\Temp\ccQzjoBV.s 			page 48


DEFINED SYMBOLS
                            *ABS*:00000000 cache.c
C:\Users\bayra\AppData\Local\Temp\ccQzjoBV.s:9      .text.idc_invalidate:00000000 idc_invalidate
C:\Users\bayra\AppData\Local\Temp\ccQzjoBV.s:350    .text.idc_enable:00000000 idc_enable
C:\Users\bayra\AppData\Local\Temp\ccQzjoBV.s:421    .text.idc_disable:00000000 idc_disable
C:\Users\bayra\AppData\Local\Temp\ccQzjoBV.s:490    .text.idc_exist:00000000 idc_exist
C:\Users\bayra\AppData\Local\Temp\ccQzjoBV.s:865    .text.cache_get_cfg:00000000 cache_get_cfg
C:\Users\bayra\AppData\Local\Temp\ccQzjoBV.s:556    .text.cache_get_status:00000000 cache_get_status
C:\Users\bayra\AppData\Local\Temp\ccQzjoBV.s:627    .text.cache_enable:00000000 cache_enable
C:\Users\bayra\AppData\Local\Temp\ccQzjoBV.s:710    .text.cache_set_control:00000000 cache_set_control
C:\Users\bayra\AppData\Local\Temp\ccQzjoBV.s:797    .text.cache_disable:00000000 cache_disable
C:\Users\bayra\AppData\Local\Temp\ccQzjoBV.s:937    .text.cache_invalidate:00000000 cache_invalidate
C:\Users\bayra\AppData\Local\Temp\ccQzjoBV.s:1002   .text.cache_flush_range:00000000 cache_flush_range
C:\Users\bayra\AppData\Local\Temp\ccQzjoBV.s:1076   .text.cache_invalidate_range:00000000 cache_invalidate_range

NO UNDEFINED SYMBOLS
