GAS LISTING C:\Users\bayra\AppData\Local\Temp\cc0K9eoO.s 			page 1


   1              		.file	"components.c"
   2              		.section	".text","axv"
   3              	.Ltext0:
   4              		.cfi_sections	.debug_frame
   5              		.section	.text.componentsInit,"axv",@progbits
   6              		.align 1
   7              		.p2align 4,,15
   8              		.globl componentsInit
   9              		.type	componentsInit, @function
  10              	componentsInit:
  11              	.LFB3:
  12              		.file 1 "./components/components.c"
  13              		.loc 1 35 0
  14              		.cfi_startproc
  15 0000 182106F8 		e_stwu %r1,-8(%r1)
  16              	.LCFI0:
  17              		.cfi_def_cfa_offset 8
  18 0004 0080     		se_mflr %r0
  19 0006 D301     		se_stw %r0,12(%r1)
  20              		.cfi_offset 65, 4
  21              		.loc 1 37 0
  22 0008 78000001 		e_bl boardInit
  23              		.loc 1 38 0
  24 000c 78000001 		e_bl irqInit
  25              		.loc 1 39 0
  26 0010 78000001 		e_bl eirqInit
  27              		.loc 1 40 0
  28 0014 78000001 		e_bl clockInit
  29              		.loc 1 41 0
  30 0018 78000001 		e_bl osalInit
  31              		.loc 1 42 0
  32 001c 78000001 		e_bl spc5LLDInit
  33              		.loc 1 43 0
  34 0020 78000001 		e_bl swirqInit
  35              		.loc 1 44 0
  36 0024 C301     		se_lwz %r0,12(%r1)
  37 0026 0090     		se_mtlr %r0
  38 0028 2071     		se_addi %r1,8
  39              	.LCFI1:
  40              		.cfi_def_cfa_offset 0
  41 002a 0004     		se_blr
  42              		.cfi_endproc
  43              	.LFE3:
  44              		.size	componentsInit, .-componentsInit
  45              		.section	".text","axv"
  46              	.Letext0:
  47              		.section	.debug_info,"",@progbits
  48              	.Ldebug_info0:
  49 0000 00000089 		.4byte	0x89
  50 0004 0002     		.2byte	0x2
  51 0006 00000000 		.4byte	.Ldebug_abbrev0
  52 000a 04       		.byte	0x4
  53 000b 01       		.uleb128 0x1
  54 000c 00000000 		.4byte	.LASF10
  55 0010 01       		.byte	0x1
  56 0011 00000000 		.4byte	.LASF11
  57 0015 00000000 		.4byte	.LASF12
GAS LISTING C:\Users\bayra\AppData\Local\Temp\cc0K9eoO.s 			page 2


  58 0019 00000000 		.4byte	.Ldebug_ranges0+0
  59 001d 00000000 		.4byte	0
  60 0021 00000000 		.4byte	0
  61 0025 00000000 		.4byte	.Ldebug_line0
  62 0029 02       		.uleb128 0x2
  63 002a 01       		.byte	0x1
  64 002b 06       		.byte	0x6
  65 002c 00000000 		.4byte	.LASF0
  66 0030 02       		.uleb128 0x2
  67 0031 01       		.byte	0x1
  68 0032 08       		.byte	0x8
  69 0033 00000000 		.4byte	.LASF1
  70 0037 02       		.uleb128 0x2
  71 0038 02       		.byte	0x2
  72 0039 05       		.byte	0x5
  73 003a 00000000 		.4byte	.LASF2
  74 003e 02       		.uleb128 0x2
  75 003f 02       		.byte	0x2
  76 0040 07       		.byte	0x7
  77 0041 00000000 		.4byte	.LASF3
  78 0045 02       		.uleb128 0x2
  79 0046 04       		.byte	0x4
  80 0047 05       		.byte	0x5
  81 0048 00000000 		.4byte	.LASF4
  82 004c 02       		.uleb128 0x2
  83 004d 04       		.byte	0x4
  84 004e 07       		.byte	0x7
  85 004f 00000000 		.4byte	.LASF5
  86 0053 02       		.uleb128 0x2
  87 0054 08       		.byte	0x8
  88 0055 05       		.byte	0x5
  89 0056 00000000 		.4byte	.LASF6
  90 005a 02       		.uleb128 0x2
  91 005b 08       		.byte	0x8
  92 005c 07       		.byte	0x7
  93 005d 00000000 		.4byte	.LASF7
  94 0061 03       		.uleb128 0x3
  95 0062 04       		.byte	0x4
  96 0063 05       		.byte	0x5
  97 0064 696E7400 		.string	"int"
  98 0068 02       		.uleb128 0x2
  99 0069 04       		.byte	0x4
 100 006a 07       		.byte	0x7
 101 006b 00000000 		.4byte	.LASF8
 102 006f 02       		.uleb128 0x2
 103 0070 04       		.byte	0x4
 104 0071 07       		.byte	0x7
 105 0072 00000000 		.4byte	.LASF9
 106 0076 04       		.uleb128 0x4
 107 0077 01       		.byte	0x1
 108 0078 00000000 		.4byte	.LASF13
 109 007c 01       		.byte	0x1
 110 007d 23       		.byte	0x23
 111 007e 01       		.byte	0x1
 112 007f 00000000 		.4byte	.LFB3
 113 0083 00000000 		.4byte	.LFE3
 114 0087 00000000 		.4byte	.LLST0
GAS LISTING C:\Users\bayra\AppData\Local\Temp\cc0K9eoO.s 			page 3


 115 008b 01       		.byte	0x1
 116 008c 00       		.byte	0
 117              		.section	.debug_abbrev,"",@progbits
 118              	.Ldebug_abbrev0:
 119 0000 01       		.uleb128 0x1
 120 0001 11       		.uleb128 0x11
 121 0002 01       		.byte	0x1
 122 0003 25       		.uleb128 0x25
 123 0004 0E       		.uleb128 0xe
 124 0005 13       		.uleb128 0x13
 125 0006 0B       		.uleb128 0xb
 126 0007 03       		.uleb128 0x3
 127 0008 0E       		.uleb128 0xe
 128 0009 1B       		.uleb128 0x1b
 129 000a 0E       		.uleb128 0xe
 130 000b 55       		.uleb128 0x55
 131 000c 06       		.uleb128 0x6
 132 000d 11       		.uleb128 0x11
 133 000e 01       		.uleb128 0x1
 134 000f 52       		.uleb128 0x52
 135 0010 01       		.uleb128 0x1
 136 0011 10       		.uleb128 0x10
 137 0012 06       		.uleb128 0x6
 138 0013 00       		.byte	0
 139 0014 00       		.byte	0
 140 0015 02       		.uleb128 0x2
 141 0016 24       		.uleb128 0x24
 142 0017 00       		.byte	0
 143 0018 0B       		.uleb128 0xb
 144 0019 0B       		.uleb128 0xb
 145 001a 3E       		.uleb128 0x3e
 146 001b 0B       		.uleb128 0xb
 147 001c 03       		.uleb128 0x3
 148 001d 0E       		.uleb128 0xe
 149 001e 00       		.byte	0
 150 001f 00       		.byte	0
 151 0020 03       		.uleb128 0x3
 152 0021 24       		.uleb128 0x24
 153 0022 00       		.byte	0
 154 0023 0B       		.uleb128 0xb
 155 0024 0B       		.uleb128 0xb
 156 0025 3E       		.uleb128 0x3e
 157 0026 0B       		.uleb128 0xb
 158 0027 03       		.uleb128 0x3
 159 0028 08       		.uleb128 0x8
 160 0029 00       		.byte	0
 161 002a 00       		.byte	0
 162 002b 04       		.uleb128 0x4
 163 002c 2E       		.uleb128 0x2e
 164 002d 00       		.byte	0
 165 002e 3F       		.uleb128 0x3f
 166 002f 0C       		.uleb128 0xc
 167 0030 03       		.uleb128 0x3
 168 0031 0E       		.uleb128 0xe
 169 0032 3A       		.uleb128 0x3a
 170 0033 0B       		.uleb128 0xb
 171 0034 3B       		.uleb128 0x3b
GAS LISTING C:\Users\bayra\AppData\Local\Temp\cc0K9eoO.s 			page 4


 172 0035 0B       		.uleb128 0xb
 173 0036 27       		.uleb128 0x27
 174 0037 0C       		.uleb128 0xc
 175 0038 11       		.uleb128 0x11
 176 0039 01       		.uleb128 0x1
 177 003a 12       		.uleb128 0x12
 178 003b 01       		.uleb128 0x1
 179 003c 40       		.uleb128 0x40
 180 003d 06       		.uleb128 0x6
 181 003e 9642     		.uleb128 0x2116
 182 0040 0C       		.uleb128 0xc
 183 0041 00       		.byte	0
 184 0042 00       		.byte	0
 185 0043 00       		.byte	0
 186              		.section	.debug_loc,"",@progbits
 187              	.Ldebug_loc0:
 188              	.LLST0:
 189 0000 00000000 		.4byte	.LFB3
 190 0004 00000000 		.4byte	.LCFI0
 191 0008 0002     		.2byte	0x2
 192 000a 71       		.byte	0x71
 193 000b 00       		.sleb128 0
 194 000c 00000000 		.4byte	.LCFI0
 195 0010 00000000 		.4byte	.LCFI1
 196 0014 0002     		.2byte	0x2
 197 0016 71       		.byte	0x71
 198 0017 08       		.sleb128 8
 199 0018 00000000 		.4byte	.LCFI1
 200 001c 00000000 		.4byte	.LFE3
 201 0020 0002     		.2byte	0x2
 202 0022 71       		.byte	0x71
 203 0023 00       		.sleb128 0
 204 0024 00000000 		.4byte	0
 205 0028 00000000 		.4byte	0
 206              		.section	.debug_aranges,"",@progbits
 207 0000 0000001C 		.4byte	0x1c
 208 0004 0002     		.2byte	0x2
 209 0006 00000000 		.4byte	.Ldebug_info0
 210 000a 04       		.byte	0x4
 211 000b 00       		.byte	0
 212 000c 0000     		.2byte	0
 213 000e 0000     		.2byte	0
 214 0010 00000000 		.4byte	.LFB3
 215 0014 0000002C 		.4byte	.LFE3-.LFB3
 216 0018 00000000 		.4byte	0
 217 001c 00000000 		.4byte	0
 218              		.section	.debug_ranges,"",@progbits
 219              	.Ldebug_ranges0:
 220 0000 00000000 		.4byte	.LFB3
 221 0004 00000000 		.4byte	.LFE3
 222 0008 00000000 		.4byte	0
 223 000c 00000000 		.4byte	0
 224              		.section	.debug_line,"",@progbits
 225              	.Ldebug_line0:
 226 0000 0000004D 		.section	.debug_str,"MS",@progbits,1
 226      00020000 
 226      00300201 
GAS LISTING C:\Users\bayra\AppData\Local\Temp\cc0K9eoO.s 			page 5


 226      FB0E0D00 
 226      01010101 
 227              	.LASF8:
 228 0000 756E7369 		.string	"unsigned int"
 228      676E6564 
 228      20696E74 
 228      00
 229              	.LASF5:
 230 000d 6C6F6E67 		.string	"long unsigned int"
 230      20756E73 
 230      69676E65 
 230      6420696E 
 230      7400
 231              	.LASF0:
 232 001f 7369676E 		.string	"signed char"
 232      65642063 
 232      68617200 
 233              	.LASF3:
 234 002b 73686F72 		.string	"short unsigned int"
 234      7420756E 
 234      7369676E 
 234      65642069 
 234      6E7400
 235              	.LASF11:
 236 003e 2E2F636F 		.string	"./components/components.c"
 236      6D706F6E 
 236      656E7473 
 236      2F636F6D 
 236      706F6E65 
 237              	.LASF10:
 238 0058 474E5520 		.ascii	"GNU C 4.9.4 20160726 (Sat May 27 11:09:55 CDT 2017         b"
 238      4320342E 
 238      392E3420 
 238      32303136 
 238      30373236 
 239 0094 75696C64 		.ascii	"uild.sh"
 239      2E7368
 240 009b 20726576 		.string	" rev=gd8b6c20 s=F494 ELe200 -V release_gd8b6c20_build_Fed_ELe200_ML0) -mcall-sysv -mcpu=e
 240      3D676438 
 240      62366332 
 240      3020733D 
 240      46343934 
 241              	.LASF2:
 242 019c 73686F72 		.string	"short int"
 242      7420696E 
 242      7400
 243              	.LASF7:
 244 01a6 6C6F6E67 		.string	"long long unsigned int"
 244      206C6F6E 
 244      6720756E 
 244      7369676E 
 244      65642069 
 245              	.LASF1:
 246 01bd 756E7369 		.string	"unsigned char"
 246      676E6564 
 246      20636861 
 246      7200
GAS LISTING C:\Users\bayra\AppData\Local\Temp\cc0K9eoO.s 			page 6


 247              	.LASF4:
 248 01cb 6C6F6E67 		.string	"long int"
 248      20696E74 
 248      00
 249              	.LASF9:
 250 01d4 73697A65 		.string	"sizetype"
 250      74797065 
 250      00
 251              	.LASF13:
 252 01dd 636F6D70 		.string	"componentsInit"
 252      6F6E656E 
 252      7473496E 
 252      697400
 253              	.LASF6:
 254 01ec 6C6F6E67 		.string	"long long int"
 254      206C6F6E 
 254      6720696E 
 254      7400
 255              	.LASF12:
 256 01fa 443A5C47 		.string	"D:\\GitKraken\\SPC58EC80E5\\Gateway"
 256      69744B72 
 256      616B656E 
 256      5C535043 
 256      35384543 
 257              		.ident	"GCC: (GNU) 4.9.4 20160726 (Sat May 27 11:09:55 CDT 2017         build.sh rev=gd8b6c20 s=F4
GAS LISTING C:\Users\bayra\AppData\Local\Temp\cc0K9eoO.s 			page 7


DEFINED SYMBOLS
                            *ABS*:00000000 components.c
C:\Users\bayra\AppData\Local\Temp\cc0K9eoO.s:10     .text.componentsInit:00000000 componentsInit

UNDEFINED SYMBOLS
boardInit
irqInit
eirqInit
clockInit
osalInit
spc5LLDInit
swirqInit
