GAS LISTING C:\Users\bayra\AppData\Local\Temp\ccpnfajA.s 			page 1


   1              		.file	"crc.c"
   2              		.section	".text","axv"
   3              	.Ltext0:
   4              		.cfi_sections	.debug_frame
   5              		.section	.rodata.crc8H2F_tab,"a",@progbits
   6              		.align 2
   7              		.type	crc8H2F_tab, @object
   8              		.size	crc8H2F_tab, 256
   9              	crc8H2F_tab:
  10 0000 00       		.byte	0
  11 0001 2F       		.byte	47
  12 0002 5E       		.byte	94
  13 0003 71       		.byte	113
  14 0004 BC       		.byte	-68
  15 0005 93       		.byte	-109
  16 0006 E2       		.byte	-30
  17 0007 CD       		.byte	-51
  18 0008 57       		.byte	87
  19 0009 78       		.byte	120
  20 000a 09       		.byte	9
  21 000b 26       		.byte	38
  22 000c EB       		.byte	-21
  23 000d C4       		.byte	-60
  24 000e B5       		.byte	-75
  25 000f 9A       		.byte	-102
  26 0010 AE       		.byte	-82
  27 0011 81       		.byte	-127
  28 0012 F0       		.byte	-16
  29 0013 DF       		.byte	-33
  30 0014 12       		.byte	18
  31 0015 3D       		.byte	61
  32 0016 4C       		.byte	76
  33 0017 63       		.byte	99
  34 0018 F9       		.byte	-7
  35 0019 D6       		.byte	-42
  36 001a A7       		.byte	-89
  37 001b 88       		.byte	-120
  38 001c 45       		.byte	69
  39 001d 6A       		.byte	106
  40 001e 1B       		.byte	27
  41 001f 34       		.byte	52
  42 0020 73       		.byte	115
  43 0021 5C       		.byte	92
  44 0022 2D       		.byte	45
  45 0023 02       		.byte	2
  46 0024 CF       		.byte	-49
  47 0025 E0       		.byte	-32
  48 0026 91       		.byte	-111
  49 0027 BE       		.byte	-66
  50 0028 24       		.byte	36
  51 0029 0B       		.byte	11
  52 002a 7A       		.byte	122
  53 002b 55       		.byte	85
  54 002c 98       		.byte	-104
  55 002d B7       		.byte	-73
  56 002e C6       		.byte	-58
  57 002f E9       		.byte	-23
GAS LISTING C:\Users\bayra\AppData\Local\Temp\ccpnfajA.s 			page 2


  58 0030 DD       		.byte	-35
  59 0031 F2       		.byte	-14
  60 0032 83       		.byte	-125
  61 0033 AC       		.byte	-84
  62 0034 61       		.byte	97
  63 0035 4E       		.byte	78
  64 0036 3F       		.byte	63
  65 0037 10       		.byte	16
  66 0038 8A       		.byte	-118
  67 0039 A5       		.byte	-91
  68 003a D4       		.byte	-44
  69 003b FB       		.byte	-5
  70 003c 36       		.byte	54
  71 003d 19       		.byte	25
  72 003e 68       		.byte	104
  73 003f 47       		.byte	71
  74 0040 E6       		.byte	-26
  75 0041 C9       		.byte	-55
  76 0042 B8       		.byte	-72
  77 0043 97       		.byte	-105
  78 0044 5A       		.byte	90
  79 0045 75       		.byte	117
  80 0046 04       		.byte	4
  81 0047 2B       		.byte	43
  82 0048 B1       		.byte	-79
  83 0049 9E       		.byte	-98
  84 004a EF       		.byte	-17
  85 004b C0       		.byte	-64
  86 004c 0D       		.byte	13
  87 004d 22       		.byte	34
  88 004e 53       		.byte	83
  89 004f 7C       		.byte	124
  90 0050 48       		.byte	72
  91 0051 67       		.byte	103
  92 0052 16       		.byte	22
  93 0053 39       		.byte	57
  94 0054 F4       		.byte	-12
  95 0055 DB       		.byte	-37
  96 0056 AA       		.byte	-86
  97 0057 85       		.byte	-123
  98 0058 1F       		.byte	31
  99 0059 30       		.byte	48
 100 005a 41       		.byte	65
 101 005b 6E       		.byte	110
 102 005c A3       		.byte	-93
 103 005d 8C       		.byte	-116
 104 005e FD       		.byte	-3
 105 005f D2       		.byte	-46
 106 0060 95       		.byte	-107
 107 0061 BA       		.byte	-70
 108 0062 CB       		.byte	-53
 109 0063 E4       		.byte	-28
 110 0064 29       		.byte	41
 111 0065 06       		.byte	6
 112 0066 77       		.byte	119
 113 0067 58       		.byte	88
 114 0068 C2       		.byte	-62
GAS LISTING C:\Users\bayra\AppData\Local\Temp\ccpnfajA.s 			page 3


 115 0069 ED       		.byte	-19
 116 006a 9C       		.byte	-100
 117 006b B3       		.byte	-77
 118 006c 7E       		.byte	126
 119 006d 51       		.byte	81
 120 006e 20       		.byte	32
 121 006f 0F       		.byte	15
 122 0070 3B       		.byte	59
 123 0071 14       		.byte	20
 124 0072 65       		.byte	101
 125 0073 4A       		.byte	74
 126 0074 87       		.byte	-121
 127 0075 A8       		.byte	-88
 128 0076 D9       		.byte	-39
 129 0077 F6       		.byte	-10
 130 0078 6C       		.byte	108
 131 0079 43       		.byte	67
 132 007a 32       		.byte	50
 133 007b 1D       		.byte	29
 134 007c D0       		.byte	-48
 135 007d FF       		.byte	-1
 136 007e 8E       		.byte	-114
 137 007f A1       		.byte	-95
 138 0080 E3       		.byte	-29
 139 0081 CC       		.byte	-52
 140 0082 BD       		.byte	-67
 141 0083 92       		.byte	-110
 142 0084 5F       		.byte	95
 143 0085 70       		.byte	112
 144 0086 01       		.byte	1
 145 0087 2E       		.byte	46
 146 0088 B4       		.byte	-76
 147 0089 9B       		.byte	-101
 148 008a EA       		.byte	-22
 149 008b C5       		.byte	-59
 150 008c 08       		.byte	8
 151 008d 27       		.byte	39
 152 008e 56       		.byte	86
 153 008f 79       		.byte	121
 154 0090 4D       		.byte	77
 155 0091 62       		.byte	98
 156 0092 13       		.byte	19
 157 0093 3C       		.byte	60
 158 0094 F1       		.byte	-15
 159 0095 DE       		.byte	-34
 160 0096 AF       		.byte	-81
 161 0097 80       		.byte	-128
 162 0098 1A       		.byte	26
 163 0099 35       		.byte	53
 164 009a 44       		.byte	68
 165 009b 6B       		.byte	107
 166 009c A6       		.byte	-90
 167 009d 89       		.byte	-119
 168 009e F8       		.byte	-8
 169 009f D7       		.byte	-41
 170 00a0 90       		.byte	-112
 171 00a1 BF       		.byte	-65
GAS LISTING C:\Users\bayra\AppData\Local\Temp\ccpnfajA.s 			page 4


 172 00a2 CE       		.byte	-50
 173 00a3 E1       		.byte	-31
 174 00a4 2C       		.byte	44
 175 00a5 03       		.byte	3
 176 00a6 72       		.byte	114
 177 00a7 5D       		.byte	93
 178 00a8 C7       		.byte	-57
 179 00a9 E8       		.byte	-24
 180 00aa 99       		.byte	-103
 181 00ab B6       		.byte	-74
 182 00ac 7B       		.byte	123
 183 00ad 54       		.byte	84
 184 00ae 25       		.byte	37
 185 00af 0A       		.byte	10
 186 00b0 3E       		.byte	62
 187 00b1 11       		.byte	17
 188 00b2 60       		.byte	96
 189 00b3 4F       		.byte	79
 190 00b4 82       		.byte	-126
 191 00b5 AD       		.byte	-83
 192 00b6 DC       		.byte	-36
 193 00b7 F3       		.byte	-13
 194 00b8 69       		.byte	105
 195 00b9 46       		.byte	70
 196 00ba 37       		.byte	55
 197 00bb 18       		.byte	24
 198 00bc D5       		.byte	-43
 199 00bd FA       		.byte	-6
 200 00be 8B       		.byte	-117
 201 00bf A4       		.byte	-92
 202 00c0 05       		.byte	5
 203 00c1 2A       		.byte	42
 204 00c2 5B       		.byte	91
 205 00c3 74       		.byte	116
 206 00c4 B9       		.byte	-71
 207 00c5 96       		.byte	-106
 208 00c6 E7       		.byte	-25
 209 00c7 C8       		.byte	-56
 210 00c8 52       		.byte	82
 211 00c9 7D       		.byte	125
 212 00ca 0C       		.byte	12
 213 00cb 23       		.byte	35
 214 00cc EE       		.byte	-18
 215 00cd C1       		.byte	-63
 216 00ce B0       		.byte	-80
 217 00cf 9F       		.byte	-97
 218 00d0 AB       		.byte	-85
 219 00d1 84       		.byte	-124
 220 00d2 F5       		.byte	-11
 221 00d3 DA       		.byte	-38
 222 00d4 17       		.byte	23
 223 00d5 38       		.byte	56
 224 00d6 49       		.byte	73
 225 00d7 66       		.byte	102
 226 00d8 FC       		.byte	-4
 227 00d9 D3       		.byte	-45
 228 00da A2       		.byte	-94
GAS LISTING C:\Users\bayra\AppData\Local\Temp\ccpnfajA.s 			page 5


 229 00db 8D       		.byte	-115
 230 00dc 40       		.byte	64
 231 00dd 6F       		.byte	111
 232 00de 1E       		.byte	30
 233 00df 31       		.byte	49
 234 00e0 76       		.byte	118
 235 00e1 59       		.byte	89
 236 00e2 28       		.byte	40
 237 00e3 07       		.byte	7
 238 00e4 CA       		.byte	-54
 239 00e5 E5       		.byte	-27
 240 00e6 94       		.byte	-108
 241 00e7 BB       		.byte	-69
 242 00e8 21       		.byte	33
 243 00e9 0E       		.byte	14
 244 00ea 7F       		.byte	127
 245 00eb 50       		.byte	80
 246 00ec 9D       		.byte	-99
 247 00ed B2       		.byte	-78
 248 00ee C3       		.byte	-61
 249 00ef EC       		.byte	-20
 250 00f0 D8       		.byte	-40
 251 00f1 F7       		.byte	-9
 252 00f2 86       		.byte	-122
 253 00f3 A9       		.byte	-87
 254 00f4 64       		.byte	100
 255 00f5 4B       		.byte	75
 256 00f6 3A       		.byte	58
 257 00f7 15       		.byte	21
 258 00f8 8F       		.byte	-113
 259 00f9 A0       		.byte	-96
 260 00fa D1       		.byte	-47
 261 00fb FE       		.byte	-2
 262 00fc 33       		.byte	51
 263 00fd 1C       		.byte	28
 264 00fe 6D       		.byte	109
 265 00ff 42       		.byte	66
 266              		.section	.rodata
 267              		.align 2
 268              	.LC0:
 269 0000 86       		.byte	-122
 270 0001 86       		.byte	-122
 271 0002 86       		.byte	-122
 272 0003 86       		.byte	-122
 273 0004 86       		.byte	-122
 274 0005 86       		.byte	-122
 275 0006 86       		.byte	-122
 276 0007 86       		.byte	-122
 277 0008 86       		.byte	-122
 278 0009 86       		.byte	-122
 279 000a 86       		.byte	-122
 280 000b 86       		.byte	-122
 281 000c 86       		.byte	-122
 282 000d 86       		.byte	-122
 283 000e 86       		.byte	-122
 284 000f 86       		.byte	-122
 285              		.align 2
GAS LISTING C:\Users\bayra\AppData\Local\Temp\ccpnfajA.s 			page 6


 286              	.LC1:
 287 0010 F5       		.byte	-11
 288 0011 F5       		.byte	-11
 289 0012 F5       		.byte	-11
 290 0013 F5       		.byte	-11
 291 0014 F5       		.byte	-11
 292 0015 F5       		.byte	-11
 293 0016 F5       		.byte	-11
 294 0017 F5       		.byte	-11
 295 0018 F5       		.byte	-11
 296 0019 F5       		.byte	-11
 297 001a F5       		.byte	-11
 298 001b F5       		.byte	-11
 299 001c F5       		.byte	-11
 300 001d F5       		.byte	-11
 301 001e F5       		.byte	-11
 302 001f F5       		.byte	-11
 303              		.align 2
 304              	.LC2:
 305 0020 3F       		.byte	63
 306 0021 69       		.byte	105
 307 0022 39       		.byte	57
 308 0023 DC       		.byte	-36
 309 0024 94       		.byte	-108
 310 0025 F9       		.byte	-7
 311 0026 14       		.byte	20
 312 0027 64       		.byte	100
 313 0028 D8       		.byte	-40
 314 0029 6A       		.byte	106
 315 002a 34       		.byte	52
 316 002b CE       		.byte	-50
 317 002c A2       		.byte	-94
 318 002d 55       		.byte	85
 319 002e B5       		.byte	-75
 320 002f 2C       		.byte	44
 321              		.align 2
 322              	.LC3:
 323 0030 E4       		.byte	-28
 324 0031 E4       		.byte	-28
 325 0032 E4       		.byte	-28
 326 0033 E4       		.byte	-28
 327 0034 E4       		.byte	-28
 328 0035 E4       		.byte	-28
 329 0036 E4       		.byte	-28
 330 0037 E4       		.byte	-28
 331 0038 E4       		.byte	-28
 332 0039 E4       		.byte	-28
 333 003a E4       		.byte	-28
 334 003b E4       		.byte	-28
 335 003c E4       		.byte	-28
 336 003d E4       		.byte	-28
 337 003e E4       		.byte	-28
 338 003f E4       		.byte	-28
 339              		.align 2
 340              	.LC4:
 341 0040 B4       		.byte	-76
 342 0041 EF       		.byte	-17
GAS LISTING C:\Users\bayra\AppData\Local\Temp\ccpnfajA.s 			page 7


 343 0042 F8       		.byte	-8
 344 0043 49       		.byte	73
 345 0044 1E       		.byte	30
 346 0045 E5       		.byte	-27
 347 0046 C2       		.byte	-62
 348 0047 C0       		.byte	-64
 349 0048 97       		.byte	-105
 350 0049 19       		.byte	25
 351 004a 3C       		.byte	60
 352 004b C9       		.byte	-55
 353 004c F1       		.byte	-15
 354 004d 98       		.byte	-104
 355 004e D6       		.byte	-42
 356 004f 61       		.byte	97
 357              		.align 2
 358              	.LC5:
 359 0050 07       		.byte	7
 360 0051 07       		.byte	7
 361 0052 07       		.byte	7
 362 0053 07       		.byte	7
 363 0054 07       		.byte	7
 364 0055 07       		.byte	7
 365 0056 07       		.byte	7
 366 0057 07       		.byte	7
 367 0058 07       		.byte	7
 368 0059 07       		.byte	7
 369 005a 07       		.byte	7
 370 005b 07       		.byte	7
 371 005c 07       		.byte	7
 372 005d 07       		.byte	7
 373 005e 07       		.byte	7
 374 005f 07       		.byte	7
 375              		.align 2
 376              	.LC6:
 377 0060 16       		.byte	22
 378 0061 16       		.byte	22
 379 0062 16       		.byte	22
 380 0063 16       		.byte	22
 381 0064 16       		.byte	22
 382 0065 16       		.byte	22
 383 0066 16       		.byte	22
 384 0067 16       		.byte	22
 385 0068 16       		.byte	22
 386 0069 16       		.byte	22
 387 006a 16       		.byte	22
 388 006b 16       		.byte	22
 389 006c 16       		.byte	22
 390 006d 16       		.byte	22
 391 006e 16       		.byte	22
 392 006f 16       		.byte	22
 393              		.align 2
 394              	.LC7:
 395 0070 C4       		.byte	-60
 396 0071 E2       		.byte	-30
 397 0072 4F       		.byte	79
 398 0073 E4       		.byte	-28
 399 0074 F8       		.byte	-8
GAS LISTING C:\Users\bayra\AppData\Local\Temp\ccpnfajA.s 			page 8


 400 0075 2F       		.byte	47
 401 0076 56       		.byte	86
 402 0077 81       		.byte	-127
 403 0078 9F       		.byte	-97
 404 0079 E5       		.byte	-27
 405 007a 83       		.byte	-125
 406 007b 44       		.byte	68
 407 007c 05       		.byte	5
 408 007d 3F       		.byte	63
 409 007e 97       		.byte	-105
 410 007f DF       		.byte	-33
 411              		.align 2
 412              	.LC8:
 413 0080 E9       		.byte	-23
 414 0081 65       		.byte	101
 415 0082 AE       		.byte	-82
 416 0083 6B       		.byte	107
 417 0084 7B       		.byte	123
 418 0085 35       		.byte	53
 419 0086 E5       		.byte	-27
 420 0087 5F       		.byte	95
 421 0088 4E       		.byte	78
 422 0089 C7       		.byte	-57
 423 008a 86       		.byte	-122
 424 008b A2       		.byte	-94
 425 008c BB       		.byte	-69
 426 008d DD       		.byte	-35
 427 008e EB       		.byte	-21
 428 008f B4       		.byte	-76
 429              		.align 2
 430              	.LC9:
 431 0090 37       		.byte	55
 432 0091 7D       		.byte	125
 433 0092 F3       		.byte	-13
 434 0093 A9       		.byte	-87
 435 0094 18       		.byte	24
 436 0095 46       		.byte	70
 437 0096 6D       		.byte	109
 438 0097 4D       		.byte	77
 439 0098 3D       		.byte	61
 440 0099 71       		.byte	113
 441 009a 92       		.byte	-110
 442 009b 9C       		.byte	-100
 443 009c E5       		.byte	-27
 444 009d 32       		.byte	50
 445 009e 10       		.byte	16
 446 009f B9       		.byte	-71
 447              		.align 2
 448              	.LC10:
 449 00a0 DA       		.byte	-38
 450 00a1 DA       		.byte	-38
 451 00a2 DA       		.byte	-38
 452 00a3 DA       		.byte	-38
 453 00a4 DA       		.byte	-38
 454 00a5 DA       		.byte	-38
 455 00a6 DA       		.byte	-38
 456 00a7 DA       		.byte	-38
GAS LISTING C:\Users\bayra\AppData\Local\Temp\ccpnfajA.s 			page 9


 457 00a8 DA       		.byte	-38
 458 00a9 DA       		.byte	-38
 459 00aa DA       		.byte	-38
 460 00ab DA       		.byte	-38
 461 00ac DA       		.byte	-38
 462 00ad DA       		.byte	-38
 463 00ae DA       		.byte	-38
 464 00af DA       		.byte	-38
 465              		.align 2
 466              	.LC11:
 467 00b0 6A       		.byte	106
 468 00b1 38       		.byte	56
 469 00b2 B4       		.byte	-76
 470 00b3 27       		.byte	39
 471 00b4 22       		.byte	34
 472 00b5 EF       		.byte	-17
 473 00b6 E1       		.byte	-31
 474 00b7 BB       		.byte	-69
 475 00b8 F8       		.byte	-8
 476 00b9 80       		.byte	-128
 477 00ba 84       		.byte	-124
 478 00bb 49       		.byte	73
 479 00bc C7       		.byte	-57
 480 00bd 9E       		.byte	-98
 481 00be 1E       		.byte	30
 482 00bf 2B       		.byte	43
 483              		.align 2
 484              	.LC12:
 485 00c0 7F       		.byte	127
 486 00c1 ED       		.byte	-19
 487 00c2 17       		.byte	23
 488 00c3 C2       		.byte	-62
 489 00c4 7C       		.byte	124
 490 00c5 EB       		.byte	-21
 491 00c6 44       		.byte	68
 492 00c7 21       		.byte	33
 493 00c8 01       		.byte	1
 494 00c9 FA       		.byte	-6
 495 00ca DB       		.byte	-37
 496 00cb 15       		.byte	21
 497 00cc 4A       		.byte	74
 498 00cd 6B       		.byte	107
 499 00ce 23       		.byte	35
 500 00cf 05       		.byte	5
 501              		.align 2
 502              	.LC13:
 503 00d0 0F       		.byte	15
 504 00d1 0F       		.byte	15
 505 00d2 0F       		.byte	15
 506 00d3 0F       		.byte	15
 507 00d4 0F       		.byte	15
 508 00d5 0F       		.byte	15
 509 00d6 0F       		.byte	15
 510 00d7 0F       		.byte	15
 511 00d8 0F       		.byte	15
 512 00d9 0F       		.byte	15
 513 00da 0F       		.byte	15
GAS LISTING C:\Users\bayra\AppData\Local\Temp\ccpnfajA.s 			page 10


 514 00db 0F       		.byte	15
 515 00dc 0F       		.byte	15
 516 00dd 0F       		.byte	15
 517 00de 0F       		.byte	15
 518 00df 0F       		.byte	15
 519              		.align 2
 520              	.LC14:
 521 00e0 0C       		.byte	12
 522 00e1 0C       		.byte	12
 523 00e2 0C       		.byte	12
 524 00e3 0C       		.byte	12
 525 00e4 0C       		.byte	12
 526 00e5 0C       		.byte	12
 527 00e6 0C       		.byte	12
 528 00e7 0C       		.byte	12
 529 00e8 0C       		.byte	12
 530 00e9 0C       		.byte	12
 531 00ea 0C       		.byte	12
 532 00eb 0C       		.byte	12
 533 00ec 0C       		.byte	12
 534 00ed 0C       		.byte	12
 535 00ee 0C       		.byte	12
 536 00ef 0C       		.byte	12
 537              		.align 2
 538              	.LC15:
 539 00f0 27       		.byte	39
 540 00f1 27       		.byte	39
 541 00f2 27       		.byte	39
 542 00f3 27       		.byte	39
 543 00f4 27       		.byte	39
 544 00f5 27       		.byte	39
 545 00f6 27       		.byte	39
 546 00f7 27       		.byte	39
 547 00f8 27       		.byte	39
 548 00f9 27       		.byte	39
 549 00fa 27       		.byte	39
 550 00fb 27       		.byte	39
 551 00fc 27       		.byte	39
 552 00fd 27       		.byte	39
 553 00fe 27       		.byte	39
 554 00ff 27       		.byte	39
 555              		.align 2
 556              	.LC16:
 557 0100 C3       		.byte	-61
 558 0101 C3       		.byte	-61
 559 0102 C3       		.byte	-61
 560 0103 C3       		.byte	-61
 561 0104 C3       		.byte	-61
 562 0105 C3       		.byte	-61
 563 0106 C3       		.byte	-61
 564 0107 C3       		.byte	-61
 565 0108 C3       		.byte	-61
 566 0109 C3       		.byte	-61
 567 010a C3       		.byte	-61
 568 010b C3       		.byte	-61
 569 010c C3       		.byte	-61
 570 010d C3       		.byte	-61
GAS LISTING C:\Users\bayra\AppData\Local\Temp\ccpnfajA.s 			page 11


 571 010e C3       		.byte	-61
 572 010f C3       		.byte	-61
 573              		.align 2
 574              	.LC17:
 575 0110 AC       		.byte	-84
 576 0111 B3       		.byte	-77
 577 0112 AB       		.byte	-85
 578 0113 EB       		.byte	-21
 579 0114 7A       		.byte	122
 580 0115 E1       		.byte	-31
 581 0116 3B       		.byte	59
 582 0117 F7       		.byte	-9
 583 0118 73       		.byte	115
 584 0119 BA       		.byte	-70
 585 011a 7C       		.byte	124
 586 011b 9E       		.byte	-98
 587 011c 06       		.byte	6
 588 011d 5F       		.byte	95
 589 011e 02       		.byte	2
 590 011f D9       		.byte	-39
 591              		.align 2
 592              	.LC18:
 593 0120 77       		.byte	119
 594 0121 5C       		.byte	92
 595 0122 A0       		.byte	-96
 596 0123 89       		.byte	-119
 597 0124 4B       		.byte	75
 598 0125 7C       		.byte	124
 599 0126 BB       		.byte	-69
 600 0127 D6       		.byte	-42
 601 0128 1F       		.byte	31
 602 0129 6C       		.byte	108
 603 012a 4F       		.byte	79
 604 012b F6       		.byte	-10
 605 012c 20       		.byte	32
 606 012d 2B       		.byte	43
 607 012e 43       		.byte	67
 608 012f DD       		.byte	-35
 609              		.align 2
 610              	.LC19:
 611 0130 1A       		.byte	26
 612 0131 65       		.byte	101
 613 0132 81       		.byte	-127
 614 0133 96       		.byte	-106
 615 0134 C0       		.byte	-64
 616 0135 DF       		.byte	-33
 617 0136 11       		.byte	17
 618 0137 92       		.byte	-110
 619 0138 D3       		.byte	-45
 620 0139 61       		.byte	97
 621 013a C6       		.byte	-58
 622 013b 95       		.byte	-107
 623 013c 8C       		.byte	-116
 624 013d 29       		.byte	41
 625 013e 21       		.byte	33
 626 013f B5       		.byte	-75
 627              		.section	.text.Crc_CalculateCRC8H2F,"axv",@progbits
GAS LISTING C:\Users\bayra\AppData\Local\Temp\ccpnfajA.s 			page 12


 628              		.align 1
 629              		.p2align 4,,15
 630              		.globl Crc_CalculateCRC8H2F
 631              		.type	Crc_CalculateCRC8H2F, @function
 632              	Crc_CalculateCRC8H2F:
 633              	.LFB0:
 634              		.file 1 "./source/src/crc.c"
 635              		.loc 1 37 0
 636              		.cfi_startproc
 637 0000 701F7E98 		e_li %r0,-360
 638 0004 7C21016E 		stwux %r1,%r1,%r0
 639              	.LCFI0:
 640              		.cfi_def_cfa_offset 360
 641 0008 54610158 		e_stw %r3,344(%r1)
 642 000c 5481015C 		e_stw %r4,348(%r1)
 643 0010 54A10160 		e_stw %r5,352(%r1)
 644              		.loc 1 38 0
 645 0014 4807     		se_li %r7,0
 646 0016 9871     		se_stb %r7,8(%r1)
 647              		.loc 1 39 0
 648 0018 50E10158 		e_lwz %r7,344(%r1)
 649 001c 2007     		se_addi %r7,1
 650 001e 8077     		se_lbz %r7,0(%r7)
 651 0020 00C7     		se_extzb %r7
 652 0022 2EF7     		se_andi %r7,15
 653 0024 34E10010 		e_stb %r7,16(%r1)
 654              		.loc 1 40 0
 655 0028 50E10158 		e_lwz %r7,344(%r1)
 656 002c 2A07     		se_cmpi %r7,0
 657 002e 7F800020 		e_mcrf %cr7,%cr0
 658 0032 7CC00026 		mfcr %r6
 659 0036 74C6E007 		e_rlwinm %r6,%r6,28,0xf0000000
 660 003a 7CC80120 		mtcrf 128,%r6
 661 003e 7A120838 		e_beq %cr0,.L2
 662              		.loc 1 42 0
 663 0042 2C07     		se_bmaski %r7,0
 664 0044 9871     		se_stb %r7,8(%r1)
 665              		.loc 1 43 0
 666 0046 50E10158 		e_lwz %r7,344(%r1)
 667 004a 2007     		se_addi %r7,1
 668 004c 54E10158 		e_stw %r7,344(%r1)
 669              	.LBB2:
 670              		.loc 1 44 0
 671 0050 4817     		se_li %r7,1
 672 0052 D371     		se_stw %r7,12(%r1)
 673 0054 78000036 		e_b .L3
 674              	.L4:
 675              		.loc 1 45 0 discriminator 3
 676 0058 50E10158 		e_lwz %r7,344(%r1)
 677 005c 8077     		se_lbz %r7,0(%r7)
 678 005e 74E6063F 		e_rlwinm %r6,%r7,0,0xff
 679 0062 8871     		se_lbz %r7,8(%r1)
 680 0064 7CC73A78 		xor %r7,%r6,%r7
 681 0068 00C7     		se_extzb %r7
 682 006a 0176     		se_mr %r6,%r7
 683 006c 70E0E000 		e_lis %r7,crc8H2F_tab@ha
 684 0070 1CE70000 		e_la %r7,crc8H2F_tab@l(%r7)
GAS LISTING C:\Users\bayra\AppData\Local\Temp\ccpnfajA.s 			page 13


 685 0074 7CE730AE 		lbzx %r7,%r7,%r6
 686 0078 9871     		se_stb %r7,8(%r1)
 687              		.loc 1 46 0 discriminator 3
 688 007a 50E10158 		e_lwz %r7,344(%r1)
 689 007e 2007     		se_addi %r7,1
 690 0080 54E10158 		e_stw %r7,344(%r1)
 691              		.loc 1 44 0 discriminator 3
 692 0084 C371     		se_lwz %r7,12(%r1)
 693 0086 2007     		se_addi %r7,1
 694 0088 D371     		se_stw %r7,12(%r1)
 695              	.L3:
 696              		.loc 1 44 0 is_stmt 0 discriminator 1
 697 008a C361     		se_lwz %r6,12(%r1)
 698 008c 50E1015C 		e_lwz %r7,348(%r1)
 699 0090 7F863840 		cmpl %cr7,%r6,%r7
 700 0094 7CC00026 		mfcr %r6
 701 0098 74C6E007 		e_rlwinm %r6,%r6,28,0xf0000000
 702 009c 7CC80120 		mtcrf 128,%r6
 703 00a0 7A10FFB8 		e_blt %cr0,.L4
 704              	.LBE2:
 705              		.loc 1 49 0 is_stmt 1
 706 00a4 50E10160 		e_lwz %r7,352(%r1)
 707 00a8 7007A921 		e_cmpl16i %r7,289
 708 00ac 7F800020 		e_mcrf %cr7,%cr0
 709 00b0 7CC00026 		mfcr %r6
 710 00b4 74C6E007 		e_rlwinm %r6,%r6,28,0xf0000000
 711 00b8 7CC80120 		mtcrf 128,%r6
 712 00bc 7A1204A4 		e_beq %cr0,.L6
 713 00c0 7007A921 		e_cmpl16i %r7,289
 714 00c4 7F800020 		e_mcrf %cr7,%cr0
 715 00c8 7CC00026 		mfcr %r6
 716 00cc 74C6E007 		e_rlwinm %r6,%r6,28,0xf0000000
 717 00d0 7CC80120 		mtcrf 128,%r6
 718 00d4 7A110134 		e_bgt %cr0,.L7
 719 00d8 7007A8FD 		e_cmpl16i %r7,253
 720 00dc 7F800020 		e_mcrf %cr7,%cr0
 721 00e0 7CC00026 		mfcr %r6
 722 00e4 74C6E007 		e_rlwinm %r6,%r6,28,0xf0000000
 723 00e8 7CC80120 		mtcrf 128,%r6
 724 00ec 7A12036C 		e_beq %cr0,.L8
 725 00f0 7007A8FD 		e_cmpl16i %r7,253
 726 00f4 7F800020 		e_mcrf %cr7,%cr0
 727 00f8 7CC00026 		mfcr %r6
 728 00fc 74C6E007 		e_rlwinm %r6,%r6,28,0xf0000000
 729 0100 7CC80120 		mtcrf 128,%r6
 730 0104 7A110084 		e_bgt %cr0,.L9
 731 0108 7007A89F 		e_cmpl16i %r7,159
 732 010c 7F800020 		e_mcrf %cr7,%cr0
 733 0110 7CC00026 		mfcr %r6
 734 0114 74C6E007 		e_rlwinm %r6,%r6,28,0xf0000000
 735 0118 7CC80120 		mtcrf 128,%r6
 736 011c 7A120276 		e_beq %cr0,.L10
 737 0120 7007A89F 		e_cmpl16i %r7,159
 738 0124 7F800020 		e_mcrf %cr7,%cr0
 739 0128 7CC00026 		mfcr %r6
 740 012c 74C6E007 		e_rlwinm %r6,%r6,28,0xf0000000
 741 0130 7CC80120 		mtcrf 128,%r6
GAS LISTING C:\Users\bayra\AppData\Local\Temp\ccpnfajA.s 			page 14


 742 0134 7A110020 		e_bgt %cr0,.L11
 743 0138 7007A886 		e_cmpl16i %r7,134
 744 013c 7F800020 		e_mcrf %cr7,%cr0
 745 0140 7CC00026 		mfcr %r6
 746 0144 74C6E007 		e_rlwinm %r6,%r6,28,0xf0000000
 747 0148 7CC80120 		mtcrf 128,%r6
 748 014c 7A120204 		e_beq %cr0,.L12
 749              		.loc 1 173 0
 750 0150 7800070E 		e_b .L33
 751              	.L11:
 752              		.loc 1 49 0
 753 0154 7007A8AD 		e_cmpl16i %r7,173
 754 0158 7F800020 		e_mcrf %cr7,%cr0
 755 015c 7CC00026 		mfcr %r6
 756 0160 74C6E007 		e_rlwinm %r6,%r6,28,0xf0000000
 757 0164 7CC80120 		mtcrf 128,%r6
 758 0168 7A12026C 		e_beq %cr0,.L13
 759 016c 7007A8B5 		e_cmpl16i %r7,181
 760 0170 7F800020 		e_mcrf %cr7,%cr0
 761 0174 7CC00026 		mfcr %r6
 762 0178 74C6E007 		e_rlwinm %r6,%r6,28,0xf0000000
 763 017c 7CC80120 		mtcrf 128,%r6
 764 0180 7A120296 		e_beq %cr0,.L14
 765              		.loc 1 173 0
 766 0184 780006DA 		e_b .L33
 767              	.L9:
 768              		.loc 1 49 0
 769 0188 7007A90B 		e_cmpl16i %r7,267
 770 018c 7F800020 		e_mcrf %cr7,%cr0
 771 0190 7CC00026 		mfcr %r6
 772 0194 74C6E007 		e_rlwinm %r6,%r6,28,0xf0000000
 773 0198 7CC80120 		mtcrf 128,%r6
 774 019c 7A120652 		e_beq %cr0,.L15
 775 01a0 7007A90B 		e_cmpl16i %r7,267
 776 01a4 7F800020 		e_mcrf %cr7,%cr0
 777 01a8 7CC00026 		mfcr %r6
 778 01ac 74C6E007 		e_rlwinm %r6,%r6,28,0xf0000000
 779 01b0 7CC80120 		mtcrf 128,%r6
 780 01b4 7A110020 		e_bgt %cr0,.L16
 781 01b8 7007A906 		e_cmpl16i %r7,262
 782 01bc 7F800020 		e_mcrf %cr7,%cr0
 783 01c0 7CC00026 		mfcr %r6
 784 01c4 74C6E007 		e_rlwinm %r6,%r6,28,0xf0000000
 785 01c8 7CC80120 		mtcrf 128,%r6
 786 01cc 7A1202CE 		e_beq %cr0,.L17
 787              		.loc 1 173 0
 788 01d0 7800068E 		e_b .L33
 789              	.L16:
 790              		.loc 1 49 0
 791 01d4 7007A917 		e_cmpl16i %r7,279
 792 01d8 7F800020 		e_mcrf %cr7,%cr0
 793 01dc 7CC00026 		mfcr %r6
 794 01e0 74C6E007 		e_rlwinm %r6,%r6,28,0xf0000000
 795 01e4 7CC80120 		mtcrf 128,%r6
 796 01e8 7A1202F4 		e_beq %cr0,.L18
 797 01ec 7007A920 		e_cmpl16i %r7,288
 798 01f0 7F800020 		e_mcrf %cr7,%cr0
GAS LISTING C:\Users\bayra\AppData\Local\Temp\ccpnfajA.s 			page 15


 799 01f4 7CC00026 		mfcr %r6
 800 01f8 74C6E007 		e_rlwinm %r6,%r6,28,0xf0000000
 801 01fc 7CC80120 		mtcrf 128,%r6
 802 0200 7A12031E 		e_beq %cr0,.L19
 803              		.loc 1 173 0
 804 0204 7800065A 		e_b .L33
 805              	.L7:
 806              		.loc 1 49 0
 807 0208 7007A987 		e_cmpl16i %r7,391
 808 020c 7F800020 		e_mcrf %cr7,%cr0
 809 0210 7CC00026 		mfcr %r6
 810 0214 74C6E007 		e_rlwinm %r6,%r6,28,0xf0000000
 811 0218 7CC80120 		mtcrf 128,%r6
 812 021c 7A12044C 		e_beq %cr0,.L20
 813 0220 7007A987 		e_cmpl16i %r7,391
 814 0224 7F800020 		e_mcrf %cr7,%cr0
 815 0228 7CC00026 		mfcr %r6
 816 022c 74C6E007 		e_rlwinm %r6,%r6,28,0xf0000000
 817 0230 7CC80120 		mtcrf 128,%r6
 818 0234 7A110084 		e_bgt %cr0,.L21
 819 0238 7007A926 		e_cmpl16i %r7,294
 820 023c 7F800020 		e_mcrf %cr7,%cr0
 821 0240 7CC00026 		mfcr %r6
 822 0244 74C6E007 		e_rlwinm %r6,%r6,28,0xf0000000
 823 0248 7CC80120 		mtcrf 128,%r6
 824 024c 7A120398 		e_beq %cr0,.L22
 825 0250 7007A926 		e_cmpl16i %r7,294
 826 0254 7F800020 		e_mcrf %cr7,%cr0
 827 0258 7CC00026 		mfcr %r6
 828 025c 74C6E007 		e_rlwinm %r6,%r6,28,0xf0000000
 829 0260 7CC80120 		mtcrf 128,%r6
 830 0264 7A110020 		e_bgt %cr0,.L23
 831 0268 7007A922 		e_cmpl16i %r7,290
 832 026c 7F800020 		e_mcrf %cr7,%cr0
 833 0270 7CC00026 		mfcr %r6
 834 0274 74C6E007 		e_rlwinm %r6,%r6,28,0xf0000000
 835 0278 7CC80120 		mtcrf 128,%r6
 836 027c 7A120326 		e_beq %cr0,.L24
 837              		.loc 1 173 0
 838 0280 780005DE 		e_b .L33
 839              	.L23:
 840              		.loc 1 49 0
 841 0284 7007A92B 		e_cmpl16i %r7,299
 842 0288 7F800020 		e_mcrf %cr7,%cr0
 843 028c 7CC00026 		mfcr %r6
 844 0290 74C6E007 		e_rlwinm %r6,%r6,28,0xf0000000
 845 0294 7CC80120 		mtcrf 128,%r6
 846 0298 7A12038E 		e_beq %cr0,.L25
 847 029c 7007A94D 		e_cmpl16i %r7,333
 848 02a0 7F800020 		e_mcrf %cr7,%cr0
 849 02a4 7CC00026 		mfcr %r6
 850 02a8 74C6E007 		e_rlwinm %r6,%r6,28,0xf0000000
 851 02ac 7CC80120 		mtcrf 128,%r6
 852 02b0 7A120578 		e_beq %cr0,.L26
 853              		.loc 1 173 0
 854 02b4 780005AA 		e_b .L33
 855              	.L21:
GAS LISTING C:\Users\bayra\AppData\Local\Temp\ccpnfajA.s 			page 16


 856              		.loc 1 49 0
 857 02b8 7007AB24 		e_cmpl16i %r7,804
 858 02bc 7F800020 		e_mcrf %cr7,%cr0
 859 02c0 7CC00026 		mfcr %r6
 860 02c4 74C6E007 		e_rlwinm %r6,%r6,28,0xf0000000
 861 02c8 7CC80120 		mtcrf 128,%r6
 862 02cc 7A120462 		e_beq %cr0,.L27
 863 02d0 7007AB24 		e_cmpl16i %r7,804
 864 02d4 7F800020 		e_mcrf %cr7,%cr0
 865 02d8 7CC00026 		mfcr %r6
 866 02dc 74C6E007 		e_rlwinm %r6,%r6,28,0xf0000000
 867 02e0 7CC80120 		mtcrf 128,%r6
 868 02e4 7A110038 		e_bgt %cr0,.L28
 869 02e8 7007AB0C 		e_cmpl16i %r7,780
 870 02ec 7F800020 		e_mcrf %cr7,%cr0
 871 02f0 7CC00026 		mfcr %r6
 872 02f4 74C6E007 		e_rlwinm %r6,%r6,28,0xf0000000
 873 02f8 7CC80120 		mtcrf 128,%r6
 874 02fc 7A1203AE 		e_beq %cr0,.L29
 875 0300 7007AB0F 		e_cmpl16i %r7,783
 876 0304 7F800020 		e_mcrf %cr7,%cr0
 877 0308 7CC00026 		mfcr %r6
 878 030c 74C6E007 		e_rlwinm %r6,%r6,28,0xf0000000
 879 0310 7CC80120 		mtcrf 128,%r6
 880 0314 7A1203D8 		e_beq %cr0,.L30
 881              		.loc 1 173 0
 882 0318 78000546 		e_b .L33
 883              	.L28:
 884              		.loc 1 49 0
 885 031c 7007ABC0 		e_cmpl16i %r7,960
 886 0320 7F800020 		e_mcrf %cr7,%cr0
 887 0324 7CC00026 		mfcr %r6
 888 0328 74C6E007 		e_rlwinm %r6,%r6,28,0xf0000000
 889 032c 7CC80120 		mtcrf 128,%r6
 890 0330 7A120440 		e_beq %cr0,.L31
 891 0334 7007AE5D 		e_cmpl16i %r7,1629
 892 0338 7F800020 		e_mcrf %cr7,%cr0
 893 033c 7CC00026 		mfcr %r6
 894 0340 74C6E007 		e_rlwinm %r6,%r6,28,0xf0000000
 895 0344 7CC80120 		mtcrf 128,%r6
 896 0348 7A12046A 		e_beq %cr0,.L32
 897              		.loc 1 173 0
 898 034c 78000512 		e_b .L33
 899              	.L12:
 900              		.loc 1 52 0
 901 0350 70E0E000 		e_lis %r7,.LC0@ha
 902 0354 1CE70000 		e_la %r7,.LC0@l(%r7)
 903 0358 C047     		se_lwz %r4,0(%r7)
 904 035a C157     		se_lwz %r5,4(%r7)
 905 035c C267     		se_lwz %r6,8(%r7)
 906 035e C377     		se_lwz %r7,12(%r7)
 907 0360 54810144 		e_stw %r4,324(%r1)
 908 0364 54A10148 		e_stw %r5,328(%r1)
 909 0368 54C1014C 		e_stw %r6,332(%r1)
 910 036c 54E10150 		e_stw %r7,336(%r1)
 911              		.loc 1 54 0
 912 0370 30E10010 		e_lbz %r7,16(%r1)
GAS LISTING C:\Users\bayra\AppData\Local\Temp\ccpnfajA.s 			page 17


 913 0374 00C7     		se_extzb %r7
 914 0376 18C18008 		e_addi %r6,%r1,8
 915 037a 7CE63A14 		add %r7,%r6,%r7
 916 037e 30E7013C 		e_lbz %r7,316(%r7)
 917 0382 74E6063F 		e_rlwinm %r6,%r7,0,0xff
 918              		.loc 1 51 0
 919 0386 8871     		se_lbz %r7,8(%r1)
 920 0388 7CC73A78 		xor %r7,%r6,%r7
 921 038c 9871     		se_stb %r7,8(%r1)
 922              		.loc 1 55 0
 923 038e 780004D0 		e_b .L33
 924              	.L10:
 925              		.loc 1 58 0
 926 0392 70E0E000 		e_lis %r7,.LC1@ha
 927 0396 1CE70000 		e_la %r7,.LC1@l(%r7)
 928 039a C047     		se_lwz %r4,0(%r7)
 929 039c C157     		se_lwz %r5,4(%r7)
 930 039e C267     		se_lwz %r6,8(%r7)
 931 03a0 C377     		se_lwz %r7,12(%r7)
 932 03a2 54810134 		e_stw %r4,308(%r1)
 933 03a6 54A10138 		e_stw %r5,312(%r1)
 934 03aa 54C1013C 		e_stw %r6,316(%r1)
 935 03ae 54E10140 		e_stw %r7,320(%r1)
 936              		.loc 1 60 0
 937 03b2 30E10010 		e_lbz %r7,16(%r1)
 938 03b6 00C7     		se_extzb %r7
 939 03b8 18C18008 		e_addi %r6,%r1,8
 940 03bc 7CE63A14 		add %r7,%r6,%r7
 941 03c0 30E7012C 		e_lbz %r7,300(%r7)
 942 03c4 74E6063F 		e_rlwinm %r6,%r7,0,0xff
 943              		.loc 1 57 0
 944 03c8 8871     		se_lbz %r7,8(%r1)
 945 03ca 7CC73A78 		xor %r7,%r6,%r7
 946 03ce 9871     		se_stb %r7,8(%r1)
 947              		.loc 1 61 0
 948 03d0 7800048E 		e_b .L33
 949              	.L13:
 950              		.loc 1 64 0
 951 03d4 70E0E000 		e_lis %r7,.LC2@ha
 952 03d8 1CE70000 		e_la %r7,.LC2@l(%r7)
 953 03dc C047     		se_lwz %r4,0(%r7)
 954 03de C157     		se_lwz %r5,4(%r7)
 955 03e0 C267     		se_lwz %r6,8(%r7)
 956 03e2 C377     		se_lwz %r7,12(%r7)
 957 03e4 54810124 		e_stw %r4,292(%r1)
 958 03e8 54A10128 		e_stw %r5,296(%r1)
 959 03ec 54C1012C 		e_stw %r6,300(%r1)
 960 03f0 54E10130 		e_stw %r7,304(%r1)
 961              		.loc 1 66 0
 962 03f4 30E10010 		e_lbz %r7,16(%r1)
 963 03f8 00C7     		se_extzb %r7
 964 03fa 18C18008 		e_addi %r6,%r1,8
 965 03fe 7CE63A14 		add %r7,%r6,%r7
 966 0402 30E7011C 		e_lbz %r7,284(%r7)
 967 0406 74E6063F 		e_rlwinm %r6,%r7,0,0xff
 968              		.loc 1 63 0
 969 040a 8871     		se_lbz %r7,8(%r1)
GAS LISTING C:\Users\bayra\AppData\Local\Temp\ccpnfajA.s 			page 18


 970 040c 7CC73A78 		xor %r7,%r6,%r7
 971 0410 9871     		se_stb %r7,8(%r1)
 972              		.loc 1 67 0
 973 0412 7800044C 		e_b .L33
 974              	.L14:
 975              		.loc 1 70 0
 976 0416 70E0E000 		e_lis %r7,.LC3@ha
 977 041a 1CE70000 		e_la %r7,.LC3@l(%r7)
 978 041e C047     		se_lwz %r4,0(%r7)
 979 0420 C157     		se_lwz %r5,4(%r7)
 980 0422 C267     		se_lwz %r6,8(%r7)
 981 0424 C377     		se_lwz %r7,12(%r7)
 982 0426 54810114 		e_stw %r4,276(%r1)
 983 042a 54A10118 		e_stw %r5,280(%r1)
 984 042e 54C1011C 		e_stw %r6,284(%r1)
 985 0432 54E10120 		e_stw %r7,288(%r1)
 986              		.loc 1 72 0
 987 0436 30E10010 		e_lbz %r7,16(%r1)
 988 043a 00C7     		se_extzb %r7
 989 043c 18C18008 		e_addi %r6,%r1,8
 990 0440 7CE63A14 		add %r7,%r6,%r7
 991 0444 30E7010C 		e_lbz %r7,268(%r7)
 992 0448 74E6063F 		e_rlwinm %r6,%r7,0,0xff
 993              		.loc 1 69 0
 994 044c 8871     		se_lbz %r7,8(%r1)
 995 044e 7CC73A78 		xor %r7,%r6,%r7
 996 0452 9871     		se_stb %r7,8(%r1)
 997              		.loc 1 73 0
 998 0454 7800040A 		e_b .L33
 999              	.L8:
 1000              		.loc 1 76 0
 1001 0458 70E0E000 		e_lis %r7,.LC4@ha
 1002 045c 1CE70000 		e_la %r7,.LC4@l(%r7)
 1003 0460 C047     		se_lwz %r4,0(%r7)
 1004 0462 C157     		se_lwz %r5,4(%r7)
 1005 0464 C267     		se_lwz %r6,8(%r7)
 1006 0466 C377     		se_lwz %r7,12(%r7)
 1007 0468 54810104 		e_stw %r4,260(%r1)
 1008 046c 54A10108 		e_stw %r5,264(%r1)
 1009 0470 54C1010C 		e_stw %r6,268(%r1)
 1010 0474 54E10110 		e_stw %r7,272(%r1)
 1011              		.loc 1 78 0
 1012 0478 30E10010 		e_lbz %r7,16(%r1)
 1013 047c 00C7     		se_extzb %r7
 1014 047e 18C18008 		e_addi %r6,%r1,8
 1015 0482 7CE63A14 		add %r7,%r6,%r7
 1016 0486 30E700FC 		e_lbz %r7,252(%r7)
 1017 048a 74E6063F 		e_rlwinm %r6,%r7,0,0xff
 1018              		.loc 1 75 0
 1019 048e 8871     		se_lbz %r7,8(%r1)
 1020 0490 7CC73A78 		xor %r7,%r6,%r7
 1021 0494 9871     		se_stb %r7,8(%r1)
 1022              		.loc 1 79 0
 1023 0496 780003C8 		e_b .L33
 1024              	.L17:
 1025              		.loc 1 82 0
 1026 049a 70E0E000 		e_lis %r7,.LC5@ha
GAS LISTING C:\Users\bayra\AppData\Local\Temp\ccpnfajA.s 			page 19


 1027 049e 1CE70000 		e_la %r7,.LC5@l(%r7)
 1028 04a2 C047     		se_lwz %r4,0(%r7)
 1029 04a4 C157     		se_lwz %r5,4(%r7)
 1030 04a6 C267     		se_lwz %r6,8(%r7)
 1031 04a8 C377     		se_lwz %r7,12(%r7)
 1032 04aa 548100F4 		e_stw %r4,244(%r1)
 1033 04ae 54A100F8 		e_stw %r5,248(%r1)
 1034 04b2 54C100FC 		e_stw %r6,252(%r1)
 1035 04b6 54E10100 		e_stw %r7,256(%r1)
 1036              		.loc 1 84 0
 1037 04ba 30E10010 		e_lbz %r7,16(%r1)
 1038 04be 00C7     		se_extzb %r7
 1039 04c0 18C18008 		e_addi %r6,%r1,8
 1040 04c4 7CE63A14 		add %r7,%r6,%r7
 1041 04c8 30E700EC 		e_lbz %r7,236(%r7)
 1042 04cc 74E6063F 		e_rlwinm %r6,%r7,0,0xff
 1043              		.loc 1 81 0
 1044 04d0 8871     		se_lbz %r7,8(%r1)
 1045 04d2 7CC73A78 		xor %r7,%r6,%r7
 1046 04d6 9871     		se_stb %r7,8(%r1)
 1047              		.loc 1 85 0
 1048 04d8 78000386 		e_b .L33
 1049              	.L18:
 1050              		.loc 1 88 0
 1051 04dc 70E0E000 		e_lis %r7,.LC6@ha
 1052 04e0 1CE70000 		e_la %r7,.LC6@l(%r7)
 1053 04e4 C047     		se_lwz %r4,0(%r7)
 1054 04e6 C157     		se_lwz %r5,4(%r7)
 1055 04e8 C267     		se_lwz %r6,8(%r7)
 1056 04ea C377     		se_lwz %r7,12(%r7)
 1057 04ec 548100E4 		e_stw %r4,228(%r1)
 1058 04f0 54A100E8 		e_stw %r5,232(%r1)
 1059 04f4 54C100EC 		e_stw %r6,236(%r1)
 1060 04f8 54E100F0 		e_stw %r7,240(%r1)
 1061              		.loc 1 90 0
 1062 04fc 30E10010 		e_lbz %r7,16(%r1)
 1063 0500 00C7     		se_extzb %r7
 1064 0502 18C18008 		e_addi %r6,%r1,8
 1065 0506 7CE63A14 		add %r7,%r6,%r7
 1066 050a 30E700DC 		e_lbz %r7,220(%r7)
 1067 050e 74E6063F 		e_rlwinm %r6,%r7,0,0xff
 1068              		.loc 1 87 0
 1069 0512 8871     		se_lbz %r7,8(%r1)
 1070 0514 7CC73A78 		xor %r7,%r6,%r7
 1071 0518 9871     		se_stb %r7,8(%r1)
 1072              		.loc 1 91 0
 1073 051a 78000344 		e_b .L33
 1074              	.L19:
 1075              		.loc 1 94 0
 1076 051e 70E0E000 		e_lis %r7,.LC7@ha
 1077 0522 1CE70000 		e_la %r7,.LC7@l(%r7)
 1078 0526 C047     		se_lwz %r4,0(%r7)
 1079 0528 C157     		se_lwz %r5,4(%r7)
 1080 052a C267     		se_lwz %r6,8(%r7)
 1081 052c C377     		se_lwz %r7,12(%r7)
 1082 052e 548100D4 		e_stw %r4,212(%r1)
 1083 0532 54A100D8 		e_stw %r5,216(%r1)
GAS LISTING C:\Users\bayra\AppData\Local\Temp\ccpnfajA.s 			page 20


 1084 0536 54C100DC 		e_stw %r6,220(%r1)
 1085 053a 54E100E0 		e_stw %r7,224(%r1)
 1086              		.loc 1 96 0
 1087 053e 30E10010 		e_lbz %r7,16(%r1)
 1088 0542 00C7     		se_extzb %r7
 1089 0544 18C18008 		e_addi %r6,%r1,8
 1090 0548 7CE63A14 		add %r7,%r6,%r7
 1091 054c 30E700CC 		e_lbz %r7,204(%r7)
 1092 0550 74E6063F 		e_rlwinm %r6,%r7,0,0xff
 1093              		.loc 1 93 0
 1094 0554 8871     		se_lbz %r7,8(%r1)
 1095 0556 7CC73A78 		xor %r7,%r6,%r7
 1096 055a 9871     		se_stb %r7,8(%r1)
 1097              		.loc 1 97 0
 1098 055c 78000302 		e_b .L33
 1099              	.L6:
 1100              		.loc 1 100 0
 1101 0560 70E0E000 		e_lis %r7,.LC8@ha
 1102 0564 1CE70000 		e_la %r7,.LC8@l(%r7)
 1103 0568 C047     		se_lwz %r4,0(%r7)
 1104 056a C157     		se_lwz %r5,4(%r7)
 1105 056c C267     		se_lwz %r6,8(%r7)
 1106 056e C377     		se_lwz %r7,12(%r7)
 1107 0570 548100C4 		e_stw %r4,196(%r1)
 1108 0574 54A100C8 		e_stw %r5,200(%r1)
 1109 0578 54C100CC 		e_stw %r6,204(%r1)
 1110 057c 54E100D0 		e_stw %r7,208(%r1)
 1111              		.loc 1 102 0
 1112 0580 30E10010 		e_lbz %r7,16(%r1)
 1113 0584 00C7     		se_extzb %r7
 1114 0586 18C18008 		e_addi %r6,%r1,8
 1115 058a 7CE63A14 		add %r7,%r6,%r7
 1116 058e 30E700BC 		e_lbz %r7,188(%r7)
 1117 0592 74E6063F 		e_rlwinm %r6,%r7,0,0xff
 1118              		.loc 1 99 0
 1119 0596 8871     		se_lbz %r7,8(%r1)
 1120 0598 7CC73A78 		xor %r7,%r6,%r7
 1121 059c 9871     		se_stb %r7,8(%r1)
 1122              		.loc 1 103 0
 1123 059e 780002C0 		e_b .L33
 1124              	.L24:
 1125              		.loc 1 106 0
 1126 05a2 70E0E000 		e_lis %r7,.LC9@ha
 1127 05a6 1CE70000 		e_la %r7,.LC9@l(%r7)
 1128 05aa C047     		se_lwz %r4,0(%r7)
 1129 05ac C157     		se_lwz %r5,4(%r7)
 1130 05ae C267     		se_lwz %r6,8(%r7)
 1131 05b0 C377     		se_lwz %r7,12(%r7)
 1132 05b2 548100B4 		e_stw %r4,180(%r1)
 1133 05b6 54A100B8 		e_stw %r5,184(%r1)
 1134 05ba 54C100BC 		e_stw %r6,188(%r1)
 1135 05be 54E100C0 		e_stw %r7,192(%r1)
 1136              		.loc 1 108 0
 1137 05c2 30E10010 		e_lbz %r7,16(%r1)
 1138 05c6 00C7     		se_extzb %r7
 1139 05c8 18C18008 		e_addi %r6,%r1,8
 1140 05cc 7CE63A14 		add %r7,%r6,%r7
GAS LISTING C:\Users\bayra\AppData\Local\Temp\ccpnfajA.s 			page 21


 1141 05d0 30E700AC 		e_lbz %r7,172(%r7)
 1142 05d4 74E6063F 		e_rlwinm %r6,%r7,0,0xff
 1143              		.loc 1 105 0
 1144 05d8 8871     		se_lbz %r7,8(%r1)
 1145 05da 7CC73A78 		xor %r7,%r6,%r7
 1146 05de 9871     		se_stb %r7,8(%r1)
 1147              		.loc 1 109 0
 1148 05e0 7800027E 		e_b .L33
 1149              	.L22:
 1150              		.loc 1 112 0
 1151 05e4 70E0E000 		e_lis %r7,.LC10@ha
 1152 05e8 1CE70000 		e_la %r7,.LC10@l(%r7)
 1153 05ec C047     		se_lwz %r4,0(%r7)
 1154 05ee C157     		se_lwz %r5,4(%r7)
 1155 05f0 C267     		se_lwz %r6,8(%r7)
 1156 05f2 C377     		se_lwz %r7,12(%r7)
 1157 05f4 548100A4 		e_stw %r4,164(%r1)
 1158 05f8 54A100A8 		e_stw %r5,168(%r1)
 1159 05fc 54C100AC 		e_stw %r6,172(%r1)
 1160 0600 54E100B0 		e_stw %r7,176(%r1)
 1161              		.loc 1 114 0
 1162 0604 30E10010 		e_lbz %r7,16(%r1)
 1163 0608 00C7     		se_extzb %r7
 1164 060a 18C18008 		e_addi %r6,%r1,8
 1165 060e 7CE63A14 		add %r7,%r6,%r7
 1166 0612 30E7009C 		e_lbz %r7,156(%r7)
 1167 0616 74E6063F 		e_rlwinm %r6,%r7,0,0xff
 1168              		.loc 1 111 0
 1169 061a 8871     		se_lbz %r7,8(%r1)
 1170 061c 7CC73A78 		xor %r7,%r6,%r7
 1171 0620 9871     		se_stb %r7,8(%r1)
 1172              		.loc 1 115 0
 1173 0622 7800023C 		e_b .L33
 1174              	.L25:
 1175              		.loc 1 118 0
 1176 0626 70E0E000 		e_lis %r7,.LC11@ha
 1177 062a 1CE70000 		e_la %r7,.LC11@l(%r7)
 1178 062e C047     		se_lwz %r4,0(%r7)
 1179 0630 C157     		se_lwz %r5,4(%r7)
 1180 0632 C267     		se_lwz %r6,8(%r7)
 1181 0634 C377     		se_lwz %r7,12(%r7)
 1182 0636 54810094 		e_stw %r4,148(%r1)
 1183 063a 54A10098 		e_stw %r5,152(%r1)
 1184 063e 54C1009C 		e_stw %r6,156(%r1)
 1185 0642 54E100A0 		e_stw %r7,160(%r1)
 1186              		.loc 1 120 0
 1187 0646 30E10010 		e_lbz %r7,16(%r1)
 1188 064a 00C7     		se_extzb %r7
 1189 064c 18C18008 		e_addi %r6,%r1,8
 1190 0650 7CE63A14 		add %r7,%r6,%r7
 1191 0654 30E7008C 		e_lbz %r7,140(%r7)
 1192 0658 74E6063F 		e_rlwinm %r6,%r7,0,0xff
 1193              		.loc 1 117 0
 1194 065c 8871     		se_lbz %r7,8(%r1)
 1195 065e 7CC73A78 		xor %r7,%r6,%r7
 1196 0662 9871     		se_stb %r7,8(%r1)
 1197              		.loc 1 121 0
GAS LISTING C:\Users\bayra\AppData\Local\Temp\ccpnfajA.s 			page 22


 1198 0664 780001FA 		e_b .L33
 1199              	.L20:
 1200              		.loc 1 124 0
 1201 0668 70E0E000 		e_lis %r7,.LC12@ha
 1202 066c 1CE70000 		e_la %r7,.LC12@l(%r7)
 1203 0670 C047     		se_lwz %r4,0(%r7)
 1204 0672 C157     		se_lwz %r5,4(%r7)
 1205 0674 C267     		se_lwz %r6,8(%r7)
 1206 0676 C377     		se_lwz %r7,12(%r7)
 1207 0678 54810084 		e_stw %r4,132(%r1)
 1208 067c 54A10088 		e_stw %r5,136(%r1)
 1209 0680 54C1008C 		e_stw %r6,140(%r1)
 1210 0684 54E10090 		e_stw %r7,144(%r1)
 1211              		.loc 1 126 0
 1212 0688 30E10010 		e_lbz %r7,16(%r1)
 1213 068c 00C7     		se_extzb %r7
 1214 068e 18C18008 		e_addi %r6,%r1,8
 1215 0692 7CE63A14 		add %r7,%r6,%r7
 1216 0696 30E7007C 		e_lbz %r7,124(%r7)
 1217 069a 74E6063F 		e_rlwinm %r6,%r7,0,0xff
 1218              		.loc 1 123 0
 1219 069e 8871     		se_lbz %r7,8(%r1)
 1220 06a0 7CC73A78 		xor %r7,%r6,%r7
 1221 06a4 9871     		se_stb %r7,8(%r1)
 1222              		.loc 1 127 0
 1223 06a6 780001B8 		e_b .L33
 1224              	.L29:
 1225              		.loc 1 130 0
 1226 06aa 70E0E000 		e_lis %r7,.LC13@ha
 1227 06ae 1CE70000 		e_la %r7,.LC13@l(%r7)
 1228 06b2 C047     		se_lwz %r4,0(%r7)
 1229 06b4 C157     		se_lwz %r5,4(%r7)
 1230 06b6 C267     		se_lwz %r6,8(%r7)
 1231 06b8 C377     		se_lwz %r7,12(%r7)
 1232 06ba 54810074 		e_stw %r4,116(%r1)
 1233 06be 54A10078 		e_stw %r5,120(%r1)
 1234 06c2 54C1007C 		e_stw %r6,124(%r1)
 1235 06c6 54E10080 		e_stw %r7,128(%r1)
 1236              		.loc 1 132 0
 1237 06ca 30E10010 		e_lbz %r7,16(%r1)
 1238 06ce 00C7     		se_extzb %r7
 1239 06d0 18C18008 		e_addi %r6,%r1,8
 1240 06d4 7CE63A14 		add %r7,%r6,%r7
 1241 06d8 30E7006C 		e_lbz %r7,108(%r7)
 1242 06dc 74E6063F 		e_rlwinm %r6,%r7,0,0xff
 1243              		.loc 1 129 0
 1244 06e0 8871     		se_lbz %r7,8(%r1)
 1245 06e2 7CC73A78 		xor %r7,%r6,%r7
 1246 06e6 9871     		se_stb %r7,8(%r1)
 1247              		.loc 1 133 0
 1248 06e8 78000176 		e_b .L33
 1249              	.L30:
 1250              		.loc 1 136 0
 1251 06ec 70E0E000 		e_lis %r7,.LC14@ha
 1252 06f0 1CE70000 		e_la %r7,.LC14@l(%r7)
 1253 06f4 C047     		se_lwz %r4,0(%r7)
 1254 06f6 C157     		se_lwz %r5,4(%r7)
GAS LISTING C:\Users\bayra\AppData\Local\Temp\ccpnfajA.s 			page 23


 1255 06f8 C267     		se_lwz %r6,8(%r7)
 1256 06fa C377     		se_lwz %r7,12(%r7)
 1257 06fc 54810064 		e_stw %r4,100(%r1)
 1258 0700 54A10068 		e_stw %r5,104(%r1)
 1259 0704 54C1006C 		e_stw %r6,108(%r1)
 1260 0708 54E10070 		e_stw %r7,112(%r1)
 1261              		.loc 1 138 0
 1262 070c 30E10010 		e_lbz %r7,16(%r1)
 1263 0710 00C7     		se_extzb %r7
 1264 0712 18C18008 		e_addi %r6,%r1,8
 1265 0716 7CE63A14 		add %r7,%r6,%r7
 1266 071a 30E7005C 		e_lbz %r7,92(%r7)
 1267 071e 74E6063F 		e_rlwinm %r6,%r7,0,0xff
 1268              		.loc 1 135 0
 1269 0722 8871     		se_lbz %r7,8(%r1)
 1270 0724 7CC73A78 		xor %r7,%r6,%r7
 1271 0728 9871     		se_stb %r7,8(%r1)
 1272              		.loc 1 139 0
 1273 072a 78000134 		e_b .L33
 1274              	.L27:
 1275              		.loc 1 142 0
 1276 072e 70E0E000 		e_lis %r7,.LC15@ha
 1277 0732 1CE70000 		e_la %r7,.LC15@l(%r7)
 1278 0736 C047     		se_lwz %r4,0(%r7)
 1279 0738 C157     		se_lwz %r5,4(%r7)
 1280 073a C267     		se_lwz %r6,8(%r7)
 1281 073c C377     		se_lwz %r7,12(%r7)
 1282 073e 54810054 		e_stw %r4,84(%r1)
 1283 0742 54A10058 		e_stw %r5,88(%r1)
 1284 0746 54C1005C 		e_stw %r6,92(%r1)
 1285 074a 54E10060 		e_stw %r7,96(%r1)
 1286              		.loc 1 144 0
 1287 074e 30E10010 		e_lbz %r7,16(%r1)
 1288 0752 00C7     		se_extzb %r7
 1289 0754 18C18008 		e_addi %r6,%r1,8
 1290 0758 7CE63A14 		add %r7,%r6,%r7
 1291 075c 30E7004C 		e_lbz %r7,76(%r7)
 1292 0760 74E6063F 		e_rlwinm %r6,%r7,0,0xff
 1293              		.loc 1 141 0
 1294 0764 8871     		se_lbz %r7,8(%r1)
 1295 0766 7CC73A78 		xor %r7,%r6,%r7
 1296 076a 9871     		se_stb %r7,8(%r1)
 1297              		.loc 1 145 0
 1298 076c 780000F2 		e_b .L33
 1299              	.L31:
 1300              		.loc 1 148 0
 1301 0770 70E0E000 		e_lis %r7,.LC16@ha
 1302 0774 1CE70000 		e_la %r7,.LC16@l(%r7)
 1303 0778 C047     		se_lwz %r4,0(%r7)
 1304 077a C157     		se_lwz %r5,4(%r7)
 1305 077c C267     		se_lwz %r6,8(%r7)
 1306 077e C377     		se_lwz %r7,12(%r7)
 1307 0780 54810044 		e_stw %r4,68(%r1)
 1308 0784 54A10048 		e_stw %r5,72(%r1)
 1309 0788 54C1004C 		e_stw %r6,76(%r1)
 1310 078c 54E10050 		e_stw %r7,80(%r1)
 1311              		.loc 1 150 0
GAS LISTING C:\Users\bayra\AppData\Local\Temp\ccpnfajA.s 			page 24


 1312 0790 30E10010 		e_lbz %r7,16(%r1)
 1313 0794 00C7     		se_extzb %r7
 1314 0796 18C18008 		e_addi %r6,%r1,8
 1315 079a 7CE63A14 		add %r7,%r6,%r7
 1316 079e 30E7003C 		e_lbz %r7,60(%r7)
 1317 07a2 74E6063F 		e_rlwinm %r6,%r7,0,0xff
 1318              		.loc 1 147 0
 1319 07a6 8871     		se_lbz %r7,8(%r1)
 1320 07a8 7CC73A78 		xor %r7,%r6,%r7
 1321 07ac 9871     		se_stb %r7,8(%r1)
 1322              		.loc 1 151 0
 1323 07ae 780000B0 		e_b .L33
 1324              	.L32:
 1325              		.loc 1 154 0
 1326 07b2 70E0E000 		e_lis %r7,.LC17@ha
 1327 07b6 1CE70000 		e_la %r7,.LC17@l(%r7)
 1328 07ba C047     		se_lwz %r4,0(%r7)
 1329 07bc C157     		se_lwz %r5,4(%r7)
 1330 07be C267     		se_lwz %r6,8(%r7)
 1331 07c0 C377     		se_lwz %r7,12(%r7)
 1332 07c2 DD41     		se_stw %r4,52(%r1)
 1333 07c4 DE51     		se_stw %r5,56(%r1)
 1334 07c6 DF61     		se_stw %r6,60(%r1)
 1335 07c8 54E10040 		e_stw %r7,64(%r1)
 1336              		.loc 1 156 0
 1337 07cc 30E10010 		e_lbz %r7,16(%r1)
 1338 07d0 00C7     		se_extzb %r7
 1339 07d2 18C18008 		e_addi %r6,%r1,8
 1340 07d6 7CE63A14 		add %r7,%r6,%r7
 1341 07da 30E7002C 		e_lbz %r7,44(%r7)
 1342 07de 74E6063F 		e_rlwinm %r6,%r7,0,0xff
 1343              		.loc 1 153 0
 1344 07e2 8871     		se_lbz %r7,8(%r1)
 1345 07e4 7CC73A78 		xor %r7,%r6,%r7
 1346 07e8 9871     		se_stb %r7,8(%r1)
 1347              		.loc 1 157 0
 1348 07ea 78000074 		e_b .L33
 1349              	.L15:
 1350              		.loc 1 160 0
 1351 07ee 70E0E000 		e_lis %r7,.LC18@ha
 1352 07f2 1CE70000 		e_la %r7,.LC18@l(%r7)
 1353 07f6 C047     		se_lwz %r4,0(%r7)
 1354 07f8 C157     		se_lwz %r5,4(%r7)
 1355 07fa C267     		se_lwz %r6,8(%r7)
 1356 07fc C377     		se_lwz %r7,12(%r7)
 1357 07fe D941     		se_stw %r4,36(%r1)
 1358 0800 DA51     		se_stw %r5,40(%r1)
 1359 0802 DB61     		se_stw %r6,44(%r1)
 1360 0804 DC71     		se_stw %r7,48(%r1)
 1361              		.loc 1 162 0
 1362 0806 30E10010 		e_lbz %r7,16(%r1)
 1363 080a 00C7     		se_extzb %r7
 1364 080c 18C18008 		e_addi %r6,%r1,8
 1365 0810 7CE63A14 		add %r7,%r6,%r7
 1366 0814 30E7001C 		e_lbz %r7,28(%r7)
 1367 0818 74E6063F 		e_rlwinm %r6,%r7,0,0xff
 1368              		.loc 1 159 0
GAS LISTING C:\Users\bayra\AppData\Local\Temp\ccpnfajA.s 			page 25


 1369 081c 8871     		se_lbz %r7,8(%r1)
 1370 081e 7CC73A78 		xor %r7,%r6,%r7
 1371 0822 9871     		se_stb %r7,8(%r1)
 1372              		.loc 1 163 0
 1373 0824 7800003A 		e_b .L33
 1374              	.L26:
 1375              		.loc 1 166 0
 1376 0828 70E0E000 		e_lis %r7,.LC19@ha
 1377 082c 1CE70000 		e_la %r7,.LC19@l(%r7)
 1378 0830 C047     		se_lwz %r4,0(%r7)
 1379 0832 C157     		se_lwz %r5,4(%r7)
 1380 0834 C267     		se_lwz %r6,8(%r7)
 1381 0836 C377     		se_lwz %r7,12(%r7)
 1382 0838 D541     		se_stw %r4,20(%r1)
 1383 083a D651     		se_stw %r5,24(%r1)
 1384 083c D761     		se_stw %r6,28(%r1)
 1385 083e D871     		se_stw %r7,32(%r1)
 1386              		.loc 1 168 0
 1387 0840 30E10010 		e_lbz %r7,16(%r1)
 1388 0844 00C7     		se_extzb %r7
 1389 0846 18C18008 		e_addi %r6,%r1,8
 1390 084a 7CE63A14 		add %r7,%r6,%r7
 1391 084e 8C77     		se_lbz %r7,12(%r7)
 1392 0850 74E6063F 		e_rlwinm %r6,%r7,0,0xff
 1393              		.loc 1 165 0
 1394 0854 8871     		se_lbz %r7,8(%r1)
 1395 0856 7CC73A78 		xor %r7,%r6,%r7
 1396 085a 9871     		se_stb %r7,8(%r1)
 1397              		.loc 1 169 0
 1398 085c 4400     		se_nop
 1399              	.L33:
 1400              		.loc 1 175 0
 1401 085e 8871     		se_lbz %r7,8(%r1)
 1402 0860 00C7     		se_extzb %r7
 1403 0862 70C0E000 		e_lis %r6,crc8H2F_tab@ha
 1404 0866 1CC60000 		e_la %r6,crc8H2F_tab@l(%r6)
 1405 086a 7CE638AE 		lbzx %r7,%r6,%r7
 1406 086e 9871     		se_stb %r7,8(%r1)
 1407              		.loc 1 176 0
 1408 0870 8871     		se_lbz %r7,8(%r1)
 1409 0872 0027     		se_not %r7
 1410 0874 9871     		se_stb %r7,8(%r1)
 1411              	.L2:
 1412              		.loc 1 180 0
 1413 0876 8871     		se_lbz %r7,8(%r1)
 1414 0878 00C7     		se_extzb %r7
 1415              		.loc 1 182 0
 1416 087a 0173     		se_mr %r3,%r7
 1417 087c 1C210168 		e_add16i %r1,%r1,360
 1418              	.LCFI1:
 1419              		.cfi_def_cfa_offset 0
 1420 0880 0004     		se_blr
 1421              		.cfi_endproc
 1422              	.LFE0:
 1423              		.size	Crc_CalculateCRC8H2F, .-Crc_CalculateCRC8H2F
 1424              		.section	.text.converto1byteorder,"axv",@progbits
 1425              		.align 1
GAS LISTING C:\Users\bayra\AppData\Local\Temp\ccpnfajA.s 			page 26


 1426              		.p2align 4,,15
 1427              		.globl converto1byteorder
 1428              		.type	converto1byteorder, @function
 1429              	converto1byteorder:
 1430              	.LFB1:
 1431              		.loc 1 184 0
 1432              		.cfi_startproc
 1433 0000 182106E0 		e_stwu %r1,-32(%r1)
 1434              	.LCFI2:
 1435              		.cfi_def_cfa_offset 32
 1436 0004 D631     		se_stw %r3,24(%r1)
 1437 0006 D741     		se_stw %r4,28(%r1)
 1438              	.LBB3:
 1439              		.loc 1 185 0
 1440 0008 4807     		se_li %r7,0
 1441 000a D271     		se_stw %r7,8(%r1)
 1442 000c 7800005A 		e_b .L36
 1443              	.L39:
 1444              	.LBB4:
 1445              		.loc 1 186 0
 1446 0010 4807     		se_li %r7,0
 1447 0012 D371     		se_stw %r7,12(%r1)
 1448 0014 78000034 		e_b .L37
 1449              	.L38:
 1450              		.loc 1 187 0 discriminator 3
 1451 0018 C271     		se_lwz %r7,8(%r1)
 1452 001a 7CE61070 		e_slwi %r6,%r7,2
 1453 001e C371     		se_lwz %r7,12(%r1)
 1454 0020 7CE63A14 		add %r7,%r6,%r7
 1455 0024 0176     		se_mr %r6,%r7
 1456 0026 C771     		se_lwz %r7,28(%r1)
 1457 0028 0467     		se_add %r7,%r6
 1458 002a C261     		se_lwz %r6,8(%r1)
 1459 002c 6C26     		se_slwi %r6, 2
 1460 002e 18A68003 		e_addi %r5,%r6,3
 1461 0032 C361     		se_lwz %r6,12(%r1)
 1462 0034 0756     		se_subf %r6, %r5
 1463 0036 0165     		se_mr %r5,%r6
 1464 0038 C661     		se_lwz %r6,24(%r1)
 1465 003a 0456     		se_add %r6,%r5
 1466 003c 8066     		se_lbz %r6,0(%r6)
 1467 003e 00C6     		se_extzb %r6
 1468 0040 9067     		se_stb %r6,0(%r7)
 1469              		.loc 1 186 0 discriminator 3
 1470 0042 C371     		se_lwz %r7,12(%r1)
 1471 0044 2007     		se_addi %r7,1
 1472 0046 D371     		se_stw %r7,12(%r1)
 1473              	.L37:
 1474              		.loc 1 186 0 is_stmt 0 discriminator 1
 1475 0048 C371     		se_lwz %r7,12(%r1)
 1476 004a 2A37     		se_cmpi %r7,3
 1477 004c 7F800020 		e_mcrf %cr7,%cr0
 1478 0050 7CE00026 		mfcr %r7
 1479 0054 74E7E007 		e_rlwinm %r7,%r7,28,0xf0000000
 1480 0058 7CE80120 		mtcrf 128,%r7
 1481 005c 7A01FFBC 		e_ble %cr0,.L38
 1482              	.LBE4:
GAS LISTING C:\Users\bayra\AppData\Local\Temp\ccpnfajA.s 			page 27


 1483              		.loc 1 185 0 is_stmt 1 discriminator 2
 1484 0060 C271     		se_lwz %r7,8(%r1)
 1485 0062 2007     		se_addi %r7,1
 1486 0064 D271     		se_stw %r7,8(%r1)
 1487              	.L36:
 1488              		.loc 1 185 0 is_stmt 0 discriminator 1
 1489 0066 C271     		se_lwz %r7,8(%r1)
 1490 0068 2AF7     		se_cmpi %r7,15
 1491 006a 7F800020 		e_mcrf %cr7,%cr0
 1492 006e 7CE00026 		mfcr %r7
 1493 0072 74E7E007 		e_rlwinm %r7,%r7,28,0xf0000000
 1494 0076 7CE80120 		mtcrf 128,%r7
 1495 007a 7A01FF96 		e_ble %cr0,.L39
 1496              	.LBE3:
 1497              		.loc 1 190 0 is_stmt 1
 1498 007e 21F1     		se_addi %r1,32
 1499              	.LCFI3:
 1500              		.cfi_def_cfa_offset 0
 1501 0080 0004     		se_blr
 1502              		.cfi_endproc
 1503              	.LFE1:
 1504              		.size	converto1byteorder, .-converto1byteorder
 1505              		.section	.text.converto4byteorder,"axv",@progbits
 1506              		.align 1
 1507              		.p2align 4,,15
 1508              		.globl converto4byteorder
 1509              		.type	converto4byteorder, @function
 1510              	converto4byteorder:
 1511              	.LFB2:
 1512              		.loc 1 192 0
 1513              		.cfi_startproc
 1514 0000 182106E0 		e_stwu %r1,-32(%r1)
 1515              	.LCFI4:
 1516              		.cfi_def_cfa_offset 32
 1517 0004 D631     		se_stw %r3,24(%r1)
 1518 0006 D741     		se_stw %r4,28(%r1)
 1519              	.LBB5:
 1520              		.loc 1 193 0
 1521 0008 4807     		se_li %r7,0
 1522 000a D271     		se_stw %r7,8(%r1)
 1523 000c 7800005A 		e_b .L41
 1524              	.L44:
 1525              	.LBB6:
 1526              		.loc 1 194 0
 1527 0010 4807     		se_li %r7,0
 1528 0012 D371     		se_stw %r7,12(%r1)
 1529 0014 78000034 		e_b .L42
 1530              	.L43:
 1531              		.loc 1 195 0 discriminator 3
 1532 0018 C271     		se_lwz %r7,8(%r1)
 1533 001a 7CE61070 		e_slwi %r6,%r7,2
 1534 001e C371     		se_lwz %r7,12(%r1)
 1535 0020 7CE63A14 		add %r7,%r6,%r7
 1536 0024 0176     		se_mr %r6,%r7
 1537 0026 C771     		se_lwz %r7,28(%r1)
 1538 0028 0467     		se_add %r7,%r6
 1539 002a C261     		se_lwz %r6,8(%r1)
GAS LISTING C:\Users\bayra\AppData\Local\Temp\ccpnfajA.s 			page 28


 1540 002c 6C26     		se_slwi %r6, 2
 1541 002e 18A68003 		e_addi %r5,%r6,3
 1542 0032 C361     		se_lwz %r6,12(%r1)
 1543 0034 0756     		se_subf %r6, %r5
 1544 0036 0165     		se_mr %r5,%r6
 1545 0038 C661     		se_lwz %r6,24(%r1)
 1546 003a 0456     		se_add %r6,%r5
 1547 003c 8066     		se_lbz %r6,0(%r6)
 1548 003e 00C6     		se_extzb %r6
 1549 0040 9067     		se_stb %r6,0(%r7)
 1550              		.loc 1 194 0 discriminator 3
 1551 0042 C371     		se_lwz %r7,12(%r1)
 1552 0044 2007     		se_addi %r7,1
 1553 0046 D371     		se_stw %r7,12(%r1)
 1554              	.L42:
 1555              		.loc 1 194 0 is_stmt 0 discriminator 1
 1556 0048 C371     		se_lwz %r7,12(%r1)
 1557 004a 2A37     		se_cmpi %r7,3
 1558 004c 7F800020 		e_mcrf %cr7,%cr0
 1559 0050 7CE00026 		mfcr %r7
 1560 0054 74E7E007 		e_rlwinm %r7,%r7,28,0xf0000000
 1561 0058 7CE80120 		mtcrf 128,%r7
 1562 005c 7A01FFBC 		e_ble %cr0,.L43
 1563              	.LBE6:
 1564              		.loc 1 193 0 is_stmt 1 discriminator 2
 1565 0060 C271     		se_lwz %r7,8(%r1)
 1566 0062 2007     		se_addi %r7,1
 1567 0064 D271     		se_stw %r7,8(%r1)
 1568              	.L41:
 1569              		.loc 1 193 0 is_stmt 0 discriminator 1
 1570 0066 C271     		se_lwz %r7,8(%r1)
 1571 0068 2AF7     		se_cmpi %r7,15
 1572 006a 7F800020 		e_mcrf %cr7,%cr0
 1573 006e 7CE00026 		mfcr %r7
 1574 0072 74E7E007 		e_rlwinm %r7,%r7,28,0xf0000000
 1575 0076 7CE80120 		mtcrf 128,%r7
 1576 007a 7A01FF96 		e_ble %cr0,.L44
 1577              	.LBE5:
 1578              		.loc 1 199 0 is_stmt 1
 1579 007e 21F1     		se_addi %r1,32
 1580              	.LCFI5:
 1581              		.cfi_def_cfa_offset 0
 1582 0080 0004     		se_blr
 1583              		.cfi_endproc
 1584              	.LFE2:
 1585              		.size	converto4byteorder, .-converto4byteorder
 1586              		.section	".text","axv"
 1587              	.Letext0:
 1588              		.file 2 "c:\\spc5studio-6.0\\eclipse\\plugins\\com.st.tools.spc5.tools.gnu.gcc.ppcvle.win32_4.9.4.
 1589              		.file 3 "c:\\spc5studio-6.0\\eclipse\\plugins\\com.st.tools.spc5.tools.gnu.gcc.ppcvle.win32_4.9.4.
 1590              		.section	.debug_info,"",@progbits
 1591              	.Ldebug_info0:
 1592 0000 00000223 		.4byte	0x223
 1593 0004 0002     		.2byte	0x2
 1594 0006 00000000 		.4byte	.Ldebug_abbrev0
 1595 000a 04       		.byte	0x4
 1596 000b 01       		.uleb128 0x1
GAS LISTING C:\Users\bayra\AppData\Local\Temp\ccpnfajA.s 			page 29


 1597 000c 00000000 		.4byte	.LASF27
 1598 0010 01       		.byte	0x1
 1599 0011 00000000 		.4byte	.LASF28
 1600 0015 00000000 		.4byte	.LASF29
 1601 0019 00000000 		.4byte	.Ldebug_ranges0+0
 1602 001d 00000000 		.4byte	0
 1603 0021 00000000 		.4byte	0
 1604 0025 00000000 		.4byte	.Ldebug_line0
 1605 0029 02       		.uleb128 0x2
 1606 002a 01       		.byte	0x1
 1607 002b 06       		.byte	0x6
 1608 002c 00000000 		.4byte	.LASF0
 1609 0030 03       		.uleb128 0x3
 1610 0031 00000000 		.4byte	.LASF5
 1611 0035 02       		.byte	0x2
 1612 0036 1D       		.byte	0x1d
 1613 0037 0000003B 		.4byte	0x3b
 1614 003b 02       		.uleb128 0x2
 1615 003c 01       		.byte	0x1
 1616 003d 08       		.byte	0x8
 1617 003e 00000000 		.4byte	.LASF1
 1618 0042 02       		.uleb128 0x2
 1619 0043 02       		.byte	0x2
 1620 0044 05       		.byte	0x5
 1621 0045 00000000 		.4byte	.LASF2
 1622 0049 02       		.uleb128 0x2
 1623 004a 02       		.byte	0x2
 1624 004b 07       		.byte	0x7
 1625 004c 00000000 		.4byte	.LASF3
 1626 0050 02       		.uleb128 0x2
 1627 0051 04       		.byte	0x4
 1628 0052 05       		.byte	0x5
 1629 0053 00000000 		.4byte	.LASF4
 1630 0057 03       		.uleb128 0x3
 1631 0058 00000000 		.4byte	.LASF6
 1632 005c 02       		.byte	0x2
 1633 005d 41       		.byte	0x41
 1634 005e 00000062 		.4byte	0x62
 1635 0062 02       		.uleb128 0x2
 1636 0063 04       		.byte	0x4
 1637 0064 07       		.byte	0x7
 1638 0065 00000000 		.4byte	.LASF7
 1639 0069 02       		.uleb128 0x2
 1640 006a 08       		.byte	0x8
 1641 006b 05       		.byte	0x5
 1642 006c 00000000 		.4byte	.LASF8
 1643 0070 02       		.uleb128 0x2
 1644 0071 08       		.byte	0x8
 1645 0072 07       		.byte	0x7
 1646 0073 00000000 		.4byte	.LASF9
 1647 0077 04       		.uleb128 0x4
 1648 0078 04       		.byte	0x4
 1649 0079 05       		.byte	0x5
 1650 007a 696E7400 		.string	"int"
 1651 007e 02       		.uleb128 0x2
 1652 007f 04       		.byte	0x4
 1653 0080 07       		.byte	0x7
GAS LISTING C:\Users\bayra\AppData\Local\Temp\ccpnfajA.s 			page 30


 1654 0081 00000000 		.4byte	.LASF10
 1655 0085 02       		.uleb128 0x2
 1656 0086 04       		.byte	0x4
 1657 0087 07       		.byte	0x7
 1658 0088 00000000 		.4byte	.LASF11
 1659 008c 02       		.uleb128 0x2
 1660 008d 01       		.byte	0x1
 1661 008e 08       		.byte	0x8
 1662 008f 00000000 		.4byte	.LASF12
 1663 0093 03       		.uleb128 0x3
 1664 0094 00000000 		.4byte	.LASF13
 1665 0098 03       		.byte	0x3
 1666 0099 15       		.byte	0x15
 1667 009a 00000030 		.4byte	0x30
 1668 009e 03       		.uleb128 0x3
 1669 009f 00000000 		.4byte	.LASF14
 1670 00a3 03       		.byte	0x3
 1671 00a4 2D       		.byte	0x2d
 1672 00a5 00000057 		.4byte	0x57
 1673 00a9 05       		.uleb128 0x5
 1674 00aa 01       		.byte	0x1
 1675 00ab 00000000 		.4byte	.LASF30
 1676 00af 01       		.byte	0x1
 1677 00b0 24       		.byte	0x24
 1678 00b1 01       		.byte	0x1
 1679 00b2 00000093 		.4byte	0x93
 1680 00b6 00000000 		.4byte	.LFB0
 1681 00ba 00000000 		.4byte	.LFE0
 1682 00be 00000000 		.4byte	.LLST0
 1683 00c2 01       		.byte	0x1
 1684 00c3 00000129 		.4byte	0x129
 1685 00c7 06       		.uleb128 0x6
 1686 00c8 00000000 		.4byte	.LASF15
 1687 00cc 01       		.byte	0x1
 1688 00cd 24       		.byte	0x24
 1689 00ce 00000129 		.4byte	0x129
 1690 00d2 02       		.byte	0x2
 1691 00d3 91       		.byte	0x91
 1692 00d4 70       		.sleb128 -16
 1693 00d5 06       		.uleb128 0x6
 1694 00d6 00000000 		.4byte	.LASF16
 1695 00da 01       		.byte	0x1
 1696 00db 24       		.byte	0x24
 1697 00dc 0000009E 		.4byte	0x9e
 1698 00e0 02       		.byte	0x2
 1699 00e1 91       		.byte	0x91
 1700 00e2 74       		.sleb128 -12
 1701 00e3 06       		.uleb128 0x6
 1702 00e4 00000000 		.4byte	.LASF17
 1703 00e8 01       		.byte	0x1
 1704 00e9 25       		.byte	0x25
 1705 00ea 0000009E 		.4byte	0x9e
 1706 00ee 02       		.byte	0x2
 1707 00ef 91       		.byte	0x91
 1708 00f0 78       		.sleb128 -8
 1709 00f1 07       		.uleb128 0x7
 1710 00f2 63726300 		.string	"crc"
GAS LISTING C:\Users\bayra\AppData\Local\Temp\ccpnfajA.s 			page 31


 1711 00f6 01       		.byte	0x1
 1712 00f7 26       		.byte	0x26
 1713 00f8 00000093 		.4byte	0x93
 1714 00fc 03       		.byte	0x3
 1715 00fd 91       		.byte	0x91
 1716 00fe A07D     		.sleb128 -352
 1717 0100 08       		.uleb128 0x8
 1718 0101 00000000 		.4byte	.LASF18
 1719 0105 01       		.byte	0x1
 1720 0106 27       		.byte	0x27
 1721 0107 00000093 		.4byte	0x93
 1722 010b 03       		.byte	0x3
 1723 010c 91       		.byte	0x91
 1724 010d A87D     		.sleb128 -344
 1725 010f 09       		.uleb128 0x9
 1726 0110 00000000 		.4byte	.LBB2
 1727 0114 00000000 		.4byte	.LBE2
 1728 0118 08       		.uleb128 0x8
 1729 0119 00000000 		.4byte	.LASF19
 1730 011d 01       		.byte	0x1
 1731 011e 2C       		.byte	0x2c
 1732 011f 0000009E 		.4byte	0x9e
 1733 0123 03       		.byte	0x3
 1734 0124 91       		.byte	0x91
 1735 0125 A47D     		.sleb128 -348
 1736 0127 00       		.byte	0
 1737 0128 00       		.byte	0
 1738 0129 0A       		.uleb128 0xa
 1739 012a 04       		.byte	0x4
 1740 012b 0000012F 		.4byte	0x12f
 1741 012f 0B       		.uleb128 0xb
 1742 0130 00000093 		.4byte	0x93
 1743 0134 0C       		.uleb128 0xc
 1744 0135 01       		.byte	0x1
 1745 0136 00000000 		.4byte	.LASF22
 1746 013a 01       		.byte	0x1
 1747 013b B8       		.byte	0xb8
 1748 013c 01       		.byte	0x1
 1749 013d 00000000 		.4byte	.LFB1
 1750 0141 00000000 		.4byte	.LFE1
 1751 0145 00000000 		.4byte	.LLST1
 1752 0149 01       		.byte	0x1
 1753 014a 00000197 		.4byte	0x197
 1754 014e 06       		.uleb128 0x6
 1755 014f 00000000 		.4byte	.LASF20
 1756 0153 01       		.byte	0x1
 1757 0154 B8       		.byte	0xb8
 1758 0155 00000197 		.4byte	0x197
 1759 0159 02       		.byte	0x2
 1760 015a 91       		.byte	0x91
 1761 015b 78       		.sleb128 -8
 1762 015c 06       		.uleb128 0x6
 1763 015d 00000000 		.4byte	.LASF21
 1764 0161 01       		.byte	0x1
 1765 0162 B8       		.byte	0xb8
 1766 0163 00000197 		.4byte	0x197
 1767 0167 02       		.byte	0x2
GAS LISTING C:\Users\bayra\AppData\Local\Temp\ccpnfajA.s 			page 32


 1768 0168 91       		.byte	0x91
 1769 0169 7C       		.sleb128 -4
 1770 016a 09       		.uleb128 0x9
 1771 016b 00000000 		.4byte	.LBB3
 1772 016f 00000000 		.4byte	.LBE3
 1773 0173 07       		.uleb128 0x7
 1774 0174 6900     		.string	"i"
 1775 0176 01       		.byte	0x1
 1776 0177 B9       		.byte	0xb9
 1777 0178 00000077 		.4byte	0x77
 1778 017c 02       		.byte	0x2
 1779 017d 91       		.byte	0x91
 1780 017e 68       		.sleb128 -24
 1781 017f 09       		.uleb128 0x9
 1782 0180 00000000 		.4byte	.LBB4
 1783 0184 00000000 		.4byte	.LBE4
 1784 0188 07       		.uleb128 0x7
 1785 0189 6A00     		.string	"j"
 1786 018b 01       		.byte	0x1
 1787 018c BA       		.byte	0xba
 1788 018d 00000077 		.4byte	0x77
 1789 0191 02       		.byte	0x2
 1790 0192 91       		.byte	0x91
 1791 0193 6C       		.sleb128 -20
 1792 0194 00       		.byte	0
 1793 0195 00       		.byte	0
 1794 0196 00       		.byte	0
 1795 0197 0A       		.uleb128 0xa
 1796 0198 04       		.byte	0x4
 1797 0199 00000093 		.4byte	0x93
 1798 019d 0C       		.uleb128 0xc
 1799 019e 01       		.byte	0x1
 1800 019f 00000000 		.4byte	.LASF23
 1801 01a3 01       		.byte	0x1
 1802 01a4 C0       		.byte	0xc0
 1803 01a5 01       		.byte	0x1
 1804 01a6 00000000 		.4byte	.LFB2
 1805 01aa 00000000 		.4byte	.LFE2
 1806 01ae 00000000 		.4byte	.LLST2
 1807 01b2 01       		.byte	0x1
 1808 01b3 00000200 		.4byte	0x200
 1809 01b7 06       		.uleb128 0x6
 1810 01b8 00000000 		.4byte	.LASF24
 1811 01bc 01       		.byte	0x1
 1812 01bd C0       		.byte	0xc0
 1813 01be 00000197 		.4byte	0x197
 1814 01c2 02       		.byte	0x2
 1815 01c3 91       		.byte	0x91
 1816 01c4 78       		.sleb128 -8
 1817 01c5 06       		.uleb128 0x6
 1818 01c6 00000000 		.4byte	.LASF25
 1819 01ca 01       		.byte	0x1
 1820 01cb C0       		.byte	0xc0
 1821 01cc 00000197 		.4byte	0x197
 1822 01d0 02       		.byte	0x2
 1823 01d1 91       		.byte	0x91
 1824 01d2 7C       		.sleb128 -4
GAS LISTING C:\Users\bayra\AppData\Local\Temp\ccpnfajA.s 			page 33


 1825 01d3 09       		.uleb128 0x9
 1826 01d4 00000000 		.4byte	.LBB5
 1827 01d8 00000000 		.4byte	.LBE5
 1828 01dc 07       		.uleb128 0x7
 1829 01dd 6900     		.string	"i"
 1830 01df 01       		.byte	0x1
 1831 01e0 C1       		.byte	0xc1
 1832 01e1 00000077 		.4byte	0x77
 1833 01e5 02       		.byte	0x2
 1834 01e6 91       		.byte	0x91
 1835 01e7 68       		.sleb128 -24
 1836 01e8 09       		.uleb128 0x9
 1837 01e9 00000000 		.4byte	.LBB6
 1838 01ed 00000000 		.4byte	.LBE6
 1839 01f1 07       		.uleb128 0x7
 1840 01f2 6A00     		.string	"j"
 1841 01f4 01       		.byte	0x1
 1842 01f5 C2       		.byte	0xc2
 1843 01f6 00000077 		.4byte	0x77
 1844 01fa 02       		.byte	0x2
 1845 01fb 91       		.byte	0x91
 1846 01fc 6C       		.sleb128 -20
 1847 01fd 00       		.byte	0
 1848 01fe 00       		.byte	0
 1849 01ff 00       		.byte	0
 1850 0200 0D       		.uleb128 0xd
 1851 0201 00000093 		.4byte	0x93
 1852 0205 00000210 		.4byte	0x210
 1853 0209 0E       		.uleb128 0xe
 1854 020a 00000085 		.4byte	0x85
 1855 020e FF       		.byte	0xff
 1856 020f 00       		.byte	0
 1857 0210 08       		.uleb128 0x8
 1858 0211 00000000 		.4byte	.LASF26
 1859 0215 01       		.byte	0x1
 1860 0216 0D       		.byte	0xd
 1861 0217 00000221 		.4byte	0x221
 1862 021b 05       		.byte	0x5
 1863 021c 03       		.byte	0x3
 1864 021d 00000000 		.4byte	crc8H2F_tab
 1865 0221 0B       		.uleb128 0xb
 1866 0222 00000200 		.4byte	0x200
 1867 0226 00       		.byte	0
 1868              		.section	.debug_abbrev,"",@progbits
 1869              	.Ldebug_abbrev0:
 1870 0000 01       		.uleb128 0x1
 1871 0001 11       		.uleb128 0x11
 1872 0002 01       		.byte	0x1
 1873 0003 25       		.uleb128 0x25
 1874 0004 0E       		.uleb128 0xe
 1875 0005 13       		.uleb128 0x13
 1876 0006 0B       		.uleb128 0xb
 1877 0007 03       		.uleb128 0x3
 1878 0008 0E       		.uleb128 0xe
 1879 0009 1B       		.uleb128 0x1b
 1880 000a 0E       		.uleb128 0xe
 1881 000b 55       		.uleb128 0x55
GAS LISTING C:\Users\bayra\AppData\Local\Temp\ccpnfajA.s 			page 34


 1882 000c 06       		.uleb128 0x6
 1883 000d 11       		.uleb128 0x11
 1884 000e 01       		.uleb128 0x1
 1885 000f 52       		.uleb128 0x52
 1886 0010 01       		.uleb128 0x1
 1887 0011 10       		.uleb128 0x10
 1888 0012 06       		.uleb128 0x6
 1889 0013 00       		.byte	0
 1890 0014 00       		.byte	0
 1891 0015 02       		.uleb128 0x2
 1892 0016 24       		.uleb128 0x24
 1893 0017 00       		.byte	0
 1894 0018 0B       		.uleb128 0xb
 1895 0019 0B       		.uleb128 0xb
 1896 001a 3E       		.uleb128 0x3e
 1897 001b 0B       		.uleb128 0xb
 1898 001c 03       		.uleb128 0x3
 1899 001d 0E       		.uleb128 0xe
 1900 001e 00       		.byte	0
 1901 001f 00       		.byte	0
 1902 0020 03       		.uleb128 0x3
 1903 0021 16       		.uleb128 0x16
 1904 0022 00       		.byte	0
 1905 0023 03       		.uleb128 0x3
 1906 0024 0E       		.uleb128 0xe
 1907 0025 3A       		.uleb128 0x3a
 1908 0026 0B       		.uleb128 0xb
 1909 0027 3B       		.uleb128 0x3b
 1910 0028 0B       		.uleb128 0xb
 1911 0029 49       		.uleb128 0x49
 1912 002a 13       		.uleb128 0x13
 1913 002b 00       		.byte	0
 1914 002c 00       		.byte	0
 1915 002d 04       		.uleb128 0x4
 1916 002e 24       		.uleb128 0x24
 1917 002f 00       		.byte	0
 1918 0030 0B       		.uleb128 0xb
 1919 0031 0B       		.uleb128 0xb
 1920 0032 3E       		.uleb128 0x3e
 1921 0033 0B       		.uleb128 0xb
 1922 0034 03       		.uleb128 0x3
 1923 0035 08       		.uleb128 0x8
 1924 0036 00       		.byte	0
 1925 0037 00       		.byte	0
 1926 0038 05       		.uleb128 0x5
 1927 0039 2E       		.uleb128 0x2e
 1928 003a 01       		.byte	0x1
 1929 003b 3F       		.uleb128 0x3f
 1930 003c 0C       		.uleb128 0xc
 1931 003d 03       		.uleb128 0x3
 1932 003e 0E       		.uleb128 0xe
 1933 003f 3A       		.uleb128 0x3a
 1934 0040 0B       		.uleb128 0xb
 1935 0041 3B       		.uleb128 0x3b
 1936 0042 0B       		.uleb128 0xb
 1937 0043 27       		.uleb128 0x27
 1938 0044 0C       		.uleb128 0xc
GAS LISTING C:\Users\bayra\AppData\Local\Temp\ccpnfajA.s 			page 35


 1939 0045 49       		.uleb128 0x49
 1940 0046 13       		.uleb128 0x13
 1941 0047 11       		.uleb128 0x11
 1942 0048 01       		.uleb128 0x1
 1943 0049 12       		.uleb128 0x12
 1944 004a 01       		.uleb128 0x1
 1945 004b 40       		.uleb128 0x40
 1946 004c 06       		.uleb128 0x6
 1947 004d 9742     		.uleb128 0x2117
 1948 004f 0C       		.uleb128 0xc
 1949 0050 01       		.uleb128 0x1
 1950 0051 13       		.uleb128 0x13
 1951 0052 00       		.byte	0
 1952 0053 00       		.byte	0
 1953 0054 06       		.uleb128 0x6
 1954 0055 05       		.uleb128 0x5
 1955 0056 00       		.byte	0
 1956 0057 03       		.uleb128 0x3
 1957 0058 0E       		.uleb128 0xe
 1958 0059 3A       		.uleb128 0x3a
 1959 005a 0B       		.uleb128 0xb
 1960 005b 3B       		.uleb128 0x3b
 1961 005c 0B       		.uleb128 0xb
 1962 005d 49       		.uleb128 0x49
 1963 005e 13       		.uleb128 0x13
 1964 005f 02       		.uleb128 0x2
 1965 0060 0A       		.uleb128 0xa
 1966 0061 00       		.byte	0
 1967 0062 00       		.byte	0
 1968 0063 07       		.uleb128 0x7
 1969 0064 34       		.uleb128 0x34
 1970 0065 00       		.byte	0
 1971 0066 03       		.uleb128 0x3
 1972 0067 08       		.uleb128 0x8
 1973 0068 3A       		.uleb128 0x3a
 1974 0069 0B       		.uleb128 0xb
 1975 006a 3B       		.uleb128 0x3b
 1976 006b 0B       		.uleb128 0xb
 1977 006c 49       		.uleb128 0x49
 1978 006d 13       		.uleb128 0x13
 1979 006e 02       		.uleb128 0x2
 1980 006f 0A       		.uleb128 0xa
 1981 0070 00       		.byte	0
 1982 0071 00       		.byte	0
 1983 0072 08       		.uleb128 0x8
 1984 0073 34       		.uleb128 0x34
 1985 0074 00       		.byte	0
 1986 0075 03       		.uleb128 0x3
 1987 0076 0E       		.uleb128 0xe
 1988 0077 3A       		.uleb128 0x3a
 1989 0078 0B       		.uleb128 0xb
 1990 0079 3B       		.uleb128 0x3b
 1991 007a 0B       		.uleb128 0xb
 1992 007b 49       		.uleb128 0x49
 1993 007c 13       		.uleb128 0x13
 1994 007d 02       		.uleb128 0x2
 1995 007e 0A       		.uleb128 0xa
GAS LISTING C:\Users\bayra\AppData\Local\Temp\ccpnfajA.s 			page 36


 1996 007f 00       		.byte	0
 1997 0080 00       		.byte	0
 1998 0081 09       		.uleb128 0x9
 1999 0082 0B       		.uleb128 0xb
 2000 0083 01       		.byte	0x1
 2001 0084 11       		.uleb128 0x11
 2002 0085 01       		.uleb128 0x1
 2003 0086 12       		.uleb128 0x12
 2004 0087 01       		.uleb128 0x1
 2005 0088 00       		.byte	0
 2006 0089 00       		.byte	0
 2007 008a 0A       		.uleb128 0xa
 2008 008b 0F       		.uleb128 0xf
 2009 008c 00       		.byte	0
 2010 008d 0B       		.uleb128 0xb
 2011 008e 0B       		.uleb128 0xb
 2012 008f 49       		.uleb128 0x49
 2013 0090 13       		.uleb128 0x13
 2014 0091 00       		.byte	0
 2015 0092 00       		.byte	0
 2016 0093 0B       		.uleb128 0xb
 2017 0094 26       		.uleb128 0x26
 2018 0095 00       		.byte	0
 2019 0096 49       		.uleb128 0x49
 2020 0097 13       		.uleb128 0x13
 2021 0098 00       		.byte	0
 2022 0099 00       		.byte	0
 2023 009a 0C       		.uleb128 0xc
 2024 009b 2E       		.uleb128 0x2e
 2025 009c 01       		.byte	0x1
 2026 009d 3F       		.uleb128 0x3f
 2027 009e 0C       		.uleb128 0xc
 2028 009f 03       		.uleb128 0x3
 2029 00a0 0E       		.uleb128 0xe
 2030 00a1 3A       		.uleb128 0x3a
 2031 00a2 0B       		.uleb128 0xb
 2032 00a3 3B       		.uleb128 0x3b
 2033 00a4 0B       		.uleb128 0xb
 2034 00a5 27       		.uleb128 0x27
 2035 00a6 0C       		.uleb128 0xc
 2036 00a7 11       		.uleb128 0x11
 2037 00a8 01       		.uleb128 0x1
 2038 00a9 12       		.uleb128 0x12
 2039 00aa 01       		.uleb128 0x1
 2040 00ab 40       		.uleb128 0x40
 2041 00ac 06       		.uleb128 0x6
 2042 00ad 9742     		.uleb128 0x2117
 2043 00af 0C       		.uleb128 0xc
 2044 00b0 01       		.uleb128 0x1
 2045 00b1 13       		.uleb128 0x13
 2046 00b2 00       		.byte	0
 2047 00b3 00       		.byte	0
 2048 00b4 0D       		.uleb128 0xd
 2049 00b5 01       		.uleb128 0x1
 2050 00b6 01       		.byte	0x1
 2051 00b7 49       		.uleb128 0x49
 2052 00b8 13       		.uleb128 0x13
GAS LISTING C:\Users\bayra\AppData\Local\Temp\ccpnfajA.s 			page 37


 2053 00b9 01       		.uleb128 0x1
 2054 00ba 13       		.uleb128 0x13
 2055 00bb 00       		.byte	0
 2056 00bc 00       		.byte	0
 2057 00bd 0E       		.uleb128 0xe
 2058 00be 21       		.uleb128 0x21
 2059 00bf 00       		.byte	0
 2060 00c0 49       		.uleb128 0x49
 2061 00c1 13       		.uleb128 0x13
 2062 00c2 2F       		.uleb128 0x2f
 2063 00c3 0B       		.uleb128 0xb
 2064 00c4 00       		.byte	0
 2065 00c5 00       		.byte	0
 2066 00c6 00       		.byte	0
 2067              		.section	.debug_loc,"",@progbits
 2068              	.Ldebug_loc0:
 2069              	.LLST0:
 2070 0000 00000000 		.4byte	.LFB0
 2071 0004 00000000 		.4byte	.LCFI0
 2072 0008 0002     		.2byte	0x2
 2073 000a 71       		.byte	0x71
 2074 000b 00       		.sleb128 0
 2075 000c 00000000 		.4byte	.LCFI0
 2076 0010 00000000 		.4byte	.LCFI1
 2077 0014 0003     		.2byte	0x3
 2078 0016 71       		.byte	0x71
 2079 0017 E802     		.sleb128 360
 2080 0019 00000000 		.4byte	.LCFI1
 2081 001d 00000000 		.4byte	.LFE0
 2082 0021 0002     		.2byte	0x2
 2083 0023 71       		.byte	0x71
 2084 0024 00       		.sleb128 0
 2085 0025 00000000 		.4byte	0
 2086 0029 00000000 		.4byte	0
 2087              	.LLST1:
 2088 002d 00000000 		.4byte	.LFB1
 2089 0031 00000000 		.4byte	.LCFI2
 2090 0035 0002     		.2byte	0x2
 2091 0037 71       		.byte	0x71
 2092 0038 00       		.sleb128 0
 2093 0039 00000000 		.4byte	.LCFI2
 2094 003d 00000000 		.4byte	.LCFI3
 2095 0041 0002     		.2byte	0x2
 2096 0043 71       		.byte	0x71
 2097 0044 20       		.sleb128 32
 2098 0045 00000000 		.4byte	.LCFI3
 2099 0049 00000000 		.4byte	.LFE1
 2100 004d 0002     		.2byte	0x2
 2101 004f 71       		.byte	0x71
 2102 0050 00       		.sleb128 0
 2103 0051 00000000 		.4byte	0
 2104 0055 00000000 		.4byte	0
 2105              	.LLST2:
 2106 0059 00000000 		.4byte	.LFB2
 2107 005d 00000000 		.4byte	.LCFI4
 2108 0061 0002     		.2byte	0x2
 2109 0063 71       		.byte	0x71
GAS LISTING C:\Users\bayra\AppData\Local\Temp\ccpnfajA.s 			page 38


 2110 0064 00       		.sleb128 0
 2111 0065 00000000 		.4byte	.LCFI4
 2112 0069 00000000 		.4byte	.LCFI5
 2113 006d 0002     		.2byte	0x2
 2114 006f 71       		.byte	0x71
 2115 0070 20       		.sleb128 32
 2116 0071 00000000 		.4byte	.LCFI5
 2117 0075 00000000 		.4byte	.LFE2
 2118 0079 0002     		.2byte	0x2
 2119 007b 71       		.byte	0x71
 2120 007c 00       		.sleb128 0
 2121 007d 00000000 		.4byte	0
 2122 0081 00000000 		.4byte	0
 2123              		.section	.debug_aranges,"",@progbits
 2124 0000 0000002C 		.4byte	0x2c
 2125 0004 0002     		.2byte	0x2
 2126 0006 00000000 		.4byte	.Ldebug_info0
 2127 000a 04       		.byte	0x4
 2128 000b 00       		.byte	0
 2129 000c 0000     		.2byte	0
 2130 000e 0000     		.2byte	0
 2131 0010 00000000 		.4byte	.LFB0
 2132 0014 00000882 		.4byte	.LFE0-.LFB0
 2133 0018 00000000 		.4byte	.LFB1
 2134 001c 00000082 		.4byte	.LFE1-.LFB1
 2135 0020 00000000 		.4byte	.LFB2
 2136 0024 00000082 		.4byte	.LFE2-.LFB2
 2137 0028 00000000 		.4byte	0
 2138 002c 00000000 		.4byte	0
 2139              		.section	.debug_ranges,"",@progbits
 2140              	.Ldebug_ranges0:
 2141 0000 00000000 		.4byte	.LFB0
 2142 0004 00000000 		.4byte	.LFE0
 2143 0008 00000000 		.4byte	.LFB1
 2144 000c 00000000 		.4byte	.LFE1
 2145 0010 00000000 		.4byte	.LFB2
 2146 0014 00000000 		.4byte	.LFE2
 2147 0018 00000000 		.4byte	0
 2148 001c 00000000 		.4byte	0
 2149              		.section	.debug_line,"",@progbits
 2150              	.Ldebug_line0:
 2151 0000 00000291 		.section	.debug_str,"MS",@progbits,1
 2151      00020000 
 2151      015D0201 
 2151      FB0E0D00 
 2151      01010101 
 2152              	.LASF5:
 2153 0000 5F5F7569 		.string	"__uint8_t"
 2153      6E74385F 
 2153      7400
 2154              	.LASF17:
 2155 000a 61647265 		.string	"adress"
 2155      737300
 2156              	.LASF3:
 2157 0011 73686F72 		.string	"short unsigned int"
 2157      7420756E 
 2157      7369676E 
GAS LISTING C:\Users\bayra\AppData\Local\Temp\ccpnfajA.s 			page 39


 2157      65642069 
 2157      6E7400
 2158              	.LASF22:
 2159 0024 636F6E76 		.string	"converto1byteorder"
 2159      6572746F 
 2159      31627974 
 2159      656F7264 
 2159      657200
 2160              	.LASF19:
 2161 0037 62797465 		.string	"byte"
 2161      00
 2162              	.LASF18:
 2163 003c 636F756E 		.string	"counter"
 2163      74657200 
 2164              	.LASF9:
 2165 0044 6C6F6E67 		.string	"long long unsigned int"
 2165      206C6F6E 
 2165      6720756E 
 2165      7369676E 
 2165      65642069 
 2166              	.LASF1:
 2167 005b 756E7369 		.string	"unsigned char"
 2167      676E6564 
 2167      20636861 
 2167      7200
 2168              	.LASF26:
 2169 0069 63726338 		.string	"crc8H2F_tab"
 2169      4832465F 
 2169      74616200 
 2170              	.LASF7:
 2171 0075 6C6F6E67 		.string	"long unsigned int"
 2171      20756E73 
 2171      69676E65 
 2171      6420696E 
 2171      7400
 2172              	.LASF28:
 2173 0087 2E2F736F 		.string	"./source/src/crc.c"
 2173      75726365 
 2173      2F737263 
 2173      2F637263 
 2173      2E6300
 2174              	.LASF30:
 2175 009a 4372635F 		.string	"Crc_CalculateCRC8H2F"
 2175      43616C63 
 2175      756C6174 
 2175      65435243 
 2175      38483246 
 2176              	.LASF21:
 2177 00af 62797465 		.string	"byteout1"
 2177      6F757431 
 2177      00
 2178              	.LASF6:
 2179 00b8 5F5F7569 		.string	"__uint32_t"
 2179      6E743332 
 2179      5F7400
 2180              	.LASF10:
 2181 00c3 756E7369 		.string	"unsigned int"
GAS LISTING C:\Users\bayra\AppData\Local\Temp\ccpnfajA.s 			page 40


 2181      676E6564 
 2181      20696E74 
 2181      00
 2182              	.LASF15:
 2183 00d0 4372635F 		.string	"Crc_DataPtr"
 2183      44617461 
 2183      50747200 
 2184              	.LASF13:
 2185 00dc 75696E74 		.string	"uint8_t"
 2185      385F7400 
 2186              	.LASF24:
 2187 00e4 62797465 		.string	"bytein1"
 2187      696E3100 
 2188              	.LASF20:
 2189 00ec 62797465 		.string	"bytein4"
 2189      696E3400 
 2190              	.LASF0:
 2191 00f4 7369676E 		.string	"signed char"
 2191      65642063 
 2191      68617200 
 2192              	.LASF25:
 2193 0100 62797465 		.string	"byteout4"
 2193      6F757434 
 2193      00
 2194              	.LASF11:
 2195 0109 73697A65 		.string	"sizetype"
 2195      74797065 
 2195      00
 2196              	.LASF8:
 2197 0112 6C6F6E67 		.string	"long long int"
 2197      206C6F6E 
 2197      6720696E 
 2197      7400
 2198              	.LASF23:
 2199 0120 636F6E76 		.string	"converto4byteorder"
 2199      6572746F 
 2199      34627974 
 2199      656F7264 
 2199      657200
 2200              	.LASF12:
 2201 0133 63686172 		.string	"char"
 2201      00
 2202              	.LASF16:
 2203 0138 4372635F 		.string	"Crc_Length"
 2203      4C656E67 
 2203      746800
 2204              	.LASF2:
 2205 0143 73686F72 		.string	"short int"
 2205      7420696E 
 2205      7400
 2206              	.LASF14:
 2207 014d 75696E74 		.string	"uint32_t"
 2207      33325F74 
 2207      00
 2208              	.LASF4:
 2209 0156 6C6F6E67 		.string	"long int"
 2209      20696E74 
GAS LISTING C:\Users\bayra\AppData\Local\Temp\ccpnfajA.s 			page 41


 2209      00
 2210              	.LASF27:
 2211 015f 474E5520 		.ascii	"GNU C 4.9.4 20160726 (Sat May 27 11:09:55 CDT 2017         b"
 2211      4320342E 
 2211      392E3420 
 2211      32303136 
 2211      30373236 
 2212 019b 75696C64 		.ascii	"uild.sh"
 2212      2E7368
 2213 01a2 20726576 		.string	" rev=gd8b6c20 s=F494 ELe200 -V release_gd8b6c20_build_Fed_ELe200_ML0) -mcall-sysv -mcpu=e
 2213      3D676438 
 2213      62366332 
 2213      3020733D 
 2213      46343934 
 2214              	.LASF29:
 2215 02a3 443A5C47 		.string	"D:\\GitKraken\\SPC58EC80E5\\Gateway"
 2215      69744B72 
 2215      616B656E 
 2215      5C535043 
 2215      35384543 
 2216              		.ident	"GCC: (GNU) 4.9.4 20160726 (Sat May 27 11:09:55 CDT 2017         build.sh rev=gd8b6c20 s=F4
GAS LISTING C:\Users\bayra\AppData\Local\Temp\ccpnfajA.s 			page 42


DEFINED SYMBOLS
                            *ABS*:00000000 crc.c
C:\Users\bayra\AppData\Local\Temp\ccpnfajA.s:9      .rodata.crc8H2F_tab:00000000 crc8H2F_tab
C:\Users\bayra\AppData\Local\Temp\ccpnfajA.s:632    .text.Crc_CalculateCRC8H2F:00000000 Crc_CalculateCRC8H2F
C:\Users\bayra\AppData\Local\Temp\ccpnfajA.s:1429   .text.converto1byteorder:00000000 converto1byteorder
C:\Users\bayra\AppData\Local\Temp\ccpnfajA.s:1510   .text.converto4byteorder:00000000 converto4byteorder

NO UNDEFINED SYMBOLS
