GAS LISTING C:\Users\bayra\AppData\Local\Temp\ccMgx5bk.s 			page 1


   1              		.file	"croutine.c"
   2              		.section	".text","axv"
   3              	.Ltext0:
   4              		.cfi_sections	.debug_frame
   5              	.Letext0:
   6              		.section	.debug_info,"",@progbits
   7              	.Ldebug_info0:
   8 0000 0000006E 		.4byte	0x6e
   9 0004 0002     		.2byte	0x2
  10 0006 00000000 		.4byte	.Ldebug_abbrev0
  11 000a 04       		.byte	0x4
  12 000b 01       		.uleb128 0x1
  13 000c 00000000 		.4byte	.LASF11
  14 0010 01       		.byte	0x1
  15 0011 00000000 		.4byte	.LASF12
  16 0015 00000000 		.4byte	.LASF13
  17 0019 00000000 		.4byte	.Ldebug_line0
  18 001d 02       		.uleb128 0x2
  19 001e 04       		.byte	0x4
  20 001f 05       		.byte	0x5
  21 0020 696E7400 		.string	"int"
  22 0024 03       		.uleb128 0x3
  23 0025 04       		.byte	0x4
  24 0026 07       		.byte	0x7
  25 0027 00000000 		.4byte	.LASF0
  26 002b 03       		.uleb128 0x3
  27 002c 04       		.byte	0x4
  28 002d 05       		.byte	0x5
  29 002e 00000000 		.4byte	.LASF1
  30 0032 03       		.uleb128 0x3
  31 0033 01       		.byte	0x1
  32 0034 06       		.byte	0x6
  33 0035 00000000 		.4byte	.LASF2
  34 0039 03       		.uleb128 0x3
  35 003a 01       		.byte	0x1
  36 003b 08       		.byte	0x8
  37 003c 00000000 		.4byte	.LASF3
  38 0040 03       		.uleb128 0x3
  39 0041 02       		.byte	0x2
  40 0042 05       		.byte	0x5
  41 0043 00000000 		.4byte	.LASF4
  42 0047 03       		.uleb128 0x3
  43 0048 02       		.byte	0x2
  44 0049 07       		.byte	0x7
  45 004a 00000000 		.4byte	.LASF5
  46 004e 03       		.uleb128 0x3
  47 004f 04       		.byte	0x4
  48 0050 07       		.byte	0x7
  49 0051 00000000 		.4byte	.LASF6
  50 0055 03       		.uleb128 0x3
  51 0056 08       		.byte	0x8
  52 0057 05       		.byte	0x5
  53 0058 00000000 		.4byte	.LASF7
  54 005c 03       		.uleb128 0x3
  55 005d 08       		.byte	0x8
  56 005e 07       		.byte	0x7
  57 005f 00000000 		.4byte	.LASF8
GAS LISTING C:\Users\bayra\AppData\Local\Temp\ccMgx5bk.s 			page 2


  58 0063 03       		.uleb128 0x3
  59 0064 04       		.byte	0x4
  60 0065 07       		.byte	0x7
  61 0066 00000000 		.4byte	.LASF9
  62 006a 03       		.uleb128 0x3
  63 006b 01       		.byte	0x1
  64 006c 08       		.byte	0x8
  65 006d 00000000 		.4byte	.LASF10
  66 0071 00       		.byte	0
  67              		.section	.debug_abbrev,"",@progbits
  68              	.Ldebug_abbrev0:
  69 0000 01       		.uleb128 0x1
  70 0001 11       		.uleb128 0x11
  71 0002 01       		.byte	0x1
  72 0003 25       		.uleb128 0x25
  73 0004 0E       		.uleb128 0xe
  74 0005 13       		.uleb128 0x13
  75 0006 0B       		.uleb128 0xb
  76 0007 03       		.uleb128 0x3
  77 0008 0E       		.uleb128 0xe
  78 0009 1B       		.uleb128 0x1b
  79 000a 0E       		.uleb128 0xe
  80 000b 10       		.uleb128 0x10
  81 000c 06       		.uleb128 0x6
  82 000d 00       		.byte	0
  83 000e 00       		.byte	0
  84 000f 02       		.uleb128 0x2
  85 0010 24       		.uleb128 0x24
  86 0011 00       		.byte	0
  87 0012 0B       		.uleb128 0xb
  88 0013 0B       		.uleb128 0xb
  89 0014 3E       		.uleb128 0x3e
  90 0015 0B       		.uleb128 0xb
  91 0016 03       		.uleb128 0x3
  92 0017 08       		.uleb128 0x8
  93 0018 00       		.byte	0
  94 0019 00       		.byte	0
  95 001a 03       		.uleb128 0x3
  96 001b 24       		.uleb128 0x24
  97 001c 00       		.byte	0
  98 001d 0B       		.uleb128 0xb
  99 001e 0B       		.uleb128 0xb
 100 001f 3E       		.uleb128 0x3e
 101 0020 0B       		.uleb128 0xb
 102 0021 03       		.uleb128 0x3
 103 0022 0E       		.uleb128 0xe
 104 0023 00       		.byte	0
 105 0024 00       		.byte	0
 106 0025 00       		.byte	0
 107              		.section	.debug_aranges,"",@progbits
 108 0000 00000014 		.4byte	0x14
 109 0004 0002     		.2byte	0x2
 110 0006 00000000 		.4byte	.Ldebug_info0
 111 000a 04       		.byte	0x4
 112 000b 00       		.byte	0
 113 000c 0000     		.2byte	0
 114 000e 0000     		.2byte	0
GAS LISTING C:\Users\bayra\AppData\Local\Temp\ccMgx5bk.s 			page 3


 115 0010 00000000 		.4byte	0
 116 0014 00000000 		.4byte	0
 117              		.section	.debug_line,"",@progbits
 118              	.Ldebug_line0:
 119 0000 00000019 		.section	.debug_str,"MS",@progbits,1
 119      00020000 
 119      00130201 
 119      FB0E0D00 
 119      01010101 
 120              	.LASF12:
 121 0000 2E2F636F 		.string	"./components/spc5_freertos_component_rla/lib/src/croutine.c"
 121      6D706F6E 
 121      656E7473 
 121      2F737063 
 121      355F6672 
 122              	.LASF0:
 123 003c 756E7369 		.string	"unsigned int"
 123      676E6564 
 123      20696E74 
 123      00
 124              	.LASF6:
 125 0049 6C6F6E67 		.string	"long unsigned int"
 125      20756E73 
 125      69676E65 
 125      6420696E 
 125      7400
 126              	.LASF2:
 127 005b 7369676E 		.string	"signed char"
 127      65642063 
 127      68617200 
 128              	.LASF5:
 129 0067 73686F72 		.string	"short unsigned int"
 129      7420756E 
 129      7369676E 
 129      65642069 
 129      6E7400
 130              	.LASF4:
 131 007a 73686F72 		.string	"short int"
 131      7420696E 
 131      7400
 132              	.LASF8:
 133 0084 6C6F6E67 		.string	"long long unsigned int"
 133      206C6F6E 
 133      6720756E 
 133      7369676E 
 133      65642069 
 134              	.LASF3:
 135 009b 756E7369 		.string	"unsigned char"
 135      676E6564 
 135      20636861 
 135      7200
 136              	.LASF1:
 137 00a9 6C6F6E67 		.string	"long int"
 137      20696E74 
 137      00
 138              	.LASF9:
 139 00b2 73697A65 		.string	"sizetype"
GAS LISTING C:\Users\bayra\AppData\Local\Temp\ccMgx5bk.s 			page 4


 139      74797065 
 139      00
 140              	.LASF13:
 141 00bb 433A5C53 		.string	"C:\\SPC5Studio-6.0\\workspace\\Gateway"
 141      50433553 
 141      74756469 
 141      6F2D362E 
 141      305C776F 
 142              	.LASF10:
 143 00df 63686172 		.string	"char"
 143      00
 144              	.LASF11:
 145 00e4 474E5520 		.ascii	"GNU C 4.9.4 20160726 (Sat May 27 11:09:55 CDT 2017         b"
 145      4320342E 
 145      392E3420 
 145      32303136 
 145      30373236 
 146 0120 75696C64 		.ascii	"uild.sh"
 146      2E7368
 147 0127 20726576 		.string	" rev=gd8b6c20 s=F494 ELe200 -V release_gd8b6c20_build_Fed_ELe200_ML0) -mcall-sysv -mcpu=e
 147      3D676438 
 147      62366332 
 147      3020733D 
 147      46343934 
 148              	.LASF7:
 149 0228 6C6F6E67 		.string	"long long int"
 149      206C6F6E 
 149      6720696E 
 149      7400
 150              		.ident	"GCC: (GNU) 4.9.4 20160726 (Sat May 27 11:09:55 CDT 2017         build.sh rev=gd8b6c20 s=F4
GAS LISTING C:\Users\bayra\AppData\Local\Temp\ccMgx5bk.s 			page 5


DEFINED SYMBOLS
                            *ABS*:00000000 croutine.c

NO UNDEFINED SYMBOLS
