GAS LISTING C:\Users\bayra\AppData\Local\Temp\ccgfWZ0Q.s 			page 1


   1              	# 1 "./components/spc58ecxx_platform_component_rla/lib/src/crt0.s"
   1              	/****************************************************************************
   0              	
   0              	
   2              	*
   3              	* Copyright © 2015-2021 STMicroelectronics - All Rights Reserved
   4              	*
   5              	* This software is licensed under SLA0098 terms that can be found in the
   6              	* DM00779817_1_0.pdf file in the licenses directory of this software product.
   7              	* 
   8              	* THIS SOFTWARE IS DISTRIBUTED "AS IS," AND ALL WARRANTIES ARE DISCLAIMED, 
   9              	* INCLUDING MERCHANTABILITY AND FITNESS FOR A PARTICULAR PURPOSE.
  10              	*
  11              	*****************************************************************************/
  12              	/**
  13              	 * @file    crt0.s
  14              	 * @brief   Generic PowerPC startup file for GCC.
  15              	 *
  16              	 * @addtogroup PPC_STARTUP
  17              	 * @{
  18              	 */
  19              	
  20              	#include "boot.h"
   1              	/****************************************************************************
  21              	#include "toolchain.h"
   1              	/****************************************************************************
  22              	
  23              	/* Cache not enabled or not present. Nop instruction. */
  24              	#ifndef __INIT_CACHE_CORE0
  25              	#define __INIT_CACHE_CORE0	e_ori 0, 0, 0
  26              	#endif
  27              	#ifndef __INIT_CACHE_CORE1
  28              	#define __INIT_CACHE_CORE1	e_ori 0, 0, 0
  29              	#endif
  30              	#ifndef __INIT_CACHE_CORE2
  31              	#define __INIT_CACHE_CORE2	e_ori 0, 0, 0
  32              	#endif
  33              	
  34              	#if !defined(__DOXYGEN__)
  35              	
  36              	        .section    .crt0, "axv"
  37              	        .align		2
  38              	        .globl      _boot_address
  39              	        .type       _boot_address, @function
  40              	_VLE
  41              	_boot_address:
  42              	        /*
  43              	         * Stack setup.
  44              	         */
  45 0000 7020E000 			e_lis       %r1, HI(__process_stack_end__)
  46 0004 7020C000 	        e_or2i      %r1, LO(__process_stack_end__)
  47 0008 4800     	        se_li       %r0, 0
  48 000a 180106F8 	        e_stwu      %r0, -8(%r1)
  49              	        /*
  50              	         * Small sections registers initialization.
  51              	         */
  52 000e 7040E000 	        e_lis       %r2,  HI(__sdata2_start__)
GAS LISTING C:\Users\bayra\AppData\Local\Temp\ccgfWZ0Q.s 			page 2


  53 0012 7040C000 	        e_or2i      %r2,  LO(__sdata2_start__)
  54 0016 71A0E000 	        e_lis       %r13, HI(__sdata_start__)
  55 001a 71A0C000 	        e_or2i      %r13, LO(__sdata_start__)
  56              			/* 
  57              			 * Cache initialization.
  58              			 */
  59 001e 1800D000 			__INIT_CACHE_CORE2
  60              	        /*
  61              	         * Early initialization.
  62              	         */
  63 0022 78000001 	        e_bl        __early_init
  64              	        /*
  65              	         * BSS clearing.
  66              	         */
  67 0026 7080E000 	        e_lis       %r4, HI(__bss_start__)
  68 002a 7080C000 	        e_or2i      %r4, LO(__bss_start__)
  69 002e 70A0E000 	        e_lis       %r5, HI(__bss_end__)
  70 0032 70A0C000 	        e_or2i      %r5, LO(__bss_end__)
  71 0036 4807     	        se_li       %r7, 0
  72              	.bssloop:
  73 0038 7C042840 	        cmpl        cr0, %r4, %r5
  74 003c E004     	        se_bge      .bssend
  75 003e D074     	        se_stw      %r7, 0(%r4)
  76 0040 2034     	        se_addi     %r4, 4
  77 0042 E8FB     	        se_b        .bssloop
  78              	.bssend:
  79              	
  80              	#if !BOOT_LOAD_IN_RAM
  81              	        /*
  82              	         * DATA initialization.
  83              	         */
  84              	        e_lis       %r4, HI(__romdata_start__)
  85              	        e_or2i      %r4, LO(__romdata_start__)
  86              	        e_lis       %r5, HI(__data_start__)
  87              	        e_or2i      %r5, LO(__data_start__)
  88              	        e_lis       %r6, HI(__data_end__)
  89              	        e_or2i      %r6, LO(__data_end__)
  90              	.dataloop:
  91              	        cmpl        cr0, %r5, %r6
  92              	        se_bge      .dataend
  93              	        se_lwz      %r7, 0(%r4)
  94              	        se_addi     %r4, 4
  95              	        se_stw      %r7, 0(%r5)
  96              	        se_addi     %r5, 4
  97              	        se_b        .dataloop
  98              	.dataend:
  99              	#endif
 100              	
 101              	        /*
 102              	         * Late initialization.
 103              	         */
 104 0044 78000001 	        e_bl        __late_init
 105              	        /*
 106              	         * Main program invocation.
 107              	         */
 108 0048 78000001 	        e_bl        main
 109 004c 78000000 	        e_b         _main_exit_handler
GAS LISTING C:\Users\bayra\AppData\Local\Temp\ccgfWZ0Q.s 			page 3


 110              	
 111              	        /*
 112              	         * Default main exit code, infinite loop.
 113              	         */
 114              	        .weak       _main_exit_handler
 115              	        .globl      _main_exit_handler
 116              	        .type       _main_exit_handler, @function
 117              	_main_exit_handler:
 118 0050 78000000 	        e_b         _main_exit_handler
 119              	
 120              	        /*
 121              	         * Default early initialization code, none.
 122              	         */
 123              	        .weak       __early_init
 124              	        .globl      __early_init
 125              	        .type       __early_init, @function
 126              	__early_init:
 127 0054 0004     	        se_blr
 128              	
 129              	        /*
 130              	         * Default late initialization code, none.
 131              	         */
 132              	        .weak       __late_init
 133              	        .globl      __late_init
 134              	        .type       __late_init, @function
 135              	__late_init:
 136 0056 0004     	        se_blr
 137              	
 138              	        /*
 139              	         * __eabi code, fix for freegcc 4.9.4.
 140              	         */
 141              	        .weak       __eabi
 142              	        .globl      __eabi
 143              	        .type       __eabi, @function
 144              	__eabi:
 145 0058 0004     	        se_blr
GAS LISTING C:\Users\bayra\AppData\Local\Temp\ccgfWZ0Q.s 			page 4


DEFINED SYMBOLS
./components/spc58ecxx_platform_component_rla/lib/src/crt0.s:41     .crt0:00000000 _boot_address
./components/spc58ecxx_platform_component_rla/lib/src/crt0.s:126    .crt0:00000054 __early_init
./components/spc58ecxx_platform_component_rla/lib/src/crt0.s:72     .crt0:00000038 .bssloop
./components/spc58ecxx_platform_component_rla/lib/src/crt0.s:78     .crt0:00000044 .bssend
./components/spc58ecxx_platform_component_rla/lib/src/crt0.s:135    .crt0:00000056 __late_init
./components/spc58ecxx_platform_component_rla/lib/src/crt0.s:117    .crt0:00000050 _main_exit_handler
./components/spc58ecxx_platform_component_rla/lib/src/crt0.s:144    .crt0:00000058 __eabi

UNDEFINED SYMBOLS
__process_stack_end__
__sdata2_start__
__sdata_start__
__bss_start__
__bss_end__
main
