GAS LISTING C:\Users\bayra\AppData\Local\Temp\ccUx7mN5.s 			page 1


   1              		.file	"event_groups.c"
   2              		.section	".text","axv"
   3              	.Ltext0:
   4              		.cfi_sections	.debug_frame
   5              		.section	.text.xEventGroupCreate,"axv",@progbits
   6              		.align 1
   7              		.p2align 4,,15
   8              		.globl xEventGroupCreate
   9              		.type	xEventGroupCreate, @function
  10              	xEventGroupCreate:
  11              	.LFB0:
  12              		.file 1 "./components/spc5_freertos_component_rla/lib/src/event_groups.c"
  13              		.loc 1 146 0
  14              		.cfi_startproc
  15 0000 182106E8 		e_stwu %r1,-24(%r1)
  16              	.LCFI0:
  17              		.cfi_def_cfa_offset 24
  18 0004 0080     		se_mflr %r0
  19 0006 D701     		se_stw %r0,28(%r1)
  20              		.cfi_offset 65, 4
  21              		.loc 1 162 0
  22 0008 4983     		se_li %r3,24
  23 000a 78000001 		e_bl pvPortMalloc
  24 000e D231     		se_stw %r3,8(%r1)
  25              		.loc 1 164 0
  26 0010 C271     		se_lwz %r7,8(%r1)
  27 0012 2A07     		se_cmpi %r7,0
  28 0014 7F800020 		e_mcrf %cr7,%cr0
  29 0018 7CE00026 		mfcr %r7
  30 001c 74E7E007 		e_rlwinm %r7,%r7,28,0xf0000000
  31 0020 7CE80120 		mtcrf 128,%r7
  32 0024 7A120014 		e_beq %cr0,.L2
  33              		.loc 1 166 0
  34 0028 C271     		se_lwz %r7,8(%r1)
  35 002a 4806     		se_li %r6,0
  36 002c D067     		se_stw %r6,0(%r7)
  37              		.loc 1 167 0
  38 002e C271     		se_lwz %r7,8(%r1)
  39 0030 2037     		se_addi %r7,4
  40 0032 0173     		se_mr %r3,%r7
  41 0034 78000001 		e_bl vListInitialise
  42              	.L2:
  43              		.loc 1 185 0
  44 0038 C271     		se_lwz %r7,8(%r1)
  45              		.loc 1 186 0
  46 003a 0173     		se_mr %r3,%r7
  47 003c C701     		se_lwz %r0,28(%r1)
  48 003e 0090     		se_mtlr %r0
  49 0040 2171     		se_addi %r1,24
  50              	.LCFI1:
  51              		.cfi_def_cfa_offset 0
  52 0042 0004     		se_blr
  53              		.cfi_endproc
  54              	.LFE0:
  55              		.size	xEventGroupCreate, .-xEventGroupCreate
  56              		.section	.text.xEventGroupSync,"axv",@progbits
  57              		.align 1
GAS LISTING C:\Users\bayra\AppData\Local\Temp\ccUx7mN5.s 			page 2


  58              		.p2align 4,,15
  59              		.globl xEventGroupSync
  60              		.type	xEventGroupSync, @function
  61              	xEventGroupSync:
  62              	.LFB1:
  63              		.loc 1 192 0
  64              		.cfi_startproc
  65 0000 182106C8 		e_stwu %r1,-56(%r1)
  66              	.LCFI2:
  67              		.cfi_def_cfa_offset 56
  68 0004 0080     		se_mflr %r0
  69 0006 DF01     		se_stw %r0,60(%r1)
  70              		.cfi_offset 65, 4
  71 0008 DA31     		se_stw %r3,40(%r1)
  72 000a DB41     		se_stw %r4,44(%r1)
  73 000c DC51     		se_stw %r5,48(%r1)
  74 000e DD61     		se_stw %r6,52(%r1)
  75              		.loc 1 194 0
  76 0010 CA71     		se_lwz %r7,40(%r1)
  77 0012 D371     		se_stw %r7,12(%r1)
  78              		.loc 1 196 0
  79 0014 4807     		se_li %r7,0
  80 0016 D471     		se_stw %r7,16(%r1)
  81              		.loc 1 206 0
  82 0018 78000001 		e_bl vTaskSuspendAll
  83              		.loc 1 208 0
  84 001c C371     		se_lwz %r7,12(%r1)
  85 001e C077     		se_lwz %r7,0(%r7)
  86 0020 D571     		se_stw %r7,20(%r1)
  87              		.loc 1 210 0
  88 0022 CA31     		se_lwz %r3,40(%r1)
  89 0024 CB41     		se_lwz %r4,44(%r1)
  90 0026 78000001 		e_bl xEventGroupSetBits
  91              		.loc 1 212 0
  92 002a C561     		se_lwz %r6,20(%r1)
  93 002c CB71     		se_lwz %r7,44(%r1)
  94 002e 4476     		se_or %r6,%r7
  95 0030 CC71     		se_lwz %r7,48(%r1)
  96 0032 4676     		se_and %r6,%r7
  97 0034 CC71     		se_lwz %r7,48(%r1)
  98 0036 7F863800 		cmp %cr7,%r6,%r7
  99 003a 7CE00026 		mfcr %r7
 100 003e 74E7E007 		e_rlwinm %r7,%r7,28,0xf0000000
 101 0042 7CE80120 		mtcrf 128,%r7
 102 0046 7A020022 		e_bne %cr0,.L5
 103              		.loc 1 215 0
 104 004a C561     		se_lwz %r6,20(%r1)
 105 004c CB71     		se_lwz %r7,44(%r1)
 106 004e 4467     		se_or %r7,%r6
 107 0050 D271     		se_stw %r7,8(%r1)
 108              		.loc 1 219 0
 109 0052 C371     		se_lwz %r7,12(%r1)
 110 0054 C067     		se_lwz %r6,0(%r7)
 111 0056 CC71     		se_lwz %r7,48(%r1)
 112 0058 0027     		se_not %r7
 113 005a 4676     		se_and %r6,%r7
 114 005c C371     		se_lwz %r7,12(%r1)
GAS LISTING C:\Users\bayra\AppData\Local\Temp\ccUx7mN5.s 			page 3


 115 005e D067     		se_stw %r6,0(%r7)
 116              		.loc 1 221 0
 117 0060 4807     		se_li %r7,0
 118 0062 DD71     		se_stw %r7,52(%r1)
 119 0064 78000044 		e_b .L6
 120              	.L5:
 121              		.loc 1 225 0
 122 0068 CD71     		se_lwz %r7,52(%r1)
 123 006a 2A07     		se_cmpi %r7,0
 124 006c 7F800020 		e_mcrf %cr7,%cr0
 125 0070 7CE00026 		mfcr %r7
 126 0074 74E7E007 		e_rlwinm %r7,%r7,28,0xf0000000
 127 0078 7CE80120 		mtcrf 128,%r7
 128 007c 7A120022 		e_beq %cr0,.L7
 129              		.loc 1 232 0
 130 0080 C371     		se_lwz %r7,12(%r1)
 131 0082 18C78004 		e_addi %r6,%r7,4
 132 0086 CC71     		se_lwz %r7,48(%r1)
 133 0088 18E7D305 		e_ori %r7,%r7,83886080
 134 008c 0163     		se_mr %r3,%r6
 135 008e 0174     		se_mr %r4,%r7
 136 0090 CD51     		se_lwz %r5,52(%r1)
 137 0092 78000001 		e_bl vTaskPlaceOnUnorderedEventList
 138              		.loc 1 238 0
 139 0096 4807     		se_li %r7,0
 140 0098 D271     		se_stw %r7,8(%r1)
 141 009a 7800000E 		e_b .L6
 142              	.L7:
 143              		.loc 1 244 0
 144 009e C371     		se_lwz %r7,12(%r1)
 145 00a0 C077     		se_lwz %r7,0(%r7)
 146 00a2 D271     		se_stw %r7,8(%r1)
 147              		.loc 1 245 0
 148 00a4 4817     		se_li %r7,1
 149 00a6 D471     		se_stw %r7,16(%r1)
 150              	.L6:
 151              		.loc 1 249 0
 152 00a8 78000001 		e_bl xTaskResumeAll
 153 00ac D631     		se_stw %r3,24(%r1)
 154              		.loc 1 251 0
 155 00ae CD71     		se_lwz %r7,52(%r1)
 156 00b0 2A07     		se_cmpi %r7,0
 157 00b2 7F800020 		e_mcrf %cr7,%cr0
 158 00b6 7CE00026 		mfcr %r7
 159 00ba 74E7E007 		e_rlwinm %r7,%r7,28,0xf0000000
 160 00be 7CE80120 		mtcrf 128,%r7
 161 00c2 7A120084 		e_beq %cr0,.L8
 162              		.loc 1 253 0
 163 00c6 C671     		se_lwz %r7,24(%r1)
 164 00c8 2A07     		se_cmpi %r7,0
 165 00ca 7F800020 		e_mcrf %cr7,%cr0
 166 00ce 7CE00026 		mfcr %r7
 167 00d2 74E7E007 		e_rlwinm %r7,%r7,28,0xf0000000
 168 00d6 7CE80120 		mtcrf 128,%r7
 169 00da 7A020006 		e_bne %cr0,.L9
 170              		.loc 1 255 0
 171              	 # 255 "./components/spc5_freertos_component_rla/lib/src/event_groups.c" 1
GAS LISTING C:\Users\bayra\AppData\Local\Temp\ccUx7mN5.s 			page 4


 172 00de 0002     		se_sc
 173              	 # 0 "" 2
 174              	.L9:
 175              		.loc 1 266 0
 176 00e0 78000001 		e_bl uxTaskResetEventItemValue
 177 00e4 D231     		se_stw %r3,8(%r1)
 178              		.loc 1 268 0
 179 00e6 C271     		se_lwz %r7,8(%r1)
 180 00e8 18E7C302 		e_andi %r7,%r7,33554432
 181 00ec 2A07     		se_cmpi %r7,0
 182 00ee 7F800020 		e_mcrf %cr7,%cr0
 183 00f2 7CE00026 		mfcr %r7
 184 00f6 74E7E007 		e_rlwinm %r7,%r7,28,0xf0000000
 185 00fa 7CE80120 		mtcrf 128,%r7
 186 00fe 7A020040 		e_bne %cr0,.L10
 187              		.loc 1 271 0
 188 0102 78000001 		e_bl vTaskEnterCritical
 189              		.loc 1 273 0
 190 0106 C371     		se_lwz %r7,12(%r1)
 191 0108 C077     		se_lwz %r7,0(%r7)
 192 010a D271     		se_stw %r7,8(%r1)
 193              		.loc 1 279 0
 194 010c C261     		se_lwz %r6,8(%r1)
 195 010e CC71     		se_lwz %r7,48(%r1)
 196 0110 4676     		se_and %r6,%r7
 197 0112 CC71     		se_lwz %r7,48(%r1)
 198 0114 7F863800 		cmp %cr7,%r6,%r7
 199 0118 7CE00026 		mfcr %r7
 200 011c 74E7E007 		e_rlwinm %r7,%r7,28,0xf0000000
 201 0120 7CE80120 		mtcrf 128,%r7
 202 0124 7A020012 		e_bne %cr0,.L11
 203              		.loc 1 281 0
 204 0128 C371     		se_lwz %r7,12(%r1)
 205 012a C067     		se_lwz %r6,0(%r7)
 206 012c CC71     		se_lwz %r7,48(%r1)
 207 012e 0027     		se_not %r7
 208 0130 4676     		se_and %r6,%r7
 209 0132 C371     		se_lwz %r7,12(%r1)
 210 0134 D067     		se_stw %r6,0(%r7)
 211              	.L11:
 212              		.loc 1 288 0
 213 0136 78000001 		e_bl vTaskExitCritical
 214              		.loc 1 290 0
 215 013a 4817     		se_li %r7,1
 216 013c D471     		se_stw %r7,16(%r1)
 217              	.L10:
 218              		.loc 1 299 0
 219 013e C271     		se_lwz %r7,8(%r1)
 220 0140 18E7C700 		e_andi %r7,%r7,16777215
 221 0144 D271     		se_stw %r7,8(%r1)
 222              	.L8:
 223              		.loc 1 307 0
 224 0146 C271     		se_lwz %r7,8(%r1)
 225              		.loc 1 308 0
 226 0148 0173     		se_mr %r3,%r7
 227 014a CF01     		se_lwz %r0,60(%r1)
 228 014c 0090     		se_mtlr %r0
GAS LISTING C:\Users\bayra\AppData\Local\Temp\ccUx7mN5.s 			page 5


 229 014e 18218038 		e_addi %r1,%r1,56
 230              	.LCFI3:
 231              		.cfi_def_cfa_offset 0
 232 0152 0004     		se_blr
 233              		.cfi_endproc
 234              	.LFE1:
 235              		.size	xEventGroupSync, .-xEventGroupSync
 236              		.section	.text.xEventGroupWaitBits,"axv",@progbits
 237              		.align 1
 238              		.p2align 4,,15
 239              		.globl xEventGroupWaitBits
 240              		.type	xEventGroupWaitBits, @function
 241              	xEventGroupWaitBits:
 242              	.LFB2:
 243              		.loc 1 312 0
 244              		.cfi_startproc
 245 0000 182106C0 		e_stwu %r1,-64(%r1)
 246              	.LCFI4:
 247              		.cfi_def_cfa_offset 64
 248 0004 0080     		se_mflr %r0
 249 0006 54010044 		e_stw %r0,68(%r1)
 250              		.cfi_offset 65, 4
 251 000a DA31     		se_stw %r3,40(%r1)
 252 000c DB41     		se_stw %r4,44(%r1)
 253 000e DC51     		se_stw %r5,48(%r1)
 254 0010 DD61     		se_stw %r6,52(%r1)
 255 0012 DE71     		se_stw %r7,56(%r1)
 256              		.loc 1 313 0
 257 0014 CA71     		se_lwz %r7,40(%r1)
 258 0016 D471     		se_stw %r7,16(%r1)
 259              		.loc 1 314 0
 260 0018 4807     		se_li %r7,0
 261 001a D371     		se_stw %r7,12(%r1)
 262              		.loc 1 316 0
 263 001c 4807     		se_li %r7,0
 264 001e D571     		se_stw %r7,20(%r1)
 265              		.loc 1 329 0
 266 0020 78000001 		e_bl vTaskSuspendAll
 267              	.LBB2:
 268              		.loc 1 331 0
 269 0024 C471     		se_lwz %r7,16(%r1)
 270 0026 C077     		se_lwz %r7,0(%r7)
 271 0028 D671     		se_stw %r7,24(%r1)
 272              		.loc 1 334 0
 273 002a C631     		se_lwz %r3,24(%r1)
 274 002c CB41     		se_lwz %r4,44(%r1)
 275 002e CD51     		se_lwz %r5,52(%r1)
 276 0030 78000001 		e_bl prvTestWaitCondition
 277 0034 D731     		se_stw %r3,28(%r1)
 278              		.loc 1 336 0
 279 0036 C771     		se_lwz %r7,28(%r1)
 280 0038 2A07     		se_cmpi %r7,0
 281 003a 7F800020 		e_mcrf %cr7,%cr0
 282 003e 7CE00026 		mfcr %r7
 283 0042 74E7E007 		e_rlwinm %r7,%r7,28,0xf0000000
 284 0046 7CE80120 		mtcrf 128,%r7
 285 004a 7A120036 		e_beq %cr0,.L14
GAS LISTING C:\Users\bayra\AppData\Local\Temp\ccUx7mN5.s 			page 6


 286              		.loc 1 340 0
 287 004e C671     		se_lwz %r7,24(%r1)
 288 0050 D271     		se_stw %r7,8(%r1)
 289              		.loc 1 341 0
 290 0052 4807     		se_li %r7,0
 291 0054 DE71     		se_stw %r7,56(%r1)
 292              		.loc 1 344 0
 293 0056 CC71     		se_lwz %r7,48(%r1)
 294 0058 2A07     		se_cmpi %r7,0
 295 005a 7F800020 		e_mcrf %cr7,%cr0
 296 005e 7CE00026 		mfcr %r7
 297 0062 74E7E007 		e_rlwinm %r7,%r7,28,0xf0000000
 298 0066 7CE80120 		mtcrf 128,%r7
 299 006a 7A120090 		e_beq %cr0,.L15
 300              		.loc 1 346 0
 301 006e C471     		se_lwz %r7,16(%r1)
 302 0070 C067     		se_lwz %r6,0(%r7)
 303 0072 CB71     		se_lwz %r7,44(%r1)
 304 0074 0027     		se_not %r7
 305 0076 4676     		se_and %r6,%r7
 306 0078 C471     		se_lwz %r7,16(%r1)
 307 007a D067     		se_stw %r6,0(%r7)
 308 007c 7800007E 		e_b .L15
 309              	.L14:
 310              		.loc 1 353 0
 311 0080 CE71     		se_lwz %r7,56(%r1)
 312 0082 2A07     		se_cmpi %r7,0
 313 0084 7F800020 		e_mcrf %cr7,%cr0
 314 0088 7CE00026 		mfcr %r7
 315 008c 74E7E007 		e_rlwinm %r7,%r7,28,0xf0000000
 316 0090 7CE80120 		mtcrf 128,%r7
 317 0094 7A020010 		e_bne %cr0,.L16
 318              		.loc 1 357 0
 319 0098 C671     		se_lwz %r7,24(%r1)
 320 009a D271     		se_stw %r7,8(%r1)
 321              		.loc 1 358 0
 322 009c 4817     		se_li %r7,1
 323 009e D571     		se_stw %r7,20(%r1)
 324 00a0 7800005A 		e_b .L15
 325              	.L16:
 326              		.loc 1 366 0
 327 00a4 CC71     		se_lwz %r7,48(%r1)
 328 00a6 2A07     		se_cmpi %r7,0
 329 00a8 7F800020 		e_mcrf %cr7,%cr0
 330 00ac 7CE00026 		mfcr %r7
 331 00b0 74E7E007 		e_rlwinm %r7,%r7,28,0xf0000000
 332 00b4 7CE80120 		mtcrf 128,%r7
 333 00b8 7A12000A 		e_beq %cr0,.L17
 334              		.loc 1 368 0
 335 00bc C371     		se_lwz %r7,12(%r1)
 336 00be 6477     		se_bseti %r7,7
 337 00c0 D371     		se_stw %r7,12(%r1)
 338              	.L17:
 339              		.loc 1 375 0
 340 00c2 CD71     		se_lwz %r7,52(%r1)
 341 00c4 2A07     		se_cmpi %r7,0
 342 00c6 7F800020 		e_mcrf %cr7,%cr0
GAS LISTING C:\Users\bayra\AppData\Local\Temp\ccUx7mN5.s 			page 7


 343 00ca 7CE00026 		mfcr %r7
 344 00ce 74E7E007 		e_rlwinm %r7,%r7,28,0xf0000000
 345 00d2 7CE80120 		mtcrf 128,%r7
 346 00d6 7A12000A 		e_beq %cr0,.L18
 347              		.loc 1 377 0
 348 00da C371     		se_lwz %r7,12(%r1)
 349 00dc 6457     		se_bseti %r7,5
 350 00de D371     		se_stw %r7,12(%r1)
 351              	.L18:
 352              		.loc 1 387 0
 353 00e0 C471     		se_lwz %r7,16(%r1)
 354 00e2 18A78004 		e_addi %r5,%r7,4
 355 00e6 CB61     		se_lwz %r6,44(%r1)
 356 00e8 C371     		se_lwz %r7,12(%r1)
 357 00ea 4467     		se_or %r7,%r6
 358 00ec 0153     		se_mr %r3,%r5
 359 00ee 0174     		se_mr %r4,%r7
 360 00f0 CE51     		se_lwz %r5,56(%r1)
 361 00f2 78000001 		e_bl vTaskPlaceOnUnorderedEventList
 362              		.loc 1 392 0
 363 00f6 4807     		se_li %r7,0
 364 00f8 D271     		se_stw %r7,8(%r1)
 365              	.L15:
 366              	.LBE2:
 367              		.loc 1 397 0
 368 00fa 78000001 		e_bl xTaskResumeAll
 369 00fe D831     		se_stw %r3,32(%r1)
 370              		.loc 1 399 0
 371 0100 CE71     		se_lwz %r7,56(%r1)
 372 0102 2A07     		se_cmpi %r7,0
 373 0104 7F800020 		e_mcrf %cr7,%cr0
 374 0108 7CE00026 		mfcr %r7
 375 010c 74E7E007 		e_rlwinm %r7,%r7,28,0xf0000000
 376 0110 7CE80120 		mtcrf 128,%r7
 377 0114 7A1200A2 		e_beq %cr0,.L19
 378              		.loc 1 401 0
 379 0118 C871     		se_lwz %r7,32(%r1)
 380 011a 2A07     		se_cmpi %r7,0
 381 011c 7F800020 		e_mcrf %cr7,%cr0
 382 0120 7CE00026 		mfcr %r7
 383 0124 74E7E007 		e_rlwinm %r7,%r7,28,0xf0000000
 384 0128 7CE80120 		mtcrf 128,%r7
 385 012c 7A020006 		e_bne %cr0,.L20
 386              		.loc 1 403 0
 387              	 # 403 "./components/spc5_freertos_component_rla/lib/src/event_groups.c" 1
 388 0130 0002     		se_sc
 389              	 # 0 "" 2
 390              	.L20:
 391              		.loc 1 414 0
 392 0132 78000001 		e_bl uxTaskResetEventItemValue
 393 0136 D231     		se_stw %r3,8(%r1)
 394              		.loc 1 416 0
 395 0138 C271     		se_lwz %r7,8(%r1)
 396 013a 18E7C302 		e_andi %r7,%r7,33554432
 397 013e 2A07     		se_cmpi %r7,0
 398 0140 7F800020 		e_mcrf %cr7,%cr0
 399 0144 7CE00026 		mfcr %r7
GAS LISTING C:\Users\bayra\AppData\Local\Temp\ccUx7mN5.s 			page 8


 400 0148 74E7E007 		e_rlwinm %r7,%r7,28,0xf0000000
 401 014c 7CE80120 		mtcrf 128,%r7
 402 0150 7A02005E 		e_bne %cr0,.L21
 403              		.loc 1 418 0
 404 0154 78000001 		e_bl vTaskEnterCritical
 405              		.loc 1 421 0
 406 0158 C471     		se_lwz %r7,16(%r1)
 407 015a C077     		se_lwz %r7,0(%r7)
 408 015c D271     		se_stw %r7,8(%r1)
 409              		.loc 1 425 0
 410 015e C231     		se_lwz %r3,8(%r1)
 411 0160 CB41     		se_lwz %r4,44(%r1)
 412 0162 CD51     		se_lwz %r5,52(%r1)
 413 0164 78000001 		e_bl prvTestWaitCondition
 414 0168 0137     		se_mr %r7,%r3
 415 016a 2A07     		se_cmpi %r7,0
 416 016c 7F800020 		e_mcrf %cr7,%cr0
 417 0170 7CE00026 		mfcr %r7
 418 0174 74E7E007 		e_rlwinm %r7,%r7,28,0xf0000000
 419 0178 7CE80120 		mtcrf 128,%r7
 420 017c 7A12002A 		e_beq %cr0,.L22
 421              		.loc 1 427 0
 422 0180 CC71     		se_lwz %r7,48(%r1)
 423 0182 2A07     		se_cmpi %r7,0
 424 0184 7F800020 		e_mcrf %cr7,%cr0
 425 0188 7CE00026 		mfcr %r7
 426 018c 74E7E007 		e_rlwinm %r7,%r7,28,0xf0000000
 427 0190 7CE80120 		mtcrf 128,%r7
 428 0194 7A120012 		e_beq %cr0,.L22
 429              		.loc 1 429 0
 430 0198 C471     		se_lwz %r7,16(%r1)
 431 019a C067     		se_lwz %r6,0(%r7)
 432 019c CB71     		se_lwz %r7,44(%r1)
 433 019e 0027     		se_not %r7
 434 01a0 4676     		se_and %r6,%r7
 435 01a2 C471     		se_lwz %r7,16(%r1)
 436 01a4 D067     		se_stw %r6,0(%r7)
 437              	.L22:
 438              		.loc 1 440 0
 439 01a6 4817     		se_li %r7,1
 440 01a8 D571     		se_stw %r7,20(%r1)
 441              		.loc 1 442 0
 442 01aa 78000001 		e_bl vTaskExitCritical
 443              	.L21:
 444              		.loc 1 450 0
 445 01ae C271     		se_lwz %r7,8(%r1)
 446 01b0 18E7C700 		e_andi %r7,%r7,16777215
 447 01b4 D271     		se_stw %r7,8(%r1)
 448              	.L19:
 449              		.loc 1 457 0
 450 01b6 C271     		se_lwz %r7,8(%r1)
 451              		.loc 1 458 0
 452 01b8 0173     		se_mr %r3,%r7
 453 01ba 50010044 		e_lwz %r0,68(%r1)
 454 01be 0090     		se_mtlr %r0
 455 01c0 18218040 		e_addi %r1,%r1,64
 456              	.LCFI5:
GAS LISTING C:\Users\bayra\AppData\Local\Temp\ccUx7mN5.s 			page 9


 457              		.cfi_def_cfa_offset 0
 458 01c4 0004     		se_blr
 459              		.cfi_endproc
 460              	.LFE2:
 461              		.size	xEventGroupWaitBits, .-xEventGroupWaitBits
 462              		.section	.text.xEventGroupClearBits,"axv",@progbits
 463              		.align 1
 464              		.p2align 4,,15
 465              		.globl xEventGroupClearBits
 466              		.type	xEventGroupClearBits, @function
 467              	xEventGroupClearBits:
 468              	.LFB3:
 469              		.loc 1 462 0
 470              		.cfi_startproc
 471 0000 182106E0 		e_stwu %r1,-32(%r1)
 472              	.LCFI6:
 473              		.cfi_def_cfa_offset 32
 474 0004 0080     		se_mflr %r0
 475 0006 D901     		se_stw %r0,36(%r1)
 476              		.cfi_offset 65, 4
 477 0008 D631     		se_stw %r3,24(%r1)
 478 000a D741     		se_stw %r4,28(%r1)
 479              		.loc 1 463 0
 480 000c C671     		se_lwz %r7,24(%r1)
 481 000e D271     		se_stw %r7,8(%r1)
 482              		.loc 1 471 0
 483 0010 78000001 		e_bl vTaskEnterCritical
 484              		.loc 1 477 0
 485 0014 C271     		se_lwz %r7,8(%r1)
 486 0016 C077     		se_lwz %r7,0(%r7)
 487 0018 D371     		se_stw %r7,12(%r1)
 488              		.loc 1 480 0
 489 001a C271     		se_lwz %r7,8(%r1)
 490 001c C067     		se_lwz %r6,0(%r7)
 491 001e C771     		se_lwz %r7,28(%r1)
 492 0020 0027     		se_not %r7
 493 0022 4676     		se_and %r6,%r7
 494 0024 C271     		se_lwz %r7,8(%r1)
 495 0026 D067     		se_stw %r6,0(%r7)
 496              		.loc 1 482 0
 497 0028 78000001 		e_bl vTaskExitCritical
 498              		.loc 1 484 0
 499 002c C371     		se_lwz %r7,12(%r1)
 500              		.loc 1 485 0
 501 002e 0173     		se_mr %r3,%r7
 502 0030 C901     		se_lwz %r0,36(%r1)
 503 0032 0090     		se_mtlr %r0
 504 0034 21F1     		se_addi %r1,32
 505              	.LCFI7:
 506              		.cfi_def_cfa_offset 0
 507 0036 0004     		se_blr
 508              		.cfi_endproc
 509              	.LFE3:
 510              		.size	xEventGroupClearBits, .-xEventGroupClearBits
 511              		.section	.text.xEventGroupGetBitsFromISR,"axv",@progbits
 512              		.align 1
 513              		.p2align 4,,15
GAS LISTING C:\Users\bayra\AppData\Local\Temp\ccUx7mN5.s 			page 10


 514              		.globl xEventGroupGetBitsFromISR
 515              		.type	xEventGroupGetBitsFromISR, @function
 516              	xEventGroupGetBitsFromISR:
 517              	.LFB4:
 518              		.loc 1 504 0
 519              		.cfi_startproc
 520 0000 182106E0 		e_stwu %r1,-32(%r1)
 521              	.LCFI8:
 522              		.cfi_def_cfa_offset 32
 523 0004 D631     		se_stw %r3,24(%r1)
 524              		.loc 1 506 0
 525 0006 C671     		se_lwz %r7,24(%r1)
 526 0008 D271     		se_stw %r7,8(%r1)
 527              		.loc 1 509 0
 528 000a 4807     		se_li %r7,0
 529 000c D371     		se_stw %r7,12(%r1)
 530              		.loc 1 511 0
 531 000e C271     		se_lwz %r7,8(%r1)
 532 0010 C077     		se_lwz %r7,0(%r7)
 533 0012 D471     		se_stw %r7,16(%r1)
 534              		.loc 1 515 0
 535 0014 C471     		se_lwz %r7,16(%r1)
 536              		.loc 1 516 0
 537 0016 0173     		se_mr %r3,%r7
 538 0018 21F1     		se_addi %r1,32
 539              	.LCFI9:
 540              		.cfi_def_cfa_offset 0
 541 001a 0004     		se_blr
 542              		.cfi_endproc
 543              	.LFE4:
 544              		.size	xEventGroupGetBitsFromISR, .-xEventGroupGetBitsFromISR
 545              		.section	.text.xEventGroupSetBits,"axv",@progbits
 546              		.align 1
 547              		.p2align 4,,15
 548              		.globl xEventGroupSetBits
 549              		.type	xEventGroupSetBits, @function
 550              	xEventGroupSetBits:
 551              	.LFB5:
 552              		.loc 1 520 0
 553              		.cfi_startproc
 554 0000 182106C0 		e_stwu %r1,-64(%r1)
 555              	.LCFI10:
 556              		.cfi_def_cfa_offset 64
 557 0004 0080     		se_mflr %r0
 558 0006 54010044 		e_stw %r0,68(%r1)
 559              		.cfi_offset 65, 4
 560 000a DE31     		se_stw %r3,56(%r1)
 561 000c DF41     		se_stw %r4,60(%r1)
 562              		.loc 1 524 0
 563 000e 4807     		se_li %r7,0
 564 0010 D371     		se_stw %r7,12(%r1)
 565              		.loc 1 525 0
 566 0012 CE71     		se_lwz %r7,56(%r1)
 567 0014 D571     		se_stw %r7,20(%r1)
 568              		.loc 1 526 0
 569 0016 4807     		se_li %r7,0
 570 0018 D471     		se_stw %r7,16(%r1)
GAS LISTING C:\Users\bayra\AppData\Local\Temp\ccUx7mN5.s 			page 11


 571              		.loc 1 533 0
 572 001a C571     		se_lwz %r7,20(%r1)
 573 001c 2037     		se_addi %r7,4
 574 001e D671     		se_stw %r7,24(%r1)
 575              		.loc 1 534 0
 576 0020 C671     		se_lwz %r7,24(%r1)
 577 0022 2077     		se_addi %r7,8
 578 0024 D771     		se_stw %r7,28(%r1)
 579              		.loc 1 535 0
 580 0026 78000001 		e_bl vTaskSuspendAll
 581              		.loc 1 539 0
 582 002a C671     		se_lwz %r7,24(%r1)
 583 002c C377     		se_lwz %r7,12(%r7)
 584 002e D271     		se_stw %r7,8(%r1)
 585              		.loc 1 542 0
 586 0030 C571     		se_lwz %r7,20(%r1)
 587 0032 C067     		se_lwz %r6,0(%r7)
 588 0034 CF71     		se_lwz %r7,60(%r1)
 589 0036 4476     		se_or %r6,%r7
 590 0038 C571     		se_lwz %r7,20(%r1)
 591 003a D067     		se_stw %r6,0(%r7)
 592              		.loc 1 545 0
 593 003c 780000D6 		e_b .L29
 594              	.L34:
 595              		.loc 1 547 0
 596 0040 C271     		se_lwz %r7,8(%r1)
 597 0042 C177     		se_lwz %r7,4(%r7)
 598 0044 D871     		se_stw %r7,32(%r1)
 599              		.loc 1 548 0
 600 0046 C271     		se_lwz %r7,8(%r1)
 601 0048 C077     		se_lwz %r7,0(%r7)
 602 004a D971     		se_stw %r7,36(%r1)
 603              		.loc 1 549 0
 604 004c 4807     		se_li %r7,0
 605 004e D471     		se_stw %r7,16(%r1)
 606              		.loc 1 552 0
 607 0050 C971     		se_lwz %r7,36(%r1)
 608 0052 18E7C3FF 		e_andi %r7,%r7,-16777216
 609 0056 DA71     		se_stw %r7,40(%r1)
 610              		.loc 1 553 0
 611 0058 C971     		se_lwz %r7,36(%r1)
 612 005a 18E7C700 		e_andi %r7,%r7,16777215
 613 005e D971     		se_stw %r7,36(%r1)
 614              		.loc 1 555 0
 615 0060 CA71     		se_lwz %r7,40(%r1)
 616 0062 18E7C304 		e_andi %r7,%r7,67108864
 617 0066 2A07     		se_cmpi %r7,0
 618 0068 7F800020 		e_mcrf %cr7,%cr0
 619 006c 7CE00026 		mfcr %r7
 620 0070 74E7E007 		e_rlwinm %r7,%r7,28,0xf0000000
 621 0074 7CE80120 		mtcrf 128,%r7
 622 0078 7A02002A 		e_bne %cr0,.L30
 623              		.loc 1 558 0
 624 007c C571     		se_lwz %r7,20(%r1)
 625 007e C067     		se_lwz %r6,0(%r7)
 626 0080 C971     		se_lwz %r7,36(%r1)
 627 0082 4667     		se_and %r7,%r6
GAS LISTING C:\Users\bayra\AppData\Local\Temp\ccUx7mN5.s 			page 12


 628 0084 2A07     		se_cmpi %r7,0
 629 0086 7F800020 		e_mcrf %cr7,%cr0
 630 008a 7CE00026 		mfcr %r7
 631 008e 74E7E007 		e_rlwinm %r7,%r7,28,0xf0000000
 632 0092 7CE80120 		mtcrf 128,%r7
 633 0096 7A12002E 		e_beq %cr0,.L31
 634              		.loc 1 560 0
 635 009a 4817     		se_li %r7,1
 636 009c D471     		se_stw %r7,16(%r1)
 637 009e 78000026 		e_b .L31
 638              	.L30:
 639              		.loc 1 567 0
 640 00a2 C571     		se_lwz %r7,20(%r1)
 641 00a4 C067     		se_lwz %r6,0(%r7)
 642 00a6 C971     		se_lwz %r7,36(%r1)
 643 00a8 4676     		se_and %r6,%r7
 644 00aa C971     		se_lwz %r7,36(%r1)
 645 00ac 7F863800 		cmp %cr7,%r6,%r7
 646 00b0 7CE00026 		mfcr %r7
 647 00b4 74E7E007 		e_rlwinm %r7,%r7,28,0xf0000000
 648 00b8 7CE80120 		mtcrf 128,%r7
 649 00bc 7A020008 		e_bne %cr0,.L31
 650              		.loc 1 570 0
 651 00c0 4817     		se_li %r7,1
 652 00c2 D471     		se_stw %r7,16(%r1)
 653              	.L31:
 654              		.loc 1 577 0
 655 00c4 C471     		se_lwz %r7,16(%r1)
 656 00c6 2A07     		se_cmpi %r7,0
 657 00c8 7F800020 		e_mcrf %cr7,%cr0
 658 00cc 7CE00026 		mfcr %r7
 659 00d0 74E7E007 		e_rlwinm %r7,%r7,28,0xf0000000
 660 00d4 7CE80120 		mtcrf 128,%r7
 661 00d8 7A120036 		e_beq %cr0,.L32
 662              		.loc 1 580 0
 663 00dc CA71     		se_lwz %r7,40(%r1)
 664 00de 18E7C301 		e_andi %r7,%r7,16777216
 665 00e2 2A07     		se_cmpi %r7,0
 666 00e4 7F800020 		e_mcrf %cr7,%cr0
 667 00e8 7CE00026 		mfcr %r7
 668 00ec 74E7E007 		e_rlwinm %r7,%r7,28,0xf0000000
 669 00f0 7CE80120 		mtcrf 128,%r7
 670 00f4 7A12000C 		e_beq %cr0,.L33
 671              		.loc 1 582 0
 672 00f8 C361     		se_lwz %r6,12(%r1)
 673 00fa C971     		se_lwz %r7,36(%r1)
 674 00fc 4467     		se_or %r7,%r6
 675 00fe D371     		se_stw %r7,12(%r1)
 676              	.L33:
 677              		.loc 1 594 0
 678 0100 C571     		se_lwz %r7,20(%r1)
 679 0102 C077     		se_lwz %r7,0(%r7)
 680 0104 6467     		se_bseti %r7,6
 681 0106 C231     		se_lwz %r3,8(%r1)
 682 0108 0174     		se_mr %r4,%r7
 683 010a 78000001 		e_bl vTaskRemoveFromUnorderedEventList
 684              	.L32:
GAS LISTING C:\Users\bayra\AppData\Local\Temp\ccUx7mN5.s 			page 13


 685              		.loc 1 600 0
 686 010e C871     		se_lwz %r7,32(%r1)
 687 0110 D271     		se_stw %r7,8(%r1)
 688              	.L29:
 689              		.loc 1 545 0
 690 0112 C261     		se_lwz %r6,8(%r1)
 691 0114 C771     		se_lwz %r7,28(%r1)
 692 0116 7F863800 		cmp %cr7,%r6,%r7
 693 011a 7CE00026 		mfcr %r7
 694 011e 74E7E007 		e_rlwinm %r7,%r7,28,0xf0000000
 695 0122 7CE80120 		mtcrf 128,%r7
 696 0126 7A02FF1A 		e_bne %cr0,.L34
 697              		.loc 1 605 0
 698 012a C571     		se_lwz %r7,20(%r1)
 699 012c C067     		se_lwz %r6,0(%r7)
 700 012e C371     		se_lwz %r7,12(%r1)
 701 0130 0027     		se_not %r7
 702 0132 4676     		se_and %r6,%r7
 703 0134 C571     		se_lwz %r7,20(%r1)
 704 0136 D067     		se_stw %r6,0(%r7)
 705              		.loc 1 607 0
 706 0138 78000001 		e_bl xTaskResumeAll
 707              		.loc 1 609 0
 708 013c C571     		se_lwz %r7,20(%r1)
 709 013e C077     		se_lwz %r7,0(%r7)
 710              		.loc 1 610 0
 711 0140 0173     		se_mr %r3,%r7
 712 0142 50010044 		e_lwz %r0,68(%r1)
 713 0146 0090     		se_mtlr %r0
 714 0148 18218040 		e_addi %r1,%r1,64
 715              	.LCFI11:
 716              		.cfi_def_cfa_offset 0
 717 014c 0004     		se_blr
 718              		.cfi_endproc
 719              	.LFE5:
 720              		.size	xEventGroupSetBits, .-xEventGroupSetBits
 721              		.section	.text.vEventGroupDelete,"axv",@progbits
 722              		.align 1
 723              		.p2align 4,,15
 724              		.globl vEventGroupDelete
 725              		.type	vEventGroupDelete, @function
 726              	vEventGroupDelete:
 727              	.LFB6:
 728              		.loc 1 614 0
 729              		.cfi_startproc
 730 0000 182106E0 		e_stwu %r1,-32(%r1)
 731              	.LCFI12:
 732              		.cfi_def_cfa_offset 32
 733 0004 0080     		se_mflr %r0
 734 0006 D901     		se_stw %r0,36(%r1)
 735              		.cfi_offset 65, 4
 736 0008 D631     		se_stw %r3,24(%r1)
 737              		.loc 1 615 0
 738 000a C671     		se_lwz %r7,24(%r1)
 739 000c D271     		se_stw %r7,8(%r1)
 740              		.loc 1 616 0
 741 000e C271     		se_lwz %r7,8(%r1)
GAS LISTING C:\Users\bayra\AppData\Local\Temp\ccUx7mN5.s 			page 14


 742 0010 2037     		se_addi %r7,4
 743 0012 D371     		se_stw %r7,12(%r1)
 744              		.loc 1 618 0
 745 0014 78000001 		e_bl vTaskSuspendAll
 746              		.loc 1 622 0
 747 0018 78000010 		e_b .L37
 748              	.L38:
 749              		.loc 1 627 0
 750 001c C371     		se_lwz %r7,12(%r1)
 751 001e C377     		se_lwz %r7,12(%r7)
 752 0020 0173     		se_mr %r3,%r7
 753 0022 6264     		se_bgeni %r4,6
 754 0024 78000001 		e_bl vTaskRemoveFromUnorderedEventList
 755              	.L37:
 756              		.loc 1 622 0
 757 0028 C371     		se_lwz %r7,12(%r1)
 758 002a C077     		se_lwz %r7,0(%r7)
 759 002c 2A07     		se_cmpi %r7,0
 760 002e 7F800020 		e_mcrf %cr7,%cr0
 761 0032 7CE00026 		mfcr %r7
 762 0036 74E7E007 		e_rlwinm %r7,%r7,28,0xf0000000
 763 003a 7CE80120 		mtcrf 128,%r7
 764 003e 7A02FFDE 		e_bne %cr0,.L38
 765              		.loc 1 634 0
 766 0042 C231     		se_lwz %r3,8(%r1)
 767 0044 78000001 		e_bl vPortFree
 768              		.loc 1 651 0
 769 0048 78000001 		e_bl xTaskResumeAll
 770              		.loc 1 652 0
 771 004c C901     		se_lwz %r0,36(%r1)
 772 004e 0090     		se_mtlr %r0
 773 0050 21F1     		se_addi %r1,32
 774              	.LCFI13:
 775              		.cfi_def_cfa_offset 0
 776 0052 0004     		se_blr
 777              		.cfi_endproc
 778              	.LFE6:
 779              		.size	vEventGroupDelete, .-vEventGroupDelete
 780              		.section	.text.vEventGroupSetBitsCallback,"axv",@progbits
 781              		.align 1
 782              		.p2align 4,,15
 783              		.globl vEventGroupSetBitsCallback
 784              		.type	vEventGroupSetBitsCallback, @function
 785              	vEventGroupSetBitsCallback:
 786              	.LFB7:
 787              		.loc 1 658 0
 788              		.cfi_startproc
 789 0000 182106F0 		e_stwu %r1,-16(%r1)
 790              	.LCFI14:
 791              		.cfi_def_cfa_offset 16
 792 0004 0080     		se_mflr %r0
 793 0006 D501     		se_stw %r0,20(%r1)
 794              		.cfi_offset 65, 4
 795 0008 D231     		se_stw %r3,8(%r1)
 796 000a D341     		se_stw %r4,12(%r1)
 797              		.loc 1 659 0
 798 000c C231     		se_lwz %r3,8(%r1)
GAS LISTING C:\Users\bayra\AppData\Local\Temp\ccUx7mN5.s 			page 15


 799 000e C341     		se_lwz %r4,12(%r1)
 800 0010 78000001 		e_bl xEventGroupSetBits
 801              		.loc 1 660 0
 802 0014 C501     		se_lwz %r0,20(%r1)
 803 0016 0090     		se_mtlr %r0
 804 0018 20F1     		se_addi %r1,16
 805              	.LCFI15:
 806              		.cfi_def_cfa_offset 0
 807 001a 0004     		se_blr
 808              		.cfi_endproc
 809              	.LFE7:
 810              		.size	vEventGroupSetBitsCallback, .-vEventGroupSetBitsCallback
 811              		.section	.text.vEventGroupClearBitsCallback,"axv",@progbits
 812              		.align 1
 813              		.p2align 4,,15
 814              		.globl vEventGroupClearBitsCallback
 815              		.type	vEventGroupClearBitsCallback, @function
 816              	vEventGroupClearBitsCallback:
 817              	.LFB8:
 818              		.loc 1 666 0
 819              		.cfi_startproc
 820 0000 182106F0 		e_stwu %r1,-16(%r1)
 821              	.LCFI16:
 822              		.cfi_def_cfa_offset 16
 823 0004 0080     		se_mflr %r0
 824 0006 D501     		se_stw %r0,20(%r1)
 825              		.cfi_offset 65, 4
 826 0008 D231     		se_stw %r3,8(%r1)
 827 000a D341     		se_stw %r4,12(%r1)
 828              		.loc 1 667 0
 829 000c C231     		se_lwz %r3,8(%r1)
 830 000e C341     		se_lwz %r4,12(%r1)
 831 0010 78000001 		e_bl xEventGroupClearBits
 832              		.loc 1 668 0
 833 0014 C501     		se_lwz %r0,20(%r1)
 834 0016 0090     		se_mtlr %r0
 835 0018 20F1     		se_addi %r1,16
 836              	.LCFI17:
 837              		.cfi_def_cfa_offset 0
 838 001a 0004     		se_blr
 839              		.cfi_endproc
 840              	.LFE8:
 841              		.size	vEventGroupClearBitsCallback, .-vEventGroupClearBitsCallback
 842              		.section	.text.prvTestWaitCondition,"axv",@progbits
 843              		.align 1
 844              		.p2align 4,,15
 845              		.type	prvTestWaitCondition, @function
 846              	prvTestWaitCondition:
 847              	.LFB9:
 848              		.loc 1 672 0
 849              		.cfi_startproc
 850 0000 182106D8 		e_stwu %r1,-40(%r1)
 851              	.LCFI18:
 852              		.cfi_def_cfa_offset 40
 853 0004 D631     		se_stw %r3,24(%r1)
 854 0006 D741     		se_stw %r4,28(%r1)
 855 0008 D851     		se_stw %r5,32(%r1)
GAS LISTING C:\Users\bayra\AppData\Local\Temp\ccUx7mN5.s 			page 16


 856              		.loc 1 673 0
 857 000a 4807     		se_li %r7,0
 858 000c D271     		se_stw %r7,8(%r1)
 859              		.loc 1 675 0
 860 000e C871     		se_lwz %r7,32(%r1)
 861 0010 2A07     		se_cmpi %r7,0
 862 0012 7F800020 		e_mcrf %cr7,%cr0
 863 0016 7CE00026 		mfcr %r7
 864 001a 74E7E007 		e_rlwinm %r7,%r7,28,0xf0000000
 865 001e 7CE80120 		mtcrf 128,%r7
 866 0022 7A020028 		e_bne %cr0,.L42
 867              		.loc 1 679 0
 868 0026 C661     		se_lwz %r6,24(%r1)
 869 0028 C771     		se_lwz %r7,28(%r1)
 870 002a 4667     		se_and %r7,%r6
 871 002c 2A07     		se_cmpi %r7,0
 872 002e 7F800020 		e_mcrf %cr7,%cr0
 873 0032 7CE00026 		mfcr %r7
 874 0036 74E7E007 		e_rlwinm %r7,%r7,28,0xf0000000
 875 003a 7CE80120 		mtcrf 128,%r7
 876 003e 7A12002C 		e_beq %cr0,.L43
 877              		.loc 1 681 0
 878 0042 4817     		se_li %r7,1
 879 0044 D271     		se_stw %r7,8(%r1)
 880 0046 78000024 		e_b .L43
 881              	.L42:
 882              		.loc 1 692 0
 883 004a C661     		se_lwz %r6,24(%r1)
 884 004c C771     		se_lwz %r7,28(%r1)
 885 004e 4676     		se_and %r6,%r7
 886 0050 C771     		se_lwz %r7,28(%r1)
 887 0052 7F863800 		cmp %cr7,%r6,%r7
 888 0056 7CE00026 		mfcr %r7
 889 005a 74E7E007 		e_rlwinm %r7,%r7,28,0xf0000000
 890 005e 7CE80120 		mtcrf 128,%r7
 891 0062 7A020008 		e_bne %cr0,.L43
 892              		.loc 1 694 0
 893 0066 4817     		se_li %r7,1
 894 0068 D271     		se_stw %r7,8(%r1)
 895              	.L43:
 896              		.loc 1 702 0
 897 006a C271     		se_lwz %r7,8(%r1)
 898              		.loc 1 703 0
 899 006c 0173     		se_mr %r3,%r7
 900 006e 18218028 		e_addi %r1,%r1,40
 901              	.LCFI19:
 902              		.cfi_def_cfa_offset 0
 903 0072 0004     		se_blr
 904              		.cfi_endproc
 905              	.LFE9:
 906              		.size	prvTestWaitCondition, .-prvTestWaitCondition
 907              		.section	".text","axv"
 908              	.Letext0:
 909              		.file 2 "c:\\spc5studio-6.0\\eclipse\\plugins\\com.st.tools.spc5.tools.gnu.gcc.ppcvle.win32_4.9.4.
 910              		.file 3 "c:\\spc5studio-6.0\\eclipse\\plugins\\com.st.tools.spc5.tools.gnu.gcc.ppcvle.win32_4.9.4.
 911              		.file 4 "./components/spc5_freertos_component_rla/lib/portable/portmacro.h"
 912              		.file 5 "./components/spc5_freertos_component_rla/lib/include/list.h"
GAS LISTING C:\Users\bayra\AppData\Local\Temp\ccUx7mN5.s 			page 17


 913              		.file 6 "./components/spc5_freertos_component_rla/lib/include/event_groups.h"
 914              		.section	.debug_info,"",@progbits
 915              	.Ldebug_info0:
 916 0000 00000670 		.4byte	0x670
 917 0004 0002     		.2byte	0x2
 918 0006 00000000 		.4byte	.Ldebug_abbrev0
 919 000a 04       		.byte	0x4
 920 000b 01       		.uleb128 0x1
 921 000c 00000000 		.4byte	.LASF70
 922 0010 01       		.byte	0x1
 923 0011 00000000 		.4byte	.LASF71
 924 0015 00000000 		.4byte	.LASF72
 925 0019 00000000 		.4byte	.Ldebug_ranges0+0
 926 001d 00000000 		.4byte	0
 927 0021 00000000 		.4byte	0
 928 0025 00000000 		.4byte	.Ldebug_line0
 929 0029 02       		.uleb128 0x2
 930 002a 04       		.byte	0x4
 931 002b 07       		.byte	0x7
 932 002c 00000000 		.4byte	.LASF0
 933 0030 02       		.uleb128 0x2
 934 0031 04       		.byte	0x4
 935 0032 05       		.byte	0x5
 936 0033 00000000 		.4byte	.LASF1
 937 0037 03       		.uleb128 0x3
 938 0038 04       		.byte	0x4
 939 0039 05       		.byte	0x5
 940 003a 696E7400 		.string	"int"
 941 003e 02       		.uleb128 0x2
 942 003f 01       		.byte	0x1
 943 0040 06       		.byte	0x6
 944 0041 00000000 		.4byte	.LASF2
 945 0045 02       		.uleb128 0x2
 946 0046 01       		.byte	0x1
 947 0047 08       		.byte	0x8
 948 0048 00000000 		.4byte	.LASF3
 949 004c 02       		.uleb128 0x2
 950 004d 02       		.byte	0x2
 951 004e 05       		.byte	0x5
 952 004f 00000000 		.4byte	.LASF4
 953 0053 02       		.uleb128 0x2
 954 0054 02       		.byte	0x2
 955 0055 07       		.byte	0x7
 956 0056 00000000 		.4byte	.LASF5
 957 005a 04       		.uleb128 0x4
 958 005b 00000000 		.4byte	.LASF11
 959 005f 02       		.byte	0x2
 960 0060 41       		.byte	0x41
 961 0061 00000065 		.4byte	0x65
 962 0065 02       		.uleb128 0x2
 963 0066 04       		.byte	0x4
 964 0067 07       		.byte	0x7
 965 0068 00000000 		.4byte	.LASF6
 966 006c 02       		.uleb128 0x2
 967 006d 08       		.byte	0x8
 968 006e 05       		.byte	0x5
 969 006f 00000000 		.4byte	.LASF7
GAS LISTING C:\Users\bayra\AppData\Local\Temp\ccUx7mN5.s 			page 18


 970 0073 02       		.uleb128 0x2
 971 0074 08       		.byte	0x8
 972 0075 07       		.byte	0x7
 973 0076 00000000 		.4byte	.LASF8
 974 007a 02       		.uleb128 0x2
 975 007b 04       		.byte	0x4
 976 007c 07       		.byte	0x7
 977 007d 00000000 		.4byte	.LASF9
 978 0081 05       		.uleb128 0x5
 979 0082 04       		.byte	0x4
 980 0083 02       		.uleb128 0x2
 981 0084 01       		.byte	0x1
 982 0085 08       		.byte	0x8
 983 0086 00000000 		.4byte	.LASF10
 984 008a 04       		.uleb128 0x4
 985 008b 00000000 		.4byte	.LASF12
 986 008f 03       		.byte	0x3
 987 0090 2D       		.byte	0x2d
 988 0091 0000005A 		.4byte	0x5a
 989 0095 04       		.uleb128 0x4
 990 0096 00000000 		.4byte	.LASF13
 991 009a 04       		.byte	0x4
 992 009b 62       		.byte	0x62
 993 009c 00000030 		.4byte	0x30
 994 00a0 04       		.uleb128 0x4
 995 00a1 00000000 		.4byte	.LASF14
 996 00a5 04       		.byte	0x4
 997 00a6 63       		.byte	0x63
 998 00a7 00000065 		.4byte	0x65
 999 00ab 04       		.uleb128 0x4
 1000 00ac 00000000 		.4byte	.LASF15
 1001 00b0 04       		.byte	0x4
 1002 00b1 69       		.byte	0x69
 1003 00b2 00000065 		.4byte	0x65
 1004 00b6 06       		.uleb128 0x6
 1005 00b7 00000000 		.4byte	.LASF21
 1006 00bb 14       		.byte	0x14
 1007 00bc 05       		.byte	0x5
 1008 00bd 8C       		.byte	0x8c
 1009 00be 00000109 		.4byte	0x109
 1010 00c2 07       		.uleb128 0x7
 1011 00c3 00000000 		.4byte	.LASF16
 1012 00c7 05       		.byte	0x5
 1013 00c8 8F       		.byte	0x8f
 1014 00c9 000000AB 		.4byte	0xab
 1015 00cd 02       		.byte	0x2
 1016 00ce 23       		.byte	0x23
 1017 00cf 00       		.uleb128 0
 1018 00d0 07       		.uleb128 0x7
 1019 00d1 00000000 		.4byte	.LASF17
 1020 00d5 05       		.byte	0x5
 1021 00d6 90       		.byte	0x90
 1022 00d7 00000109 		.4byte	0x109
 1023 00db 02       		.byte	0x2
 1024 00dc 23       		.byte	0x23
 1025 00dd 04       		.uleb128 0x4
 1026 00de 07       		.uleb128 0x7
GAS LISTING C:\Users\bayra\AppData\Local\Temp\ccUx7mN5.s 			page 19


 1027 00df 00000000 		.4byte	.LASF18
 1028 00e3 05       		.byte	0x5
 1029 00e4 91       		.byte	0x91
 1030 00e5 00000109 		.4byte	0x109
 1031 00e9 02       		.byte	0x2
 1032 00ea 23       		.byte	0x23
 1033 00eb 08       		.uleb128 0x8
 1034 00ec 07       		.uleb128 0x7
 1035 00ed 00000000 		.4byte	.LASF19
 1036 00f1 05       		.byte	0x5
 1037 00f2 92       		.byte	0x92
 1038 00f3 00000081 		.4byte	0x81
 1039 00f7 02       		.byte	0x2
 1040 00f8 23       		.byte	0x23
 1041 00f9 0C       		.uleb128 0xc
 1042 00fa 07       		.uleb128 0x7
 1043 00fb 00000000 		.4byte	.LASF20
 1044 00ff 05       		.byte	0x5
 1045 0100 93       		.byte	0x93
 1046 0101 00000146 		.4byte	0x146
 1047 0105 02       		.byte	0x2
 1048 0106 23       		.byte	0x23
 1049 0107 10       		.uleb128 0x10
 1050 0108 00       		.byte	0
 1051 0109 08       		.uleb128 0x8
 1052 010a 04       		.byte	0x4
 1053 010b 000000B6 		.4byte	0xb6
 1054 010f 06       		.uleb128 0x6
 1055 0110 00000000 		.4byte	.LASF22
 1056 0114 14       		.byte	0x14
 1057 0115 05       		.byte	0x5
 1058 0116 A4       		.byte	0xa4
 1059 0117 00000146 		.4byte	0x146
 1060 011b 07       		.uleb128 0x7
 1061 011c 00000000 		.4byte	.LASF23
 1062 0120 05       		.byte	0x5
 1063 0121 A7       		.byte	0xa7
 1064 0122 00000199 		.4byte	0x199
 1065 0126 02       		.byte	0x2
 1066 0127 23       		.byte	0x23
 1067 0128 00       		.uleb128 0
 1068 0129 07       		.uleb128 0x7
 1069 012a 00000000 		.4byte	.LASF24
 1070 012e 05       		.byte	0x5
 1071 012f A8       		.byte	0xa8
 1072 0130 0000019E 		.4byte	0x19e
 1073 0134 02       		.byte	0x2
 1074 0135 23       		.byte	0x23
 1075 0136 04       		.uleb128 0x4
 1076 0137 07       		.uleb128 0x7
 1077 0138 00000000 		.4byte	.LASF25
 1078 013c 05       		.byte	0x5
 1079 013d A9       		.byte	0xa9
 1080 013e 0000018E 		.4byte	0x18e
 1081 0142 02       		.byte	0x2
 1082 0143 23       		.byte	0x23
 1083 0144 08       		.uleb128 0x8
GAS LISTING C:\Users\bayra\AppData\Local\Temp\ccUx7mN5.s 			page 20


 1084 0145 00       		.byte	0
 1085 0146 08       		.uleb128 0x8
 1086 0147 04       		.byte	0x4
 1087 0148 0000010F 		.4byte	0x10f
 1088 014c 04       		.uleb128 0x4
 1089 014d 00000000 		.4byte	.LASF26
 1090 0151 05       		.byte	0x5
 1091 0152 96       		.byte	0x96
 1092 0153 000000B6 		.4byte	0xb6
 1093 0157 06       		.uleb128 0x6
 1094 0158 00000000 		.4byte	.LASF27
 1095 015c 0C       		.byte	0xc
 1096 015d 05       		.byte	0x5
 1097 015e 98       		.byte	0x98
 1098 015f 0000018E 		.4byte	0x18e
 1099 0163 07       		.uleb128 0x7
 1100 0164 00000000 		.4byte	.LASF16
 1101 0168 05       		.byte	0x5
 1102 0169 9B       		.byte	0x9b
 1103 016a 000000AB 		.4byte	0xab
 1104 016e 02       		.byte	0x2
 1105 016f 23       		.byte	0x23
 1106 0170 00       		.uleb128 0
 1107 0171 07       		.uleb128 0x7
 1108 0172 00000000 		.4byte	.LASF17
 1109 0176 05       		.byte	0x5
 1110 0177 9C       		.byte	0x9c
 1111 0178 00000109 		.4byte	0x109
 1112 017c 02       		.byte	0x2
 1113 017d 23       		.byte	0x23
 1114 017e 04       		.uleb128 0x4
 1115 017f 07       		.uleb128 0x7
 1116 0180 00000000 		.4byte	.LASF18
 1117 0184 05       		.byte	0x5
 1118 0185 9D       		.byte	0x9d
 1119 0186 00000109 		.4byte	0x109
 1120 018a 02       		.byte	0x2
 1121 018b 23       		.byte	0x23
 1122 018c 08       		.uleb128 0x8
 1123 018d 00       		.byte	0
 1124 018e 04       		.uleb128 0x4
 1125 018f 00000000 		.4byte	.LASF28
 1126 0193 05       		.byte	0x5
 1127 0194 9F       		.byte	0x9f
 1128 0195 00000157 		.4byte	0x157
 1129 0199 09       		.uleb128 0x9
 1130 019a 000000A0 		.4byte	0xa0
 1131 019e 08       		.uleb128 0x8
 1132 019f 04       		.byte	0x4
 1133 01a0 0000014C 		.4byte	0x14c
 1134 01a4 04       		.uleb128 0x4
 1135 01a5 00000000 		.4byte	.LASF29
 1136 01a9 05       		.byte	0x5
 1137 01aa AB       		.byte	0xab
 1138 01ab 0000010F 		.4byte	0x10f
 1139 01af 04       		.uleb128 0x4
 1140 01b0 00000000 		.4byte	.LASF30
GAS LISTING C:\Users\bayra\AppData\Local\Temp\ccUx7mN5.s 			page 21


 1141 01b4 06       		.byte	0x6
 1142 01b5 52       		.byte	0x52
 1143 01b6 000001BA 		.4byte	0x1ba
 1144 01ba 08       		.uleb128 0x8
 1145 01bb 04       		.byte	0x4
 1146 01bc 000001C0 		.4byte	0x1c0
 1147 01c0 06       		.uleb128 0x6
 1148 01c1 00000000 		.4byte	.LASF31
 1149 01c5 18       		.byte	0x18
 1150 01c6 01       		.byte	0x1
 1151 01c7 3F       		.byte	0x3f
 1152 01c8 000001E9 		.4byte	0x1e9
 1153 01cc 07       		.uleb128 0x7
 1154 01cd 00000000 		.4byte	.LASF32
 1155 01d1 01       		.byte	0x1
 1156 01d2 41       		.byte	0x41
 1157 01d3 000001E9 		.4byte	0x1e9
 1158 01d7 02       		.byte	0x2
 1159 01d8 23       		.byte	0x23
 1160 01d9 00       		.uleb128 0
 1161 01da 07       		.uleb128 0x7
 1162 01db 00000000 		.4byte	.LASF33
 1163 01df 01       		.byte	0x1
 1164 01e0 42       		.byte	0x42
 1165 01e1 000001A4 		.4byte	0x1a4
 1166 01e5 02       		.byte	0x2
 1167 01e6 23       		.byte	0x23
 1168 01e7 04       		.uleb128 0x4
 1169 01e8 00       		.byte	0
 1170 01e9 04       		.uleb128 0x4
 1171 01ea 00000000 		.4byte	.LASF34
 1172 01ee 06       		.byte	0x6
 1173 01ef 5C       		.byte	0x5c
 1174 01f0 000000AB 		.4byte	0xab
 1175 01f4 04       		.uleb128 0x4
 1176 01f5 00000000 		.4byte	.LASF35
 1177 01f9 01       		.byte	0x1
 1178 01fa 4B       		.byte	0x4b
 1179 01fb 000001C0 		.4byte	0x1c0
 1180 01ff 0A       		.uleb128 0xa
 1181 0200 01       		.byte	0x1
 1182 0201 00000000 		.4byte	.LASF36
 1183 0205 01       		.byte	0x1
 1184 0206 91       		.byte	0x91
 1185 0207 01       		.byte	0x1
 1186 0208 000001AF 		.4byte	0x1af
 1187 020c 00000000 		.4byte	.LFB0
 1188 0210 00000000 		.4byte	.LFE0
 1189 0214 00000000 		.4byte	.LLST0
 1190 0218 01       		.byte	0x1
 1191 0219 0000022C 		.4byte	0x22c
 1192 021d 0B       		.uleb128 0xb
 1193 021e 00000000 		.4byte	.LASF42
 1194 0222 01       		.byte	0x1
 1195 0223 93       		.byte	0x93
 1196 0224 0000022C 		.4byte	0x22c
 1197 0228 02       		.byte	0x2
GAS LISTING C:\Users\bayra\AppData\Local\Temp\ccUx7mN5.s 			page 22


 1198 0229 91       		.byte	0x91
 1199 022a 70       		.sleb128 -16
 1200 022b 00       		.byte	0
 1201 022c 08       		.uleb128 0x8
 1202 022d 04       		.byte	0x4
 1203 022e 000001F4 		.4byte	0x1f4
 1204 0232 0A       		.uleb128 0xa
 1205 0233 01       		.byte	0x1
 1206 0234 00000000 		.4byte	.LASF37
 1207 0238 01       		.byte	0x1
 1208 0239 BF       		.byte	0xbf
 1209 023a 01       		.byte	0x1
 1210 023b 000001E9 		.4byte	0x1e9
 1211 023f 00000000 		.4byte	.LFB1
 1212 0243 00000000 		.4byte	.LFE1
 1213 0247 00000000 		.4byte	.LLST1
 1214 024b 01       		.byte	0x1
 1215 024c 000002CF 		.4byte	0x2cf
 1216 0250 0C       		.uleb128 0xc
 1217 0251 00000000 		.4byte	.LASF38
 1218 0255 01       		.byte	0x1
 1219 0256 BF       		.byte	0xbf
 1220 0257 000001AF 		.4byte	0x1af
 1221 025b 02       		.byte	0x2
 1222 025c 91       		.byte	0x91
 1223 025d 70       		.sleb128 -16
 1224 025e 0C       		.uleb128 0xc
 1225 025f 00000000 		.4byte	.LASF39
 1226 0263 01       		.byte	0x1
 1227 0264 BF       		.byte	0xbf
 1228 0265 000002CF 		.4byte	0x2cf
 1229 0269 02       		.byte	0x2
 1230 026a 91       		.byte	0x91
 1231 026b 74       		.sleb128 -12
 1232 026c 0C       		.uleb128 0xc
 1233 026d 00000000 		.4byte	.LASF40
 1234 0271 01       		.byte	0x1
 1235 0272 BF       		.byte	0xbf
 1236 0273 000002CF 		.4byte	0x2cf
 1237 0277 02       		.byte	0x2
 1238 0278 91       		.byte	0x91
 1239 0279 78       		.sleb128 -8
 1240 027a 0C       		.uleb128 0xc
 1241 027b 00000000 		.4byte	.LASF41
 1242 027f 01       		.byte	0x1
 1243 0280 BF       		.byte	0xbf
 1244 0281 000000AB 		.4byte	0xab
 1245 0285 02       		.byte	0x2
 1246 0286 91       		.byte	0x91
 1247 0287 7C       		.sleb128 -4
 1248 0288 0B       		.uleb128 0xb
 1249 0289 00000000 		.4byte	.LASF43
 1250 028d 01       		.byte	0x1
 1251 028e C1       		.byte	0xc1
 1252 028f 000001E9 		.4byte	0x1e9
 1253 0293 02       		.byte	0x2
 1254 0294 91       		.byte	0x91
GAS LISTING C:\Users\bayra\AppData\Local\Temp\ccUx7mN5.s 			page 23


 1255 0295 5C       		.sleb128 -36
 1256 0296 0B       		.uleb128 0xb
 1257 0297 00000000 		.4byte	.LASF44
 1258 029b 01       		.byte	0x1
 1259 029c C1       		.byte	0xc1
 1260 029d 000001E9 		.4byte	0x1e9
 1261 02a1 02       		.byte	0x2
 1262 02a2 91       		.byte	0x91
 1263 02a3 50       		.sleb128 -48
 1264 02a4 0B       		.uleb128 0xb
 1265 02a5 00000000 		.4byte	.LASF42
 1266 02a9 01       		.byte	0x1
 1267 02aa C2       		.byte	0xc2
 1268 02ab 0000022C 		.4byte	0x22c
 1269 02af 02       		.byte	0x2
 1270 02b0 91       		.byte	0x91
 1271 02b1 54       		.sleb128 -44
 1272 02b2 0B       		.uleb128 0xb
 1273 02b3 00000000 		.4byte	.LASF45
 1274 02b7 01       		.byte	0x1
 1275 02b8 C3       		.byte	0xc3
 1276 02b9 00000095 		.4byte	0x95
 1277 02bd 02       		.byte	0x2
 1278 02be 91       		.byte	0x91
 1279 02bf 60       		.sleb128 -32
 1280 02c0 0B       		.uleb128 0xb
 1281 02c1 00000000 		.4byte	.LASF46
 1282 02c5 01       		.byte	0x1
 1283 02c6 C4       		.byte	0xc4
 1284 02c7 00000095 		.4byte	0x95
 1285 02cb 02       		.byte	0x2
 1286 02cc 91       		.byte	0x91
 1287 02cd 58       		.sleb128 -40
 1288 02ce 00       		.byte	0
 1289 02cf 0D       		.uleb128 0xd
 1290 02d0 000001E9 		.4byte	0x1e9
 1291 02d4 0E       		.uleb128 0xe
 1292 02d5 01       		.byte	0x1
 1293 02d6 00000000 		.4byte	.LASF47
 1294 02da 01       		.byte	0x1
 1295 02db 0137     		.2byte	0x137
 1296 02dd 01       		.byte	0x1
 1297 02de 000001E9 		.4byte	0x1e9
 1298 02e2 00000000 		.4byte	.LFB2
 1299 02e6 00000000 		.4byte	.LFE2
 1300 02ea 00000000 		.4byte	.LLST2
 1301 02ee 01       		.byte	0x1
 1302 02ef 000003B2 		.4byte	0x3b2
 1303 02f3 0F       		.uleb128 0xf
 1304 02f4 00000000 		.4byte	.LASF38
 1305 02f8 01       		.byte	0x1
 1306 02f9 0137     		.2byte	0x137
 1307 02fb 000001AF 		.4byte	0x1af
 1308 02ff 02       		.byte	0x2
 1309 0300 91       		.byte	0x91
 1310 0301 68       		.sleb128 -24
 1311 0302 0F       		.uleb128 0xf
GAS LISTING C:\Users\bayra\AppData\Local\Temp\ccUx7mN5.s 			page 24


 1312 0303 00000000 		.4byte	.LASF40
 1313 0307 01       		.byte	0x1
 1314 0308 0137     		.2byte	0x137
 1315 030a 000002CF 		.4byte	0x2cf
 1316 030e 02       		.byte	0x2
 1317 030f 91       		.byte	0x91
 1318 0310 6C       		.sleb128 -20
 1319 0311 0F       		.uleb128 0xf
 1320 0312 00000000 		.4byte	.LASF48
 1321 0316 01       		.byte	0x1
 1322 0317 0137     		.2byte	0x137
 1323 0319 000003B2 		.4byte	0x3b2
 1324 031d 02       		.byte	0x2
 1325 031e 91       		.byte	0x91
 1326 031f 70       		.sleb128 -16
 1327 0320 0F       		.uleb128 0xf
 1328 0321 00000000 		.4byte	.LASF49
 1329 0325 01       		.byte	0x1
 1330 0326 0137     		.2byte	0x137
 1331 0328 000003B2 		.4byte	0x3b2
 1332 032c 02       		.byte	0x2
 1333 032d 91       		.byte	0x91
 1334 032e 74       		.sleb128 -12
 1335 032f 0F       		.uleb128 0xf
 1336 0330 00000000 		.4byte	.LASF41
 1337 0334 01       		.byte	0x1
 1338 0335 0137     		.2byte	0x137
 1339 0337 000000AB 		.4byte	0xab
 1340 033b 02       		.byte	0x2
 1341 033c 91       		.byte	0x91
 1342 033d 78       		.sleb128 -8
 1343 033e 10       		.uleb128 0x10
 1344 033f 00000000 		.4byte	.LASF42
 1345 0343 01       		.byte	0x1
 1346 0344 0139     		.2byte	0x139
 1347 0346 0000022C 		.4byte	0x22c
 1348 034a 02       		.byte	0x2
 1349 034b 91       		.byte	0x91
 1350 034c 50       		.sleb128 -48
 1351 034d 10       		.uleb128 0x10
 1352 034e 00000000 		.4byte	.LASF44
 1353 0352 01       		.byte	0x1
 1354 0353 013A     		.2byte	0x13a
 1355 0355 000001E9 		.4byte	0x1e9
 1356 0359 02       		.byte	0x2
 1357 035a 91       		.byte	0x91
 1358 035b 48       		.sleb128 -56
 1359 035c 10       		.uleb128 0x10
 1360 035d 00000000 		.4byte	.LASF50
 1361 0361 01       		.byte	0x1
 1362 0362 013A     		.2byte	0x13a
 1363 0364 000001E9 		.4byte	0x1e9
 1364 0368 02       		.byte	0x2
 1365 0369 91       		.byte	0x91
 1366 036a 4C       		.sleb128 -52
 1367 036b 10       		.uleb128 0x10
 1368 036c 00000000 		.4byte	.LASF51
GAS LISTING C:\Users\bayra\AppData\Local\Temp\ccUx7mN5.s 			page 25


 1369 0370 01       		.byte	0x1
 1370 0371 013B     		.2byte	0x13b
 1371 0373 00000095 		.4byte	0x95
 1372 0377 02       		.byte	0x2
 1373 0378 91       		.byte	0x91
 1374 0379 5C       		.sleb128 -36
 1375 037a 10       		.uleb128 0x10
 1376 037b 00000000 		.4byte	.LASF45
 1377 037f 01       		.byte	0x1
 1378 0380 013B     		.2byte	0x13b
 1379 0382 00000095 		.4byte	0x95
 1380 0386 02       		.byte	0x2
 1381 0387 91       		.byte	0x91
 1382 0388 60       		.sleb128 -32
 1383 0389 10       		.uleb128 0x10
 1384 038a 00000000 		.4byte	.LASF46
 1385 038e 01       		.byte	0x1
 1386 038f 013C     		.2byte	0x13c
 1387 0391 00000095 		.4byte	0x95
 1388 0395 02       		.byte	0x2
 1389 0396 91       		.byte	0x91
 1390 0397 54       		.sleb128 -44
 1391 0398 11       		.uleb128 0x11
 1392 0399 00000000 		.4byte	.LBB2
 1393 039d 00000000 		.4byte	.LBE2
 1394 03a1 10       		.uleb128 0x10
 1395 03a2 00000000 		.4byte	.LASF52
 1396 03a6 01       		.byte	0x1
 1397 03a7 014B     		.2byte	0x14b
 1398 03a9 000002CF 		.4byte	0x2cf
 1399 03ad 02       		.byte	0x2
 1400 03ae 91       		.byte	0x91
 1401 03af 58       		.sleb128 -40
 1402 03b0 00       		.byte	0
 1403 03b1 00       		.byte	0
 1404 03b2 0D       		.uleb128 0xd
 1405 03b3 00000095 		.4byte	0x95
 1406 03b7 0E       		.uleb128 0xe
 1407 03b8 01       		.byte	0x1
 1408 03b9 00000000 		.4byte	.LASF53
 1409 03bd 01       		.byte	0x1
 1410 03be 01CD     		.2byte	0x1cd
 1411 03c0 01       		.byte	0x1
 1412 03c1 000001E9 		.4byte	0x1e9
 1413 03c5 00000000 		.4byte	.LFB3
 1414 03c9 00000000 		.4byte	.LFE3
 1415 03cd 00000000 		.4byte	.LLST3
 1416 03d1 01       		.byte	0x1
 1417 03d2 00000413 		.4byte	0x413
 1418 03d6 0F       		.uleb128 0xf
 1419 03d7 00000000 		.4byte	.LASF38
 1420 03db 01       		.byte	0x1
 1421 03dc 01CD     		.2byte	0x1cd
 1422 03de 000001AF 		.4byte	0x1af
 1423 03e2 02       		.byte	0x2
 1424 03e3 91       		.byte	0x91
 1425 03e4 78       		.sleb128 -8
GAS LISTING C:\Users\bayra\AppData\Local\Temp\ccUx7mN5.s 			page 26


 1426 03e5 0F       		.uleb128 0xf
 1427 03e6 00000000 		.4byte	.LASF54
 1428 03ea 01       		.byte	0x1
 1429 03eb 01CD     		.2byte	0x1cd
 1430 03ed 000002CF 		.4byte	0x2cf
 1431 03f1 02       		.byte	0x2
 1432 03f2 91       		.byte	0x91
 1433 03f3 7C       		.sleb128 -4
 1434 03f4 10       		.uleb128 0x10
 1435 03f5 00000000 		.4byte	.LASF42
 1436 03f9 01       		.byte	0x1
 1437 03fa 01CF     		.2byte	0x1cf
 1438 03fc 0000022C 		.4byte	0x22c
 1439 0400 02       		.byte	0x2
 1440 0401 91       		.byte	0x91
 1441 0402 68       		.sleb128 -24
 1442 0403 10       		.uleb128 0x10
 1443 0404 00000000 		.4byte	.LASF44
 1444 0408 01       		.byte	0x1
 1445 0409 01D0     		.2byte	0x1d0
 1446 040b 000001E9 		.4byte	0x1e9
 1447 040f 02       		.byte	0x2
 1448 0410 91       		.byte	0x91
 1449 0411 6C       		.sleb128 -20
 1450 0412 00       		.byte	0
 1451 0413 12       		.uleb128 0x12
 1452 0414 01       		.byte	0x1
 1453 0415 00000000 		.4byte	.LASF55
 1454 0419 01       		.byte	0x1
 1455 041a 01F7     		.2byte	0x1f7
 1456 041c 01       		.byte	0x1
 1457 041d 000001E9 		.4byte	0x1e9
 1458 0421 00000000 		.4byte	.LFB4
 1459 0425 00000000 		.4byte	.LFE4
 1460 0429 00000000 		.4byte	.LLST4
 1461 042d 01       		.byte	0x1
 1462 042e 0000046F 		.4byte	0x46f
 1463 0432 0F       		.uleb128 0xf
 1464 0433 00000000 		.4byte	.LASF38
 1465 0437 01       		.byte	0x1
 1466 0438 01F7     		.2byte	0x1f7
 1467 043a 000001AF 		.4byte	0x1af
 1468 043e 02       		.byte	0x2
 1469 043f 91       		.byte	0x91
 1470 0440 78       		.sleb128 -8
 1471 0441 10       		.uleb128 0x10
 1472 0442 00000000 		.4byte	.LASF56
 1473 0446 01       		.byte	0x1
 1474 0447 01F9     		.2byte	0x1f9
 1475 0449 000000A0 		.4byte	0xa0
 1476 044d 02       		.byte	0x2
 1477 044e 91       		.byte	0x91
 1478 044f 6C       		.sleb128 -20
 1479 0450 10       		.uleb128 0x10
 1480 0451 00000000 		.4byte	.LASF42
 1481 0455 01       		.byte	0x1
 1482 0456 01FA     		.2byte	0x1fa
GAS LISTING C:\Users\bayra\AppData\Local\Temp\ccUx7mN5.s 			page 27


 1483 0458 0000046F 		.4byte	0x46f
 1484 045c 02       		.byte	0x2
 1485 045d 91       		.byte	0x91
 1486 045e 68       		.sleb128 -24
 1487 045f 10       		.uleb128 0x10
 1488 0460 00000000 		.4byte	.LASF44
 1489 0464 01       		.byte	0x1
 1490 0465 01FB     		.2byte	0x1fb
 1491 0467 000001E9 		.4byte	0x1e9
 1492 046b 02       		.byte	0x2
 1493 046c 91       		.byte	0x91
 1494 046d 70       		.sleb128 -16
 1495 046e 00       		.byte	0
 1496 046f 0D       		.uleb128 0xd
 1497 0470 00000474 		.4byte	0x474
 1498 0474 08       		.uleb128 0x8
 1499 0475 04       		.byte	0x4
 1500 0476 0000047A 		.4byte	0x47a
 1501 047a 0D       		.uleb128 0xd
 1502 047b 000001F4 		.4byte	0x1f4
 1503 047f 0E       		.uleb128 0xe
 1504 0480 01       		.byte	0x1
 1505 0481 00000000 		.4byte	.LASF57
 1506 0485 01       		.byte	0x1
 1507 0486 0207     		.2byte	0x207
 1508 0488 01       		.byte	0x1
 1509 0489 000001E9 		.4byte	0x1e9
 1510 048d 00000000 		.4byte	.LFB5
 1511 0491 00000000 		.4byte	.LFE5
 1512 0495 00000000 		.4byte	.LLST5
 1513 0499 01       		.byte	0x1
 1514 049a 00000544 		.4byte	0x544
 1515 049e 0F       		.uleb128 0xf
 1516 049f 00000000 		.4byte	.LASF38
 1517 04a3 01       		.byte	0x1
 1518 04a4 0207     		.2byte	0x207
 1519 04a6 000001AF 		.4byte	0x1af
 1520 04aa 02       		.byte	0x2
 1521 04ab 91       		.byte	0x91
 1522 04ac 78       		.sleb128 -8
 1523 04ad 0F       		.uleb128 0xf
 1524 04ae 00000000 		.4byte	.LASF39
 1525 04b2 01       		.byte	0x1
 1526 04b3 0207     		.2byte	0x207
 1527 04b5 000002CF 		.4byte	0x2cf
 1528 04b9 02       		.byte	0x2
 1529 04ba 91       		.byte	0x91
 1530 04bb 7C       		.sleb128 -4
 1531 04bc 10       		.uleb128 0x10
 1532 04bd 00000000 		.4byte	.LASF58
 1533 04c1 01       		.byte	0x1
 1534 04c2 0209     		.2byte	0x209
 1535 04c4 0000019E 		.4byte	0x19e
 1536 04c8 02       		.byte	0x2
 1537 04c9 91       		.byte	0x91
 1538 04ca 48       		.sleb128 -56
 1539 04cb 10       		.uleb128 0x10
GAS LISTING C:\Users\bayra\AppData\Local\Temp\ccUx7mN5.s 			page 28


 1540 04cc 00000000 		.4byte	.LASF17
 1541 04d0 01       		.byte	0x1
 1542 04d1 0209     		.2byte	0x209
 1543 04d3 0000019E 		.4byte	0x19e
 1544 04d7 02       		.byte	0x2
 1545 04d8 91       		.byte	0x91
 1546 04d9 60       		.sleb128 -32
 1547 04da 10       		.uleb128 0x10
 1548 04db 00000000 		.4byte	.LASF59
 1549 04df 01       		.byte	0x1
 1550 04e0 020A     		.2byte	0x20a
 1551 04e2 00000544 		.4byte	0x544
 1552 04e6 02       		.byte	0x2
 1553 04e7 91       		.byte	0x91
 1554 04e8 5C       		.sleb128 -36
 1555 04e9 10       		.uleb128 0x10
 1556 04ea 00000000 		.4byte	.LASF60
 1557 04ee 01       		.byte	0x1
 1558 04ef 020B     		.2byte	0x20b
 1559 04f1 0000054F 		.4byte	0x54f
 1560 04f5 02       		.byte	0x2
 1561 04f6 91       		.byte	0x91
 1562 04f7 58       		.sleb128 -40
 1563 04f8 10       		.uleb128 0x10
 1564 04f9 00000000 		.4byte	.LASF54
 1565 04fd 01       		.byte	0x1
 1566 04fe 020C     		.2byte	0x20c
 1567 0500 000001E9 		.4byte	0x1e9
 1568 0504 02       		.byte	0x2
 1569 0505 91       		.byte	0x91
 1570 0506 4C       		.sleb128 -52
 1571 0507 10       		.uleb128 0x10
 1572 0508 00000000 		.4byte	.LASF61
 1573 050c 01       		.byte	0x1
 1574 050d 020C     		.2byte	0x20c
 1575 050f 000001E9 		.4byte	0x1e9
 1576 0513 02       		.byte	0x2
 1577 0514 91       		.byte	0x91
 1578 0515 64       		.sleb128 -28
 1579 0516 10       		.uleb128 0x10
 1580 0517 00000000 		.4byte	.LASF50
 1581 051b 01       		.byte	0x1
 1582 051c 020C     		.2byte	0x20c
 1583 051e 000001E9 		.4byte	0x1e9
 1584 0522 02       		.byte	0x2
 1585 0523 91       		.byte	0x91
 1586 0524 68       		.sleb128 -24
 1587 0525 10       		.uleb128 0x10
 1588 0526 00000000 		.4byte	.LASF42
 1589 052a 01       		.byte	0x1
 1590 052b 020D     		.2byte	0x20d
 1591 052d 0000022C 		.4byte	0x22c
 1592 0531 02       		.byte	0x2
 1593 0532 91       		.byte	0x91
 1594 0533 54       		.sleb128 -44
 1595 0534 10       		.uleb128 0x10
 1596 0535 00000000 		.4byte	.LASF62
GAS LISTING C:\Users\bayra\AppData\Local\Temp\ccUx7mN5.s 			page 29


 1597 0539 01       		.byte	0x1
 1598 053a 020E     		.2byte	0x20e
 1599 053c 00000095 		.4byte	0x95
 1600 0540 02       		.byte	0x2
 1601 0541 91       		.byte	0x91
 1602 0542 50       		.sleb128 -48
 1603 0543 00       		.byte	0
 1604 0544 08       		.uleb128 0x8
 1605 0545 04       		.byte	0x4
 1606 0546 0000054A 		.4byte	0x54a
 1607 054a 0D       		.uleb128 0xd
 1608 054b 0000014C 		.4byte	0x14c
 1609 054f 08       		.uleb128 0x8
 1610 0550 04       		.byte	0x4
 1611 0551 00000555 		.4byte	0x555
 1612 0555 0D       		.uleb128 0xd
 1613 0556 000001A4 		.4byte	0x1a4
 1614 055a 13       		.uleb128 0x13
 1615 055b 01       		.byte	0x1
 1616 055c 00000000 		.4byte	.LASF64
 1617 0560 01       		.byte	0x1
 1618 0561 0265     		.2byte	0x265
 1619 0563 01       		.byte	0x1
 1620 0564 00000000 		.4byte	.LFB6
 1621 0568 00000000 		.4byte	.LFE6
 1622 056c 00000000 		.4byte	.LLST6
 1623 0570 01       		.byte	0x1
 1624 0571 000005A3 		.4byte	0x5a3
 1625 0575 0F       		.uleb128 0xf
 1626 0576 00000000 		.4byte	.LASF38
 1627 057a 01       		.byte	0x1
 1628 057b 0265     		.2byte	0x265
 1629 057d 000001AF 		.4byte	0x1af
 1630 0581 02       		.byte	0x2
 1631 0582 91       		.byte	0x91
 1632 0583 78       		.sleb128 -8
 1633 0584 10       		.uleb128 0x10
 1634 0585 00000000 		.4byte	.LASF42
 1635 0589 01       		.byte	0x1
 1636 058a 0267     		.2byte	0x267
 1637 058c 0000022C 		.4byte	0x22c
 1638 0590 02       		.byte	0x2
 1639 0591 91       		.byte	0x91
 1640 0592 68       		.sleb128 -24
 1641 0593 10       		.uleb128 0x10
 1642 0594 00000000 		.4byte	.LASF63
 1643 0598 01       		.byte	0x1
 1644 0599 0268     		.2byte	0x268
 1645 059b 0000054F 		.4byte	0x54f
 1646 059f 02       		.byte	0x2
 1647 05a0 91       		.byte	0x91
 1648 05a1 6C       		.sleb128 -20
 1649 05a2 00       		.byte	0
 1650 05a3 13       		.uleb128 0x13
 1651 05a4 01       		.byte	0x1
 1652 05a5 00000000 		.4byte	.LASF65
 1653 05a9 01       		.byte	0x1
GAS LISTING C:\Users\bayra\AppData\Local\Temp\ccUx7mN5.s 			page 30


 1654 05aa 0291     		.2byte	0x291
 1655 05ac 01       		.byte	0x1
 1656 05ad 00000000 		.4byte	.LFB7
 1657 05b1 00000000 		.4byte	.LFE7
 1658 05b5 00000000 		.4byte	.LLST7
 1659 05b9 01       		.byte	0x1
 1660 05ba 000005DD 		.4byte	0x5dd
 1661 05be 0F       		.uleb128 0xf
 1662 05bf 00000000 		.4byte	.LASF66
 1663 05c3 01       		.byte	0x1
 1664 05c4 0291     		.2byte	0x291
 1665 05c6 00000081 		.4byte	0x81
 1666 05ca 02       		.byte	0x2
 1667 05cb 91       		.byte	0x91
 1668 05cc 78       		.sleb128 -8
 1669 05cd 0F       		.uleb128 0xf
 1670 05ce 00000000 		.4byte	.LASF67
 1671 05d2 01       		.byte	0x1
 1672 05d3 0291     		.2byte	0x291
 1673 05d5 000005DD 		.4byte	0x5dd
 1674 05d9 02       		.byte	0x2
 1675 05da 91       		.byte	0x91
 1676 05db 7C       		.sleb128 -4
 1677 05dc 00       		.byte	0
 1678 05dd 0D       		.uleb128 0xd
 1679 05de 0000008A 		.4byte	0x8a
 1680 05e2 13       		.uleb128 0x13
 1681 05e3 01       		.byte	0x1
 1682 05e4 00000000 		.4byte	.LASF68
 1683 05e8 01       		.byte	0x1
 1684 05e9 0299     		.2byte	0x299
 1685 05eb 01       		.byte	0x1
 1686 05ec 00000000 		.4byte	.LFB8
 1687 05f0 00000000 		.4byte	.LFE8
 1688 05f4 00000000 		.4byte	.LLST8
 1689 05f8 01       		.byte	0x1
 1690 05f9 0000061C 		.4byte	0x61c
 1691 05fd 0F       		.uleb128 0xf
 1692 05fe 00000000 		.4byte	.LASF66
 1693 0602 01       		.byte	0x1
 1694 0603 0299     		.2byte	0x299
 1695 0605 00000081 		.4byte	0x81
 1696 0609 02       		.byte	0x2
 1697 060a 91       		.byte	0x91
 1698 060b 78       		.sleb128 -8
 1699 060c 0F       		.uleb128 0xf
 1700 060d 00000000 		.4byte	.LASF69
 1701 0611 01       		.byte	0x1
 1702 0612 0299     		.2byte	0x299
 1703 0614 000005DD 		.4byte	0x5dd
 1704 0618 02       		.byte	0x2
 1705 0619 91       		.byte	0x91
 1706 061a 7C       		.sleb128 -4
 1707 061b 00       		.byte	0
 1708 061c 14       		.uleb128 0x14
 1709 061d 00000000 		.4byte	.LASF73
 1710 0621 01       		.byte	0x1
GAS LISTING C:\Users\bayra\AppData\Local\Temp\ccUx7mN5.s 			page 31


 1711 0622 029F     		.2byte	0x29f
 1712 0624 01       		.byte	0x1
 1713 0625 00000095 		.4byte	0x95
 1714 0629 00000000 		.4byte	.LFB9
 1715 062d 00000000 		.4byte	.LFE9
 1716 0631 00000000 		.4byte	.LLST9
 1717 0635 01       		.byte	0x1
 1718 0636 0F       		.uleb128 0xf
 1719 0637 00000000 		.4byte	.LASF52
 1720 063b 01       		.byte	0x1
 1721 063c 029F     		.2byte	0x29f
 1722 063e 000002CF 		.4byte	0x2cf
 1723 0642 02       		.byte	0x2
 1724 0643 91       		.byte	0x91
 1725 0644 70       		.sleb128 -16
 1726 0645 0F       		.uleb128 0xf
 1727 0646 00000000 		.4byte	.LASF40
 1728 064a 01       		.byte	0x1
 1729 064b 029F     		.2byte	0x29f
 1730 064d 000002CF 		.4byte	0x2cf
 1731 0651 02       		.byte	0x2
 1732 0652 91       		.byte	0x91
 1733 0653 74       		.sleb128 -12
 1734 0654 0F       		.uleb128 0xf
 1735 0655 00000000 		.4byte	.LASF49
 1736 0659 01       		.byte	0x1
 1737 065a 029F     		.2byte	0x29f
 1738 065c 000003B2 		.4byte	0x3b2
 1739 0660 02       		.byte	0x2
 1740 0661 91       		.byte	0x91
 1741 0662 78       		.sleb128 -8
 1742 0663 10       		.uleb128 0x10
 1743 0664 00000000 		.4byte	.LASF51
 1744 0668 01       		.byte	0x1
 1745 0669 02A1     		.2byte	0x2a1
 1746 066b 00000095 		.4byte	0x95
 1747 066f 02       		.byte	0x2
 1748 0670 91       		.byte	0x91
 1749 0671 60       		.sleb128 -32
 1750 0672 00       		.byte	0
 1751 0673 00       		.byte	0
 1752              		.section	.debug_abbrev,"",@progbits
 1753              	.Ldebug_abbrev0:
 1754 0000 01       		.uleb128 0x1
 1755 0001 11       		.uleb128 0x11
 1756 0002 01       		.byte	0x1
 1757 0003 25       		.uleb128 0x25
 1758 0004 0E       		.uleb128 0xe
 1759 0005 13       		.uleb128 0x13
 1760 0006 0B       		.uleb128 0xb
 1761 0007 03       		.uleb128 0x3
 1762 0008 0E       		.uleb128 0xe
 1763 0009 1B       		.uleb128 0x1b
 1764 000a 0E       		.uleb128 0xe
 1765 000b 55       		.uleb128 0x55
 1766 000c 06       		.uleb128 0x6
 1767 000d 11       		.uleb128 0x11
GAS LISTING C:\Users\bayra\AppData\Local\Temp\ccUx7mN5.s 			page 32


 1768 000e 01       		.uleb128 0x1
 1769 000f 52       		.uleb128 0x52
 1770 0010 01       		.uleb128 0x1
 1771 0011 10       		.uleb128 0x10
 1772 0012 06       		.uleb128 0x6
 1773 0013 00       		.byte	0
 1774 0014 00       		.byte	0
 1775 0015 02       		.uleb128 0x2
 1776 0016 24       		.uleb128 0x24
 1777 0017 00       		.byte	0
 1778 0018 0B       		.uleb128 0xb
 1779 0019 0B       		.uleb128 0xb
 1780 001a 3E       		.uleb128 0x3e
 1781 001b 0B       		.uleb128 0xb
 1782 001c 03       		.uleb128 0x3
 1783 001d 0E       		.uleb128 0xe
 1784 001e 00       		.byte	0
 1785 001f 00       		.byte	0
 1786 0020 03       		.uleb128 0x3
 1787 0021 24       		.uleb128 0x24
 1788 0022 00       		.byte	0
 1789 0023 0B       		.uleb128 0xb
 1790 0024 0B       		.uleb128 0xb
 1791 0025 3E       		.uleb128 0x3e
 1792 0026 0B       		.uleb128 0xb
 1793 0027 03       		.uleb128 0x3
 1794 0028 08       		.uleb128 0x8
 1795 0029 00       		.byte	0
 1796 002a 00       		.byte	0
 1797 002b 04       		.uleb128 0x4
 1798 002c 16       		.uleb128 0x16
 1799 002d 00       		.byte	0
 1800 002e 03       		.uleb128 0x3
 1801 002f 0E       		.uleb128 0xe
 1802 0030 3A       		.uleb128 0x3a
 1803 0031 0B       		.uleb128 0xb
 1804 0032 3B       		.uleb128 0x3b
 1805 0033 0B       		.uleb128 0xb
 1806 0034 49       		.uleb128 0x49
 1807 0035 13       		.uleb128 0x13
 1808 0036 00       		.byte	0
 1809 0037 00       		.byte	0
 1810 0038 05       		.uleb128 0x5
 1811 0039 0F       		.uleb128 0xf
 1812 003a 00       		.byte	0
 1813 003b 0B       		.uleb128 0xb
 1814 003c 0B       		.uleb128 0xb
 1815 003d 00       		.byte	0
 1816 003e 00       		.byte	0
 1817 003f 06       		.uleb128 0x6
 1818 0040 13       		.uleb128 0x13
 1819 0041 01       		.byte	0x1
 1820 0042 03       		.uleb128 0x3
 1821 0043 0E       		.uleb128 0xe
 1822 0044 0B       		.uleb128 0xb
 1823 0045 0B       		.uleb128 0xb
 1824 0046 3A       		.uleb128 0x3a
GAS LISTING C:\Users\bayra\AppData\Local\Temp\ccUx7mN5.s 			page 33


 1825 0047 0B       		.uleb128 0xb
 1826 0048 3B       		.uleb128 0x3b
 1827 0049 0B       		.uleb128 0xb
 1828 004a 01       		.uleb128 0x1
 1829 004b 13       		.uleb128 0x13
 1830 004c 00       		.byte	0
 1831 004d 00       		.byte	0
 1832 004e 07       		.uleb128 0x7
 1833 004f 0D       		.uleb128 0xd
 1834 0050 00       		.byte	0
 1835 0051 03       		.uleb128 0x3
 1836 0052 0E       		.uleb128 0xe
 1837 0053 3A       		.uleb128 0x3a
 1838 0054 0B       		.uleb128 0xb
 1839 0055 3B       		.uleb128 0x3b
 1840 0056 0B       		.uleb128 0xb
 1841 0057 49       		.uleb128 0x49
 1842 0058 13       		.uleb128 0x13
 1843 0059 38       		.uleb128 0x38
 1844 005a 0A       		.uleb128 0xa
 1845 005b 00       		.byte	0
 1846 005c 00       		.byte	0
 1847 005d 08       		.uleb128 0x8
 1848 005e 0F       		.uleb128 0xf
 1849 005f 00       		.byte	0
 1850 0060 0B       		.uleb128 0xb
 1851 0061 0B       		.uleb128 0xb
 1852 0062 49       		.uleb128 0x49
 1853 0063 13       		.uleb128 0x13
 1854 0064 00       		.byte	0
 1855 0065 00       		.byte	0
 1856 0066 09       		.uleb128 0x9
 1857 0067 35       		.uleb128 0x35
 1858 0068 00       		.byte	0
 1859 0069 49       		.uleb128 0x49
 1860 006a 13       		.uleb128 0x13
 1861 006b 00       		.byte	0
 1862 006c 00       		.byte	0
 1863 006d 0A       		.uleb128 0xa
 1864 006e 2E       		.uleb128 0x2e
 1865 006f 01       		.byte	0x1
 1866 0070 3F       		.uleb128 0x3f
 1867 0071 0C       		.uleb128 0xc
 1868 0072 03       		.uleb128 0x3
 1869 0073 0E       		.uleb128 0xe
 1870 0074 3A       		.uleb128 0x3a
 1871 0075 0B       		.uleb128 0xb
 1872 0076 3B       		.uleb128 0x3b
 1873 0077 0B       		.uleb128 0xb
 1874 0078 27       		.uleb128 0x27
 1875 0079 0C       		.uleb128 0xc
 1876 007a 49       		.uleb128 0x49
 1877 007b 13       		.uleb128 0x13
 1878 007c 11       		.uleb128 0x11
 1879 007d 01       		.uleb128 0x1
 1880 007e 12       		.uleb128 0x12
 1881 007f 01       		.uleb128 0x1
GAS LISTING C:\Users\bayra\AppData\Local\Temp\ccUx7mN5.s 			page 34


 1882 0080 40       		.uleb128 0x40
 1883 0081 06       		.uleb128 0x6
 1884 0082 9642     		.uleb128 0x2116
 1885 0084 0C       		.uleb128 0xc
 1886 0085 01       		.uleb128 0x1
 1887 0086 13       		.uleb128 0x13
 1888 0087 00       		.byte	0
 1889 0088 00       		.byte	0
 1890 0089 0B       		.uleb128 0xb
 1891 008a 34       		.uleb128 0x34
 1892 008b 00       		.byte	0
 1893 008c 03       		.uleb128 0x3
 1894 008d 0E       		.uleb128 0xe
 1895 008e 3A       		.uleb128 0x3a
 1896 008f 0B       		.uleb128 0xb
 1897 0090 3B       		.uleb128 0x3b
 1898 0091 0B       		.uleb128 0xb
 1899 0092 49       		.uleb128 0x49
 1900 0093 13       		.uleb128 0x13
 1901 0094 02       		.uleb128 0x2
 1902 0095 0A       		.uleb128 0xa
 1903 0096 00       		.byte	0
 1904 0097 00       		.byte	0
 1905 0098 0C       		.uleb128 0xc
 1906 0099 05       		.uleb128 0x5
 1907 009a 00       		.byte	0
 1908 009b 03       		.uleb128 0x3
 1909 009c 0E       		.uleb128 0xe
 1910 009d 3A       		.uleb128 0x3a
 1911 009e 0B       		.uleb128 0xb
 1912 009f 3B       		.uleb128 0x3b
 1913 00a0 0B       		.uleb128 0xb
 1914 00a1 49       		.uleb128 0x49
 1915 00a2 13       		.uleb128 0x13
 1916 00a3 02       		.uleb128 0x2
 1917 00a4 0A       		.uleb128 0xa
 1918 00a5 00       		.byte	0
 1919 00a6 00       		.byte	0
 1920 00a7 0D       		.uleb128 0xd
 1921 00a8 26       		.uleb128 0x26
 1922 00a9 00       		.byte	0
 1923 00aa 49       		.uleb128 0x49
 1924 00ab 13       		.uleb128 0x13
 1925 00ac 00       		.byte	0
 1926 00ad 00       		.byte	0
 1927 00ae 0E       		.uleb128 0xe
 1928 00af 2E       		.uleb128 0x2e
 1929 00b0 01       		.byte	0x1
 1930 00b1 3F       		.uleb128 0x3f
 1931 00b2 0C       		.uleb128 0xc
 1932 00b3 03       		.uleb128 0x3
 1933 00b4 0E       		.uleb128 0xe
 1934 00b5 3A       		.uleb128 0x3a
 1935 00b6 0B       		.uleb128 0xb
 1936 00b7 3B       		.uleb128 0x3b
 1937 00b8 05       		.uleb128 0x5
 1938 00b9 27       		.uleb128 0x27
GAS LISTING C:\Users\bayra\AppData\Local\Temp\ccUx7mN5.s 			page 35


 1939 00ba 0C       		.uleb128 0xc
 1940 00bb 49       		.uleb128 0x49
 1941 00bc 13       		.uleb128 0x13
 1942 00bd 11       		.uleb128 0x11
 1943 00be 01       		.uleb128 0x1
 1944 00bf 12       		.uleb128 0x12
 1945 00c0 01       		.uleb128 0x1
 1946 00c1 40       		.uleb128 0x40
 1947 00c2 06       		.uleb128 0x6
 1948 00c3 9642     		.uleb128 0x2116
 1949 00c5 0C       		.uleb128 0xc
 1950 00c6 01       		.uleb128 0x1
 1951 00c7 13       		.uleb128 0x13
 1952 00c8 00       		.byte	0
 1953 00c9 00       		.byte	0
 1954 00ca 0F       		.uleb128 0xf
 1955 00cb 05       		.uleb128 0x5
 1956 00cc 00       		.byte	0
 1957 00cd 03       		.uleb128 0x3
 1958 00ce 0E       		.uleb128 0xe
 1959 00cf 3A       		.uleb128 0x3a
 1960 00d0 0B       		.uleb128 0xb
 1961 00d1 3B       		.uleb128 0x3b
 1962 00d2 05       		.uleb128 0x5
 1963 00d3 49       		.uleb128 0x49
 1964 00d4 13       		.uleb128 0x13
 1965 00d5 02       		.uleb128 0x2
 1966 00d6 0A       		.uleb128 0xa
 1967 00d7 00       		.byte	0
 1968 00d8 00       		.byte	0
 1969 00d9 10       		.uleb128 0x10
 1970 00da 34       		.uleb128 0x34
 1971 00db 00       		.byte	0
 1972 00dc 03       		.uleb128 0x3
 1973 00dd 0E       		.uleb128 0xe
 1974 00de 3A       		.uleb128 0x3a
 1975 00df 0B       		.uleb128 0xb
 1976 00e0 3B       		.uleb128 0x3b
 1977 00e1 05       		.uleb128 0x5
 1978 00e2 49       		.uleb128 0x49
 1979 00e3 13       		.uleb128 0x13
 1980 00e4 02       		.uleb128 0x2
 1981 00e5 0A       		.uleb128 0xa
 1982 00e6 00       		.byte	0
 1983 00e7 00       		.byte	0
 1984 00e8 11       		.uleb128 0x11
 1985 00e9 0B       		.uleb128 0xb
 1986 00ea 01       		.byte	0x1
 1987 00eb 11       		.uleb128 0x11
 1988 00ec 01       		.uleb128 0x1
 1989 00ed 12       		.uleb128 0x12
 1990 00ee 01       		.uleb128 0x1
 1991 00ef 00       		.byte	0
 1992 00f0 00       		.byte	0
 1993 00f1 12       		.uleb128 0x12
 1994 00f2 2E       		.uleb128 0x2e
 1995 00f3 01       		.byte	0x1
GAS LISTING C:\Users\bayra\AppData\Local\Temp\ccUx7mN5.s 			page 36


 1996 00f4 3F       		.uleb128 0x3f
 1997 00f5 0C       		.uleb128 0xc
 1998 00f6 03       		.uleb128 0x3
 1999 00f7 0E       		.uleb128 0xe
 2000 00f8 3A       		.uleb128 0x3a
 2001 00f9 0B       		.uleb128 0xb
 2002 00fa 3B       		.uleb128 0x3b
 2003 00fb 05       		.uleb128 0x5
 2004 00fc 27       		.uleb128 0x27
 2005 00fd 0C       		.uleb128 0xc
 2006 00fe 49       		.uleb128 0x49
 2007 00ff 13       		.uleb128 0x13
 2008 0100 11       		.uleb128 0x11
 2009 0101 01       		.uleb128 0x1
 2010 0102 12       		.uleb128 0x12
 2011 0103 01       		.uleb128 0x1
 2012 0104 40       		.uleb128 0x40
 2013 0105 06       		.uleb128 0x6
 2014 0106 9742     		.uleb128 0x2117
 2015 0108 0C       		.uleb128 0xc
 2016 0109 01       		.uleb128 0x1
 2017 010a 13       		.uleb128 0x13
 2018 010b 00       		.byte	0
 2019 010c 00       		.byte	0
 2020 010d 13       		.uleb128 0x13
 2021 010e 2E       		.uleb128 0x2e
 2022 010f 01       		.byte	0x1
 2023 0110 3F       		.uleb128 0x3f
 2024 0111 0C       		.uleb128 0xc
 2025 0112 03       		.uleb128 0x3
 2026 0113 0E       		.uleb128 0xe
 2027 0114 3A       		.uleb128 0x3a
 2028 0115 0B       		.uleb128 0xb
 2029 0116 3B       		.uleb128 0x3b
 2030 0117 05       		.uleb128 0x5
 2031 0118 27       		.uleb128 0x27
 2032 0119 0C       		.uleb128 0xc
 2033 011a 11       		.uleb128 0x11
 2034 011b 01       		.uleb128 0x1
 2035 011c 12       		.uleb128 0x12
 2036 011d 01       		.uleb128 0x1
 2037 011e 40       		.uleb128 0x40
 2038 011f 06       		.uleb128 0x6
 2039 0120 9642     		.uleb128 0x2116
 2040 0122 0C       		.uleb128 0xc
 2041 0123 01       		.uleb128 0x1
 2042 0124 13       		.uleb128 0x13
 2043 0125 00       		.byte	0
 2044 0126 00       		.byte	0
 2045 0127 14       		.uleb128 0x14
 2046 0128 2E       		.uleb128 0x2e
 2047 0129 01       		.byte	0x1
 2048 012a 03       		.uleb128 0x3
 2049 012b 0E       		.uleb128 0xe
 2050 012c 3A       		.uleb128 0x3a
 2051 012d 0B       		.uleb128 0xb
 2052 012e 3B       		.uleb128 0x3b
GAS LISTING C:\Users\bayra\AppData\Local\Temp\ccUx7mN5.s 			page 37


 2053 012f 05       		.uleb128 0x5
 2054 0130 27       		.uleb128 0x27
 2055 0131 0C       		.uleb128 0xc
 2056 0132 49       		.uleb128 0x49
 2057 0133 13       		.uleb128 0x13
 2058 0134 11       		.uleb128 0x11
 2059 0135 01       		.uleb128 0x1
 2060 0136 12       		.uleb128 0x12
 2061 0137 01       		.uleb128 0x1
 2062 0138 40       		.uleb128 0x40
 2063 0139 06       		.uleb128 0x6
 2064 013a 9742     		.uleb128 0x2117
 2065 013c 0C       		.uleb128 0xc
 2066 013d 00       		.byte	0
 2067 013e 00       		.byte	0
 2068 013f 00       		.byte	0
 2069              		.section	.debug_loc,"",@progbits
 2070              	.Ldebug_loc0:
 2071              	.LLST0:
 2072 0000 00000000 		.4byte	.LFB0
 2073 0004 00000000 		.4byte	.LCFI0
 2074 0008 0002     		.2byte	0x2
 2075 000a 71       		.byte	0x71
 2076 000b 00       		.sleb128 0
 2077 000c 00000000 		.4byte	.LCFI0
 2078 0010 00000000 		.4byte	.LCFI1
 2079 0014 0002     		.2byte	0x2
 2080 0016 71       		.byte	0x71
 2081 0017 18       		.sleb128 24
 2082 0018 00000000 		.4byte	.LCFI1
 2083 001c 00000000 		.4byte	.LFE0
 2084 0020 0002     		.2byte	0x2
 2085 0022 71       		.byte	0x71
 2086 0023 00       		.sleb128 0
 2087 0024 00000000 		.4byte	0
 2088 0028 00000000 		.4byte	0
 2089              	.LLST1:
 2090 002c 00000000 		.4byte	.LFB1
 2091 0030 00000000 		.4byte	.LCFI2
 2092 0034 0002     		.2byte	0x2
 2093 0036 71       		.byte	0x71
 2094 0037 00       		.sleb128 0
 2095 0038 00000000 		.4byte	.LCFI2
 2096 003c 00000000 		.4byte	.LCFI3
 2097 0040 0002     		.2byte	0x2
 2098 0042 71       		.byte	0x71
 2099 0043 38       		.sleb128 56
 2100 0044 00000000 		.4byte	.LCFI3
 2101 0048 00000000 		.4byte	.LFE1
 2102 004c 0002     		.2byte	0x2
 2103 004e 71       		.byte	0x71
 2104 004f 00       		.sleb128 0
 2105 0050 00000000 		.4byte	0
 2106 0054 00000000 		.4byte	0
 2107              	.LLST2:
 2108 0058 00000000 		.4byte	.LFB2
 2109 005c 00000000 		.4byte	.LCFI4
GAS LISTING C:\Users\bayra\AppData\Local\Temp\ccUx7mN5.s 			page 38


 2110 0060 0002     		.2byte	0x2
 2111 0062 71       		.byte	0x71
 2112 0063 00       		.sleb128 0
 2113 0064 00000000 		.4byte	.LCFI4
 2114 0068 00000000 		.4byte	.LCFI5
 2115 006c 0003     		.2byte	0x3
 2116 006e 71       		.byte	0x71
 2117 006f C000     		.sleb128 64
 2118 0071 00000000 		.4byte	.LCFI5
 2119 0075 00000000 		.4byte	.LFE2
 2120 0079 0002     		.2byte	0x2
 2121 007b 71       		.byte	0x71
 2122 007c 00       		.sleb128 0
 2123 007d 00000000 		.4byte	0
 2124 0081 00000000 		.4byte	0
 2125              	.LLST3:
 2126 0085 00000000 		.4byte	.LFB3
 2127 0089 00000000 		.4byte	.LCFI6
 2128 008d 0002     		.2byte	0x2
 2129 008f 71       		.byte	0x71
 2130 0090 00       		.sleb128 0
 2131 0091 00000000 		.4byte	.LCFI6
 2132 0095 00000000 		.4byte	.LCFI7
 2133 0099 0002     		.2byte	0x2
 2134 009b 71       		.byte	0x71
 2135 009c 20       		.sleb128 32
 2136 009d 00000000 		.4byte	.LCFI7
 2137 00a1 00000000 		.4byte	.LFE3
 2138 00a5 0002     		.2byte	0x2
 2139 00a7 71       		.byte	0x71
 2140 00a8 00       		.sleb128 0
 2141 00a9 00000000 		.4byte	0
 2142 00ad 00000000 		.4byte	0
 2143              	.LLST4:
 2144 00b1 00000000 		.4byte	.LFB4
 2145 00b5 00000000 		.4byte	.LCFI8
 2146 00b9 0002     		.2byte	0x2
 2147 00bb 71       		.byte	0x71
 2148 00bc 00       		.sleb128 0
 2149 00bd 00000000 		.4byte	.LCFI8
 2150 00c1 00000000 		.4byte	.LCFI9
 2151 00c5 0002     		.2byte	0x2
 2152 00c7 71       		.byte	0x71
 2153 00c8 20       		.sleb128 32
 2154 00c9 00000000 		.4byte	.LCFI9
 2155 00cd 00000000 		.4byte	.LFE4
 2156 00d1 0002     		.2byte	0x2
 2157 00d3 71       		.byte	0x71
 2158 00d4 00       		.sleb128 0
 2159 00d5 00000000 		.4byte	0
 2160 00d9 00000000 		.4byte	0
 2161              	.LLST5:
 2162 00dd 00000000 		.4byte	.LFB5
 2163 00e1 00000000 		.4byte	.LCFI10
 2164 00e5 0002     		.2byte	0x2
 2165 00e7 71       		.byte	0x71
 2166 00e8 00       		.sleb128 0
GAS LISTING C:\Users\bayra\AppData\Local\Temp\ccUx7mN5.s 			page 39


 2167 00e9 00000000 		.4byte	.LCFI10
 2168 00ed 00000000 		.4byte	.LCFI11
 2169 00f1 0003     		.2byte	0x3
 2170 00f3 71       		.byte	0x71
 2171 00f4 C000     		.sleb128 64
 2172 00f6 00000000 		.4byte	.LCFI11
 2173 00fa 00000000 		.4byte	.LFE5
 2174 00fe 0002     		.2byte	0x2
 2175 0100 71       		.byte	0x71
 2176 0101 00       		.sleb128 0
 2177 0102 00000000 		.4byte	0
 2178 0106 00000000 		.4byte	0
 2179              	.LLST6:
 2180 010a 00000000 		.4byte	.LFB6
 2181 010e 00000000 		.4byte	.LCFI12
 2182 0112 0002     		.2byte	0x2
 2183 0114 71       		.byte	0x71
 2184 0115 00       		.sleb128 0
 2185 0116 00000000 		.4byte	.LCFI12
 2186 011a 00000000 		.4byte	.LCFI13
 2187 011e 0002     		.2byte	0x2
 2188 0120 71       		.byte	0x71
 2189 0121 20       		.sleb128 32
 2190 0122 00000000 		.4byte	.LCFI13
 2191 0126 00000000 		.4byte	.LFE6
 2192 012a 0002     		.2byte	0x2
 2193 012c 71       		.byte	0x71
 2194 012d 00       		.sleb128 0
 2195 012e 00000000 		.4byte	0
 2196 0132 00000000 		.4byte	0
 2197              	.LLST7:
 2198 0136 00000000 		.4byte	.LFB7
 2199 013a 00000000 		.4byte	.LCFI14
 2200 013e 0002     		.2byte	0x2
 2201 0140 71       		.byte	0x71
 2202 0141 00       		.sleb128 0
 2203 0142 00000000 		.4byte	.LCFI14
 2204 0146 00000000 		.4byte	.LCFI15
 2205 014a 0002     		.2byte	0x2
 2206 014c 71       		.byte	0x71
 2207 014d 10       		.sleb128 16
 2208 014e 00000000 		.4byte	.LCFI15
 2209 0152 00000000 		.4byte	.LFE7
 2210 0156 0002     		.2byte	0x2
 2211 0158 71       		.byte	0x71
 2212 0159 00       		.sleb128 0
 2213 015a 00000000 		.4byte	0
 2214 015e 00000000 		.4byte	0
 2215              	.LLST8:
 2216 0162 00000000 		.4byte	.LFB8
 2217 0166 00000000 		.4byte	.LCFI16
 2218 016a 0002     		.2byte	0x2
 2219 016c 71       		.byte	0x71
 2220 016d 00       		.sleb128 0
 2221 016e 00000000 		.4byte	.LCFI16
 2222 0172 00000000 		.4byte	.LCFI17
 2223 0176 0002     		.2byte	0x2
GAS LISTING C:\Users\bayra\AppData\Local\Temp\ccUx7mN5.s 			page 40


 2224 0178 71       		.byte	0x71
 2225 0179 10       		.sleb128 16
 2226 017a 00000000 		.4byte	.LCFI17
 2227 017e 00000000 		.4byte	.LFE8
 2228 0182 0002     		.2byte	0x2
 2229 0184 71       		.byte	0x71
 2230 0185 00       		.sleb128 0
 2231 0186 00000000 		.4byte	0
 2232 018a 00000000 		.4byte	0
 2233              	.LLST9:
 2234 018e 00000000 		.4byte	.LFB9
 2235 0192 00000000 		.4byte	.LCFI18
 2236 0196 0002     		.2byte	0x2
 2237 0198 71       		.byte	0x71
 2238 0199 00       		.sleb128 0
 2239 019a 00000000 		.4byte	.LCFI18
 2240 019e 00000000 		.4byte	.LCFI19
 2241 01a2 0002     		.2byte	0x2
 2242 01a4 71       		.byte	0x71
 2243 01a5 28       		.sleb128 40
 2244 01a6 00000000 		.4byte	.LCFI19
 2245 01aa 00000000 		.4byte	.LFE9
 2246 01ae 0002     		.2byte	0x2
 2247 01b0 71       		.byte	0x71
 2248 01b1 00       		.sleb128 0
 2249 01b2 00000000 		.4byte	0
 2250 01b6 00000000 		.4byte	0
 2251              		.section	.debug_aranges,"",@progbits
 2252 0000 00000064 		.4byte	0x64
 2253 0004 0002     		.2byte	0x2
 2254 0006 00000000 		.4byte	.Ldebug_info0
 2255 000a 04       		.byte	0x4
 2256 000b 00       		.byte	0
 2257 000c 0000     		.2byte	0
 2258 000e 0000     		.2byte	0
 2259 0010 00000000 		.4byte	.LFB0
 2260 0014 00000044 		.4byte	.LFE0-.LFB0
 2261 0018 00000000 		.4byte	.LFB1
 2262 001c 00000154 		.4byte	.LFE1-.LFB1
 2263 0020 00000000 		.4byte	.LFB2
 2264 0024 000001C6 		.4byte	.LFE2-.LFB2
 2265 0028 00000000 		.4byte	.LFB3
 2266 002c 00000038 		.4byte	.LFE3-.LFB3
 2267 0030 00000000 		.4byte	.LFB4
 2268 0034 0000001C 		.4byte	.LFE4-.LFB4
 2269 0038 00000000 		.4byte	.LFB5
 2270 003c 0000014E 		.4byte	.LFE5-.LFB5
 2271 0040 00000000 		.4byte	.LFB6
 2272 0044 00000054 		.4byte	.LFE6-.LFB6
 2273 0048 00000000 		.4byte	.LFB7
 2274 004c 0000001C 		.4byte	.LFE7-.LFB7
 2275 0050 00000000 		.4byte	.LFB8
 2276 0054 0000001C 		.4byte	.LFE8-.LFB8
 2277 0058 00000000 		.4byte	.LFB9
 2278 005c 00000074 		.4byte	.LFE9-.LFB9
 2279 0060 00000000 		.4byte	0
 2280 0064 00000000 		.4byte	0
GAS LISTING C:\Users\bayra\AppData\Local\Temp\ccUx7mN5.s 			page 41


 2281              		.section	.debug_ranges,"",@progbits
 2282              	.Ldebug_ranges0:
 2283 0000 00000000 		.4byte	.LFB0
 2284 0004 00000000 		.4byte	.LFE0
 2285 0008 00000000 		.4byte	.LFB1
 2286 000c 00000000 		.4byte	.LFE1
 2287 0010 00000000 		.4byte	.LFB2
 2288 0014 00000000 		.4byte	.LFE2
 2289 0018 00000000 		.4byte	.LFB3
 2290 001c 00000000 		.4byte	.LFE3
 2291 0020 00000000 		.4byte	.LFB4
 2292 0024 00000000 		.4byte	.LFE4
 2293 0028 00000000 		.4byte	.LFB5
 2294 002c 00000000 		.4byte	.LFE5
 2295 0030 00000000 		.4byte	.LFB6
 2296 0034 00000000 		.4byte	.LFE6
 2297 0038 00000000 		.4byte	.LFB7
 2298 003c 00000000 		.4byte	.LFE7
 2299 0040 00000000 		.4byte	.LFB8
 2300 0044 00000000 		.4byte	.LFE8
 2301 0048 00000000 		.4byte	.LFB9
 2302 004c 00000000 		.4byte	.LFE9
 2303 0050 00000000 		.4byte	0
 2304 0054 00000000 		.4byte	0
 2305              		.section	.debug_line,"",@progbits
 2306              	.Ldebug_line0:
 2307 0000 0000036A 		.section	.debug_str,"MS",@progbits,1
 2307      00020000 
 2307      02200201 
 2307      FB0E0D00 
 2307      01010101 
 2308              	.LASF58:
 2309 0000 70784C69 		.string	"pxListItem"
 2309      73744974 
 2309      656D00
 2310              	.LASF28:
 2311 000b 4D696E69 		.string	"MiniListItem_t"
 2311      4C697374 
 2311      4974656D 
 2311      5F7400
 2312              	.LASF38:
 2313 001a 78457665 		.string	"xEventGroup"
 2313      6E744772 
 2313      6F757000 
 2314              	.LASF70:
 2315 0026 474E5520 		.ascii	"GNU C 4.9.4 20160726 (Sat May 27 11:09:55 CDT 2017         b"
 2315      4320342E 
 2315      392E3420 
 2315      32303136 
 2315      30373236 
 2316 0062 75696C64 		.ascii	"uild.sh"
 2316      2E7368
 2317 0069 20726576 		.string	" rev=gd8b6c20 s=F494 ELe200 -V release_gd8b6c20_build_Fed_ELe200_ML0) -mcall-sysv -mcpu=e
 2317      3D676438 
 2317      62366332 
 2317      3020733D 
 2317      46343934 
GAS LISTING C:\Users\bayra\AppData\Local\Temp\ccUx7mN5.s 			page 42


 2318              	.LASF31:
 2319 016a 4576656E 		.string	"EventGroupDef_t"
 2319      7447726F 
 2319      75704465 
 2319      665F7400 
 2320              	.LASF34:
 2321 017a 4576656E 		.string	"EventBits_t"
 2321      74426974 
 2321      735F7400 
 2322              	.LASF8:
 2323 0186 6C6F6E67 		.string	"long long unsigned int"
 2323      206C6F6E 
 2323      6720756E 
 2323      7369676E 
 2323      65642069 
 2324              	.LASF45:
 2325 019d 78416C72 		.string	"xAlreadyYielded"
 2325      65616479 
 2325      5969656C 
 2325      64656400 
 2326              	.LASF67:
 2327 01ad 756C4269 		.string	"ulBitsToSet"
 2327      7473546F 
 2327      53657400 
 2328              	.LASF35:
 2329 01b9 4576656E 		.string	"EventGroup_t"
 2329      7447726F 
 2329      75705F74 
 2329      00
 2330              	.LASF25:
 2331 01c6 784C6973 		.string	"xListEnd"
 2331      74456E64 
 2331      00
 2332              	.LASF27:
 2333 01cf 784D494E 		.string	"xMINI_LIST_ITEM"
 2333      495F4C49 
 2333      53545F49 
 2333      54454D00 
 2334              	.LASF63:
 2335 01df 70785461 		.string	"pxTasksWaitingForBits"
 2335      736B7357 
 2335      61697469 
 2335      6E67466F 
 2335      72426974 
 2336              	.LASF7:
 2337 01f5 6C6F6E67 		.string	"long long int"
 2337      206C6F6E 
 2337      6720696E 
 2337      7400
 2338              	.LASF2:
 2339 0203 7369676E 		.string	"signed char"
 2339      65642063 
 2339      68617200 
 2340              	.LASF41:
 2341 020f 78546963 		.string	"xTicksToWait"
 2341      6B73546F 
 2341      57616974 
GAS LISTING C:\Users\bayra\AppData\Local\Temp\ccUx7mN5.s 			page 43


 2341      00
 2342              	.LASF50:
 2343 021c 7578436F 		.string	"uxControlBits"
 2343      6E74726F 
 2343      6C426974 
 2343      7300
 2344              	.LASF46:
 2345 022a 7854696D 		.string	"xTimeoutOccurred"
 2345      656F7574 
 2345      4F636375 
 2345      72726564 
 2345      00
 2346              	.LASF1:
 2347 023b 6C6F6E67 		.string	"long int"
 2347      20696E74 
 2347      00
 2348              	.LASF55:
 2349 0244 78457665 		.string	"xEventGroupGetBitsFromISR"
 2349      6E744772 
 2349      6F757047 
 2349      65744269 
 2349      74734672 
 2350              	.LASF30:
 2351 025e 4576656E 		.string	"EventGroupHandle_t"
 2351      7447726F 
 2351      75704861 
 2351      6E646C65 
 2351      5F7400
 2352              	.LASF57:
 2353 0271 78457665 		.string	"xEventGroupSetBits"
 2353      6E744772 
 2353      6F757053 
 2353      65744269 
 2353      747300
 2354              	.LASF13:
 2355 0284 42617365 		.string	"BaseType_t"
 2355      54797065 
 2355      5F7400
 2356              	.LASF42:
 2357 028f 70784576 		.string	"pxEventBits"
 2357      656E7442 
 2357      69747300 
 2358              	.LASF37:
 2359 029b 78457665 		.string	"xEventGroupSync"
 2359      6E744772 
 2359      6F757053 
 2359      796E6300 
 2360              	.LASF11:
 2361 02ab 5F5F7569 		.string	"__uint32_t"
 2361      6E743332 
 2361      5F7400
 2362              	.LASF0:
 2363 02b6 756E7369 		.string	"unsigned int"
 2363      676E6564 
 2363      20696E74 
 2363      00
 2364              	.LASF52:
GAS LISTING C:\Users\bayra\AppData\Local\Temp\ccUx7mN5.s 			page 44


 2365 02c3 75784375 		.string	"uxCurrentEventBits"
 2365      7272656E 
 2365      74457665 
 2365      6E744269 
 2365      747300
 2366              	.LASF23:
 2367 02d6 75784E75 		.string	"uxNumberOfItems"
 2367      6D626572 
 2367      4F664974 
 2367      656D7300 
 2368              	.LASF6:
 2369 02e6 6C6F6E67 		.string	"long unsigned int"
 2369      20756E73 
 2369      69676E65 
 2369      6420696E 
 2369      7400
 2370              	.LASF5:
 2371 02f8 73686F72 		.string	"short unsigned int"
 2371      7420756E 
 2371      7369676E 
 2371      65642069 
 2371      6E7400
 2372              	.LASF69:
 2373 030b 756C4269 		.string	"ulBitsToClear"
 2373      7473546F 
 2373      436C6561 
 2373      7200
 2374              	.LASF44:
 2375 0319 75785265 		.string	"uxReturn"
 2375      7475726E 
 2375      00
 2376              	.LASF68:
 2377 0322 76457665 		.string	"vEventGroupClearBitsCallback"
 2377      6E744772 
 2377      6F757043 
 2377      6C656172 
 2377      42697473 
 2378              	.LASF40:
 2379 033f 75784269 		.string	"uxBitsToWaitFor"
 2379      7473546F 
 2379      57616974 
 2379      466F7200 
 2380              	.LASF65:
 2381 034f 76457665 		.string	"vEventGroupSetBitsCallback"
 2381      6E744772 
 2381      6F757053 
 2381      65744269 
 2381      74734361 
 2382              	.LASF61:
 2383 036a 75784269 		.string	"uxBitsWaitedFor"
 2383      74735761 
 2383      69746564 
 2383      466F7200 
 2384              	.LASF66:
 2385 037a 70764576 		.string	"pvEventGroup"
 2385      656E7447 
 2385      726F7570 
GAS LISTING C:\Users\bayra\AppData\Local\Temp\ccUx7mN5.s 			page 45


 2385      00
 2386              	.LASF73:
 2387 0387 70727654 		.string	"prvTestWaitCondition"
 2387      65737457 
 2387      61697443 
 2387      6F6E6469 
 2387      74696F6E 
 2388              	.LASF9:
 2389 039c 73697A65 		.string	"sizetype"
 2389      74797065 
 2389      00
 2390              	.LASF48:
 2391 03a5 78436C65 		.string	"xClearOnExit"
 2391      61724F6E 
 2391      45786974 
 2391      00
 2392              	.LASF15:
 2393 03b2 5469636B 		.string	"TickType_t"
 2393      54797065 
 2393      5F7400
 2394              	.LASF33:
 2395 03bd 78546173 		.string	"xTasksWaitingForBits"
 2395      6B735761 
 2395      6974696E 
 2395      67466F72 
 2395      42697473 
 2396              	.LASF47:
 2397 03d2 78457665 		.string	"xEventGroupWaitBits"
 2397      6E744772 
 2397      6F757057 
 2397      61697442 
 2397      69747300 
 2398              	.LASF26:
 2399 03e6 4C697374 		.string	"ListItem_t"
 2399      4974656D 
 2399      5F7400
 2400              	.LASF18:
 2401 03f1 70785072 		.string	"pxPrevious"
 2401      6576696F 
 2401      757300
 2402              	.LASF19:
 2403 03fc 70764F77 		.string	"pvOwner"
 2403      6E657200 
 2404              	.LASF24:
 2405 0404 7078496E 		.string	"pxIndex"
 2405      64657800 
 2406              	.LASF20:
 2407 040c 7076436F 		.string	"pvContainer"
 2407      6E746169 
 2407      6E657200 
 2408              	.LASF3:
 2409 0418 756E7369 		.string	"unsigned char"
 2409      676E6564 
 2409      20636861 
 2409      7200
 2410              	.LASF53:
 2411 0426 78457665 		.string	"xEventGroupClearBits"
GAS LISTING C:\Users\bayra\AppData\Local\Temp\ccUx7mN5.s 			page 46


 2411      6E744772 
 2411      6F757043 
 2411      6C656172 
 2411      42697473 
 2412              	.LASF4:
 2413 043b 73686F72 		.string	"short int"
 2413      7420696E 
 2413      7400
 2414              	.LASF54:
 2415 0445 75784269 		.string	"uxBitsToClear"
 2415      7473546F 
 2415      436C6561 
 2415      7200
 2416              	.LASF22:
 2417 0453 784C4953 		.string	"xLIST"
 2417      5400
 2418              	.LASF29:
 2419 0459 4C697374 		.string	"List_t"
 2419      5F7400
 2420              	.LASF56:
 2421 0460 75785361 		.string	"uxSavedInterruptStatus"
 2421      76656449 
 2421      6E746572 
 2421      72757074 
 2421      53746174 
 2422              	.LASF12:
 2423 0477 75696E74 		.string	"uint32_t"
 2423      33325F74 
 2423      00
 2424              	.LASF62:
 2425 0480 784D6174 		.string	"xMatchFound"
 2425      6368466F 
 2425      756E6400 
 2426              	.LASF10:
 2427 048c 63686172 		.string	"char"
 2427      00
 2428              	.LASF60:
 2429 0491 70784C69 		.string	"pxList"
 2429      737400
 2430              	.LASF16:
 2431 0498 78497465 		.string	"xItemValue"
 2431      6D56616C 
 2431      756500
 2432              	.LASF32:
 2433 04a3 75784576 		.string	"uxEventBits"
 2433      656E7442 
 2433      69747300 
 2434              	.LASF64:
 2435 04af 76457665 		.string	"vEventGroupDelete"
 2435      6E744772 
 2435      6F757044 
 2435      656C6574 
 2435      6500
 2436              	.LASF71:
 2437 04c1 2E2F636F 		.string	"./components/spc5_freertos_component_rla/lib/src/event_groups.c"
 2437      6D706F6E 
 2437      656E7473 
GAS LISTING C:\Users\bayra\AppData\Local\Temp\ccUx7mN5.s 			page 47


 2437      2F737063 
 2437      355F6672 
 2438              	.LASF39:
 2439 0501 75784269 		.string	"uxBitsToSet"
 2439      7473546F 
 2439      53657400 
 2440              	.LASF43:
 2441 050d 75784F72 		.string	"uxOriginalBitValue"
 2441      6967696E 
 2441      616C4269 
 2441      7456616C 
 2441      756500
 2442              	.LASF49:
 2443 0520 78576169 		.string	"xWaitForAllBits"
 2443      74466F72 
 2443      416C6C42 
 2443      69747300 
 2444              	.LASF17:
 2445 0530 70784E65 		.string	"pxNext"
 2445      787400
 2446              	.LASF21:
 2447 0537 784C4953 		.string	"xLIST_ITEM"
 2447      545F4954 
 2447      454D00
 2448              	.LASF51:
 2449 0542 78576169 		.string	"xWaitConditionMet"
 2449      74436F6E 
 2449      64697469 
 2449      6F6E4D65 
 2449      7400
 2450              	.LASF59:
 2451 0554 70784C69 		.string	"pxListEnd"
 2451      7374456E 
 2451      6400
 2452              	.LASF14:
 2453 055e 55426173 		.string	"UBaseType_t"
 2453      65547970 
 2453      655F7400 
 2454              	.LASF36:
 2455 056a 78457665 		.string	"xEventGroupCreate"
 2455      6E744772 
 2455      6F757043 
 2455      72656174 
 2455      6500
 2456              	.LASF72:
 2457 057c 443A5C47 		.string	"D:\\GitKraken\\SPC58EC80E5\\Gateway"
 2457      69744B72 
 2457      616B656E 
 2457      5C535043 
 2457      35384543 
 2458              		.ident	"GCC: (GNU) 4.9.4 20160726 (Sat May 27 11:09:55 CDT 2017         build.sh rev=gd8b6c20 s=F4
GAS LISTING C:\Users\bayra\AppData\Local\Temp\ccUx7mN5.s 			page 48


DEFINED SYMBOLS
                            *ABS*:00000000 event_groups.c
C:\Users\bayra\AppData\Local\Temp\ccUx7mN5.s:10     .text.xEventGroupCreate:00000000 xEventGroupCreate
C:\Users\bayra\AppData\Local\Temp\ccUx7mN5.s:61     .text.xEventGroupSync:00000000 xEventGroupSync
C:\Users\bayra\AppData\Local\Temp\ccUx7mN5.s:550    .text.xEventGroupSetBits:00000000 xEventGroupSetBits
C:\Users\bayra\AppData\Local\Temp\ccUx7mN5.s:241    .text.xEventGroupWaitBits:00000000 xEventGroupWaitBits
C:\Users\bayra\AppData\Local\Temp\ccUx7mN5.s:846    .text.prvTestWaitCondition:00000000 prvTestWaitCondition
C:\Users\bayra\AppData\Local\Temp\ccUx7mN5.s:467    .text.xEventGroupClearBits:00000000 xEventGroupClearBits
C:\Users\bayra\AppData\Local\Temp\ccUx7mN5.s:516    .text.xEventGroupGetBitsFromISR:00000000 xEventGroupGetBitsFromISR
C:\Users\bayra\AppData\Local\Temp\ccUx7mN5.s:726    .text.vEventGroupDelete:00000000 vEventGroupDelete
C:\Users\bayra\AppData\Local\Temp\ccUx7mN5.s:785    .text.vEventGroupSetBitsCallback:00000000 vEventGroupSetBitsCallback
C:\Users\bayra\AppData\Local\Temp\ccUx7mN5.s:816    .text.vEventGroupClearBitsCallback:00000000 vEventGroupClearBitsCallback

UNDEFINED SYMBOLS
pvPortMalloc
vListInitialise
vTaskSuspendAll
vTaskPlaceOnUnorderedEventList
xTaskResumeAll
uxTaskResetEventItemValue
vTaskEnterCritical
vTaskExitCritical
vTaskRemoveFromUnorderedEventList
vPortFree
