GAS LISTING C:\Users\bayra\AppData\Local\Temp\cctBCTyB.s 			page 1


   1              		.file	"h106.c"
   2              		.section	".text","axv"
   3              	.Ltext0:
   4              		.cfi_sections	.debug_frame
   5              		.section	.text.manupilate_h106,"axv",@progbits
   6              		.align 1
   7              		.p2align 4,,15
   8              		.globl manupilate_h106
   9              		.type	manupilate_h106, @function
  10              	manupilate_h106:
  11              	.LFB0:
  12              		.file 1 "./source/src/h106.c"
  13              		.loc 1 11 0
  14              		.cfi_startproc
  15 0000 182106F0 		e_stwu %r1,-16(%r1)
  16              	.LCFI0:
  17              		.cfi_def_cfa_offset 16
  18 0004 0080     		se_mflr %r0
  19 0006 D501     		se_stw %r0,20(%r1)
  20              		.cfi_offset 65, 4
  21 0008 D231     		se_stw %r3,8(%r1)
  22 000a 0147     		se_mr %r7,%r4
  23 000c 9C71     		se_stb %r7,12(%r1)
  24              		.loc 1 12 0
  25 000e 8C71     		se_lbz %r7,12(%r1)
  26 0010 00C7     		se_extzb %r7
  27 0012 2A07     		se_cmpi %r7,0
  28 0014 7F800020 		e_mcrf %cr7,%cr0
  29 0018 7CE00026 		mfcr %r7
  30 001c 74E7E007 		e_rlwinm %r7,%r7,28,0xf0000000
  31 0020 7CE80120 		mtcrf 128,%r7
  32 0024 7A120016 		e_beq %cr0,.L2
  33              		.loc 1 14 0
  34 0028 C271     		se_lwz %r7,8(%r1)
  35 002a 2027     		se_addi %r7,3
  36 002c C261     		se_lwz %r6,8(%r1)
  37 002e 2026     		se_addi %r6,3
  38 0030 8066     		se_lbz %r6,0(%r6)
  39 0032 00C6     		se_extzb %r6
  40 0034 65D6     		se_bseti %r6,29
  41 0036 00C6     		se_extzb %r6
  42 0038 9067     		se_stb %r6,0(%r7)
  43              	.L2:
  44              		.loc 1 17 0
  45 003a C231     		se_lwz %r3,8(%r1)
  46 003c 4884     		se_li %r4,8
  47 003e 70A00106 		e_li %r5,262
  48 0042 78000001 		e_bl Crc_CalculateCRC8H2F
  49              		.loc 1 19 0
  50 0046 C501     		se_lwz %r0,20(%r1)
  51 0048 0090     		se_mtlr %r0
  52 004a 20F1     		se_addi %r1,16
  53              	.LCFI1:
  54              		.cfi_def_cfa_offset 0
  55 004c 0004     		se_blr
  56              		.cfi_endproc
  57              	.LFE0:
GAS LISTING C:\Users\bayra\AppData\Local\Temp\cctBCTyB.s 			page 2


  58              		.size	manupilate_h106, .-manupilate_h106
  59              		.section	".text","axv"
  60              	.Letext0:
  61              		.file 2 "c:\\spc5studio-6.0\\eclipse\\plugins\\com.st.tools.spc5.tools.gnu.gcc.ppcvle.win32_4.9.4.
  62              		.file 3 "c:\\spc5studio-6.0\\eclipse\\plugins\\com.st.tools.spc5.tools.gnu.gcc.ppcvle.win32_4.9.4.
  63              		.section	.debug_info,"",@progbits
  64              	.Ldebug_info0:
  65 0000 000000CD 		.4byte	0xcd
  66 0004 0002     		.2byte	0x2
  67 0006 00000000 		.4byte	.Ldebug_abbrev0
  68 000a 04       		.byte	0x4
  69 000b 01       		.uleb128 0x1
  70 000c 00000000 		.4byte	.LASF15
  71 0010 01       		.byte	0x1
  72 0011 00000000 		.4byte	.LASF16
  73 0015 00000000 		.4byte	.LASF17
  74 0019 00000000 		.4byte	.Ldebug_ranges0+0
  75 001d 00000000 		.4byte	0
  76 0021 00000000 		.4byte	0
  77 0025 00000000 		.4byte	.Ldebug_line0
  78 0029 02       		.uleb128 0x2
  79 002a 01       		.byte	0x1
  80 002b 06       		.byte	0x6
  81 002c 00000000 		.4byte	.LASF0
  82 0030 03       		.uleb128 0x3
  83 0031 00000000 		.4byte	.LASF11
  84 0035 02       		.byte	0x2
  85 0036 1D       		.byte	0x1d
  86 0037 0000003B 		.4byte	0x3b
  87 003b 02       		.uleb128 0x2
  88 003c 01       		.byte	0x1
  89 003d 08       		.byte	0x8
  90 003e 00000000 		.4byte	.LASF1
  91 0042 02       		.uleb128 0x2
  92 0043 02       		.byte	0x2
  93 0044 05       		.byte	0x5
  94 0045 00000000 		.4byte	.LASF2
  95 0049 02       		.uleb128 0x2
  96 004a 02       		.byte	0x2
  97 004b 07       		.byte	0x7
  98 004c 00000000 		.4byte	.LASF3
  99 0050 02       		.uleb128 0x2
 100 0051 04       		.byte	0x4
 101 0052 05       		.byte	0x5
 102 0053 00000000 		.4byte	.LASF4
 103 0057 02       		.uleb128 0x2
 104 0058 04       		.byte	0x4
 105 0059 07       		.byte	0x7
 106 005a 00000000 		.4byte	.LASF5
 107 005e 02       		.uleb128 0x2
 108 005f 08       		.byte	0x8
 109 0060 05       		.byte	0x5
 110 0061 00000000 		.4byte	.LASF6
 111 0065 02       		.uleb128 0x2
 112 0066 08       		.byte	0x8
 113 0067 07       		.byte	0x7
 114 0068 00000000 		.4byte	.LASF7
GAS LISTING C:\Users\bayra\AppData\Local\Temp\cctBCTyB.s 			page 3


 115 006c 04       		.uleb128 0x4
 116 006d 04       		.byte	0x4
 117 006e 05       		.byte	0x5
 118 006f 696E7400 		.string	"int"
 119 0073 02       		.uleb128 0x2
 120 0074 04       		.byte	0x4
 121 0075 07       		.byte	0x7
 122 0076 00000000 		.4byte	.LASF8
 123 007a 02       		.uleb128 0x2
 124 007b 04       		.byte	0x4
 125 007c 07       		.byte	0x7
 126 007d 00000000 		.4byte	.LASF9
 127 0081 02       		.uleb128 0x2
 128 0082 01       		.byte	0x1
 129 0083 08       		.byte	0x8
 130 0084 00000000 		.4byte	.LASF10
 131 0088 03       		.uleb128 0x3
 132 0089 00000000 		.4byte	.LASF12
 133 008d 03       		.byte	0x3
 134 008e 15       		.byte	0x15
 135 008f 00000030 		.4byte	0x30
 136 0093 05       		.uleb128 0x5
 137 0094 01       		.byte	0x1
 138 0095 00000000 		.4byte	.LASF18
 139 0099 01       		.byte	0x1
 140 009a 0A       		.byte	0xa
 141 009b 01       		.byte	0x1
 142 009c 00000000 		.4byte	.LFB0
 143 00a0 00000000 		.4byte	.LFE0
 144 00a4 00000000 		.4byte	.LLST0
 145 00a8 01       		.byte	0x1
 146 00a9 000000CA 		.4byte	0xca
 147 00ad 06       		.uleb128 0x6
 148 00ae 00000000 		.4byte	.LASF13
 149 00b2 01       		.byte	0x1
 150 00b3 0A       		.byte	0xa
 151 00b4 000000CA 		.4byte	0xca
 152 00b8 02       		.byte	0x2
 153 00b9 91       		.byte	0x91
 154 00ba 78       		.sleb128 -8
 155 00bb 06       		.uleb128 0x6
 156 00bc 00000000 		.4byte	.LASF14
 157 00c0 01       		.byte	0x1
 158 00c1 0A       		.byte	0xa
 159 00c2 00000088 		.4byte	0x88
 160 00c6 02       		.byte	0x2
 161 00c7 91       		.byte	0x91
 162 00c8 7C       		.sleb128 -4
 163 00c9 00       		.byte	0
 164 00ca 07       		.uleb128 0x7
 165 00cb 04       		.byte	0x4
 166 00cc 00000088 		.4byte	0x88
 167 00d0 00       		.byte	0
 168              		.section	.debug_abbrev,"",@progbits
 169              	.Ldebug_abbrev0:
 170 0000 01       		.uleb128 0x1
 171 0001 11       		.uleb128 0x11
GAS LISTING C:\Users\bayra\AppData\Local\Temp\cctBCTyB.s 			page 4


 172 0002 01       		.byte	0x1
 173 0003 25       		.uleb128 0x25
 174 0004 0E       		.uleb128 0xe
 175 0005 13       		.uleb128 0x13
 176 0006 0B       		.uleb128 0xb
 177 0007 03       		.uleb128 0x3
 178 0008 0E       		.uleb128 0xe
 179 0009 1B       		.uleb128 0x1b
 180 000a 0E       		.uleb128 0xe
 181 000b 55       		.uleb128 0x55
 182 000c 06       		.uleb128 0x6
 183 000d 11       		.uleb128 0x11
 184 000e 01       		.uleb128 0x1
 185 000f 52       		.uleb128 0x52
 186 0010 01       		.uleb128 0x1
 187 0011 10       		.uleb128 0x10
 188 0012 06       		.uleb128 0x6
 189 0013 00       		.byte	0
 190 0014 00       		.byte	0
 191 0015 02       		.uleb128 0x2
 192 0016 24       		.uleb128 0x24
 193 0017 00       		.byte	0
 194 0018 0B       		.uleb128 0xb
 195 0019 0B       		.uleb128 0xb
 196 001a 3E       		.uleb128 0x3e
 197 001b 0B       		.uleb128 0xb
 198 001c 03       		.uleb128 0x3
 199 001d 0E       		.uleb128 0xe
 200 001e 00       		.byte	0
 201 001f 00       		.byte	0
 202 0020 03       		.uleb128 0x3
 203 0021 16       		.uleb128 0x16
 204 0022 00       		.byte	0
 205 0023 03       		.uleb128 0x3
 206 0024 0E       		.uleb128 0xe
 207 0025 3A       		.uleb128 0x3a
 208 0026 0B       		.uleb128 0xb
 209 0027 3B       		.uleb128 0x3b
 210 0028 0B       		.uleb128 0xb
 211 0029 49       		.uleb128 0x49
 212 002a 13       		.uleb128 0x13
 213 002b 00       		.byte	0
 214 002c 00       		.byte	0
 215 002d 04       		.uleb128 0x4
 216 002e 24       		.uleb128 0x24
 217 002f 00       		.byte	0
 218 0030 0B       		.uleb128 0xb
 219 0031 0B       		.uleb128 0xb
 220 0032 3E       		.uleb128 0x3e
 221 0033 0B       		.uleb128 0xb
 222 0034 03       		.uleb128 0x3
 223 0035 08       		.uleb128 0x8
 224 0036 00       		.byte	0
 225 0037 00       		.byte	0
 226 0038 05       		.uleb128 0x5
 227 0039 2E       		.uleb128 0x2e
 228 003a 01       		.byte	0x1
GAS LISTING C:\Users\bayra\AppData\Local\Temp\cctBCTyB.s 			page 5


 229 003b 3F       		.uleb128 0x3f
 230 003c 0C       		.uleb128 0xc
 231 003d 03       		.uleb128 0x3
 232 003e 0E       		.uleb128 0xe
 233 003f 3A       		.uleb128 0x3a
 234 0040 0B       		.uleb128 0xb
 235 0041 3B       		.uleb128 0x3b
 236 0042 0B       		.uleb128 0xb
 237 0043 27       		.uleb128 0x27
 238 0044 0C       		.uleb128 0xc
 239 0045 11       		.uleb128 0x11
 240 0046 01       		.uleb128 0x1
 241 0047 12       		.uleb128 0x12
 242 0048 01       		.uleb128 0x1
 243 0049 40       		.uleb128 0x40
 244 004a 06       		.uleb128 0x6
 245 004b 9642     		.uleb128 0x2116
 246 004d 0C       		.uleb128 0xc
 247 004e 01       		.uleb128 0x1
 248 004f 13       		.uleb128 0x13
 249 0050 00       		.byte	0
 250 0051 00       		.byte	0
 251 0052 06       		.uleb128 0x6
 252 0053 05       		.uleb128 0x5
 253 0054 00       		.byte	0
 254 0055 03       		.uleb128 0x3
 255 0056 0E       		.uleb128 0xe
 256 0057 3A       		.uleb128 0x3a
 257 0058 0B       		.uleb128 0xb
 258 0059 3B       		.uleb128 0x3b
 259 005a 0B       		.uleb128 0xb
 260 005b 49       		.uleb128 0x49
 261 005c 13       		.uleb128 0x13
 262 005d 02       		.uleb128 0x2
 263 005e 0A       		.uleb128 0xa
 264 005f 00       		.byte	0
 265 0060 00       		.byte	0
 266 0061 07       		.uleb128 0x7
 267 0062 0F       		.uleb128 0xf
 268 0063 00       		.byte	0
 269 0064 0B       		.uleb128 0xb
 270 0065 0B       		.uleb128 0xb
 271 0066 49       		.uleb128 0x49
 272 0067 13       		.uleb128 0x13
 273 0068 00       		.byte	0
 274 0069 00       		.byte	0
 275 006a 00       		.byte	0
 276              		.section	.debug_loc,"",@progbits
 277              	.Ldebug_loc0:
 278              	.LLST0:
 279 0000 00000000 		.4byte	.LFB0
 280 0004 00000000 		.4byte	.LCFI0
 281 0008 0002     		.2byte	0x2
 282 000a 71       		.byte	0x71
 283 000b 00       		.sleb128 0
 284 000c 00000000 		.4byte	.LCFI0
 285 0010 00000000 		.4byte	.LCFI1
GAS LISTING C:\Users\bayra\AppData\Local\Temp\cctBCTyB.s 			page 6


 286 0014 0002     		.2byte	0x2
 287 0016 71       		.byte	0x71
 288 0017 10       		.sleb128 16
 289 0018 00000000 		.4byte	.LCFI1
 290 001c 00000000 		.4byte	.LFE0
 291 0020 0002     		.2byte	0x2
 292 0022 71       		.byte	0x71
 293 0023 00       		.sleb128 0
 294 0024 00000000 		.4byte	0
 295 0028 00000000 		.4byte	0
 296              		.section	.debug_aranges,"",@progbits
 297 0000 0000001C 		.4byte	0x1c
 298 0004 0002     		.2byte	0x2
 299 0006 00000000 		.4byte	.Ldebug_info0
 300 000a 04       		.byte	0x4
 301 000b 00       		.byte	0
 302 000c 0000     		.2byte	0
 303 000e 0000     		.2byte	0
 304 0010 00000000 		.4byte	.LFB0
 305 0014 0000004E 		.4byte	.LFE0-.LFB0
 306 0018 00000000 		.4byte	0
 307 001c 00000000 		.4byte	0
 308              		.section	.debug_ranges,"",@progbits
 309              	.Ldebug_ranges0:
 310 0000 00000000 		.4byte	.LFB0
 311 0004 00000000 		.4byte	.LFE0
 312 0008 00000000 		.4byte	0
 313 000c 00000000 		.4byte	0
 314              		.section	.debug_line,"",@progbits
 315              	.Ldebug_line0:
 316 0000 00000177 		.section	.debug_str,"MS",@progbits,1
 316      00020000 
 316      015E0201 
 316      FB0E0D00 
 316      01010101 
 317              	.LASF6:
 318 0000 6C6F6E67 		.string	"long long int"
 318      206C6F6E 
 318      6720696E 
 318      7400
 319              	.LASF16:
 320 000e 2E2F736F 		.string	"./source/src/h106.c"
 320      75726365 
 320      2F737263 
 320      2F683130 
 320      362E6300 
 321              	.LASF8:
 322 0022 756E7369 		.string	"unsigned int"
 322      676E6564 
 322      20696E74 
 322      00
 323              	.LASF15:
 324 002f 474E5520 		.ascii	"GNU C 4.9.4 20160726 (Sat May 27 11:09:55 CDT 2017         b"
 324      4320342E 
 324      392E3420 
 324      32303136 
 324      30373236 
GAS LISTING C:\Users\bayra\AppData\Local\Temp\cctBCTyB.s 			page 7


 325 006b 75696C64 		.ascii	"uild.sh"
 325      2E7368
 326 0072 20726576 		.string	" rev=gd8b6c20 s=F494 ELe200 -V release_gd8b6c20_build_Fed_ELe200_ML0) -mcall-sysv -mcpu=e
 326      3D676438 
 326      62366332 
 326      3020733D 
 326      46343934 
 327              	.LASF18:
 328 0173 6D616E75 		.string	"manupilate_h106"
 328      70696C61 
 328      74655F68 
 328      31303600 
 329              	.LASF5:
 330 0183 6C6F6E67 		.string	"long unsigned int"
 330      20756E73 
 330      69676E65 
 330      6420696E 
 330      7400
 331              	.LASF7:
 332 0195 6C6F6E67 		.string	"long long unsigned int"
 332      206C6F6E 
 332      6720756E 
 332      7369676E 
 332      65642069 
 333              	.LASF11:
 334 01ac 5F5F7569 		.string	"__uint8_t"
 334      6E74385F 
 334      7400
 335              	.LASF17:
 336 01b6 443A5C47 		.string	"D:\\GitKraken\\SPC58EC80E5\\Gateway"
 336      69744B72 
 336      616B656E 
 336      5C535043 
 336      35384543 
 337              	.LASF10:
 338 01d7 63686172 		.string	"char"
 338      00
 339              	.LASF12:
 340 01dc 75696E74 		.string	"uint8_t"
 340      385F7400 
 341              	.LASF1:
 342 01e4 756E7369 		.string	"unsigned char"
 342      676E6564 
 342      20636861 
 342      7200
 343              	.LASF13:
 344 01f2 64617461 		.string	"data"
 344      00
 345              	.LASF4:
 346 01f7 6C6F6E67 		.string	"long int"
 346      20696E74 
 346      00
 347              	.LASF3:
 348 0200 73686F72 		.string	"short unsigned int"
 348      7420756E 
 348      7369676E 
 348      65642069 
GAS LISTING C:\Users\bayra\AppData\Local\Temp\cctBCTyB.s 			page 8


 348      6E7400
 349              	.LASF0:
 350 0213 7369676E 		.string	"signed char"
 350      65642063 
 350      68617200 
 351              	.LASF2:
 352 021f 73686F72 		.string	"short int"
 352      7420696E 
 352      7400
 353              	.LASF14:
 354 0229 66616B65 		.string	"fakebrake"
 354      6272616B 
 354      6500
 355              	.LASF9:
 356 0233 73697A65 		.string	"sizetype"
 356      74797065 
 356      00
 357              		.ident	"GCC: (GNU) 4.9.4 20160726 (Sat May 27 11:09:55 CDT 2017         build.sh rev=gd8b6c20 s=F4
GAS LISTING C:\Users\bayra\AppData\Local\Temp\cctBCTyB.s 			page 9


DEFINED SYMBOLS
                            *ABS*:00000000 h106.c
C:\Users\bayra\AppData\Local\Temp\cctBCTyB.s:10     .text.manupilate_h106:00000000 manupilate_h106

UNDEFINED SYMBOLS
Crc_CalculateCRC8H2F
