GAS LISTING C:\Users\bayra\AppData\Local\Temp\ccBn3lXi.s 			page 1


   1              		.file	"h302.c"
   2              		.section	".text","axv"
   3              	.Ltext0:
   4              		.cfi_sections	.debug_frame
   5              		.globl __gtsf2
   6              		.globl __ltsf2
   7              		.globl __extendsfdf2
   8              		.globl __divdf3
   9              		.globl __fixunsdfsi
  10              		.section	.text.Steering_assist,"axv",@progbits
  11              		.align 1
  12              		.p2align 4,,15
  13              		.globl Steering_assist
  14              		.type	Steering_assist, @function
  15              	Steering_assist:
  16              	.LFB0:
  17              		.file 1 "./source/src/h302.c"
  18              		.loc 1 18 0
  19              		.cfi_startproc
  20 0000 182106D8 		e_stwu %r1,-40(%r1)
  21              	.LCFI0:
  22              		.cfi_def_cfa_offset 40
  23 0004 0080     		se_mflr %r0
  24 0006 DB01     		se_stw %r0,44(%r1)
  25              		.cfi_offset 65, 4
  26 0008 D631     		se_stw %r3,24(%r1)
  27 000a 5481001C 		e_stw %r4,28(%r1)
  28 000e 0167     		se_mr %r7,%r6
  29 0010 34A10020 		e_stb %r5,32(%r1)
  30 0014 34E10021 		e_stb %r7,33(%r1)
  31              		.loc 1 19 0
  32 0018 30E10021 		e_lbz %r7,33(%r1)
  33 001c 00C7     		se_extzb %r7
  34 001e 2A07     		se_cmpi %r7,0
  35 0020 7F800020 		e_mcrf %cr7,%cr0
  36 0024 7CC00026 		mfcr %r6
  37 0028 74C6E007 		e_rlwinm %r6,%r6,28,0xf0000000
  38 002c 7CC80120 		mtcrf 128,%r6
  39 0030 7A12016E 		e_beq %cr0,.L2
  40              	.LBB2:
  41              		.loc 1 21 0
  42 0034 4807     		se_li %r7,0
  43 0036 9C71     		se_stb %r7,12(%r1)
  44              		.loc 1 22 0
  45 0038 30E10020 		e_lbz %r7,32(%r1)
  46 003c 74E6063F 		e_rlwinm %r6,%r7,0,0xff
  47 0040 7006A8FA 		e_cmpl16i %r6,250
  48 0044 7F800020 		e_mcrf %cr7,%cr0
  49 0048 7CC00026 		mfcr %r6
  50 004c 74C6E007 		e_rlwinm %r6,%r6,28,0xf0000000
  51 0050 7CC80120 		mtcrf 128,%r6
  52 0054 7A010008 		e_ble %cr0,.L3
  53 0058 70FF7FFA 		e_li %r7,-6
  54              	.L3:
  55 005c 9C71     		se_stb %r7,12(%r1)
  56              		.loc 1 24 0
  57 005e 4807     		se_li %r7,0
GAS LISTING C:\Users\bayra\AppData\Local\Temp\ccBn3lXi.s 			page 2


  58 0060 54E10010 		e_stw %r7,16(%r1)
  59              		.loc 1 25 0
  60 0064 5061001C 		e_lwz %r3,28(%r1)
  61 0068 7088E3ED 		e_lis %r4,0x43ed
  62 006c 6504     		se_bseti %r4,16
  63 006e 78000001 		e_bl __gtsf2
  64 0072 0137     		se_mr %r7,%r3
  65 0074 2A07     		se_cmpi %r7,0
  66 0076 7F800020 		e_mcrf %cr7,%cr0
  67 007a 7CC00026 		mfcr %r6
  68 007e 74C6E007 		e_rlwinm %r6,%r6,28,0xf0000000
  69 0082 7CC80120 		mtcrf 128,%r6
  70 0086 7A01000E 		e_ble %cr0,.L19
  71              		.loc 1 25 0 is_stmt 0 discriminator 1
  72 008a 70E8E3ED 		e_lis %r7,0x43ed
  73 008e 6507     		se_bseti %r7,16
  74 0090 78000008 		e_b .L6
  75              	.L19:
  76              		.loc 1 25 0 discriminator 2
  77 0094 50E1001C 		e_lwz %r7,28(%r1)
  78              	.L6:
  79              		.loc 1 25 0 discriminator 4
  80 0098 54E10010 		e_stw %r7,16(%r1)
  81              		.loc 1 26 0 is_stmt 1 discriminator 4
  82 009c 5061001C 		e_lwz %r3,28(%r1)
  83 00a0 7098E3ED 		e_lis %r4,0xc3ed
  84 00a4 6504     		se_bseti %r4,16
  85 00a6 78000001 		e_bl __ltsf2
  86 00aa 0137     		se_mr %r7,%r3
  87 00ac 2A07     		se_cmpi %r7,0
  88 00ae 7F800020 		e_mcrf %cr7,%cr0
  89 00b2 7CC00026 		mfcr %r6
  90 00b6 74C6E007 		e_rlwinm %r6,%r6,28,0xf0000000
  91 00ba 7CC80120 		mtcrf 128,%r6
  92 00be 7A00000E 		e_bge %cr0,.L20
  93              		.loc 1 26 0 is_stmt 0 discriminator 1
  94 00c2 70F8E3ED 		e_lis %r7,0xc3ed
  95 00c6 6507     		se_bseti %r7,16
  96 00c8 78000008 		e_b .L9
  97              	.L20:
  98              		.loc 1 26 0 discriminator 2
  99 00cc 50E1001C 		e_lwz %r7,28(%r1)
 100              	.L9:
 101              		.loc 1 26 0 discriminator 4
 102 00d0 54E10010 		e_stw %r7,16(%r1)
 103              		.loc 1 28 0 is_stmt 1 discriminator 4
 104 00d4 4807     		se_li %r7,0
 105 00d6 BA71     		se_sth %r7,20(%r1)
 106              		.loc 1 29 0 discriminator 4
 107 00d8 C471     		se_lwz %r7,16(%r1)
 108 00da 6007     		se_bclri %r7,0
 109 00dc 0173     		se_mr %r3,%r7
 110 00de 78000001 		e_bl __extendsfdf2
 111 00e2 0240     		se_mtar %r8,%r4
 112 00e4 0137     		se_mr %r7,%r3
 113 00e6 0173     		se_mr %r3,%r7
 114 00e8 0304     		se_mfar %r4,%r8
GAS LISTING C:\Users\bayra\AppData\Local\Temp\ccBn3lXi.s 			page 3


 115 00ea 70A7E792 		e_lis %r5,0x3f92
 116 00ee 70BAC773 		e_or2i %r5,55155
 117 00f2 70C3E0FC 		e_lis %r6,0x18fc
 118 00f6 70CAC048 		e_or2i %r6,20552
 119 00fa 78000001 		e_bl __divdf3
 120 00fe 0240     		se_mtar %r8,%r4
 121 0100 0137     		se_mr %r7,%r3
 122 0102 0173     		se_mr %r3,%r7
 123 0104 0304     		se_mfar %r4,%r8
 124 0106 78000001 		e_bl __fixunsdfsi
 125 010a 0137     		se_mr %r7,%r3
 126 010c BA71     		se_sth %r7,20(%r1)
 127              		.loc 1 31 0 discriminator 4
 128 010e C671     		se_lwz %r7,24(%r1)
 129 0110 2007     		se_addi %r7,1
 130 0112 4C06     		se_li %r6,64
 131 0114 9067     		se_stb %r6,0(%r7)
 132              		.loc 1 32 0 discriminator 4
 133 0116 C671     		se_lwz %r7,24(%r1)
 134 0118 2017     		se_addi %r7,2
 135 011a 8C61     		se_lbz %r6,12(%r1)
 136 011c 9067     		se_stb %r6,0(%r7)
 137              		.loc 1 33 0 discriminator 4
 138 011e C671     		se_lwz %r7,24(%r1)
 139 0120 2027     		se_addi %r7,3
 140 0122 4806     		se_li %r6,0
 141 0124 9067     		se_stb %r6,0(%r7)
 142              		.loc 1 34 0 discriminator 4
 143 0126 C671     		se_lwz %r7,24(%r1)
 144 0128 2037     		se_addi %r7,4
 145 012a AA61     		se_lhz %r6,20(%r1)
 146 012c 00E6     		se_extzh %r6
 147 012e 6886     		se_srwi %r6,8
 148 0130 00E6     		se_extzh %r6
 149 0132 00C6     		se_extzb %r6
 150 0134 9067     		se_stb %r6,0(%r7)
 151              		.loc 1 35 0 discriminator 4
 152 0136 C671     		se_lwz %r7,24(%r1)
 153 0138 2027     		se_addi %r7,3
 154 013a AA61     		se_lhz %r6,20(%r1)
 155 013c 00C6     		se_extzb %r6
 156 013e 9067     		se_stb %r6,0(%r7)
 157              		.loc 1 36 0 discriminator 4
 158 0140 C671     		se_lwz %r7,24(%r1)
 159 0142 2077     		se_addi %r7,8
 160 0144 4846     		se_li %r6,4
 161 0146 9067     		se_stb %r6,0(%r7)
 162              		.loc 1 37 0 discriminator 4
 163 0148 50610010 		e_lwz %r3,16(%r1)
 164 014c 4804     		se_li %r4,0
 165 014e 78000001 		e_bl __gtsf2
 166 0152 0137     		se_mr %r7,%r3
 167 0154 2A07     		se_cmpi %r7,0
 168 0156 7F800020 		e_mcrf %cr7,%cr0
 169 015a 7CC00026 		mfcr %r6
 170 015e 74C6E007 		e_rlwinm %r6,%r6,28,0xf0000000
 171 0162 7CC80120 		mtcrf 128,%r6
GAS LISTING C:\Users\bayra\AppData\Local\Temp\ccBn3lXi.s 			page 4


 172 0166 7A010020 		e_ble %cr0,.L21
 173              		.loc 1 39 0
 174 016a C671     		se_lwz %r7,24(%r1)
 175 016c 2037     		se_addi %r7,4
 176 016e C661     		se_lwz %r6,24(%r1)
 177 0170 2036     		se_addi %r6,4
 178 0172 8066     		se_lbz %r6,0(%r6)
 179 0174 00C6     		se_extzb %r6
 180 0176 70DFD7FF 		e_or2is %r6,0xffff
 181 017a 70DFC780 		e_or2i %r6,65408
 182 017e 00C6     		se_extzb %r6
 183 0180 9067     		se_stb %r6,0(%r7)
 184 0182 78000056 		e_b .L1
 185              	.L21:
 186              		.loc 1 43 0
 187 0186 C671     		se_lwz %r7,24(%r1)
 188 0188 2037     		se_addi %r7,4
 189 018a C661     		se_lwz %r6,24(%r1)
 190 018c 2036     		se_addi %r6,4
 191 018e 8066     		se_lbz %r6,0(%r6)
 192 0190 00C6     		se_extzb %r6
 193 0192 18C6C07F 		e_andi %r6,%r6,127
 194 0196 00C6     		se_extzb %r6
 195 0198 9067     		se_stb %r6,0(%r7)
 196              	.LBE2:
 197 019a 7800003E 		e_b .L1
 198              	.L2:
 199              	.LBB3:
 200              		.loc 1 48 0
 201 019e 4807     		se_li %r7,0
 202 01a0 D271     		se_stw %r7,8(%r1)
 203 01a2 78000016 		e_b .L14
 204              	.L15:
 205              		.loc 1 50 0 discriminator 3
 206 01a6 C271     		se_lwz %r7,8(%r1)
 207 01a8 C661     		se_lwz %r6,24(%r1)
 208 01aa 7CE63A14 		add %r7,%r6,%r7
 209 01ae 4806     		se_li %r6,0
 210 01b0 9067     		se_stb %r6,0(%r7)
 211              		.loc 1 48 0 discriminator 3
 212 01b2 C271     		se_lwz %r7,8(%r1)
 213 01b4 2007     		se_addi %r7,1
 214 01b6 D271     		se_stw %r7,8(%r1)
 215              	.L14:
 216              		.loc 1 48 0 is_stmt 0 discriminator 1
 217 01b8 C271     		se_lwz %r7,8(%r1)
 218 01ba 2B77     		se_cmpi %r7,23
 219 01bc 7F800020 		e_mcrf %cr7,%cr0
 220 01c0 7CC00026 		mfcr %r6
 221 01c4 74C6E007 		e_rlwinm %r6,%r6,28,0xf0000000
 222 01c8 7CC80120 		mtcrf 128,%r6
 223 01cc 7A01FFDA 		e_ble %cr0,.L15
 224              	.LBE3:
 225              		.loc 1 52 0 is_stmt 1
 226 01d0 C671     		se_lwz %r7,24(%r1)
 227 01d2 2007     		se_addi %r7,1
 228 01d4 4A06     		se_li %r6,32
GAS LISTING C:\Users\bayra\AppData\Local\Temp\ccBn3lXi.s 			page 5


 229 01d6 9067     		se_stb %r6,0(%r7)
 230              	.L1:
 231              		.loc 1 54 0
 232 01d8 CB01     		se_lwz %r0,44(%r1)
 233 01da 0090     		se_mtlr %r0
 234 01dc 18218028 		e_addi %r1,%r1,40
 235              	.LCFI1:
 236              		.cfi_def_cfa_offset 0
 237 01e0 0004     		se_blr
 238              		.cfi_endproc
 239              	.LFE0:
 240              		.size	Steering_assist, .-Steering_assist
 241              		.section	".text","axv"
 242              	.Letext0:
 243              		.file 2 "c:\\spc5studio-6.0\\eclipse\\plugins\\com.st.tools.spc5.tools.gnu.gcc.ppcvle.win32_4.9.4.
 244              		.file 3 "c:\\spc5studio-6.0\\eclipse\\plugins\\com.st.tools.spc5.tools.gnu.gcc.ppcvle.win32_4.9.4.
 245              		.section	.debug_info,"",@progbits
 246              	.Ldebug_info0:
 247 0000 00000162 		.4byte	0x162
 248 0004 0002     		.2byte	0x2
 249 0006 00000000 		.4byte	.Ldebug_abbrev0
 250 000a 04       		.byte	0x4
 251 000b 01       		.uleb128 0x1
 252 000c 00000000 		.4byte	.LASF25
 253 0010 01       		.byte	0x1
 254 0011 00000000 		.4byte	.LASF26
 255 0015 00000000 		.4byte	.LASF27
 256 0019 00000000 		.4byte	.Ldebug_ranges0+0
 257 001d 00000000 		.4byte	0
 258 0021 00000000 		.4byte	0
 259 0025 00000000 		.4byte	.Ldebug_line0
 260 0029 02       		.uleb128 0x2
 261 002a 01       		.byte	0x1
 262 002b 06       		.byte	0x6
 263 002c 00000000 		.4byte	.LASF0
 264 0030 03       		.uleb128 0x3
 265 0031 00000000 		.4byte	.LASF3
 266 0035 02       		.byte	0x2
 267 0036 1D       		.byte	0x1d
 268 0037 0000003B 		.4byte	0x3b
 269 003b 02       		.uleb128 0x2
 270 003c 01       		.byte	0x1
 271 003d 08       		.byte	0x8
 272 003e 00000000 		.4byte	.LASF1
 273 0042 02       		.uleb128 0x2
 274 0043 02       		.byte	0x2
 275 0044 05       		.byte	0x5
 276 0045 00000000 		.4byte	.LASF2
 277 0049 03       		.uleb128 0x3
 278 004a 00000000 		.4byte	.LASF4
 279 004e 02       		.byte	0x2
 280 004f 2B       		.byte	0x2b
 281 0050 00000054 		.4byte	0x54
 282 0054 02       		.uleb128 0x2
 283 0055 02       		.byte	0x2
 284 0056 07       		.byte	0x7
 285 0057 00000000 		.4byte	.LASF5
GAS LISTING C:\Users\bayra\AppData\Local\Temp\ccBn3lXi.s 			page 6


 286 005b 02       		.uleb128 0x2
 287 005c 04       		.byte	0x4
 288 005d 05       		.byte	0x5
 289 005e 00000000 		.4byte	.LASF6
 290 0062 02       		.uleb128 0x2
 291 0063 04       		.byte	0x4
 292 0064 07       		.byte	0x7
 293 0065 00000000 		.4byte	.LASF7
 294 0069 02       		.uleb128 0x2
 295 006a 08       		.byte	0x8
 296 006b 05       		.byte	0x5
 297 006c 00000000 		.4byte	.LASF8
 298 0070 02       		.uleb128 0x2
 299 0071 08       		.byte	0x8
 300 0072 07       		.byte	0x7
 301 0073 00000000 		.4byte	.LASF9
 302 0077 04       		.uleb128 0x4
 303 0078 04       		.byte	0x4
 304 0079 05       		.byte	0x5
 305 007a 696E7400 		.string	"int"
 306 007e 02       		.uleb128 0x2
 307 007f 04       		.byte	0x4
 308 0080 07       		.byte	0x7
 309 0081 00000000 		.4byte	.LASF10
 310 0085 03       		.uleb128 0x3
 311 0086 00000000 		.4byte	.LASF11
 312 008a 03       		.byte	0x3
 313 008b 15       		.byte	0x15
 314 008c 00000030 		.4byte	0x30
 315 0090 03       		.uleb128 0x3
 316 0091 00000000 		.4byte	.LASF12
 317 0095 03       		.byte	0x3
 318 0096 21       		.byte	0x21
 319 0097 00000049 		.4byte	0x49
 320 009b 02       		.uleb128 0x2
 321 009c 04       		.byte	0x4
 322 009d 07       		.byte	0x7
 323 009e 00000000 		.4byte	.LASF13
 324 00a2 02       		.uleb128 0x2
 325 00a3 01       		.byte	0x1
 326 00a4 08       		.byte	0x8
 327 00a5 00000000 		.4byte	.LASF14
 328 00a9 02       		.uleb128 0x2
 329 00aa 08       		.byte	0x8
 330 00ab 04       		.byte	0x4
 331 00ac 00000000 		.4byte	.LASF15
 332 00b0 02       		.uleb128 0x2
 333 00b1 04       		.byte	0x4
 334 00b2 04       		.byte	0x4
 335 00b3 00000000 		.4byte	.LASF16
 336 00b7 02       		.uleb128 0x2
 337 00b8 08       		.byte	0x8
 338 00b9 04       		.byte	0x4
 339 00ba 00000000 		.4byte	.LASF17
 340 00be 05       		.uleb128 0x5
 341 00bf 01       		.byte	0x1
 342 00c0 00000000 		.4byte	.LASF28
GAS LISTING C:\Users\bayra\AppData\Local\Temp\ccBn3lXi.s 			page 7


 343 00c4 01       		.byte	0x1
 344 00c5 11       		.byte	0x11
 345 00c6 01       		.byte	0x1
 346 00c7 00000000 		.4byte	.LFB0
 347 00cb 00000000 		.4byte	.LFE0
 348 00cf 00000000 		.4byte	.LLST0
 349 00d3 01       		.byte	0x1
 350 00d4 0000015F 		.4byte	0x15f
 351 00d8 06       		.uleb128 0x6
 352 00d9 00000000 		.4byte	.LASF18
 353 00dd 01       		.byte	0x1
 354 00de 11       		.byte	0x11
 355 00df 0000015F 		.4byte	0x15f
 356 00e3 02       		.byte	0x2
 357 00e4 91       		.byte	0x91
 358 00e5 70       		.sleb128 -16
 359 00e6 06       		.uleb128 0x6
 360 00e7 00000000 		.4byte	.LASF19
 361 00eb 01       		.byte	0x1
 362 00ec 11       		.byte	0x11
 363 00ed 000000B0 		.4byte	0xb0
 364 00f1 02       		.byte	0x2
 365 00f2 91       		.byte	0x91
 366 00f3 74       		.sleb128 -12
 367 00f4 06       		.uleb128 0x6
 368 00f5 00000000 		.4byte	.LASF20
 369 00f9 01       		.byte	0x1
 370 00fa 11       		.byte	0x11
 371 00fb 00000085 		.4byte	0x85
 372 00ff 02       		.byte	0x2
 373 0100 91       		.byte	0x91
 374 0101 78       		.sleb128 -8
 375 0102 06       		.uleb128 0x6
 376 0103 00000000 		.4byte	.LASF21
 377 0107 01       		.byte	0x1
 378 0108 11       		.byte	0x11
 379 0109 00000085 		.4byte	0x85
 380 010d 02       		.byte	0x2
 381 010e 91       		.byte	0x91
 382 010f 79       		.sleb128 -7
 383 0110 07       		.uleb128 0x7
 384 0111 00000000 		.4byte	.LBB2
 385 0115 00000000 		.4byte	.LBE2
 386 0119 00000148 		.4byte	0x148
 387 011d 08       		.uleb128 0x8
 388 011e 00000000 		.4byte	.LASF22
 389 0122 01       		.byte	0x1
 390 0123 15       		.byte	0x15
 391 0124 00000085 		.4byte	0x85
 392 0128 02       		.byte	0x2
 393 0129 91       		.byte	0x91
 394 012a 64       		.sleb128 -28
 395 012b 08       		.uleb128 0x8
 396 012c 00000000 		.4byte	.LASF23
 397 0130 01       		.byte	0x1
 398 0131 18       		.byte	0x18
 399 0132 000000B0 		.4byte	0xb0
GAS LISTING C:\Users\bayra\AppData\Local\Temp\ccBn3lXi.s 			page 8


 400 0136 02       		.byte	0x2
 401 0137 91       		.byte	0x91
 402 0138 68       		.sleb128 -24
 403 0139 08       		.uleb128 0x8
 404 013a 00000000 		.4byte	.LASF24
 405 013e 01       		.byte	0x1
 406 013f 1C       		.byte	0x1c
 407 0140 00000090 		.4byte	0x90
 408 0144 02       		.byte	0x2
 409 0145 91       		.byte	0x91
 410 0146 6C       		.sleb128 -20
 411 0147 00       		.byte	0
 412 0148 09       		.uleb128 0x9
 413 0149 00000000 		.4byte	.LBB3
 414 014d 00000000 		.4byte	.LBE3
 415 0151 0A       		.uleb128 0xa
 416 0152 6900     		.string	"i"
 417 0154 01       		.byte	0x1
 418 0155 30       		.byte	0x30
 419 0156 00000077 		.4byte	0x77
 420 015a 02       		.byte	0x2
 421 015b 91       		.byte	0x91
 422 015c 60       		.sleb128 -32
 423 015d 00       		.byte	0
 424 015e 00       		.byte	0
 425 015f 0B       		.uleb128 0xb
 426 0160 04       		.byte	0x4
 427 0161 00000085 		.4byte	0x85
 428 0165 00       		.byte	0
 429              		.section	.debug_abbrev,"",@progbits
 430              	.Ldebug_abbrev0:
 431 0000 01       		.uleb128 0x1
 432 0001 11       		.uleb128 0x11
 433 0002 01       		.byte	0x1
 434 0003 25       		.uleb128 0x25
 435 0004 0E       		.uleb128 0xe
 436 0005 13       		.uleb128 0x13
 437 0006 0B       		.uleb128 0xb
 438 0007 03       		.uleb128 0x3
 439 0008 0E       		.uleb128 0xe
 440 0009 1B       		.uleb128 0x1b
 441 000a 0E       		.uleb128 0xe
 442 000b 55       		.uleb128 0x55
 443 000c 06       		.uleb128 0x6
 444 000d 11       		.uleb128 0x11
 445 000e 01       		.uleb128 0x1
 446 000f 52       		.uleb128 0x52
 447 0010 01       		.uleb128 0x1
 448 0011 10       		.uleb128 0x10
 449 0012 06       		.uleb128 0x6
 450 0013 00       		.byte	0
 451 0014 00       		.byte	0
 452 0015 02       		.uleb128 0x2
 453 0016 24       		.uleb128 0x24
 454 0017 00       		.byte	0
 455 0018 0B       		.uleb128 0xb
 456 0019 0B       		.uleb128 0xb
GAS LISTING C:\Users\bayra\AppData\Local\Temp\ccBn3lXi.s 			page 9


 457 001a 3E       		.uleb128 0x3e
 458 001b 0B       		.uleb128 0xb
 459 001c 03       		.uleb128 0x3
 460 001d 0E       		.uleb128 0xe
 461 001e 00       		.byte	0
 462 001f 00       		.byte	0
 463 0020 03       		.uleb128 0x3
 464 0021 16       		.uleb128 0x16
 465 0022 00       		.byte	0
 466 0023 03       		.uleb128 0x3
 467 0024 0E       		.uleb128 0xe
 468 0025 3A       		.uleb128 0x3a
 469 0026 0B       		.uleb128 0xb
 470 0027 3B       		.uleb128 0x3b
 471 0028 0B       		.uleb128 0xb
 472 0029 49       		.uleb128 0x49
 473 002a 13       		.uleb128 0x13
 474 002b 00       		.byte	0
 475 002c 00       		.byte	0
 476 002d 04       		.uleb128 0x4
 477 002e 24       		.uleb128 0x24
 478 002f 00       		.byte	0
 479 0030 0B       		.uleb128 0xb
 480 0031 0B       		.uleb128 0xb
 481 0032 3E       		.uleb128 0x3e
 482 0033 0B       		.uleb128 0xb
 483 0034 03       		.uleb128 0x3
 484 0035 08       		.uleb128 0x8
 485 0036 00       		.byte	0
 486 0037 00       		.byte	0
 487 0038 05       		.uleb128 0x5
 488 0039 2E       		.uleb128 0x2e
 489 003a 01       		.byte	0x1
 490 003b 3F       		.uleb128 0x3f
 491 003c 0C       		.uleb128 0xc
 492 003d 03       		.uleb128 0x3
 493 003e 0E       		.uleb128 0xe
 494 003f 3A       		.uleb128 0x3a
 495 0040 0B       		.uleb128 0xb
 496 0041 3B       		.uleb128 0x3b
 497 0042 0B       		.uleb128 0xb
 498 0043 27       		.uleb128 0x27
 499 0044 0C       		.uleb128 0xc
 500 0045 11       		.uleb128 0x11
 501 0046 01       		.uleb128 0x1
 502 0047 12       		.uleb128 0x12
 503 0048 01       		.uleb128 0x1
 504 0049 40       		.uleb128 0x40
 505 004a 06       		.uleb128 0x6
 506 004b 9642     		.uleb128 0x2116
 507 004d 0C       		.uleb128 0xc
 508 004e 01       		.uleb128 0x1
 509 004f 13       		.uleb128 0x13
 510 0050 00       		.byte	0
 511 0051 00       		.byte	0
 512 0052 06       		.uleb128 0x6
 513 0053 05       		.uleb128 0x5
GAS LISTING C:\Users\bayra\AppData\Local\Temp\ccBn3lXi.s 			page 10


 514 0054 00       		.byte	0
 515 0055 03       		.uleb128 0x3
 516 0056 0E       		.uleb128 0xe
 517 0057 3A       		.uleb128 0x3a
 518 0058 0B       		.uleb128 0xb
 519 0059 3B       		.uleb128 0x3b
 520 005a 0B       		.uleb128 0xb
 521 005b 49       		.uleb128 0x49
 522 005c 13       		.uleb128 0x13
 523 005d 02       		.uleb128 0x2
 524 005e 0A       		.uleb128 0xa
 525 005f 00       		.byte	0
 526 0060 00       		.byte	0
 527 0061 07       		.uleb128 0x7
 528 0062 0B       		.uleb128 0xb
 529 0063 01       		.byte	0x1
 530 0064 11       		.uleb128 0x11
 531 0065 01       		.uleb128 0x1
 532 0066 12       		.uleb128 0x12
 533 0067 01       		.uleb128 0x1
 534 0068 01       		.uleb128 0x1
 535 0069 13       		.uleb128 0x13
 536 006a 00       		.byte	0
 537 006b 00       		.byte	0
 538 006c 08       		.uleb128 0x8
 539 006d 34       		.uleb128 0x34
 540 006e 00       		.byte	0
 541 006f 03       		.uleb128 0x3
 542 0070 0E       		.uleb128 0xe
 543 0071 3A       		.uleb128 0x3a
 544 0072 0B       		.uleb128 0xb
 545 0073 3B       		.uleb128 0x3b
 546 0074 0B       		.uleb128 0xb
 547 0075 49       		.uleb128 0x49
 548 0076 13       		.uleb128 0x13
 549 0077 02       		.uleb128 0x2
 550 0078 0A       		.uleb128 0xa
 551 0079 00       		.byte	0
 552 007a 00       		.byte	0
 553 007b 09       		.uleb128 0x9
 554 007c 0B       		.uleb128 0xb
 555 007d 01       		.byte	0x1
 556 007e 11       		.uleb128 0x11
 557 007f 01       		.uleb128 0x1
 558 0080 12       		.uleb128 0x12
 559 0081 01       		.uleb128 0x1
 560 0082 00       		.byte	0
 561 0083 00       		.byte	0
 562 0084 0A       		.uleb128 0xa
 563 0085 34       		.uleb128 0x34
 564 0086 00       		.byte	0
 565 0087 03       		.uleb128 0x3
 566 0088 08       		.uleb128 0x8
 567 0089 3A       		.uleb128 0x3a
 568 008a 0B       		.uleb128 0xb
 569 008b 3B       		.uleb128 0x3b
 570 008c 0B       		.uleb128 0xb
GAS LISTING C:\Users\bayra\AppData\Local\Temp\ccBn3lXi.s 			page 11


 571 008d 49       		.uleb128 0x49
 572 008e 13       		.uleb128 0x13
 573 008f 02       		.uleb128 0x2
 574 0090 0A       		.uleb128 0xa
 575 0091 00       		.byte	0
 576 0092 00       		.byte	0
 577 0093 0B       		.uleb128 0xb
 578 0094 0F       		.uleb128 0xf
 579 0095 00       		.byte	0
 580 0096 0B       		.uleb128 0xb
 581 0097 0B       		.uleb128 0xb
 582 0098 49       		.uleb128 0x49
 583 0099 13       		.uleb128 0x13
 584 009a 00       		.byte	0
 585 009b 00       		.byte	0
 586 009c 00       		.byte	0
 587              		.section	.debug_loc,"",@progbits
 588              	.Ldebug_loc0:
 589              	.LLST0:
 590 0000 00000000 		.4byte	.LFB0
 591 0004 00000000 		.4byte	.LCFI0
 592 0008 0002     		.2byte	0x2
 593 000a 71       		.byte	0x71
 594 000b 00       		.sleb128 0
 595 000c 00000000 		.4byte	.LCFI0
 596 0010 00000000 		.4byte	.LCFI1
 597 0014 0002     		.2byte	0x2
 598 0016 71       		.byte	0x71
 599 0017 28       		.sleb128 40
 600 0018 00000000 		.4byte	.LCFI1
 601 001c 00000000 		.4byte	.LFE0
 602 0020 0002     		.2byte	0x2
 603 0022 71       		.byte	0x71
 604 0023 00       		.sleb128 0
 605 0024 00000000 		.4byte	0
 606 0028 00000000 		.4byte	0
 607              		.section	.debug_aranges,"",@progbits
 608 0000 0000001C 		.4byte	0x1c
 609 0004 0002     		.2byte	0x2
 610 0006 00000000 		.4byte	.Ldebug_info0
 611 000a 04       		.byte	0x4
 612 000b 00       		.byte	0
 613 000c 0000     		.2byte	0
 614 000e 0000     		.2byte	0
 615 0010 00000000 		.4byte	.LFB0
 616 0014 000001E2 		.4byte	.LFE0-.LFB0
 617 0018 00000000 		.4byte	0
 618 001c 00000000 		.4byte	0
 619              		.section	.debug_ranges,"",@progbits
 620              	.Ldebug_ranges0:
 621 0000 00000000 		.4byte	.LFB0
 622 0004 00000000 		.4byte	.LFE0
 623 0008 00000000 		.4byte	0
 624 000c 00000000 		.4byte	0
 625              		.section	.debug_line,"",@progbits
 626              	.Ldebug_line0:
 627 0000 000001E7 		.section	.debug_str,"MS",@progbits,1
GAS LISTING C:\Users\bayra\AppData\Local\Temp\ccBn3lXi.s 			page 12


 627      00020000 
 627      015E0201 
 627      FB0E0D00 
 627      01010101 
 628              	.LASF3:
 629 0000 5F5F7569 		.string	"__uint8_t"
 629      6E74385F 
 629      7400
 630              	.LASF2:
 631 000a 73686F72 		.string	"short int"
 631      7420696E 
 631      7400
 632              	.LASF21:
 633 0014 656E6162 		.string	"enable"
 633      6C6500
 634              	.LASF26:
 635 001b 2E2F736F 		.string	"./source/src/h302.c"
 635      75726365 
 635      2F737263 
 635      2F683330 
 635      322E6300 
 636              	.LASF16:
 637 002f 666C6F61 		.string	"float"
 637      7400
 638              	.LASF18:
 639 0035 64617461 		.string	"data"
 639      00
 640              	.LASF0:
 641 003a 7369676E 		.string	"signed char"
 641      65642063 
 641      68617200 
 642              	.LASF28:
 643 0046 53746565 		.string	"Steering_assist"
 643      72696E67 
 643      5F617373 
 643      69737400 
 644              	.LASF7:
 645 0056 6C6F6E67 		.string	"long unsigned int"
 645      20756E73 
 645      69676E65 
 645      6420696E 
 645      7400
 646              	.LASF5:
 647 0068 73686F72 		.string	"short unsigned int"
 647      7420756E 
 647      7369676E 
 647      65642069 
 647      6E7400
 648              	.LASF1:
 649 007b 756E7369 		.string	"unsigned char"
 649      676E6564 
 649      20636861 
 649      7200
 650              	.LASF4:
 651 0089 5F5F7569 		.string	"__uint16_t"
 651      6E743136 
 651      5F7400
GAS LISTING C:\Users\bayra\AppData\Local\Temp\ccBn3lXi.s 			page 13


 652              	.LASF15:
 653 0094 646F7562 		.string	"double"
 653      6C6500
 654              	.LASF23:
 655 009b 73746565 		.string	"steerangle"
 655      72616E67 
 655      6C6500
 656              	.LASF20:
 657 00a6 73746565 		.string	"steertorque"
 657      72746F72 
 657      71756500 
 658              	.LASF10:
 659 00b2 756E7369 		.string	"unsigned int"
 659      676E6564 
 659      20696E74 
 659      00
 660              	.LASF9:
 661 00bf 6C6F6E67 		.string	"long long unsigned int"
 661      206C6F6E 
 661      6720756E 
 661      7369676E 
 661      65642069 
 662              	.LASF11:
 663 00d6 75696E74 		.string	"uint8_t"
 663      385F7400 
 664              	.LASF24:
 665 00de 73657473 		.string	"setsteer_u16"
 665      74656572 
 665      5F753136 
 665      00
 666              	.LASF13:
 667 00eb 73697A65 		.string	"sizetype"
 667      74797065 
 667      00
 668              	.LASF8:
 669 00f4 6C6F6E67 		.string	"long long int"
 669      206C6F6E 
 669      6720696E 
 669      7400
 670              	.LASF14:
 671 0102 63686172 		.string	"char"
 671      00
 672              	.LASF19:
 673 0107 73746565 		.string	"steeringangle"
 673      72696E67 
 673      616E676C 
 673      6500
 674              	.LASF22:
 675 0115 746F7271 		.string	"torque"
 675      756500
 676              	.LASF12:
 677 011c 75696E74 		.string	"uint16_t"
 677      31365F74 
 677      00
 678              	.LASF6:
 679 0125 6C6F6E67 		.string	"long int"
 679      20696E74 
GAS LISTING C:\Users\bayra\AppData\Local\Temp\ccBn3lXi.s 			page 14


 679      00
 680              	.LASF17:
 681 012e 6C6F6E67 		.string	"long double"
 681      20646F75 
 681      626C6500 
 682              	.LASF25:
 683 013a 474E5520 		.ascii	"GNU C 4.9.4 20160726 (Sat May 27 11:09:55 CDT 2017         b"
 683      4320342E 
 683      392E3420 
 683      32303136 
 683      30373236 
 684 0176 75696C64 		.ascii	"uild.sh"
 684      2E7368
 685 017d 20726576 		.string	" rev=gd8b6c20 s=F494 ELe200 -V release_gd8b6c20_build_Fed_ELe200_ML0) -mcall-sysv -mcpu=e
 685      3D676438 
 685      62366332 
 685      3020733D 
 685      46343934 
 686              	.LASF27:
 687 027e 443A5C47 		.string	"D:\\GitKraken\\SPC58EC80E5\\Gateway"
 687      69744B72 
 687      616B656E 
 687      5C535043 
 687      35384543 
 688              		.ident	"GCC: (GNU) 4.9.4 20160726 (Sat May 27 11:09:55 CDT 2017         build.sh rev=gd8b6c20 s=F4
 689              		.gnu_attribute 4, 2
GAS LISTING C:\Users\bayra\AppData\Local\Temp\ccBn3lXi.s 			page 15


DEFINED SYMBOLS
                            *ABS*:00000000 h302.c
C:\Users\bayra\AppData\Local\Temp\ccBn3lXi.s:15     .text.Steering_assist:00000000 Steering_assist

UNDEFINED SYMBOLS
__gtsf2
__ltsf2
__extendsfdf2
__divdf3
__fixunsdfsi
