GAS LISTING C:\Users\bayra\AppData\Local\Temp\ccigPvSf.s 			page 1


   1              		.file	"heap_4.c"
   2              		.section	".text","axv"
   3              	.Ltext0:
   4              		.cfi_sections	.debug_frame
   5              		.section	.bss.ucHeap,"aw",@nobits
   6              		.align 2
   7              		.type	ucHeap, @object
   8              		.size	ucHeap, 32768
   9              	ucHeap:
  10 0000 00000000 		.zero	32768
  10      00000000 
  10      00000000 
  10      00000000 
  10      00000000 
  11              		.section	.rodata.xHeapStructSize,"a",@progbits
  12              		.align 2
  13              		.type	xHeapStructSize, @object
  14              		.size	xHeapStructSize, 4
  15              	xHeapStructSize:
  16 0000 00000008 		.long	8
  17              		.section	.bss.xStart,"aw",@nobits
  18              		.align 2
  19              		.type	xStart, @object
  20              		.size	xStart, 8
  21              	xStart:
  22 0000 00000000 		.zero	8
  22      00000000 
  23              		.section	.bss.pxEnd,"aw",@nobits
  24              		.align 2
  25              		.type	pxEnd, @object
  26              		.size	pxEnd, 4
  27              	pxEnd:
  28 0000 00000000 		.zero	4
  29              		.section	.bss.xFreeBytesRemaining,"aw",@nobits
  30              		.align 2
  31              		.type	xFreeBytesRemaining, @object
  32              		.size	xFreeBytesRemaining, 4
  33              	xFreeBytesRemaining:
  34 0000 00000000 		.zero	4
  35              		.section	.bss.xMinimumEverFreeBytesRemaining,"aw",@nobits
  36              		.align 2
  37              		.type	xMinimumEverFreeBytesRemaining, @object
  38              		.size	xMinimumEverFreeBytesRemaining, 4
  39              	xMinimumEverFreeBytesRemaining:
  40 0000 00000000 		.zero	4
  41              		.section	.bss.xBlockAllocatedBit,"aw",@nobits
  42              		.align 2
  43              		.type	xBlockAllocatedBit, @object
  44              		.size	xBlockAllocatedBit, 4
  45              	xBlockAllocatedBit:
  46 0000 00000000 		.zero	4
  47              		.section	.text.pvPortMalloc,"axv",@progbits
  48              		.align 1
  49              		.p2align 4,,15
  50              		.globl pvPortMalloc
  51              		.type	pvPortMalloc, @function
  52              	pvPortMalloc:
GAS LISTING C:\Users\bayra\AppData\Local\Temp\ccigPvSf.s 			page 2


  53              	.LFB0:
  54              		.file 1 "./components/spc5_freertos_component_rla/lib/MemMang/heap_4.c"
  55              		.loc 1 114 0
  56              		.cfi_startproc
  57 0000 182106E0 		e_stwu %r1,-32(%r1)
  58              	.LCFI0:
  59              		.cfi_def_cfa_offset 32
  60 0004 0080     		se_mflr %r0
  61 0006 D901     		se_stw %r0,36(%r1)
  62              		.cfi_offset 65, 4
  63 0008 D631     		se_stw %r3,24(%r1)
  64              		.loc 1 116 0
  65 000a 4807     		se_li %r7,0
  66 000c D471     		se_stw %r7,16(%r1)
  67              		.loc 1 118 0
  68 000e 78000001 		e_bl vTaskSuspendAll
  69              		.loc 1 122 0
  70 0012 70E0E000 		e_lis %r7,pxEnd@ha
  71 0016 50E70000 		e_lwz %r7,pxEnd@l(%r7)
  72 001a 2A07     		se_cmpi %r7,0
  73 001c 7F800020 		e_mcrf %cr7,%cr0
  74 0020 7CE00026 		mfcr %r7
  75 0024 74E7E007 		e_rlwinm %r7,%r7,28,0xf0000000
  76 0028 7CE80120 		mtcrf 128,%r7
  77 002c 7A020008 		e_bne %cr0,.L2
  78              		.loc 1 124 0
  79 0030 78000001 		e_bl prvHeapInit
  80              	.L2:
  81              		.loc 1 135 0
  82 0034 70E0E000 		e_lis %r7,xBlockAllocatedBit@ha
  83 0038 50C70000 		e_lwz %r6,xBlockAllocatedBit@l(%r7)
  84 003c C671     		se_lwz %r7,24(%r1)
  85 003e 4667     		se_and %r7,%r6
  86 0040 2A07     		se_cmpi %r7,0
  87 0042 7F800020 		e_mcrf %cr7,%cr0
  88 0046 7CE00026 		mfcr %r7
  89 004a 74E7E007 		e_rlwinm %r7,%r7,28,0xf0000000
  90 004e 7CE80120 		mtcrf 128,%r7
  91 0052 7A0201AE 		e_bne %cr0,.L3
  92              		.loc 1 139 0
  93 0056 C671     		se_lwz %r7,24(%r1)
  94 0058 2A07     		se_cmpi %r7,0
  95 005a 7F800020 		e_mcrf %cr7,%cr0
  96 005e 7CE00026 		mfcr %r7
  97 0062 74E7E007 		e_rlwinm %r7,%r7,28,0xf0000000
  98 0066 7CE80120 		mtcrf 128,%r7
  99 006a 7A120032 		e_beq %cr0,.L4
 100              		.loc 1 141 0
 101 006e 4887     		se_li %r7,8
 102 0070 C661     		se_lwz %r6,24(%r1)
 103 0072 7CE63A14 		add %r7,%r6,%r7
 104 0076 D671     		se_stw %r7,24(%r1)
 105              		.loc 1 145 0
 106 0078 C671     		se_lwz %r7,24(%r1)
 107 007a 2E37     		se_andi %r7,3
 108 007c 2A07     		se_cmpi %r7,0
 109 007e 7F800020 		e_mcrf %cr7,%cr0
GAS LISTING C:\Users\bayra\AppData\Local\Temp\ccigPvSf.s 			page 3


 110 0082 7CE00026 		mfcr %r7
 111 0086 74E7E007 		e_rlwinm %r7,%r7,28,0xf0000000
 112 008a 7CE80120 		mtcrf 128,%r7
 113 008e 7A12000E 		e_beq %cr0,.L4
 114              		.loc 1 148 0
 115 0092 C671     		se_lwz %r7,24(%r1)
 116 0094 18E7C4FC 		e_andi %r7,%r7,-4
 117 0098 2037     		se_addi %r7,4
 118 009a D671     		se_stw %r7,24(%r1)
 119              	.L4:
 120              		.loc 1 161 0
 121 009c C671     		se_lwz %r7,24(%r1)
 122 009e 2A07     		se_cmpi %r7,0
 123 00a0 7F800020 		e_mcrf %cr7,%cr0
 124 00a4 7CE00026 		mfcr %r7
 125 00a8 74E7E007 		e_rlwinm %r7,%r7,28,0xf0000000
 126 00ac 7CE80120 		mtcrf 128,%r7
 127 00b0 7A120150 		e_beq %cr0,.L3
 128              		.loc 1 161 0 is_stmt 0 discriminator 1
 129 00b4 70E0E000 		e_lis %r7,xFreeBytesRemaining@ha
 130 00b8 50E70000 		e_lwz %r7,xFreeBytesRemaining@l(%r7)
 131 00bc C661     		se_lwz %r6,24(%r1)
 132 00be 7F863840 		cmpl %cr7,%r6,%r7
 133 00c2 7CE00026 		mfcr %r7
 134 00c6 74E7E007 		e_rlwinm %r7,%r7,28,0xf0000000
 135 00ca 7CE80120 		mtcrf 128,%r7
 136 00ce 7A110132 		e_bgt %cr0,.L3
 137              		.loc 1 165 0 is_stmt 1
 138 00d2 70E0E000 		e_lis %r7,xStart@ha
 139 00d6 1CE70000 		e_la %r7,xStart@l(%r7)
 140 00da D371     		se_stw %r7,12(%r1)
 141              		.loc 1 166 0
 142 00dc 70E0E000 		e_lis %r7,xStart@ha
 143 00e0 1CE70000 		e_la %r7,xStart@l(%r7)
 144 00e4 C077     		se_lwz %r7,0(%r7)
 145 00e6 D271     		se_stw %r7,8(%r1)
 146              		.loc 1 167 0
 147 00e8 7800000E 		e_b .L5
 148              	.L7:
 149              		.loc 1 169 0
 150 00ec C271     		se_lwz %r7,8(%r1)
 151 00ee D371     		se_stw %r7,12(%r1)
 152              		.loc 1 170 0
 153 00f0 C271     		se_lwz %r7,8(%r1)
 154 00f2 C077     		se_lwz %r7,0(%r7)
 155 00f4 D271     		se_stw %r7,8(%r1)
 156              	.L5:
 157              		.loc 1 167 0
 158 00f6 C271     		se_lwz %r7,8(%r1)
 159 00f8 C167     		se_lwz %r6,4(%r7)
 160 00fa C671     		se_lwz %r7,24(%r1)
 161 00fc 7F863840 		cmpl %cr7,%r6,%r7
 162 0100 7CE00026 		mfcr %r7
 163 0104 74E7E007 		e_rlwinm %r7,%r7,28,0xf0000000
 164 0108 7CE80120 		mtcrf 128,%r7
 165 010c 7A00001E 		e_bge %cr0,.L6
 166              		.loc 1 167 0 is_stmt 0 discriminator 1
GAS LISTING C:\Users\bayra\AppData\Local\Temp\ccigPvSf.s 			page 4


 167 0110 C271     		se_lwz %r7,8(%r1)
 168 0112 C077     		se_lwz %r7,0(%r7)
 169 0114 2A07     		se_cmpi %r7,0
 170 0116 7F800020 		e_mcrf %cr7,%cr0
 171 011a 7CE00026 		mfcr %r7
 172 011e 74E7E007 		e_rlwinm %r7,%r7,28,0xf0000000
 173 0122 7CE80120 		mtcrf 128,%r7
 174 0126 7A02FFC6 		e_bne %cr0,.L7
 175              	.L6:
 176              		.loc 1 175 0 is_stmt 1
 177 012a 70E0E000 		e_lis %r7,pxEnd@ha
 178 012e 50E70000 		e_lwz %r7,pxEnd@l(%r7)
 179 0132 C261     		se_lwz %r6,8(%r1)
 180 0134 7F863800 		cmp %cr7,%r6,%r7
 181 0138 7CE00026 		mfcr %r7
 182 013c 74E7E007 		e_rlwinm %r7,%r7,28,0xf0000000
 183 0140 7CE80120 		mtcrf 128,%r7
 184 0144 7A1200BC 		e_beq %cr0,.L3
 185              		.loc 1 179 0
 186 0148 C371     		se_lwz %r7,12(%r1)
 187 014a C067     		se_lwz %r6,0(%r7)
 188 014c 4887     		se_li %r7,8
 189 014e 7CE63A14 		add %r7,%r6,%r7
 190 0152 D471     		se_stw %r7,16(%r1)
 191              		.loc 1 183 0
 192 0154 C271     		se_lwz %r7,8(%r1)
 193 0156 C067     		se_lwz %r6,0(%r7)
 194 0158 C371     		se_lwz %r7,12(%r1)
 195 015a D067     		se_stw %r6,0(%r7)
 196              		.loc 1 187 0
 197 015c C271     		se_lwz %r7,8(%r1)
 198 015e C167     		se_lwz %r6,4(%r7)
 199 0160 C671     		se_lwz %r7,24(%r1)
 200 0162 0676     		se_sub %r6, %r7
 201 0164 4887     		se_li %r7,8
 202 0166 6C17     		se_slwi %r7, 1
 203 0168 7F863840 		cmpl %cr7,%r6,%r7
 204 016c 7CE00026 		mfcr %r7
 205 0170 74E7E007 		e_rlwinm %r7,%r7,28,0xf0000000
 206 0174 7CE80120 		mtcrf 128,%r7
 207 0178 7A010026 		e_ble %cr0,.L8
 208              		.loc 1 193 0
 209 017c C261     		se_lwz %r6,8(%r1)
 210 017e C671     		se_lwz %r7,24(%r1)
 211 0180 7CE63A14 		add %r7,%r6,%r7
 212 0184 D571     		se_stw %r7,20(%r1)
 213              		.loc 1 198 0
 214 0186 C271     		se_lwz %r7,8(%r1)
 215 0188 C167     		se_lwz %r6,4(%r7)
 216 018a C671     		se_lwz %r7,24(%r1)
 217 018c 0676     		se_sub %r6, %r7
 218 018e C571     		se_lwz %r7,20(%r1)
 219 0190 D167     		se_stw %r6,4(%r7)
 220              		.loc 1 199 0
 221 0192 C271     		se_lwz %r7,8(%r1)
 222 0194 C661     		se_lwz %r6,24(%r1)
 223 0196 D167     		se_stw %r6,4(%r7)
GAS LISTING C:\Users\bayra\AppData\Local\Temp\ccigPvSf.s 			page 5


 224              		.loc 1 202 0
 225 0198 C531     		se_lwz %r3,20(%r1)
 226 019a 78000001 		e_bl prvInsertBlockIntoFreeList
 227              	.L8:
 228              		.loc 1 209 0
 229 019e 70E0E000 		e_lis %r7,xFreeBytesRemaining@ha
 230 01a2 50C70000 		e_lwz %r6,xFreeBytesRemaining@l(%r7)
 231 01a6 C271     		se_lwz %r7,8(%r1)
 232 01a8 C177     		se_lwz %r7,4(%r7)
 233 01aa 0676     		se_sub %r6, %r7
 234 01ac 70E0E000 		e_lis %r7,xFreeBytesRemaining@ha
 235 01b0 54C70000 		e_stw %r6,xFreeBytesRemaining@l(%r7)
 236              		.loc 1 211 0
 237 01b4 70E0E000 		e_lis %r7,xFreeBytesRemaining@ha
 238 01b8 50C70000 		e_lwz %r6,xFreeBytesRemaining@l(%r7)
 239 01bc 70E0E000 		e_lis %r7,xMinimumEverFreeBytesRemaining@ha
 240 01c0 50E70000 		e_lwz %r7,xMinimumEverFreeBytesRemaining@l(%r7)
 241 01c4 7F863840 		cmpl %cr7,%r6,%r7
 242 01c8 7CE00026 		mfcr %r7
 243 01cc 74E7E007 		e_rlwinm %r7,%r7,28,0xf0000000
 244 01d0 7CE80120 		mtcrf 128,%r7
 245 01d4 7A000014 		e_bge %cr0,.L9
 246              		.loc 1 213 0
 247 01d8 70E0E000 		e_lis %r7,xFreeBytesRemaining@ha
 248 01dc 50C70000 		e_lwz %r6,xFreeBytesRemaining@l(%r7)
 249 01e0 70E0E000 		e_lis %r7,xMinimumEverFreeBytesRemaining@ha
 250 01e4 54C70000 		e_stw %r6,xMinimumEverFreeBytesRemaining@l(%r7)
 251              	.L9:
 252              		.loc 1 222 0
 253 01e8 C271     		se_lwz %r7,8(%r1)
 254 01ea C167     		se_lwz %r6,4(%r7)
 255 01ec 70E0E000 		e_lis %r7,xBlockAllocatedBit@ha
 256 01f0 50E70000 		e_lwz %r7,xBlockAllocatedBit@l(%r7)
 257 01f4 4476     		se_or %r6,%r7
 258 01f6 C271     		se_lwz %r7,8(%r1)
 259 01f8 D167     		se_stw %r6,4(%r7)
 260              		.loc 1 223 0
 261 01fa C271     		se_lwz %r7,8(%r1)
 262 01fc 4806     		se_li %r6,0
 263 01fe D067     		se_stw %r6,0(%r7)
 264              	.L3:
 265              		.loc 1 242 0
 266 0200 78000001 		e_bl xTaskResumeAll
 267              		.loc 1 259 0
 268 0204 C471     		se_lwz %r7,16(%r1)
 269              		.loc 1 260 0
 270 0206 0173     		se_mr %r3,%r7
 271 0208 C901     		se_lwz %r0,36(%r1)
 272 020a 0090     		se_mtlr %r0
 273 020c 21F1     		se_addi %r1,32
 274              	.LCFI1:
 275              		.cfi_def_cfa_offset 0
 276 020e 0004     		se_blr
 277              		.cfi_endproc
 278              	.LFE0:
 279              		.size	pvPortMalloc, .-pvPortMalloc
 280              		.section	.text.vPortFree,"axv",@progbits
GAS LISTING C:\Users\bayra\AppData\Local\Temp\ccigPvSf.s 			page 6


 281              		.align 1
 282              		.p2align 4,,15
 283              		.globl vPortFree
 284              		.type	vPortFree, @function
 285              	vPortFree:
 286              	.LFB1:
 287              		.loc 1 264 0
 288              		.cfi_startproc
 289 0000 182106E0 		e_stwu %r1,-32(%r1)
 290              	.LCFI2:
 291              		.cfi_def_cfa_offset 32
 292 0004 0080     		se_mflr %r0
 293 0006 D901     		se_stw %r0,36(%r1)
 294              		.cfi_offset 65, 4
 295 0008 D631     		se_stw %r3,24(%r1)
 296              		.loc 1 265 0
 297 000a C671     		se_lwz %r7,24(%r1)
 298 000c D271     		se_stw %r7,8(%r1)
 299              		.loc 1 268 0
 300 000e C671     		se_lwz %r7,24(%r1)
 301 0010 2A07     		se_cmpi %r7,0
 302 0012 7F800020 		e_mcrf %cr7,%cr0
 303 0016 7CE00026 		mfcr %r7
 304 001a 74E7E007 		e_rlwinm %r7,%r7,28,0xf0000000
 305 001e 7CE80120 		mtcrf 128,%r7
 306 0022 7A12008A 		e_beq %cr0,.L11
 307              		.loc 1 272 0
 308 0026 4887     		se_li %r7,8
 309 0028 0037     		se_neg %r7
 310 002a C261     		se_lwz %r6,8(%r1)
 311 002c 7CE63A14 		add %r7,%r6,%r7
 312 0030 D271     		se_stw %r7,8(%r1)
 313              		.loc 1 275 0
 314 0032 C271     		se_lwz %r7,8(%r1)
 315 0034 D371     		se_stw %r7,12(%r1)
 316              		.loc 1 281 0
 317 0036 C371     		se_lwz %r7,12(%r1)
 318 0038 C167     		se_lwz %r6,4(%r7)
 319 003a 70E0E000 		e_lis %r7,xBlockAllocatedBit@ha
 320 003e 50E70000 		e_lwz %r7,xBlockAllocatedBit@l(%r7)
 321 0042 4667     		se_and %r7,%r6
 322 0044 2A07     		se_cmpi %r7,0
 323 0046 7F800020 		e_mcrf %cr7,%cr0
 324 004a 7CE00026 		mfcr %r7
 325 004e 74E7E007 		e_rlwinm %r7,%r7,28,0xf0000000
 326 0052 7CE80120 		mtcrf 128,%r7
 327 0056 7A120056 		e_beq %cr0,.L11
 328              		.loc 1 283 0
 329 005a C371     		se_lwz %r7,12(%r1)
 330 005c C077     		se_lwz %r7,0(%r7)
 331 005e 2A07     		se_cmpi %r7,0
 332 0060 7F800020 		e_mcrf %cr7,%cr0
 333 0064 7CE00026 		mfcr %r7
 334 0068 74E7E007 		e_rlwinm %r7,%r7,28,0xf0000000
 335 006c 7CE80120 		mtcrf 128,%r7
 336 0070 7A02003C 		e_bne %cr0,.L11
 337              		.loc 1 287 0
GAS LISTING C:\Users\bayra\AppData\Local\Temp\ccigPvSf.s 			page 7


 338 0074 C371     		se_lwz %r7,12(%r1)
 339 0076 C167     		se_lwz %r6,4(%r7)
 340 0078 70E0E000 		e_lis %r7,xBlockAllocatedBit@ha
 341 007c 50E70000 		e_lwz %r7,xBlockAllocatedBit@l(%r7)
 342 0080 0027     		se_not %r7
 343 0082 4676     		se_and %r6,%r7
 344 0084 C371     		se_lwz %r7,12(%r1)
 345 0086 D167     		se_stw %r6,4(%r7)
 346              		.loc 1 289 0
 347 0088 78000001 		e_bl vTaskSuspendAll
 348              		.loc 1 292 0
 349 008c C371     		se_lwz %r7,12(%r1)
 350 008e C167     		se_lwz %r6,4(%r7)
 351 0090 70E0E000 		e_lis %r7,xFreeBytesRemaining@ha
 352 0094 50E70000 		e_lwz %r7,xFreeBytesRemaining@l(%r7)
 353 0098 0476     		se_add %r6,%r7
 354 009a 70E0E000 		e_lis %r7,xFreeBytesRemaining@ha
 355 009e 54C70000 		e_stw %r6,xFreeBytesRemaining@l(%r7)
 356              		.loc 1 294 0
 357 00a2 C331     		se_lwz %r3,12(%r1)
 358 00a4 78000001 		e_bl prvInsertBlockIntoFreeList
 359              		.loc 1 296 0
 360 00a8 78000001 		e_bl xTaskResumeAll
 361              	.L11:
 362              		.loc 1 308 0
 363 00ac C901     		se_lwz %r0,36(%r1)
 364 00ae 0090     		se_mtlr %r0
 365 00b0 21F1     		se_addi %r1,32
 366              	.LCFI3:
 367              		.cfi_def_cfa_offset 0
 368 00b2 0004     		se_blr
 369              		.cfi_endproc
 370              	.LFE1:
 371              		.size	vPortFree, .-vPortFree
 372              		.section	.text.xPortGetFreeHeapSize,"axv",@progbits
 373              		.align 1
 374              		.p2align 4,,15
 375              		.globl xPortGetFreeHeapSize
 376              		.type	xPortGetFreeHeapSize, @function
 377              	xPortGetFreeHeapSize:
 378              	.LFB2:
 379              		.loc 1 312 0
 380              		.cfi_startproc
 381              		.loc 1 313 0
 382 0000 70E0E000 		e_lis %r7,xFreeBytesRemaining@ha
 383 0004 50E70000 		e_lwz %r7,xFreeBytesRemaining@l(%r7)
 384              		.loc 1 314 0
 385 0008 0173     		se_mr %r3,%r7
 386 000a 0004     		se_blr
 387              		.cfi_endproc
 388              	.LFE2:
 389              		.size	xPortGetFreeHeapSize, .-xPortGetFreeHeapSize
 390              		.section	.text.xPortGetMinimumEverFreeHeapSize,"axv",@progbits
 391              		.align 1
 392              		.p2align 4,,15
 393              		.globl xPortGetMinimumEverFreeHeapSize
 394              		.type	xPortGetMinimumEverFreeHeapSize, @function
GAS LISTING C:\Users\bayra\AppData\Local\Temp\ccigPvSf.s 			page 8


 395              	xPortGetMinimumEverFreeHeapSize:
 396              	.LFB3:
 397              		.loc 1 318 0
 398              		.cfi_startproc
 399              		.loc 1 319 0
 400 0000 70E0E000 		e_lis %r7,xMinimumEverFreeBytesRemaining@ha
 401 0004 50E70000 		e_lwz %r7,xMinimumEverFreeBytesRemaining@l(%r7)
 402              		.loc 1 320 0
 403 0008 0173     		se_mr %r3,%r7
 404 000a 0004     		se_blr
 405              		.cfi_endproc
 406              	.LFE3:
 407              		.size	xPortGetMinimumEverFreeHeapSize, .-xPortGetMinimumEverFreeHeapSize
 408              		.section	.text.vPortInitialiseBlocks,"axv",@progbits
 409              		.align 1
 410              		.p2align 4,,15
 411              		.globl vPortInitialiseBlocks
 412              		.type	vPortInitialiseBlocks, @function
 413              	vPortInitialiseBlocks:
 414              	.LFB4:
 415              		.loc 1 324 0
 416              		.cfi_startproc
 417              		.loc 1 326 0
 418 0000 0004     		se_blr
 419              		.cfi_endproc
 420              	.LFE4:
 421              		.size	vPortInitialiseBlocks, .-vPortInitialiseBlocks
 422              		.section	.text.prvHeapInit,"axv",@progbits
 423              		.align 1
 424              		.p2align 4,,15
 425              		.type	prvHeapInit, @function
 426              	prvHeapInit:
 427              	.LFB5:
 428              		.loc 1 330 0
 429              		.cfi_startproc
 430 0000 182106E8 		e_stwu %r1,-24(%r1)
 431              	.LCFI4:
 432              		.cfi_def_cfa_offset 24
 433              		.loc 1 334 0
 434 0004 6307     		se_bgeni %r7,16
 435 0006 D371     		se_stw %r7,12(%r1)
 436              		.loc 1 337 0
 437 0008 70E0E000 		e_lis %r7,ucHeap@ha
 438 000c 1CE70000 		e_la %r7,ucHeap@l(%r7)
 439 0010 D271     		se_stw %r7,8(%r1)
 440              		.loc 1 339 0
 441 0012 C271     		se_lwz %r7,8(%r1)
 442 0014 2E37     		se_andi %r7,3
 443 0016 2A07     		se_cmpi %r7,0
 444 0018 7F800020 		e_mcrf %cr7,%cr0
 445 001c 7CE00026 		mfcr %r7
 446 0020 74E7E007 		e_rlwinm %r7,%r7,28,0xf0000000
 447 0024 7CE80120 		mtcrf 128,%r7
 448 0028 7A120026 		e_beq %cr0,.L19
 449              		.loc 1 341 0
 450 002c C271     		se_lwz %r7,8(%r1)
 451 002e 2027     		se_addi %r7,3
GAS LISTING C:\Users\bayra\AppData\Local\Temp\ccigPvSf.s 			page 9


 452 0030 D271     		se_stw %r7,8(%r1)
 453              		.loc 1 342 0
 454 0032 C271     		se_lwz %r7,8(%r1)
 455 0034 18E7C4FC 		e_andi %r7,%r7,-4
 456 0038 D271     		se_stw %r7,8(%r1)
 457              		.loc 1 343 0
 458 003a C361     		se_lwz %r6,12(%r1)
 459 003c C271     		se_lwz %r7,8(%r1)
 460 003e 0676     		se_sub %r6, %r7
 461 0040 70E0E000 		e_lis %r7,ucHeap@ha
 462 0044 1CE70000 		e_la %r7,ucHeap@l(%r7)
 463 0048 7CE63A14 		add %r7,%r6,%r7
 464 004c D371     		se_stw %r7,12(%r1)
 465              	.L19:
 466              		.loc 1 346 0
 467 004e C271     		se_lwz %r7,8(%r1)
 468 0050 D471     		se_stw %r7,16(%r1)
 469              		.loc 1 350 0
 470 0052 70E0E000 		e_lis %r7,xStart@ha
 471 0056 1CE70000 		e_la %r7,xStart@l(%r7)
 472 005a C461     		se_lwz %r6,16(%r1)
 473 005c D067     		se_stw %r6,0(%r7)
 474              		.loc 1 351 0
 475 005e 70E0E000 		e_lis %r7,xStart@ha
 476 0062 1CE70000 		e_la %r7,xStart@l(%r7)
 477 0066 4806     		se_li %r6,0
 478 0068 D167     		se_stw %r6,4(%r7)
 479              		.loc 1 355 0
 480 006a C461     		se_lwz %r6,16(%r1)
 481 006c C371     		se_lwz %r7,12(%r1)
 482 006e 7CE63A14 		add %r7,%r6,%r7
 483 0072 D271     		se_stw %r7,8(%r1)
 484              		.loc 1 356 0
 485 0074 4887     		se_li %r7,8
 486 0076 C261     		se_lwz %r6,8(%r1)
 487 0078 0767     		se_subf %r7, %r6
 488 007a D271     		se_stw %r7,8(%r1)
 489              		.loc 1 357 0
 490 007c C271     		se_lwz %r7,8(%r1)
 491 007e 18E7C4FC 		e_andi %r7,%r7,-4
 492 0082 D271     		se_stw %r7,8(%r1)
 493              		.loc 1 358 0
 494 0084 C261     		se_lwz %r6,8(%r1)
 495 0086 70E0E000 		e_lis %r7,pxEnd@ha
 496 008a 54C70000 		e_stw %r6,pxEnd@l(%r7)
 497              		.loc 1 359 0
 498 008e 70E0E000 		e_lis %r7,pxEnd@ha
 499 0092 50E70000 		e_lwz %r7,pxEnd@l(%r7)
 500 0096 4806     		se_li %r6,0
 501 0098 D167     		se_stw %r6,4(%r7)
 502              		.loc 1 360 0
 503 009a 70E0E000 		e_lis %r7,pxEnd@ha
 504 009e 50E70000 		e_lwz %r7,pxEnd@l(%r7)
 505 00a2 4806     		se_li %r6,0
 506 00a4 D067     		se_stw %r6,0(%r7)
 507              		.loc 1 364 0
 508 00a6 C471     		se_lwz %r7,16(%r1)
GAS LISTING C:\Users\bayra\AppData\Local\Temp\ccigPvSf.s 			page 10


 509 00a8 D571     		se_stw %r7,20(%r1)
 510              		.loc 1 365 0
 511 00aa C571     		se_lwz %r7,20(%r1)
 512 00ac C261     		se_lwz %r6,8(%r1)
 513 00ae 0676     		se_sub %r6, %r7
 514 00b0 C571     		se_lwz %r7,20(%r1)
 515 00b2 D167     		se_stw %r6,4(%r7)
 516              		.loc 1 366 0
 517 00b4 70E0E000 		e_lis %r7,pxEnd@ha
 518 00b8 50C70000 		e_lwz %r6,pxEnd@l(%r7)
 519 00bc C571     		se_lwz %r7,20(%r1)
 520 00be D067     		se_stw %r6,0(%r7)
 521              		.loc 1 369 0
 522 00c0 C571     		se_lwz %r7,20(%r1)
 523 00c2 C167     		se_lwz %r6,4(%r7)
 524 00c4 70E0E000 		e_lis %r7,xMinimumEverFreeBytesRemaining@ha
 525 00c8 54C70000 		e_stw %r6,xMinimumEverFreeBytesRemaining@l(%r7)
 526              		.loc 1 370 0
 527 00cc C571     		se_lwz %r7,20(%r1)
 528 00ce C167     		se_lwz %r6,4(%r7)
 529 00d0 70E0E000 		e_lis %r7,xFreeBytesRemaining@ha
 530 00d4 54C70000 		e_stw %r6,xFreeBytesRemaining@l(%r7)
 531              		.loc 1 373 0
 532 00d8 70E0E000 		e_lis %r7,xBlockAllocatedBit@ha
 533 00dc 6206     		se_bgeni %r6,0
 534 00de 54C70000 		e_stw %r6,xBlockAllocatedBit@l(%r7)
 535              		.loc 1 374 0
 536 00e2 2171     		se_addi %r1,24
 537              	.LCFI5:
 538              		.cfi_def_cfa_offset 0
 539 00e4 0004     		se_blr
 540              		.cfi_endproc
 541              	.LFE5:
 542              		.size	prvHeapInit, .-prvHeapInit
 543              		.section	.text.prvInsertBlockIntoFreeList,"axv",@progbits
 544              		.align 1
 545              		.p2align 4,,15
 546              		.type	prvInsertBlockIntoFreeList, @function
 547              	prvInsertBlockIntoFreeList:
 548              	.LFB6:
 549              		.loc 1 378 0
 550              		.cfi_startproc
 551 0000 182106E0 		e_stwu %r1,-32(%r1)
 552              	.LCFI6:
 553              		.cfi_def_cfa_offset 32
 554 0004 D631     		se_stw %r3,24(%r1)
 555              		.loc 1 384 0
 556 0006 70E0E000 		e_lis %r7,xStart@ha
 557 000a 1CE70000 		e_la %r7,xStart@l(%r7)
 558 000e D271     		se_stw %r7,8(%r1)
 559 0010 7800000A 		e_b .L21
 560              	.L22:
 561              		.loc 1 384 0 is_stmt 0 discriminator 3
 562 0014 C271     		se_lwz %r7,8(%r1)
 563 0016 C077     		se_lwz %r7,0(%r7)
 564 0018 D271     		se_stw %r7,8(%r1)
 565              	.L21:
GAS LISTING C:\Users\bayra\AppData\Local\Temp\ccigPvSf.s 			page 11


 566              		.loc 1 384 0 discriminator 1
 567 001a C271     		se_lwz %r7,8(%r1)
 568 001c C067     		se_lwz %r6,0(%r7)
 569 001e C671     		se_lwz %r7,24(%r1)
 570 0020 7F863840 		cmpl %cr7,%r6,%r7
 571 0024 7CE00026 		mfcr %r7
 572 0028 74E7E007 		e_rlwinm %r7,%r7,28,0xf0000000
 573 002c 7CE80120 		mtcrf 128,%r7
 574 0030 7A10FFE4 		e_blt %cr0,.L22
 575              		.loc 1 391 0 is_stmt 1
 576 0034 C271     		se_lwz %r7,8(%r1)
 577 0036 D371     		se_stw %r7,12(%r1)
 578              		.loc 1 392 0
 579 0038 C271     		se_lwz %r7,8(%r1)
 580 003a C177     		se_lwz %r7,4(%r7)
 581 003c C361     		se_lwz %r6,12(%r1)
 582 003e 0476     		se_add %r6,%r7
 583 0040 C671     		se_lwz %r7,24(%r1)
 584 0042 7F863800 		cmp %cr7,%r6,%r7
 585 0046 7CE00026 		mfcr %r7
 586 004a 74E7E007 		e_rlwinm %r7,%r7,28,0xf0000000
 587 004e 7CE80120 		mtcrf 128,%r7
 588 0052 7A020016 		e_bne %cr0,.L23
 589              		.loc 1 394 0
 590 0056 C271     		se_lwz %r7,8(%r1)
 591 0058 C167     		se_lwz %r6,4(%r7)
 592 005a C671     		se_lwz %r7,24(%r1)
 593 005c C177     		se_lwz %r7,4(%r7)
 594 005e 0476     		se_add %r6,%r7
 595 0060 C271     		se_lwz %r7,8(%r1)
 596 0062 D167     		se_stw %r6,4(%r7)
 597              		.loc 1 395 0
 598 0064 C271     		se_lwz %r7,8(%r1)
 599 0066 D671     		se_stw %r7,24(%r1)
 600              	.L23:
 601              		.loc 1 404 0
 602 0068 C671     		se_lwz %r7,24(%r1)
 603 006a D371     		se_stw %r7,12(%r1)
 604              		.loc 1 405 0
 605 006c C671     		se_lwz %r7,24(%r1)
 606 006e C177     		se_lwz %r7,4(%r7)
 607 0070 C361     		se_lwz %r6,12(%r1)
 608 0072 0476     		se_add %r6,%r7
 609 0074 C271     		se_lwz %r7,8(%r1)
 610 0076 C077     		se_lwz %r7,0(%r7)
 611 0078 7F863840 		cmpl %cr7,%r6,%r7
 612 007c 7CE00026 		mfcr %r7
 613 0080 74E7E007 		e_rlwinm %r7,%r7,28,0xf0000000
 614 0084 7CE80120 		mtcrf 128,%r7
 615 0088 7A020052 		e_bne %cr0,.L24
 616              		.loc 1 407 0
 617 008c C271     		se_lwz %r7,8(%r1)
 618 008e C067     		se_lwz %r6,0(%r7)
 619 0090 70E0E000 		e_lis %r7,pxEnd@ha
 620 0094 50E70000 		e_lwz %r7,pxEnd@l(%r7)
 621 0098 7F863840 		cmpl %cr7,%r6,%r7
 622 009c 7CE00026 		mfcr %r7
GAS LISTING C:\Users\bayra\AppData\Local\Temp\ccigPvSf.s 			page 12


 623 00a0 74E7E007 		e_rlwinm %r7,%r7,28,0xf0000000
 624 00a4 7CE80120 		mtcrf 128,%r7
 625 00a8 7A120022 		e_beq %cr0,.L25
 626              		.loc 1 410 0
 627 00ac C671     		se_lwz %r7,24(%r1)
 628 00ae C167     		se_lwz %r6,4(%r7)
 629 00b0 C271     		se_lwz %r7,8(%r1)
 630 00b2 C077     		se_lwz %r7,0(%r7)
 631 00b4 C177     		se_lwz %r7,4(%r7)
 632 00b6 0476     		se_add %r6,%r7
 633 00b8 C671     		se_lwz %r7,24(%r1)
 634 00ba D167     		se_stw %r6,4(%r7)
 635              		.loc 1 411 0
 636 00bc C271     		se_lwz %r7,8(%r1)
 637 00be C077     		se_lwz %r7,0(%r7)
 638 00c0 C067     		se_lwz %r6,0(%r7)
 639 00c2 C671     		se_lwz %r7,24(%r1)
 640 00c4 D067     		se_stw %r6,0(%r7)
 641 00c6 7800001C 		e_b .L27
 642              	.L25:
 643              		.loc 1 415 0
 644 00ca 70E0E000 		e_lis %r7,pxEnd@ha
 645 00ce 50C70000 		e_lwz %r6,pxEnd@l(%r7)
 646 00d2 C671     		se_lwz %r7,24(%r1)
 647 00d4 D067     		se_stw %r6,0(%r7)
 648 00d6 7800000C 		e_b .L27
 649              	.L24:
 650              		.loc 1 420 0
 651 00da C271     		se_lwz %r7,8(%r1)
 652 00dc C067     		se_lwz %r6,0(%r7)
 653 00de C671     		se_lwz %r7,24(%r1)
 654 00e0 D067     		se_stw %r6,0(%r7)
 655              	.L27:
 656              		.loc 1 427 0
 657 00e2 C261     		se_lwz %r6,8(%r1)
 658 00e4 C671     		se_lwz %r7,24(%r1)
 659 00e6 7F863800 		cmp %cr7,%r6,%r7
 660 00ea 7CE00026 		mfcr %r7
 661 00ee 74E7E007 		e_rlwinm %r7,%r7,28,0xf0000000
 662 00f2 7CE80120 		mtcrf 128,%r7
 663 00f6 7A12000A 		e_beq %cr0,.L20
 664              		.loc 1 429 0
 665 00fa C271     		se_lwz %r7,8(%r1)
 666 00fc C661     		se_lwz %r6,24(%r1)
 667 00fe D067     		se_stw %r6,0(%r7)
 668              	.L20:
 669              		.loc 1 435 0
 670 0100 21F1     		se_addi %r1,32
 671              	.LCFI7:
 672              		.cfi_def_cfa_offset 0
 673 0102 0004     		se_blr
 674              		.cfi_endproc
 675              	.LFE6:
 676              		.size	prvInsertBlockIntoFreeList, .-prvInsertBlockIntoFreeList
 677              		.section	".text","axv"
 678              	.Letext0:
 679              		.file 2 "c:\\spc5studio-6.0\\eclipse\\plugins\\com.st.tools.spc5.tools.gnu.gcc.ppcvle.win32_4.9.4.
GAS LISTING C:\Users\bayra\AppData\Local\Temp\ccigPvSf.s 			page 13


 680              		.file 3 "c:\\spc5studio-6.0\\eclipse\\plugins\\com.st.tools.spc5.tools.gnu.gcc.ppcvle.win32_4.9.4.
 681              		.file 4 "c:\\spc5studio-6.0\\eclipse\\plugins\\com.st.tools.spc5.tools.gnu.gcc.ppcvle.win32_4.9.4.
 682              		.section	.debug_info,"",@progbits
 683              	.Ldebug_info0:
 684 0000 00000306 		.4byte	0x306
 685 0004 0002     		.2byte	0x2
 686 0006 00000000 		.4byte	.Ldebug_abbrev0
 687 000a 04       		.byte	0x4
 688 000b 01       		.uleb128 0x1
 689 000c 00000000 		.4byte	.LASF40
 690 0010 01       		.byte	0x1
 691 0011 00000000 		.4byte	.LASF41
 692 0015 00000000 		.4byte	.LASF42
 693 0019 00000000 		.4byte	.Ldebug_ranges0+0
 694 001d 00000000 		.4byte	0
 695 0021 00000000 		.4byte	0
 696 0025 00000000 		.4byte	.Ldebug_line0
 697 0029 02       		.uleb128 0x2
 698 002a 00000000 		.4byte	.LASF3
 699 002e 02       		.byte	0x2
 700 002f D4       		.byte	0xd4
 701 0030 00000034 		.4byte	0x34
 702 0034 03       		.uleb128 0x3
 703 0035 04       		.byte	0x4
 704 0036 07       		.byte	0x7
 705 0037 00000000 		.4byte	.LASF0
 706 003b 03       		.uleb128 0x3
 707 003c 04       		.byte	0x4
 708 003d 05       		.byte	0x5
 709 003e 00000000 		.4byte	.LASF1
 710 0042 04       		.uleb128 0x4
 711 0043 04       		.byte	0x4
 712 0044 05       		.byte	0x5
 713 0045 696E7400 		.string	"int"
 714 0049 03       		.uleb128 0x3
 715 004a 01       		.byte	0x1
 716 004b 06       		.byte	0x6
 717 004c 00000000 		.4byte	.LASF2
 718 0050 02       		.uleb128 0x2
 719 0051 00000000 		.4byte	.LASF4
 720 0055 03       		.byte	0x3
 721 0056 1D       		.byte	0x1d
 722 0057 0000005B 		.4byte	0x5b
 723 005b 03       		.uleb128 0x3
 724 005c 01       		.byte	0x1
 725 005d 08       		.byte	0x8
 726 005e 00000000 		.4byte	.LASF5
 727 0062 03       		.uleb128 0x3
 728 0063 02       		.byte	0x2
 729 0064 05       		.byte	0x5
 730 0065 00000000 		.4byte	.LASF6
 731 0069 03       		.uleb128 0x3
 732 006a 02       		.byte	0x2
 733 006b 07       		.byte	0x7
 734 006c 00000000 		.4byte	.LASF7
 735 0070 03       		.uleb128 0x3
 736 0071 04       		.byte	0x4
GAS LISTING C:\Users\bayra\AppData\Local\Temp\ccigPvSf.s 			page 14


 737 0072 07       		.byte	0x7
 738 0073 00000000 		.4byte	.LASF8
 739 0077 03       		.uleb128 0x3
 740 0078 08       		.byte	0x8
 741 0079 05       		.byte	0x5
 742 007a 00000000 		.4byte	.LASF9
 743 007e 03       		.uleb128 0x3
 744 007f 08       		.byte	0x8
 745 0080 07       		.byte	0x7
 746 0081 00000000 		.4byte	.LASF10
 747 0085 03       		.uleb128 0x3
 748 0086 04       		.byte	0x4
 749 0087 07       		.byte	0x7
 750 0088 00000000 		.4byte	.LASF11
 751 008c 05       		.uleb128 0x5
 752 008d 04       		.byte	0x4
 753 008e 03       		.uleb128 0x3
 754 008f 01       		.byte	0x1
 755 0090 08       		.byte	0x8
 756 0091 00000000 		.4byte	.LASF12
 757 0095 02       		.uleb128 0x2
 758 0096 00000000 		.4byte	.LASF13
 759 009a 04       		.byte	0x4
 760 009b 15       		.byte	0x15
 761 009c 00000050 		.4byte	0x50
 762 00a0 06       		.uleb128 0x6
 763 00a1 04       		.byte	0x4
 764 00a2 00000095 		.4byte	0x95
 765 00a6 07       		.uleb128 0x7
 766 00a7 00000000 		.4byte	.LASF43
 767 00ab 08       		.byte	0x8
 768 00ac 01       		.byte	0x1
 769 00ad 45       		.byte	0x45
 770 00ae 000000CF 		.4byte	0xcf
 771 00b2 08       		.uleb128 0x8
 772 00b3 00000000 		.4byte	.LASF14
 773 00b7 01       		.byte	0x1
 774 00b8 47       		.byte	0x47
 775 00b9 000000CF 		.4byte	0xcf
 776 00bd 02       		.byte	0x2
 777 00be 23       		.byte	0x23
 778 00bf 00       		.uleb128 0
 779 00c0 08       		.uleb128 0x8
 780 00c1 00000000 		.4byte	.LASF15
 781 00c5 01       		.byte	0x1
 782 00c6 48       		.byte	0x48
 783 00c7 00000029 		.4byte	0x29
 784 00cb 02       		.byte	0x2
 785 00cc 23       		.byte	0x23
 786 00cd 04       		.uleb128 0x4
 787 00ce 00       		.byte	0
 788 00cf 06       		.uleb128 0x6
 789 00d0 04       		.byte	0x4
 790 00d1 000000A6 		.4byte	0xa6
 791 00d5 02       		.uleb128 0x2
 792 00d6 00000000 		.4byte	.LASF16
 793 00da 01       		.byte	0x1
GAS LISTING C:\Users\bayra\AppData\Local\Temp\ccigPvSf.s 			page 15


 794 00db 49       		.byte	0x49
 795 00dc 000000A6 		.4byte	0xa6
 796 00e0 09       		.uleb128 0x9
 797 00e1 01       		.byte	0x1
 798 00e2 00000000 		.4byte	.LASF44
 799 00e6 01       		.byte	0x1
 800 00e7 71       		.byte	0x71
 801 00e8 01       		.byte	0x1
 802 00e9 0000008C 		.4byte	0x8c
 803 00ed 00000000 		.4byte	.LFB0
 804 00f1 00000000 		.4byte	.LFE0
 805 00f5 00000000 		.4byte	.LLST0
 806 00f9 01       		.byte	0x1
 807 00fa 00000145 		.4byte	0x145
 808 00fe 0A       		.uleb128 0xa
 809 00ff 00000000 		.4byte	.LASF21
 810 0103 01       		.byte	0x1
 811 0104 71       		.byte	0x71
 812 0105 00000029 		.4byte	0x29
 813 0109 02       		.byte	0x2
 814 010a 91       		.byte	0x91
 815 010b 78       		.sleb128 -8
 816 010c 0B       		.uleb128 0xb
 817 010d 00000000 		.4byte	.LASF17
 818 0111 01       		.byte	0x1
 819 0112 73       		.byte	0x73
 820 0113 00000145 		.4byte	0x145
 821 0117 02       		.byte	0x2
 822 0118 91       		.byte	0x91
 823 0119 68       		.sleb128 -24
 824 011a 0B       		.uleb128 0xb
 825 011b 00000000 		.4byte	.LASF18
 826 011f 01       		.byte	0x1
 827 0120 73       		.byte	0x73
 828 0121 00000145 		.4byte	0x145
 829 0125 02       		.byte	0x2
 830 0126 91       		.byte	0x91
 831 0127 6C       		.sleb128 -20
 832 0128 0B       		.uleb128 0xb
 833 0129 00000000 		.4byte	.LASF19
 834 012d 01       		.byte	0x1
 835 012e 73       		.byte	0x73
 836 012f 00000145 		.4byte	0x145
 837 0133 02       		.byte	0x2
 838 0134 91       		.byte	0x91
 839 0135 74       		.sleb128 -12
 840 0136 0B       		.uleb128 0xb
 841 0137 00000000 		.4byte	.LASF20
 842 013b 01       		.byte	0x1
 843 013c 74       		.byte	0x74
 844 013d 0000008C 		.4byte	0x8c
 845 0141 02       		.byte	0x2
 846 0142 91       		.byte	0x91
 847 0143 70       		.sleb128 -16
 848 0144 00       		.byte	0
 849 0145 06       		.uleb128 0x6
 850 0146 04       		.byte	0x4
GAS LISTING C:\Users\bayra\AppData\Local\Temp\ccigPvSf.s 			page 16


 851 0147 000000D5 		.4byte	0xd5
 852 014b 0C       		.uleb128 0xc
 853 014c 01       		.byte	0x1
 854 014d 00000000 		.4byte	.LASF45
 855 0151 01       		.byte	0x1
 856 0152 0107     		.2byte	0x107
 857 0154 01       		.byte	0x1
 858 0155 00000000 		.4byte	.LFB1
 859 0159 00000000 		.4byte	.LFE1
 860 015d 00000000 		.4byte	.LLST1
 861 0161 01       		.byte	0x1
 862 0162 00000193 		.4byte	0x193
 863 0166 0D       		.uleb128 0xd
 864 0167 707600   		.string	"pv"
 865 016a 01       		.byte	0x1
 866 016b 0107     		.2byte	0x107
 867 016d 0000008C 		.4byte	0x8c
 868 0171 02       		.byte	0x2
 869 0172 91       		.byte	0x91
 870 0173 78       		.sleb128 -8
 871 0174 0E       		.uleb128 0xe
 872 0175 70756300 		.string	"puc"
 873 0179 01       		.byte	0x1
 874 017a 0109     		.2byte	0x109
 875 017c 000000A0 		.4byte	0xa0
 876 0180 02       		.byte	0x2
 877 0181 91       		.byte	0x91
 878 0182 68       		.sleb128 -24
 879 0183 0F       		.uleb128 0xf
 880 0184 00000000 		.4byte	.LASF22
 881 0188 01       		.byte	0x1
 882 0189 010A     		.2byte	0x10a
 883 018b 00000145 		.4byte	0x145
 884 018f 02       		.byte	0x2
 885 0190 91       		.byte	0x91
 886 0191 6C       		.sleb128 -20
 887 0192 00       		.byte	0
 888 0193 10       		.uleb128 0x10
 889 0194 01       		.byte	0x1
 890 0195 00000000 		.4byte	.LASF23
 891 0199 01       		.byte	0x1
 892 019a 0137     		.2byte	0x137
 893 019c 01       		.byte	0x1
 894 019d 00000029 		.4byte	0x29
 895 01a1 00000000 		.4byte	.LFB2
 896 01a5 00000000 		.4byte	.LFE2
 897 01a9 02       		.byte	0x2
 898 01aa 71       		.byte	0x71
 899 01ab 00       		.sleb128 0
 900 01ac 01       		.byte	0x1
 901 01ad 10       		.uleb128 0x10
 902 01ae 01       		.byte	0x1
 903 01af 00000000 		.4byte	.LASF24
 904 01b3 01       		.byte	0x1
 905 01b4 013D     		.2byte	0x13d
 906 01b6 01       		.byte	0x1
 907 01b7 00000029 		.4byte	0x29
GAS LISTING C:\Users\bayra\AppData\Local\Temp\ccigPvSf.s 			page 17


 908 01bb 00000000 		.4byte	.LFB3
 909 01bf 00000000 		.4byte	.LFE3
 910 01c3 02       		.byte	0x2
 911 01c4 71       		.byte	0x71
 912 01c5 00       		.sleb128 0
 913 01c6 01       		.byte	0x1
 914 01c7 11       		.uleb128 0x11
 915 01c8 01       		.byte	0x1
 916 01c9 00000000 		.4byte	.LASF46
 917 01cd 01       		.byte	0x1
 918 01ce 0143     		.2byte	0x143
 919 01d0 01       		.byte	0x1
 920 01d1 00000000 		.4byte	.LFB4
 921 01d5 00000000 		.4byte	.LFE4
 922 01d9 02       		.byte	0x2
 923 01da 71       		.byte	0x71
 924 01db 00       		.sleb128 0
 925 01dc 01       		.byte	0x1
 926 01dd 12       		.uleb128 0x12
 927 01de 00000000 		.4byte	.LASF29
 928 01e2 01       		.byte	0x1
 929 01e3 0149     		.2byte	0x149
 930 01e5 01       		.byte	0x1
 931 01e6 00000000 		.4byte	.LFB5
 932 01ea 00000000 		.4byte	.LFE5
 933 01ee 00000000 		.4byte	.LLST2
 934 01f2 01       		.byte	0x1
 935 01f3 00000234 		.4byte	0x234
 936 01f7 0F       		.uleb128 0xf
 937 01f8 00000000 		.4byte	.LASF25
 938 01fc 01       		.byte	0x1
 939 01fd 014B     		.2byte	0x14b
 940 01ff 00000145 		.4byte	0x145
 941 0203 02       		.byte	0x2
 942 0204 91       		.byte	0x91
 943 0205 7C       		.sleb128 -4
 944 0206 0F       		.uleb128 0xf
 945 0207 00000000 		.4byte	.LASF26
 946 020b 01       		.byte	0x1
 947 020c 014C     		.2byte	0x14c
 948 020e 000000A0 		.4byte	0xa0
 949 0212 02       		.byte	0x2
 950 0213 91       		.byte	0x91
 951 0214 78       		.sleb128 -8
 952 0215 0F       		.uleb128 0xf
 953 0216 00000000 		.4byte	.LASF27
 954 021a 01       		.byte	0x1
 955 021b 014D     		.2byte	0x14d
 956 021d 00000029 		.4byte	0x29
 957 0221 02       		.byte	0x2
 958 0222 91       		.byte	0x91
 959 0223 70       		.sleb128 -16
 960 0224 0F       		.uleb128 0xf
 961 0225 00000000 		.4byte	.LASF28
 962 0229 01       		.byte	0x1
 963 022a 014E     		.2byte	0x14e
 964 022c 00000029 		.4byte	0x29
GAS LISTING C:\Users\bayra\AppData\Local\Temp\ccigPvSf.s 			page 18


 965 0230 02       		.byte	0x2
 966 0231 91       		.byte	0x91
 967 0232 74       		.sleb128 -12
 968 0233 00       		.byte	0
 969 0234 12       		.uleb128 0x12
 970 0235 00000000 		.4byte	.LASF30
 971 0239 01       		.byte	0x1
 972 023a 0179     		.2byte	0x179
 973 023c 01       		.byte	0x1
 974 023d 00000000 		.4byte	.LFB6
 975 0241 00000000 		.4byte	.LFE6
 976 0245 00000000 		.4byte	.LLST3
 977 0249 01       		.byte	0x1
 978 024a 0000027C 		.4byte	0x27c
 979 024e 13       		.uleb128 0x13
 980 024f 00000000 		.4byte	.LASF31
 981 0253 01       		.byte	0x1
 982 0254 0179     		.2byte	0x179
 983 0256 00000145 		.4byte	0x145
 984 025a 02       		.byte	0x2
 985 025b 91       		.byte	0x91
 986 025c 78       		.sleb128 -8
 987 025d 0F       		.uleb128 0xf
 988 025e 00000000 		.4byte	.LASF32
 989 0262 01       		.byte	0x1
 990 0263 017B     		.2byte	0x17b
 991 0265 00000145 		.4byte	0x145
 992 0269 02       		.byte	0x2
 993 026a 91       		.byte	0x91
 994 026b 68       		.sleb128 -24
 995 026c 0E       		.uleb128 0xe
 996 026d 70756300 		.string	"puc"
 997 0271 01       		.byte	0x1
 998 0272 017C     		.2byte	0x17c
 999 0274 000000A0 		.4byte	0xa0
 1000 0278 02       		.byte	0x2
 1001 0279 91       		.byte	0x91
 1002 027a 6C       		.sleb128 -20
 1003 027b 00       		.byte	0
 1004 027c 14       		.uleb128 0x14
 1005 027d 00000095 		.4byte	0x95
 1006 0281 0000028D 		.4byte	0x28d
 1007 0285 15       		.uleb128 0x15
 1008 0286 00000085 		.4byte	0x85
 1009 028a 7FFF     		.2byte	0x7fff
 1010 028c 00       		.byte	0
 1011 028d 0B       		.uleb128 0xb
 1012 028e 00000000 		.4byte	.LASF33
 1013 0292 01       		.byte	0x1
 1014 0293 40       		.byte	0x40
 1015 0294 0000027C 		.4byte	0x27c
 1016 0298 05       		.byte	0x5
 1017 0299 03       		.byte	0x3
 1018 029a 00000000 		.4byte	ucHeap
 1019 029e 0B       		.uleb128 0xb
 1020 029f 00000000 		.4byte	.LASF34
 1021 02a3 01       		.byte	0x1
GAS LISTING C:\Users\bayra\AppData\Local\Temp\ccigPvSf.s 			page 19


 1022 02a4 5F       		.byte	0x5f
 1023 02a5 000002AF 		.4byte	0x2af
 1024 02a9 05       		.byte	0x5
 1025 02aa 03       		.byte	0x3
 1026 02ab 00000000 		.4byte	xHeapStructSize
 1027 02af 16       		.uleb128 0x16
 1028 02b0 00000029 		.4byte	0x29
 1029 02b4 0B       		.uleb128 0xb
 1030 02b5 00000000 		.4byte	.LASF35
 1031 02b9 01       		.byte	0x1
 1032 02ba 62       		.byte	0x62
 1033 02bb 000000D5 		.4byte	0xd5
 1034 02bf 05       		.byte	0x5
 1035 02c0 03       		.byte	0x3
 1036 02c1 00000000 		.4byte	xStart
 1037 02c5 0B       		.uleb128 0xb
 1038 02c6 00000000 		.4byte	.LASF36
 1039 02ca 01       		.byte	0x1
 1040 02cb 62       		.byte	0x62
 1041 02cc 00000145 		.4byte	0x145
 1042 02d0 05       		.byte	0x5
 1043 02d1 03       		.byte	0x3
 1044 02d2 00000000 		.4byte	pxEnd
 1045 02d6 0B       		.uleb128 0xb
 1046 02d7 00000000 		.4byte	.LASF37
 1047 02db 01       		.byte	0x1
 1048 02dc 66       		.byte	0x66
 1049 02dd 00000029 		.4byte	0x29
 1050 02e1 05       		.byte	0x5
 1051 02e2 03       		.byte	0x3
 1052 02e3 00000000 		.4byte	xFreeBytesRemaining
 1053 02e7 0B       		.uleb128 0xb
 1054 02e8 00000000 		.4byte	.LASF38
 1055 02ec 01       		.byte	0x1
 1056 02ed 67       		.byte	0x67
 1057 02ee 00000029 		.4byte	0x29
 1058 02f2 05       		.byte	0x5
 1059 02f3 03       		.byte	0x3
 1060 02f4 00000000 		.4byte	xMinimumEverFreeBytesRemaining
 1061 02f8 0B       		.uleb128 0xb
 1062 02f9 00000000 		.4byte	.LASF39
 1063 02fd 01       		.byte	0x1
 1064 02fe 6D       		.byte	0x6d
 1065 02ff 00000029 		.4byte	0x29
 1066 0303 05       		.byte	0x5
 1067 0304 03       		.byte	0x3
 1068 0305 00000000 		.4byte	xBlockAllocatedBit
 1069 0309 00       		.byte	0
 1070              		.section	.debug_abbrev,"",@progbits
 1071              	.Ldebug_abbrev0:
 1072 0000 01       		.uleb128 0x1
 1073 0001 11       		.uleb128 0x11
 1074 0002 01       		.byte	0x1
 1075 0003 25       		.uleb128 0x25
 1076 0004 0E       		.uleb128 0xe
 1077 0005 13       		.uleb128 0x13
 1078 0006 0B       		.uleb128 0xb
GAS LISTING C:\Users\bayra\AppData\Local\Temp\ccigPvSf.s 			page 20


 1079 0007 03       		.uleb128 0x3
 1080 0008 0E       		.uleb128 0xe
 1081 0009 1B       		.uleb128 0x1b
 1082 000a 0E       		.uleb128 0xe
 1083 000b 55       		.uleb128 0x55
 1084 000c 06       		.uleb128 0x6
 1085 000d 11       		.uleb128 0x11
 1086 000e 01       		.uleb128 0x1
 1087 000f 52       		.uleb128 0x52
 1088 0010 01       		.uleb128 0x1
 1089 0011 10       		.uleb128 0x10
 1090 0012 06       		.uleb128 0x6
 1091 0013 00       		.byte	0
 1092 0014 00       		.byte	0
 1093 0015 02       		.uleb128 0x2
 1094 0016 16       		.uleb128 0x16
 1095 0017 00       		.byte	0
 1096 0018 03       		.uleb128 0x3
 1097 0019 0E       		.uleb128 0xe
 1098 001a 3A       		.uleb128 0x3a
 1099 001b 0B       		.uleb128 0xb
 1100 001c 3B       		.uleb128 0x3b
 1101 001d 0B       		.uleb128 0xb
 1102 001e 49       		.uleb128 0x49
 1103 001f 13       		.uleb128 0x13
 1104 0020 00       		.byte	0
 1105 0021 00       		.byte	0
 1106 0022 03       		.uleb128 0x3
 1107 0023 24       		.uleb128 0x24
 1108 0024 00       		.byte	0
 1109 0025 0B       		.uleb128 0xb
 1110 0026 0B       		.uleb128 0xb
 1111 0027 3E       		.uleb128 0x3e
 1112 0028 0B       		.uleb128 0xb
 1113 0029 03       		.uleb128 0x3
 1114 002a 0E       		.uleb128 0xe
 1115 002b 00       		.byte	0
 1116 002c 00       		.byte	0
 1117 002d 04       		.uleb128 0x4
 1118 002e 24       		.uleb128 0x24
 1119 002f 00       		.byte	0
 1120 0030 0B       		.uleb128 0xb
 1121 0031 0B       		.uleb128 0xb
 1122 0032 3E       		.uleb128 0x3e
 1123 0033 0B       		.uleb128 0xb
 1124 0034 03       		.uleb128 0x3
 1125 0035 08       		.uleb128 0x8
 1126 0036 00       		.byte	0
 1127 0037 00       		.byte	0
 1128 0038 05       		.uleb128 0x5
 1129 0039 0F       		.uleb128 0xf
 1130 003a 00       		.byte	0
 1131 003b 0B       		.uleb128 0xb
 1132 003c 0B       		.uleb128 0xb
 1133 003d 00       		.byte	0
 1134 003e 00       		.byte	0
 1135 003f 06       		.uleb128 0x6
GAS LISTING C:\Users\bayra\AppData\Local\Temp\ccigPvSf.s 			page 21


 1136 0040 0F       		.uleb128 0xf
 1137 0041 00       		.byte	0
 1138 0042 0B       		.uleb128 0xb
 1139 0043 0B       		.uleb128 0xb
 1140 0044 49       		.uleb128 0x49
 1141 0045 13       		.uleb128 0x13
 1142 0046 00       		.byte	0
 1143 0047 00       		.byte	0
 1144 0048 07       		.uleb128 0x7
 1145 0049 13       		.uleb128 0x13
 1146 004a 01       		.byte	0x1
 1147 004b 03       		.uleb128 0x3
 1148 004c 0E       		.uleb128 0xe
 1149 004d 0B       		.uleb128 0xb
 1150 004e 0B       		.uleb128 0xb
 1151 004f 3A       		.uleb128 0x3a
 1152 0050 0B       		.uleb128 0xb
 1153 0051 3B       		.uleb128 0x3b
 1154 0052 0B       		.uleb128 0xb
 1155 0053 01       		.uleb128 0x1
 1156 0054 13       		.uleb128 0x13
 1157 0055 00       		.byte	0
 1158 0056 00       		.byte	0
 1159 0057 08       		.uleb128 0x8
 1160 0058 0D       		.uleb128 0xd
 1161 0059 00       		.byte	0
 1162 005a 03       		.uleb128 0x3
 1163 005b 0E       		.uleb128 0xe
 1164 005c 3A       		.uleb128 0x3a
 1165 005d 0B       		.uleb128 0xb
 1166 005e 3B       		.uleb128 0x3b
 1167 005f 0B       		.uleb128 0xb
 1168 0060 49       		.uleb128 0x49
 1169 0061 13       		.uleb128 0x13
 1170 0062 38       		.uleb128 0x38
 1171 0063 0A       		.uleb128 0xa
 1172 0064 00       		.byte	0
 1173 0065 00       		.byte	0
 1174 0066 09       		.uleb128 0x9
 1175 0067 2E       		.uleb128 0x2e
 1176 0068 01       		.byte	0x1
 1177 0069 3F       		.uleb128 0x3f
 1178 006a 0C       		.uleb128 0xc
 1179 006b 03       		.uleb128 0x3
 1180 006c 0E       		.uleb128 0xe
 1181 006d 3A       		.uleb128 0x3a
 1182 006e 0B       		.uleb128 0xb
 1183 006f 3B       		.uleb128 0x3b
 1184 0070 0B       		.uleb128 0xb
 1185 0071 27       		.uleb128 0x27
 1186 0072 0C       		.uleb128 0xc
 1187 0073 49       		.uleb128 0x49
 1188 0074 13       		.uleb128 0x13
 1189 0075 11       		.uleb128 0x11
 1190 0076 01       		.uleb128 0x1
 1191 0077 12       		.uleb128 0x12
 1192 0078 01       		.uleb128 0x1
GAS LISTING C:\Users\bayra\AppData\Local\Temp\ccigPvSf.s 			page 22


 1193 0079 40       		.uleb128 0x40
 1194 007a 06       		.uleb128 0x6
 1195 007b 9642     		.uleb128 0x2116
 1196 007d 0C       		.uleb128 0xc
 1197 007e 01       		.uleb128 0x1
 1198 007f 13       		.uleb128 0x13
 1199 0080 00       		.byte	0
 1200 0081 00       		.byte	0
 1201 0082 0A       		.uleb128 0xa
 1202 0083 05       		.uleb128 0x5
 1203 0084 00       		.byte	0
 1204 0085 03       		.uleb128 0x3
 1205 0086 0E       		.uleb128 0xe
 1206 0087 3A       		.uleb128 0x3a
 1207 0088 0B       		.uleb128 0xb
 1208 0089 3B       		.uleb128 0x3b
 1209 008a 0B       		.uleb128 0xb
 1210 008b 49       		.uleb128 0x49
 1211 008c 13       		.uleb128 0x13
 1212 008d 02       		.uleb128 0x2
 1213 008e 0A       		.uleb128 0xa
 1214 008f 00       		.byte	0
 1215 0090 00       		.byte	0
 1216 0091 0B       		.uleb128 0xb
 1217 0092 34       		.uleb128 0x34
 1218 0093 00       		.byte	0
 1219 0094 03       		.uleb128 0x3
 1220 0095 0E       		.uleb128 0xe
 1221 0096 3A       		.uleb128 0x3a
 1222 0097 0B       		.uleb128 0xb
 1223 0098 3B       		.uleb128 0x3b
 1224 0099 0B       		.uleb128 0xb
 1225 009a 49       		.uleb128 0x49
 1226 009b 13       		.uleb128 0x13
 1227 009c 02       		.uleb128 0x2
 1228 009d 0A       		.uleb128 0xa
 1229 009e 00       		.byte	0
 1230 009f 00       		.byte	0
 1231 00a0 0C       		.uleb128 0xc
 1232 00a1 2E       		.uleb128 0x2e
 1233 00a2 01       		.byte	0x1
 1234 00a3 3F       		.uleb128 0x3f
 1235 00a4 0C       		.uleb128 0xc
 1236 00a5 03       		.uleb128 0x3
 1237 00a6 0E       		.uleb128 0xe
 1238 00a7 3A       		.uleb128 0x3a
 1239 00a8 0B       		.uleb128 0xb
 1240 00a9 3B       		.uleb128 0x3b
 1241 00aa 05       		.uleb128 0x5
 1242 00ab 27       		.uleb128 0x27
 1243 00ac 0C       		.uleb128 0xc
 1244 00ad 11       		.uleb128 0x11
 1245 00ae 01       		.uleb128 0x1
 1246 00af 12       		.uleb128 0x12
 1247 00b0 01       		.uleb128 0x1
 1248 00b1 40       		.uleb128 0x40
 1249 00b2 06       		.uleb128 0x6
GAS LISTING C:\Users\bayra\AppData\Local\Temp\ccigPvSf.s 			page 23


 1250 00b3 9642     		.uleb128 0x2116
 1251 00b5 0C       		.uleb128 0xc
 1252 00b6 01       		.uleb128 0x1
 1253 00b7 13       		.uleb128 0x13
 1254 00b8 00       		.byte	0
 1255 00b9 00       		.byte	0
 1256 00ba 0D       		.uleb128 0xd
 1257 00bb 05       		.uleb128 0x5
 1258 00bc 00       		.byte	0
 1259 00bd 03       		.uleb128 0x3
 1260 00be 08       		.uleb128 0x8
 1261 00bf 3A       		.uleb128 0x3a
 1262 00c0 0B       		.uleb128 0xb
 1263 00c1 3B       		.uleb128 0x3b
 1264 00c2 05       		.uleb128 0x5
 1265 00c3 49       		.uleb128 0x49
 1266 00c4 13       		.uleb128 0x13
 1267 00c5 02       		.uleb128 0x2
 1268 00c6 0A       		.uleb128 0xa
 1269 00c7 00       		.byte	0
 1270 00c8 00       		.byte	0
 1271 00c9 0E       		.uleb128 0xe
 1272 00ca 34       		.uleb128 0x34
 1273 00cb 00       		.byte	0
 1274 00cc 03       		.uleb128 0x3
 1275 00cd 08       		.uleb128 0x8
 1276 00ce 3A       		.uleb128 0x3a
 1277 00cf 0B       		.uleb128 0xb
 1278 00d0 3B       		.uleb128 0x3b
 1279 00d1 05       		.uleb128 0x5
 1280 00d2 49       		.uleb128 0x49
 1281 00d3 13       		.uleb128 0x13
 1282 00d4 02       		.uleb128 0x2
 1283 00d5 0A       		.uleb128 0xa
 1284 00d6 00       		.byte	0
 1285 00d7 00       		.byte	0
 1286 00d8 0F       		.uleb128 0xf
 1287 00d9 34       		.uleb128 0x34
 1288 00da 00       		.byte	0
 1289 00db 03       		.uleb128 0x3
 1290 00dc 0E       		.uleb128 0xe
 1291 00dd 3A       		.uleb128 0x3a
 1292 00de 0B       		.uleb128 0xb
 1293 00df 3B       		.uleb128 0x3b
 1294 00e0 05       		.uleb128 0x5
 1295 00e1 49       		.uleb128 0x49
 1296 00e2 13       		.uleb128 0x13
 1297 00e3 02       		.uleb128 0x2
 1298 00e4 0A       		.uleb128 0xa
 1299 00e5 00       		.byte	0
 1300 00e6 00       		.byte	0
 1301 00e7 10       		.uleb128 0x10
 1302 00e8 2E       		.uleb128 0x2e
 1303 00e9 00       		.byte	0
 1304 00ea 3F       		.uleb128 0x3f
 1305 00eb 0C       		.uleb128 0xc
 1306 00ec 03       		.uleb128 0x3
GAS LISTING C:\Users\bayra\AppData\Local\Temp\ccigPvSf.s 			page 24


 1307 00ed 0E       		.uleb128 0xe
 1308 00ee 3A       		.uleb128 0x3a
 1309 00ef 0B       		.uleb128 0xb
 1310 00f0 3B       		.uleb128 0x3b
 1311 00f1 05       		.uleb128 0x5
 1312 00f2 27       		.uleb128 0x27
 1313 00f3 0C       		.uleb128 0xc
 1314 00f4 49       		.uleb128 0x49
 1315 00f5 13       		.uleb128 0x13
 1316 00f6 11       		.uleb128 0x11
 1317 00f7 01       		.uleb128 0x1
 1318 00f8 12       		.uleb128 0x12
 1319 00f9 01       		.uleb128 0x1
 1320 00fa 40       		.uleb128 0x40
 1321 00fb 0A       		.uleb128 0xa
 1322 00fc 9742     		.uleb128 0x2117
 1323 00fe 0C       		.uleb128 0xc
 1324 00ff 00       		.byte	0
 1325 0100 00       		.byte	0
 1326 0101 11       		.uleb128 0x11
 1327 0102 2E       		.uleb128 0x2e
 1328 0103 00       		.byte	0
 1329 0104 3F       		.uleb128 0x3f
 1330 0105 0C       		.uleb128 0xc
 1331 0106 03       		.uleb128 0x3
 1332 0107 0E       		.uleb128 0xe
 1333 0108 3A       		.uleb128 0x3a
 1334 0109 0B       		.uleb128 0xb
 1335 010a 3B       		.uleb128 0x3b
 1336 010b 05       		.uleb128 0x5
 1337 010c 27       		.uleb128 0x27
 1338 010d 0C       		.uleb128 0xc
 1339 010e 11       		.uleb128 0x11
 1340 010f 01       		.uleb128 0x1
 1341 0110 12       		.uleb128 0x12
 1342 0111 01       		.uleb128 0x1
 1343 0112 40       		.uleb128 0x40
 1344 0113 0A       		.uleb128 0xa
 1345 0114 9742     		.uleb128 0x2117
 1346 0116 0C       		.uleb128 0xc
 1347 0117 00       		.byte	0
 1348 0118 00       		.byte	0
 1349 0119 12       		.uleb128 0x12
 1350 011a 2E       		.uleb128 0x2e
 1351 011b 01       		.byte	0x1
 1352 011c 03       		.uleb128 0x3
 1353 011d 0E       		.uleb128 0xe
 1354 011e 3A       		.uleb128 0x3a
 1355 011f 0B       		.uleb128 0xb
 1356 0120 3B       		.uleb128 0x3b
 1357 0121 05       		.uleb128 0x5
 1358 0122 27       		.uleb128 0x27
 1359 0123 0C       		.uleb128 0xc
 1360 0124 11       		.uleb128 0x11
 1361 0125 01       		.uleb128 0x1
 1362 0126 12       		.uleb128 0x12
 1363 0127 01       		.uleb128 0x1
GAS LISTING C:\Users\bayra\AppData\Local\Temp\ccigPvSf.s 			page 25


 1364 0128 40       		.uleb128 0x40
 1365 0129 06       		.uleb128 0x6
 1366 012a 9742     		.uleb128 0x2117
 1367 012c 0C       		.uleb128 0xc
 1368 012d 01       		.uleb128 0x1
 1369 012e 13       		.uleb128 0x13
 1370 012f 00       		.byte	0
 1371 0130 00       		.byte	0
 1372 0131 13       		.uleb128 0x13
 1373 0132 05       		.uleb128 0x5
 1374 0133 00       		.byte	0
 1375 0134 03       		.uleb128 0x3
 1376 0135 0E       		.uleb128 0xe
 1377 0136 3A       		.uleb128 0x3a
 1378 0137 0B       		.uleb128 0xb
 1379 0138 3B       		.uleb128 0x3b
 1380 0139 05       		.uleb128 0x5
 1381 013a 49       		.uleb128 0x49
 1382 013b 13       		.uleb128 0x13
 1383 013c 02       		.uleb128 0x2
 1384 013d 0A       		.uleb128 0xa
 1385 013e 00       		.byte	0
 1386 013f 00       		.byte	0
 1387 0140 14       		.uleb128 0x14
 1388 0141 01       		.uleb128 0x1
 1389 0142 01       		.byte	0x1
 1390 0143 49       		.uleb128 0x49
 1391 0144 13       		.uleb128 0x13
 1392 0145 01       		.uleb128 0x1
 1393 0146 13       		.uleb128 0x13
 1394 0147 00       		.byte	0
 1395 0148 00       		.byte	0
 1396 0149 15       		.uleb128 0x15
 1397 014a 21       		.uleb128 0x21
 1398 014b 00       		.byte	0
 1399 014c 49       		.uleb128 0x49
 1400 014d 13       		.uleb128 0x13
 1401 014e 2F       		.uleb128 0x2f
 1402 014f 05       		.uleb128 0x5
 1403 0150 00       		.byte	0
 1404 0151 00       		.byte	0
 1405 0152 16       		.uleb128 0x16
 1406 0153 26       		.uleb128 0x26
 1407 0154 00       		.byte	0
 1408 0155 49       		.uleb128 0x49
 1409 0156 13       		.uleb128 0x13
 1410 0157 00       		.byte	0
 1411 0158 00       		.byte	0
 1412 0159 00       		.byte	0
 1413              		.section	.debug_loc,"",@progbits
 1414              	.Ldebug_loc0:
 1415              	.LLST0:
 1416 0000 00000000 		.4byte	.LFB0
 1417 0004 00000000 		.4byte	.LCFI0
 1418 0008 0002     		.2byte	0x2
 1419 000a 71       		.byte	0x71
 1420 000b 00       		.sleb128 0
GAS LISTING C:\Users\bayra\AppData\Local\Temp\ccigPvSf.s 			page 26


 1421 000c 00000000 		.4byte	.LCFI0
 1422 0010 00000000 		.4byte	.LCFI1
 1423 0014 0002     		.2byte	0x2
 1424 0016 71       		.byte	0x71
 1425 0017 20       		.sleb128 32
 1426 0018 00000000 		.4byte	.LCFI1
 1427 001c 00000000 		.4byte	.LFE0
 1428 0020 0002     		.2byte	0x2
 1429 0022 71       		.byte	0x71
 1430 0023 00       		.sleb128 0
 1431 0024 00000000 		.4byte	0
 1432 0028 00000000 		.4byte	0
 1433              	.LLST1:
 1434 002c 00000000 		.4byte	.LFB1
 1435 0030 00000000 		.4byte	.LCFI2
 1436 0034 0002     		.2byte	0x2
 1437 0036 71       		.byte	0x71
 1438 0037 00       		.sleb128 0
 1439 0038 00000000 		.4byte	.LCFI2
 1440 003c 00000000 		.4byte	.LCFI3
 1441 0040 0002     		.2byte	0x2
 1442 0042 71       		.byte	0x71
 1443 0043 20       		.sleb128 32
 1444 0044 00000000 		.4byte	.LCFI3
 1445 0048 00000000 		.4byte	.LFE1
 1446 004c 0002     		.2byte	0x2
 1447 004e 71       		.byte	0x71
 1448 004f 00       		.sleb128 0
 1449 0050 00000000 		.4byte	0
 1450 0054 00000000 		.4byte	0
 1451              	.LLST2:
 1452 0058 00000000 		.4byte	.LFB5
 1453 005c 00000000 		.4byte	.LCFI4
 1454 0060 0002     		.2byte	0x2
 1455 0062 71       		.byte	0x71
 1456 0063 00       		.sleb128 0
 1457 0064 00000000 		.4byte	.LCFI4
 1458 0068 00000000 		.4byte	.LCFI5
 1459 006c 0002     		.2byte	0x2
 1460 006e 71       		.byte	0x71
 1461 006f 18       		.sleb128 24
 1462 0070 00000000 		.4byte	.LCFI5
 1463 0074 00000000 		.4byte	.LFE5
 1464 0078 0002     		.2byte	0x2
 1465 007a 71       		.byte	0x71
 1466 007b 00       		.sleb128 0
 1467 007c 00000000 		.4byte	0
 1468 0080 00000000 		.4byte	0
 1469              	.LLST3:
 1470 0084 00000000 		.4byte	.LFB6
 1471 0088 00000000 		.4byte	.LCFI6
 1472 008c 0002     		.2byte	0x2
 1473 008e 71       		.byte	0x71
 1474 008f 00       		.sleb128 0
 1475 0090 00000000 		.4byte	.LCFI6
 1476 0094 00000000 		.4byte	.LCFI7
 1477 0098 0002     		.2byte	0x2
GAS LISTING C:\Users\bayra\AppData\Local\Temp\ccigPvSf.s 			page 27


 1478 009a 71       		.byte	0x71
 1479 009b 20       		.sleb128 32
 1480 009c 00000000 		.4byte	.LCFI7
 1481 00a0 00000000 		.4byte	.LFE6
 1482 00a4 0002     		.2byte	0x2
 1483 00a6 71       		.byte	0x71
 1484 00a7 00       		.sleb128 0
 1485 00a8 00000000 		.4byte	0
 1486 00ac 00000000 		.4byte	0
 1487              		.section	.debug_aranges,"",@progbits
 1488 0000 0000004C 		.4byte	0x4c
 1489 0004 0002     		.2byte	0x2
 1490 0006 00000000 		.4byte	.Ldebug_info0
 1491 000a 04       		.byte	0x4
 1492 000b 00       		.byte	0
 1493 000c 0000     		.2byte	0
 1494 000e 0000     		.2byte	0
 1495 0010 00000000 		.4byte	.LFB0
 1496 0014 00000210 		.4byte	.LFE0-.LFB0
 1497 0018 00000000 		.4byte	.LFB1
 1498 001c 000000B4 		.4byte	.LFE1-.LFB1
 1499 0020 00000000 		.4byte	.LFB2
 1500 0024 0000000C 		.4byte	.LFE2-.LFB2
 1501 0028 00000000 		.4byte	.LFB3
 1502 002c 0000000C 		.4byte	.LFE3-.LFB3
 1503 0030 00000000 		.4byte	.LFB4
 1504 0034 00000002 		.4byte	.LFE4-.LFB4
 1505 0038 00000000 		.4byte	.LFB5
 1506 003c 000000E6 		.4byte	.LFE5-.LFB5
 1507 0040 00000000 		.4byte	.LFB6
 1508 0044 00000104 		.4byte	.LFE6-.LFB6
 1509 0048 00000000 		.4byte	0
 1510 004c 00000000 		.4byte	0
 1511              		.section	.debug_ranges,"",@progbits
 1512              	.Ldebug_ranges0:
 1513 0000 00000000 		.4byte	.LFB0
 1514 0004 00000000 		.4byte	.LFE0
 1515 0008 00000000 		.4byte	.LFB1
 1516 000c 00000000 		.4byte	.LFE1
 1517 0010 00000000 		.4byte	.LFB2
 1518 0014 00000000 		.4byte	.LFE2
 1519 0018 00000000 		.4byte	.LFB3
 1520 001c 00000000 		.4byte	.LFE3
 1521 0020 00000000 		.4byte	.LFB4
 1522 0024 00000000 		.4byte	.LFE4
 1523 0028 00000000 		.4byte	.LFB5
 1524 002c 00000000 		.4byte	.LFE5
 1525 0030 00000000 		.4byte	.LFB6
 1526 0034 00000000 		.4byte	.LFE6
 1527 0038 00000000 		.4byte	0
 1528 003c 00000000 		.4byte	0
 1529              		.section	.debug_line,"",@progbits
 1530              	.Ldebug_line0:
 1531 0000 0000031F 		.section	.debug_str,"MS",@progbits,1
 1531      00020000 
 1531      02280201 
 1531      FB0E0D00 
GAS LISTING C:\Users\bayra\AppData\Local\Temp\ccigPvSf.s 			page 28


 1531      01010101 
 1532              	.LASF27:
 1533 0000 75784164 		.string	"uxAddress"
 1533      64726573 
 1533      7300
 1534              	.LASF4:
 1535 000a 5F5F7569 		.string	"__uint8_t"
 1535      6E74385F 
 1535      7400
 1536              	.LASF3:
 1537 0014 73697A65 		.string	"size_t"
 1537      5F7400
 1538              	.LASF30:
 1539 001b 70727649 		.string	"prvInsertBlockIntoFreeList"
 1539      6E736572 
 1539      74426C6F 
 1539      636B496E 
 1539      746F4672 
 1540              	.LASF23:
 1541 0036 78506F72 		.string	"xPortGetFreeHeapSize"
 1541      74476574 
 1541      46726565 
 1541      48656170 
 1541      53697A65 
 1542              	.LASF43:
 1543 004b 415F424C 		.string	"A_BLOCK_LINK"
 1543      4F434B5F 
 1543      4C494E4B 
 1543      00
 1544              	.LASF29:
 1545 0058 70727648 		.string	"prvHeapInit"
 1545      65617049 
 1545      6E697400 
 1546              	.LASF16:
 1547 0064 426C6F63 		.string	"BlockLink_t"
 1547      6B4C696E 
 1547      6B5F7400 
 1548              	.LASF17:
 1549 0070 7078426C 		.string	"pxBlock"
 1549      6F636B00 
 1550              	.LASF22:
 1551 0078 70784C69 		.string	"pxLink"
 1551      6E6B00
 1552              	.LASF44:
 1553 007f 7076506F 		.string	"pvPortMalloc"
 1553      72744D61 
 1553      6C6C6F63 
 1553      00
 1554              	.LASF33:
 1555 008c 75634865 		.string	"ucHeap"
 1555      617000
 1556              	.LASF2:
 1557 0093 7369676E 		.string	"signed char"
 1557      65642063 
 1557      68617200 
 1558              	.LASF38:
 1559 009f 784D696E 		.string	"xMinimumEverFreeBytesRemaining"
GAS LISTING C:\Users\bayra\AppData\Local\Temp\ccigPvSf.s 			page 29


 1559      696D756D 
 1559      45766572 
 1559      46726565 
 1559      42797465 
 1560              	.LASF5:
 1561 00be 756E7369 		.string	"unsigned char"
 1561      676E6564 
 1561      20636861 
 1561      7200
 1562              	.LASF15:
 1563 00cc 78426C6F 		.string	"xBlockSize"
 1563      636B5369 
 1563      7A6500
 1564              	.LASF8:
 1565 00d7 6C6F6E67 		.string	"long unsigned int"
 1565      20756E73 
 1565      69676E65 
 1565      6420696E 
 1565      7400
 1566              	.LASF7:
 1567 00e9 73686F72 		.string	"short unsigned int"
 1567      7420756E 
 1567      7369676E 
 1567      65642069 
 1567      6E7400
 1568              	.LASF24:
 1569 00fc 78506F72 		.string	"xPortGetMinimumEverFreeHeapSize"
 1569      74476574 
 1569      4D696E69 
 1569      6D756D45 
 1569      76657246 
 1570              	.LASF34:
 1571 011c 78486561 		.string	"xHeapStructSize"
 1571      70537472 
 1571      75637453 
 1571      697A6500 
 1572              	.LASF36:
 1573 012c 7078456E 		.string	"pxEnd"
 1573      6400
 1574              	.LASF18:
 1575 0132 70785072 		.string	"pxPreviousBlock"
 1575      6576696F 
 1575      7573426C 
 1575      6F636B00 
 1576              	.LASF28:
 1577 0142 78546F74 		.string	"xTotalHeapSize"
 1577      616C4865 
 1577      61705369 
 1577      7A6500
 1578              	.LASF20:
 1579 0151 70765265 		.string	"pvReturn"
 1579      7475726E 
 1579      00
 1580              	.LASF25:
 1581 015a 70784669 		.string	"pxFirstFreeBlock"
 1581      72737446 
 1581      72656542 
GAS LISTING C:\Users\bayra\AppData\Local\Temp\ccigPvSf.s 			page 30


 1581      6C6F636B 
 1581      00
 1582              	.LASF35:
 1583 016b 78537461 		.string	"xStart"
 1583      727400
 1584              	.LASF46:
 1585 0172 76506F72 		.string	"vPortInitialiseBlocks"
 1585      74496E69 
 1585      7469616C 
 1585      69736542 
 1585      6C6F636B 
 1586              	.LASF0:
 1587 0188 756E7369 		.string	"unsigned int"
 1587      676E6564 
 1587      20696E74 
 1587      00
 1588              	.LASF10:
 1589 0195 6C6F6E67 		.string	"long long unsigned int"
 1589      206C6F6E 
 1589      6720756E 
 1589      7369676E 
 1589      65642069 
 1590              	.LASF13:
 1591 01ac 75696E74 		.string	"uint8_t"
 1591      385F7400 
 1592              	.LASF11:
 1593 01b4 73697A65 		.string	"sizetype"
 1593      74797065 
 1593      00
 1594              	.LASF9:
 1595 01bd 6C6F6E67 		.string	"long long int"
 1595      206C6F6E 
 1595      6720696E 
 1595      7400
 1596              	.LASF21:
 1597 01cb 7857616E 		.string	"xWantedSize"
 1597      74656453 
 1597      697A6500 
 1598              	.LASF12:
 1599 01d7 63686172 		.string	"char"
 1599      00
 1600              	.LASF26:
 1601 01dc 70756341 		.string	"pucAlignedHeap"
 1601      6C69676E 
 1601      65644865 
 1601      617000
 1602              	.LASF32:
 1603 01eb 70784974 		.string	"pxIterator"
 1603      65726174 
 1603      6F7200
 1604              	.LASF41:
 1605 01f6 2E2F636F 		.string	"./components/spc5_freertos_component_rla/lib/MemMang/heap_4.c"
 1605      6D706F6E 
 1605      656E7473 
 1605      2F737063 
 1605      355F6672 
 1606              	.LASF6:
GAS LISTING C:\Users\bayra\AppData\Local\Temp\ccigPvSf.s 			page 31


 1607 0234 73686F72 		.string	"short int"
 1607      7420696E 
 1607      7400
 1608              	.LASF45:
 1609 023e 76506F72 		.string	"vPortFree"
 1609      74467265 
 1609      6500
 1610              	.LASF37:
 1611 0248 78467265 		.string	"xFreeBytesRemaining"
 1611      65427974 
 1611      65735265 
 1611      6D61696E 
 1611      696E6700 
 1612              	.LASF39:
 1613 025c 78426C6F 		.string	"xBlockAllocatedBit"
 1613      636B416C 
 1613      6C6F6361 
 1613      74656442 
 1613      697400
 1614              	.LASF19:
 1615 026f 70784E65 		.string	"pxNewBlockLink"
 1615      77426C6F 
 1615      636B4C69 
 1615      6E6B00
 1616              	.LASF1:
 1617 027e 6C6F6E67 		.string	"long int"
 1617      20696E74 
 1617      00
 1618              	.LASF40:
 1619 0287 474E5520 		.ascii	"GNU C 4.9.4 20160726 (Sat May 27 11:09:55 CDT 2017         b"
 1619      4320342E 
 1619      392E3420 
 1619      32303136 
 1619      30373236 
 1620 02c3 75696C64 		.ascii	"uild.sh"
 1620      2E7368
 1621 02ca 20726576 		.string	" rev=gd8b6c20 s=F494 ELe200 -V release_gd8b6c20_build_Fed_ELe200_ML0) -mcall-sysv -mcpu=e
 1621      3D676438 
 1621      62366332 
 1621      3020733D 
 1621      46343934 
 1622              	.LASF14:
 1623 03cb 70784E65 		.string	"pxNextFreeBlock"
 1623      78744672 
 1623      6565426C 
 1623      6F636B00 
 1624              	.LASF31:
 1625 03db 7078426C 		.string	"pxBlockToInsert"
 1625      6F636B54 
 1625      6F496E73 
 1625      65727400 
 1626              	.LASF42:
 1627 03eb 443A5C47 		.string	"D:\\GitKraken\\SPC58EC80E5\\Gateway"
 1627      69744B72 
 1627      616B656E 
 1627      5C535043 
 1627      35384543 
GAS LISTING C:\Users\bayra\AppData\Local\Temp\ccigPvSf.s 			page 32


 1628              		.ident	"GCC: (GNU) 4.9.4 20160726 (Sat May 27 11:09:55 CDT 2017         build.sh rev=gd8b6c20 s=F4
GAS LISTING C:\Users\bayra\AppData\Local\Temp\ccigPvSf.s 			page 33


DEFINED SYMBOLS
                            *ABS*:00000000 heap_4.c
C:\Users\bayra\AppData\Local\Temp\ccigPvSf.s:9      .bss.ucHeap:00000000 ucHeap
C:\Users\bayra\AppData\Local\Temp\ccigPvSf.s:15     .rodata.xHeapStructSize:00000000 xHeapStructSize
C:\Users\bayra\AppData\Local\Temp\ccigPvSf.s:21     .bss.xStart:00000000 xStart
C:\Users\bayra\AppData\Local\Temp\ccigPvSf.s:27     .bss.pxEnd:00000000 pxEnd
C:\Users\bayra\AppData\Local\Temp\ccigPvSf.s:33     .bss.xFreeBytesRemaining:00000000 xFreeBytesRemaining
C:\Users\bayra\AppData\Local\Temp\ccigPvSf.s:39     .bss.xMinimumEverFreeBytesRemaining:00000000 xMinimumEverFreeBytesRemaining
C:\Users\bayra\AppData\Local\Temp\ccigPvSf.s:45     .bss.xBlockAllocatedBit:00000000 xBlockAllocatedBit
C:\Users\bayra\AppData\Local\Temp\ccigPvSf.s:52     .text.pvPortMalloc:00000000 pvPortMalloc
C:\Users\bayra\AppData\Local\Temp\ccigPvSf.s:426    .text.prvHeapInit:00000000 prvHeapInit
C:\Users\bayra\AppData\Local\Temp\ccigPvSf.s:547    .text.prvInsertBlockIntoFreeList:00000000 prvInsertBlockIntoFreeList
C:\Users\bayra\AppData\Local\Temp\ccigPvSf.s:285    .text.vPortFree:00000000 vPortFree
C:\Users\bayra\AppData\Local\Temp\ccigPvSf.s:377    .text.xPortGetFreeHeapSize:00000000 xPortGetFreeHeapSize
C:\Users\bayra\AppData\Local\Temp\ccigPvSf.s:395    .text.xPortGetMinimumEverFreeHeapSize:00000000 xPortGetMinimumEverFreeHeapSize
C:\Users\bayra\AppData\Local\Temp\ccigPvSf.s:413    .text.vPortInitialiseBlocks:00000000 vPortInitialiseBlocks

UNDEFINED SYMBOLS
vTaskSuspendAll
xTaskResumeAll
