GAS LISTING C:\Users\bayra\AppData\Local\Temp\cchLfeBc.s 			page 1


   1              		.file	"osal.c"
   2              		.section	".text","axv"
   3              	.Ltext0:
   4              		.cfi_sections	.debug_frame
   5              		.section	.text.osal_getpir,"axv",@progbits
   6              		.align 1
   7              		.p2align 4,,15
   8              		.type	osal_getpir, @function
   9              	osal_getpir:
  10              	.LFB2:
  11              		.file 1 "./components/spc58ecxx_osal_component_rla/cfg/osal_cfg.h"
  12              		.loc 1 99 0
  13              		.cfi_startproc
  14 0000 182106E8 		e_stwu %r1,-24(%r1)
  15              	.LCFI0:
  16              		.cfi_def_cfa_offset 24
  17              		.loc 1 100 0
  18 0004 2C07     		se_bmaski %r7,0
  19 0006 9871     		se_stb %r7,8(%r1)
  20              		.loc 1 101 0
  21              	 # 101 "./components/spc58ecxx_osal_component_rla/cfg/osal_cfg.h" 1
  22 0008 7CFE42A6 		mfspr %r7, 286
  23              	 # 0 "" 2
  24 000c 9871     		se_stb %r7,8(%r1)
  25              		.loc 1 102 0
  26 000e 8871     		se_lbz %r7,8(%r1)
  27 0010 00C7     		se_extzb %r7
  28 0012 2217     		se_cmpli %r7,2
  29 0014 7F800020 		e_mcrf %cr7,%cr0
  30 0018 7CE00026 		mfcr %r7
  31 001c 74E7E007 		e_rlwinm %r7,%r7,28,0xf0000000
  32 0020 7CE80120 		mtcrf 128,%r7
  33 0024 7A11000C 		e_bgt %cr0,.L2
  34              		.loc 1 102 0 is_stmt 0 discriminator 1
  35 0028 8871     		se_lbz %r7,8(%r1)
  36 002a 00C7     		se_extzb %r7
  37 002c 78000006 		e_b .L3
  38              	.L2:
  39              		.loc 1 102 0 discriminator 2
  40 0030 4827     		se_li %r7,2
  41              	.L3:
  42              		.loc 1 103 0 is_stmt 1 discriminator 4
  43 0032 0173     		se_mr %r3,%r7
  44 0034 2171     		se_addi %r1,24
  45              	.LCFI1:
  46              		.cfi_def_cfa_offset 0
  47 0036 0004     		se_blr
  48              		.cfi_endproc
  49              	.LFE2:
  50              		.size	osal_getpir, .-osal_getpir
  51              		.section	.bss.osalTimeOps,"aw",@nobits
  52              		.align 2
  53              		.type	osalTimeOps, @object
  54              		.size	osalTimeOps, 48
  55              	osalTimeOps:
  56 0000 00000000 		.zero	48
  56      00000000 
GAS LISTING C:\Users\bayra\AppData\Local\Temp\cchLfeBc.s 			page 2


  56      00000000 
  56      00000000 
  56      00000000 
  57              		.section	.bss.osal_ticks_per_sec,"aw",@nobits
  58              		.align 2
  59              		.type	osal_ticks_per_sec, @object
  60              		.size	osal_ticks_per_sec, 4
  61              	osal_ticks_per_sec:
  62 0000 00000000 		.zero	4
  63              		.section	.bss.osalsystime,"aw",@nobits
  64              		.align 2
  65              		.type	osalsystime, @object
  66              		.size	osalsystime, 4
  67              	osalsystime:
  68 0000 00000000 		.zero	4
  69              		.section	.text.osalSysTimeSetup,"axv",@progbits
  70              		.align 1
  71              		.p2align 4,,15
  72              		.globl osalSysTimeSetup
  73              		.type	osalSysTimeSetup, @function
  74              	osalSysTimeSetup:
  75              	.LFB3:
  76              		.file 2 "./components/spc58ecxx_osal_component_rla/lib/src/osal.c"
  77              		.loc 2 102 0
  78              		.cfi_startproc
  79 0000 182106F0 		e_stwu %r1,-16(%r1)
  80              	.LCFI2:
  81              		.cfi_def_cfa_offset 16
  82 0004 0080     		se_mflr %r0
  83 0006 D501     		se_stw %r0,20(%r1)
  84              		.cfi_offset 65, 4
  85 0008 D231     		se_stw %r3,8(%r1)
  86              		.loc 2 104 0
  87 000a 70E0E000 		e_lis %r7,osal_ticks_per_sec@ha
  88 000e C261     		se_lwz %r6,8(%r1)
  89 0010 54C70000 		e_stw %r6,osal_ticks_per_sec@l(%r7)
  90              		.loc 2 106 0
  91 0014 C231     		se_lwz %r3,8(%r1)
  92 0016 78000001 		e_bl sysTimeSetup
  93              		.loc 2 108 0
  94 001a 70E0E000 		e_lis %r7,osalsystime@ha
  95 001e 1CE70000 		e_la %r7,osalsystime@l(%r7)
  96              		.loc 2 109 0
  97 0022 0173     		se_mr %r3,%r7
  98 0024 C501     		se_lwz %r0,20(%r1)
  99 0026 0090     		se_mtlr %r0
 100 0028 20F1     		se_addi %r1,16
 101              	.LCFI3:
 102              		.cfi_def_cfa_offset 0
 103 002a 0004     		se_blr
 104              		.cfi_endproc
 105              	.LFE3:
 106              		.size	osalSysTimeSetup, .-osalSysTimeSetup
 107              		.section	.text.osalSysTimeReset,"axv",@progbits
 108              		.align 1
 109              		.p2align 4,,15
 110              		.globl osalSysTimeReset
GAS LISTING C:\Users\bayra\AppData\Local\Temp\cchLfeBc.s 			page 3


 111              		.type	osalSysTimeReset, @function
 112              	osalSysTimeReset:
 113              	.LFB4:
 114              		.loc 2 117 0
 115              		.cfi_startproc
 116 0000 182106F8 		e_stwu %r1,-8(%r1)
 117              	.LCFI4:
 118              		.cfi_def_cfa_offset 8
 119 0004 0080     		se_mflr %r0
 120 0006 D301     		se_stw %r0,12(%r1)
 121              		.cfi_offset 65, 4
 122              		.loc 2 119 0
 123 0008 78000001 		e_bl sysTimeReset
 124              		.loc 2 120 0
 125 000c C301     		se_lwz %r0,12(%r1)
 126 000e 0090     		se_mtlr %r0
 127 0010 2071     		se_addi %r1,8
 128              	.LCFI5:
 129              		.cfi_def_cfa_offset 0
 130 0012 0004     		se_blr
 131              		.cfi_endproc
 132              	.LFE4:
 133              		.size	osalSysTimeReset, .-osalSysTimeReset
 134              		.section	.text.osalSysTime_S2ST,"axv",@progbits
 135              		.align 1
 136              		.p2align 4,,15
 137              		.type	osalSysTime_S2ST, @function
 138              	osalSysTime_S2ST:
 139              	.LFB5:
 140              		.loc 2 132 0
 141              		.cfi_startproc
 142 0000 182106F0 		e_stwu %r1,-16(%r1)
 143              	.LCFI6:
 144              		.cfi_def_cfa_offset 16
 145 0004 D231     		se_stw %r3,8(%r1)
 146              		.loc 2 133 0
 147 0006 70E0E000 		e_lis %r7,osal_ticks_per_sec@ha
 148 000a 50C70000 		e_lwz %r6,osal_ticks_per_sec@l(%r7)
 149 000e C271     		se_lwz %r7,8(%r1)
 150 0010 0567     		se_mullw %r7,%r6
 151              		.loc 2 134 0
 152 0012 0173     		se_mr %r3,%r7
 153 0014 20F1     		se_addi %r1,16
 154              	.LCFI7:
 155              		.cfi_def_cfa_offset 0
 156 0016 0004     		se_blr
 157              		.cfi_endproc
 158              	.LFE5:
 159              		.size	osalSysTime_S2ST, .-osalSysTime_S2ST
 160              		.section	.text.osalSysTime_MS2ST,"axv",@progbits
 161              		.align 1
 162              		.p2align 4,,15
 163              		.type	osalSysTime_MS2ST, @function
 164              	osalSysTime_MS2ST:
 165              	.LFB6:
 166              		.loc 2 146 0
 167              		.cfi_startproc
GAS LISTING C:\Users\bayra\AppData\Local\Temp\cchLfeBc.s 			page 4


 168 0000 182106F0 		e_stwu %r1,-16(%r1)
 169              	.LCFI8:
 170              		.cfi_def_cfa_offset 16
 171 0004 D231     		se_stw %r3,8(%r1)
 172              		.loc 2 147 0
 173 0006 C271     		se_lwz %r7,8(%r1)
 174 0008 2A07     		se_cmpi %r7,0
 175 000a 7F800020 		e_mcrf %cr7,%cr0
 176 000e 7CE00026 		mfcr %r7
 177 0012 74E7E007 		e_rlwinm %r7,%r7,28,0xf0000000
 178 0016 7CE80120 		mtcrf 128,%r7
 179 001a 7A120028 		e_beq %cr0,.L11
 180              		.loc 2 148 0 discriminator 1
 181 001e 70E0E000 		e_lis %r7,osal_ticks_per_sec@ha
 182 0022 50C70000 		e_lwz %r6,osal_ticks_per_sec@l(%r7)
 183 0026 C271     		se_lwz %r7,8(%r1)
 184 0028 0567     		se_mullw %r7,%r6
 185 002a 18C784FF 		e_addi %r6,%r7,-1
 186 002e 70E2E062 		e_lis %r7,0x1062
 187 0032 70E9C5D3 		e_or2i %r7,19923
 188 0036 7CE63816 		mulhwu %r7,%r6,%r7
 189 003a 6867     		se_srwi %r7,6
 190              		.loc 2 147 0 discriminator 1
 191 003c 2007     		se_addi %r7,1
 192 003e 78000006 		e_b .L12
 193              	.L11:
 194              		.loc 2 147 0 is_stmt 0 discriminator 2
 195 0042 4807     		se_li %r7,0
 196              	.L12:
 197              		.loc 2 149 0 is_stmt 1 discriminator 4
 198 0044 0173     		se_mr %r3,%r7
 199 0046 20F1     		se_addi %r1,16
 200              	.LCFI9:
 201              		.cfi_def_cfa_offset 0
 202 0048 0004     		se_blr
 203              		.cfi_endproc
 204              	.LFE6:
 205              		.size	osalSysTime_MS2ST, .-osalSysTime_MS2ST
 206              		.section	.text.osalSysTime_US2ST,"axv",@progbits
 207              		.align 1
 208              		.p2align 4,,15
 209              		.type	osalSysTime_US2ST, @function
 210              	osalSysTime_US2ST:
 211              	.LFB7:
 212              		.loc 2 161 0
 213              		.cfi_startproc
 214 0000 182106F0 		e_stwu %r1,-16(%r1)
 215              	.LCFI10:
 216              		.cfi_def_cfa_offset 16
 217 0004 D231     		se_stw %r3,8(%r1)
 218              		.loc 2 162 0
 219 0006 C271     		se_lwz %r7,8(%r1)
 220 0008 2A07     		se_cmpi %r7,0
 221 000a 7F800020 		e_mcrf %cr7,%cr0
 222 000e 7CE00026 		mfcr %r7
 223 0012 74E7E007 		e_rlwinm %r7,%r7,28,0xf0000000
 224 0016 7CE80120 		mtcrf 128,%r7
GAS LISTING C:\Users\bayra\AppData\Local\Temp\cchLfeBc.s 			page 5


 225 001a 7A120028 		e_beq %cr0,.L15
 226              		.loc 2 163 0 discriminator 1
 227 001e 70E0E000 		e_lis %r7,osal_ticks_per_sec@ha
 228 0022 50C70000 		e_lwz %r6,osal_ticks_per_sec@l(%r7)
 229 0026 C271     		se_lwz %r7,8(%r1)
 230 0028 0567     		se_mullw %r7,%r6
 231 002a 18C784FF 		e_addi %r6,%r7,-1
 232 002e 70E8E31B 		e_lis %r7,0x431b
 233 0032 70FBC683 		e_or2i %r7,56963
 234 0036 7CE63816 		mulhwu %r7,%r6,%r7
 235 003a 6927     		se_srwi %r7,18
 236              		.loc 2 162 0 discriminator 1
 237 003c 2007     		se_addi %r7,1
 238 003e 78000006 		e_b .L16
 239              	.L15:
 240              		.loc 2 162 0 is_stmt 0 discriminator 2
 241 0042 4807     		se_li %r7,0
 242              	.L16:
 243              		.loc 2 164 0 is_stmt 1 discriminator 4
 244 0044 0173     		se_mr %r3,%r7
 245 0046 20F1     		se_addi %r1,16
 246              	.LCFI11:
 247              		.cfi_def_cfa_offset 0
 248 0048 0004     		se_blr
 249              		.cfi_endproc
 250              	.LFE7:
 251              		.size	osalSysTime_US2ST, .-osalSysTime_US2ST
 252              		.section	.text.osalSysTime_ST2S,"axv",@progbits
 253              		.align 1
 254              		.p2align 4,,15
 255              		.type	osalSysTime_ST2S, @function
 256              	osalSysTime_ST2S:
 257              	.LFB8:
 258              		.loc 2 176 0
 259              		.cfi_startproc
 260 0000 182106F0 		e_stwu %r1,-16(%r1)
 261              	.LCFI12:
 262              		.cfi_def_cfa_offset 16
 263 0004 D231     		se_stw %r3,8(%r1)
 264              		.loc 2 177 0
 265 0006 70E0E000 		e_lis %r7,osal_ticks_per_sec@ha
 266 000a 50E70000 		e_lwz %r7,osal_ticks_per_sec@l(%r7)
 267 000e C261     		se_lwz %r6,8(%r1)
 268 0010 7CE63B96 		divwu %r7,%r6,%r7
 269              		.loc 2 178 0
 270 0014 0173     		se_mr %r3,%r7
 271 0016 20F1     		se_addi %r1,16
 272              	.LCFI13:
 273              		.cfi_def_cfa_offset 0
 274 0018 0004     		se_blr
 275              		.cfi_endproc
 276              	.LFE8:
 277              		.size	osalSysTime_ST2S, .-osalSysTime_ST2S
 278              		.section	.text.osalSysTime_ST2MS,"axv",@progbits
 279              		.align 1
 280              		.p2align 4,,15
 281              		.type	osalSysTime_ST2MS, @function
GAS LISTING C:\Users\bayra\AppData\Local\Temp\cchLfeBc.s 			page 6


 282              	osalSysTime_ST2MS:
 283              	.LFB9:
 284              		.loc 2 190 0
 285              		.cfi_startproc
 286 0000 182106F0 		e_stwu %r1,-16(%r1)
 287              	.LCFI14:
 288              		.cfi_def_cfa_offset 16
 289 0004 D231     		se_stw %r3,8(%r1)
 290              		.loc 2 191 0
 291 0006 C271     		se_lwz %r7,8(%r1)
 292 0008 70A003E8 		e_li %r5,1000
 293 000c 7CC729D6 		mullw %r6,%r7,%r5
 294 0010 70E0E000 		e_lis %r7,osal_ticks_per_sec@ha
 295 0014 50E70000 		e_lwz %r7,osal_ticks_per_sec@l(%r7)
 296 0018 7CE63B96 		divwu %r7,%r6,%r7
 297              		.loc 2 192 0
 298 001c 0173     		se_mr %r3,%r7
 299 001e 20F1     		se_addi %r1,16
 300              	.LCFI15:
 301              		.cfi_def_cfa_offset 0
 302 0020 0004     		se_blr
 303              		.cfi_endproc
 304              	.LFE9:
 305              		.size	osalSysTime_ST2MS, .-osalSysTime_ST2MS
 306              		.section	.text.osalSysTime_ST2US,"axv",@progbits
 307              		.align 1
 308              		.p2align 4,,15
 309              		.type	osalSysTime_ST2US, @function
 310              	osalSysTime_ST2US:
 311              	.LFB10:
 312              		.loc 2 204 0
 313              		.cfi_startproc
 314 0000 182106F0 		e_stwu %r1,-16(%r1)
 315              	.LCFI16:
 316              		.cfi_def_cfa_offset 16
 317 0004 D231     		se_stw %r3,8(%r1)
 318              		.loc 2 205 0
 319 0006 C261     		se_lwz %r6,8(%r1)
 320 0008 70E0E00F 		e_lis %r7,0xf
 321 000c 70E8C240 		e_or2i %r7,16960
 322 0010 0576     		se_mullw %r6,%r7
 323 0012 70E0E000 		e_lis %r7,osal_ticks_per_sec@ha
 324 0016 50E70000 		e_lwz %r7,osal_ticks_per_sec@l(%r7)
 325 001a 7CE63B96 		divwu %r7,%r6,%r7
 326              		.loc 2 206 0
 327 001e 0173     		se_mr %r3,%r7
 328 0020 20F1     		se_addi %r1,16
 329              	.LCFI17:
 330              		.cfi_def_cfa_offset 0
 331 0022 0004     		se_blr
 332              		.cfi_endproc
 333              	.LFE10:
 334              		.size	osalSysTime_ST2US, .-osalSysTime_ST2US
 335              		.section	.text.osalThreadDelaySeconds,"axv",@progbits
 336              		.align 1
 337              		.p2align 4,,15
 338              		.globl osalThreadDelaySeconds
GAS LISTING C:\Users\bayra\AppData\Local\Temp\cchLfeBc.s 			page 7


 339              		.type	osalThreadDelaySeconds, @function
 340              	osalThreadDelaySeconds:
 341              	.LFB11:
 342              		.loc 2 328 0
 343              		.cfi_startproc
 344 0000 182106E8 		e_stwu %r1,-24(%r1)
 345              	.LCFI18:
 346              		.cfi_def_cfa_offset 24
 347 0004 0080     		se_mflr %r0
 348 0006 D701     		se_stw %r0,28(%r1)
 349 0008 D5F1     		se_stw %r31,20(%r1)
 350              		.cfi_offset 65, 4
 351              		.cfi_offset 31, -4
 352 000a D231     		se_stw %r3,8(%r1)
 353              		.loc 2 329 0
 354 000c 78000001 		e_bl osal_getpir
 355 0010 0137     		se_mr %r7,%r3
 356 0012 0175     		se_mr %r5,%r7
 357 0014 70E0E000 		e_lis %r7,osalTimeOps@ha
 358 0018 1CC70000 		e_la %r6,osalTimeOps@l(%r7)
 359 001c 7CA72070 		e_slwi %r7,%r5,4
 360 0020 7CE63A14 		add %r7,%r6,%r7
 361 0024 C0F7     		se_lwz %r31,0(%r7)
 362 0026 C231     		se_lwz %r3,8(%r1)
 363 0028 78000001 		e_bl osalSysTime_S2ST
 364 002c 0137     		se_mr %r7,%r3
 365 002e 0173     		se_mr %r3,%r7
 366 0030 00BF     		se_mtctr %r31
 367 0032 0007     		se_bctrl
 368              		.loc 2 330 0
 369 0034 C701     		se_lwz %r0,28(%r1)
 370 0036 0090     		se_mtlr %r0
 371 0038 C5F1     		se_lwz %r31,20(%r1)
 372 003a 2171     		se_addi %r1,24
 373              	.LCFI19:
 374              		.cfi_restore 31
 375              		.cfi_def_cfa_offset 0
 376 003c 0004     		se_blr
 377              		.cfi_endproc
 378              	.LFE11:
 379              		.size	osalThreadDelaySeconds, .-osalThreadDelaySeconds
 380              		.section	.text.osalThreadDelayMilliseconds,"axv",@progbits
 381              		.align 1
 382              		.p2align 4,,15
 383              		.globl osalThreadDelayMilliseconds
 384              		.type	osalThreadDelayMilliseconds, @function
 385              	osalThreadDelayMilliseconds:
 386              	.LFB12:
 387              		.loc 2 342 0
 388              		.cfi_startproc
 389 0000 182106E8 		e_stwu %r1,-24(%r1)
 390              	.LCFI20:
 391              		.cfi_def_cfa_offset 24
 392 0004 0080     		se_mflr %r0
 393 0006 D701     		se_stw %r0,28(%r1)
 394 0008 D5F1     		se_stw %r31,20(%r1)
 395              		.cfi_offset 65, 4
GAS LISTING C:\Users\bayra\AppData\Local\Temp\cchLfeBc.s 			page 8


 396              		.cfi_offset 31, -4
 397 000a D231     		se_stw %r3,8(%r1)
 398              		.loc 2 343 0
 399 000c 78000001 		e_bl osal_getpir
 400 0010 0137     		se_mr %r7,%r3
 401 0012 0175     		se_mr %r5,%r7
 402 0014 70E0E000 		e_lis %r7,osalTimeOps@ha
 403 0018 1CC70000 		e_la %r6,osalTimeOps@l(%r7)
 404 001c 7CA72070 		e_slwi %r7,%r5,4
 405 0020 7CE63A14 		add %r7,%r6,%r7
 406 0024 C0F7     		se_lwz %r31,0(%r7)
 407 0026 C231     		se_lwz %r3,8(%r1)
 408 0028 78000001 		e_bl osalSysTime_MS2ST
 409 002c 0137     		se_mr %r7,%r3
 410 002e 0173     		se_mr %r3,%r7
 411 0030 00BF     		se_mtctr %r31
 412 0032 0007     		se_bctrl
 413              		.loc 2 344 0
 414 0034 C701     		se_lwz %r0,28(%r1)
 415 0036 0090     		se_mtlr %r0
 416 0038 C5F1     		se_lwz %r31,20(%r1)
 417 003a 2171     		se_addi %r1,24
 418              	.LCFI21:
 419              		.cfi_restore 31
 420              		.cfi_def_cfa_offset 0
 421 003c 0004     		se_blr
 422              		.cfi_endproc
 423              	.LFE12:
 424              		.size	osalThreadDelayMilliseconds, .-osalThreadDelayMilliseconds
 425              		.section	.text.osalThreadDelayMicroseconds,"axv",@progbits
 426              		.align 1
 427              		.p2align 4,,15
 428              		.globl osalThreadDelayMicroseconds
 429              		.type	osalThreadDelayMicroseconds, @function
 430              	osalThreadDelayMicroseconds:
 431              	.LFB13:
 432              		.loc 2 356 0
 433              		.cfi_startproc
 434 0000 182106E8 		e_stwu %r1,-24(%r1)
 435              	.LCFI22:
 436              		.cfi_def_cfa_offset 24
 437 0004 0080     		se_mflr %r0
 438 0006 D701     		se_stw %r0,28(%r1)
 439 0008 D5F1     		se_stw %r31,20(%r1)
 440              		.cfi_offset 65, 4
 441              		.cfi_offset 31, -4
 442 000a D231     		se_stw %r3,8(%r1)
 443              		.loc 2 357 0
 444 000c 78000001 		e_bl osal_getpir
 445 0010 0137     		se_mr %r7,%r3
 446 0012 0175     		se_mr %r5,%r7
 447 0014 70E0E000 		e_lis %r7,osalTimeOps@ha
 448 0018 1CC70000 		e_la %r6,osalTimeOps@l(%r7)
 449 001c 7CA72070 		e_slwi %r7,%r5,4
 450 0020 7CE63A14 		add %r7,%r6,%r7
 451 0024 C0F7     		se_lwz %r31,0(%r7)
 452 0026 C231     		se_lwz %r3,8(%r1)
GAS LISTING C:\Users\bayra\AppData\Local\Temp\cchLfeBc.s 			page 9


 453 0028 78000001 		e_bl osalSysTime_US2ST
 454 002c 0137     		se_mr %r7,%r3
 455 002e 0173     		se_mr %r3,%r7
 456 0030 00BF     		se_mtctr %r31
 457 0032 0007     		se_bctrl
 458              		.loc 2 358 0
 459 0034 C701     		se_lwz %r0,28(%r1)
 460 0036 0090     		se_mtlr %r0
 461 0038 C5F1     		se_lwz %r31,20(%r1)
 462 003a 2171     		se_addi %r1,24
 463              	.LCFI23:
 464              		.cfi_restore 31
 465              		.cfi_def_cfa_offset 0
 466 003c 0004     		se_blr
 467              		.cfi_endproc
 468              	.LFE13:
 469              		.size	osalThreadDelayMicroseconds, .-osalThreadDelayMicroseconds
 470              		.section	.text.osalThreadGetSeconds,"axv",@progbits
 471              		.align 1
 472              		.p2align 4,,15
 473              		.globl osalThreadGetSeconds
 474              		.type	osalThreadGetSeconds, @function
 475              	osalThreadGetSeconds:
 476              	.LFB14:
 477              		.loc 2 367 0
 478              		.cfi_startproc
 479 0000 182106F8 		e_stwu %r1,-8(%r1)
 480              	.LCFI24:
 481              		.cfi_def_cfa_offset 8
 482 0004 0080     		se_mflr %r0
 483 0006 D301     		se_stw %r0,12(%r1)
 484              		.cfi_offset 65, 4
 485              		.loc 2 368 0
 486 0008 78000001 		e_bl osal_getpir
 487 000c 0137     		se_mr %r7,%r3
 488 000e 0175     		se_mr %r5,%r7
 489 0010 70E0E000 		e_lis %r7,osalTimeOps@ha
 490 0014 1CC70000 		e_la %r6,osalTimeOps@l(%r7)
 491 0018 7CA72070 		e_slwi %r7,%r5,4
 492 001c 7CE63A14 		add %r7,%r6,%r7
 493 0020 C177     		se_lwz %r7,4(%r7)
 494 0022 00B7     		se_mtctr %r7
 495 0024 0007     		se_bctrl
 496 0026 0137     		se_mr %r7,%r3
 497 0028 0173     		se_mr %r3,%r7
 498 002a 78000001 		e_bl osalSysTime_ST2S
 499 002e 0137     		se_mr %r7,%r3
 500              		.loc 2 369 0
 501 0030 0173     		se_mr %r3,%r7
 502 0032 C301     		se_lwz %r0,12(%r1)
 503 0034 0090     		se_mtlr %r0
 504 0036 2071     		se_addi %r1,8
 505              	.LCFI25:
 506              		.cfi_def_cfa_offset 0
 507 0038 0004     		se_blr
 508              		.cfi_endproc
 509              	.LFE14:
GAS LISTING C:\Users\bayra\AppData\Local\Temp\cchLfeBc.s 			page 10


 510              		.size	osalThreadGetSeconds, .-osalThreadGetSeconds
 511              		.section	.text.osalThreadGetMilliseconds,"axv",@progbits
 512              		.align 1
 513              		.p2align 4,,15
 514              		.globl osalThreadGetMilliseconds
 515              		.type	osalThreadGetMilliseconds, @function
 516              	osalThreadGetMilliseconds:
 517              	.LFB15:
 518              		.loc 2 378 0
 519              		.cfi_startproc
 520 0000 182106F8 		e_stwu %r1,-8(%r1)
 521              	.LCFI26:
 522              		.cfi_def_cfa_offset 8
 523 0004 0080     		se_mflr %r0
 524 0006 D301     		se_stw %r0,12(%r1)
 525              		.cfi_offset 65, 4
 526              		.loc 2 379 0
 527 0008 78000001 		e_bl osal_getpir
 528 000c 0137     		se_mr %r7,%r3
 529 000e 0175     		se_mr %r5,%r7
 530 0010 70E0E000 		e_lis %r7,osalTimeOps@ha
 531 0014 1CC70000 		e_la %r6,osalTimeOps@l(%r7)
 532 0018 7CA72070 		e_slwi %r7,%r5,4
 533 001c 7CE63A14 		add %r7,%r6,%r7
 534 0020 C177     		se_lwz %r7,4(%r7)
 535 0022 00B7     		se_mtctr %r7
 536 0024 0007     		se_bctrl
 537 0026 0137     		se_mr %r7,%r3
 538 0028 0173     		se_mr %r3,%r7
 539 002a 78000001 		e_bl osalSysTime_ST2MS
 540 002e 0137     		se_mr %r7,%r3
 541              		.loc 2 380 0
 542 0030 0173     		se_mr %r3,%r7
 543 0032 C301     		se_lwz %r0,12(%r1)
 544 0034 0090     		se_mtlr %r0
 545 0036 2071     		se_addi %r1,8
 546              	.LCFI27:
 547              		.cfi_def_cfa_offset 0
 548 0038 0004     		se_blr
 549              		.cfi_endproc
 550              	.LFE15:
 551              		.size	osalThreadGetMilliseconds, .-osalThreadGetMilliseconds
 552              		.section	.text.osalThreadGetMicroseconds,"axv",@progbits
 553              		.align 1
 554              		.p2align 4,,15
 555              		.globl osalThreadGetMicroseconds
 556              		.type	osalThreadGetMicroseconds, @function
 557              	osalThreadGetMicroseconds:
 558              	.LFB16:
 559              		.loc 2 389 0
 560              		.cfi_startproc
 561 0000 182106F8 		e_stwu %r1,-8(%r1)
 562              	.LCFI28:
 563              		.cfi_def_cfa_offset 8
 564 0004 0080     		se_mflr %r0
 565 0006 D301     		se_stw %r0,12(%r1)
 566              		.cfi_offset 65, 4
GAS LISTING C:\Users\bayra\AppData\Local\Temp\cchLfeBc.s 			page 11


 567              		.loc 2 390 0
 568 0008 78000001 		e_bl osal_getpir
 569 000c 0137     		se_mr %r7,%r3
 570 000e 0175     		se_mr %r5,%r7
 571 0010 70E0E000 		e_lis %r7,osalTimeOps@ha
 572 0014 1CC70000 		e_la %r6,osalTimeOps@l(%r7)
 573 0018 7CA72070 		e_slwi %r7,%r5,4
 574 001c 7CE63A14 		add %r7,%r6,%r7
 575 0020 C177     		se_lwz %r7,4(%r7)
 576 0022 00B7     		se_mtctr %r7
 577 0024 0007     		se_bctrl
 578 0026 0137     		se_mr %r7,%r3
 579 0028 0173     		se_mr %r3,%r7
 580 002a 78000001 		e_bl osalSysTime_ST2US
 581 002e 0137     		se_mr %r7,%r3
 582              		.loc 2 391 0
 583 0030 0173     		se_mr %r3,%r7
 584 0032 C301     		se_lwz %r0,12(%r1)
 585 0034 0090     		se_mtlr %r0
 586 0036 2071     		se_addi %r1,8
 587              	.LCFI29:
 588              		.cfi_def_cfa_offset 0
 589 0038 0004     		se_blr
 590              		.cfi_endproc
 591              	.LFE16:
 592              		.size	osalThreadGetMicroseconds, .-osalThreadGetMicroseconds
 593              		.section	.text.osalEnterCritical,"axv",@progbits
 594              		.align 1
 595              		.p2align 4,,15
 596              		.globl osalEnterCritical
 597              		.type	osalEnterCritical, @function
 598              	osalEnterCritical:
 599              	.LFB17:
 600              		.loc 2 399 0
 601              		.cfi_startproc
 602 0000 182106F8 		e_stwu %r1,-8(%r1)
 603              	.LCFI30:
 604              		.cfi_def_cfa_offset 8
 605 0004 0080     		se_mflr %r0
 606 0006 D301     		se_stw %r0,12(%r1)
 607              		.cfi_offset 65, 4
 608              		.loc 2 400 0
 609 0008 78000001 		e_bl osal_getpir
 610 000c 0137     		se_mr %r7,%r3
 611 000e 0175     		se_mr %r5,%r7
 612 0010 70E0E000 		e_lis %r7,osalTimeOps@ha
 613 0014 1CC70000 		e_la %r6,osalTimeOps@l(%r7)
 614 0018 7CA72070 		e_slwi %r7,%r5,4
 615 001c 7CE63A14 		add %r7,%r6,%r7
 616 0020 C277     		se_lwz %r7,8(%r7)
 617 0022 00B7     		se_mtctr %r7
 618 0024 0007     		se_bctrl
 619              		.loc 2 401 0
 620 0026 C301     		se_lwz %r0,12(%r1)
 621 0028 0090     		se_mtlr %r0
 622 002a 2071     		se_addi %r1,8
 623              	.LCFI31:
GAS LISTING C:\Users\bayra\AppData\Local\Temp\cchLfeBc.s 			page 12


 624              		.cfi_def_cfa_offset 0
 625 002c 0004     		se_blr
 626              		.cfi_endproc
 627              	.LFE17:
 628              		.size	osalEnterCritical, .-osalEnterCritical
 629              		.section	.text.osalExitCritical,"axv",@progbits
 630              		.align 1
 631              		.p2align 4,,15
 632              		.globl osalExitCritical
 633              		.type	osalExitCritical, @function
 634              	osalExitCritical:
 635              	.LFB18:
 636              		.loc 2 408 0
 637              		.cfi_startproc
 638 0000 182106F8 		e_stwu %r1,-8(%r1)
 639              	.LCFI32:
 640              		.cfi_def_cfa_offset 8
 641 0004 0080     		se_mflr %r0
 642 0006 D301     		se_stw %r0,12(%r1)
 643              		.cfi_offset 65, 4
 644              		.loc 2 409 0
 645 0008 78000001 		e_bl osal_getpir
 646 000c 0137     		se_mr %r7,%r3
 647 000e 0175     		se_mr %r5,%r7
 648 0010 70E0E000 		e_lis %r7,osalTimeOps@ha
 649 0014 1CC70000 		e_la %r6,osalTimeOps@l(%r7)
 650 0018 7CA72070 		e_slwi %r7,%r5,4
 651 001c 7CE63A14 		add %r7,%r6,%r7
 652 0020 C377     		se_lwz %r7,12(%r7)
 653 0022 00B7     		se_mtctr %r7
 654 0024 0007     		se_bctrl
 655              		.loc 2 410 0
 656 0026 C301     		se_lwz %r0,12(%r1)
 657 0028 0090     		se_mtlr %r0
 658 002a 2071     		se_addi %r1,8
 659              	.LCFI33:
 660              		.cfi_def_cfa_offset 0
 661 002c 0004     		se_blr
 662              		.cfi_endproc
 663              	.LFE18:
 664              		.size	osalExitCritical, .-osalExitCritical
 665              		.section	.text.osalEnterCriticalFromISR,"axv",@progbits
 666              		.align 1
 667              		.p2align 4,,15
 668              		.globl osalEnterCriticalFromISR
 669              		.type	osalEnterCriticalFromISR, @function
 670              	osalEnterCriticalFromISR:
 671              	.LFB19:
 672              		.loc 2 417 0
 673              		.cfi_startproc
 674              		.loc 2 422 0
 675 0000 0004     		se_blr
 676              		.cfi_endproc
 677              	.LFE19:
 678              		.size	osalEnterCriticalFromISR, .-osalEnterCriticalFromISR
 679              		.section	.text.osalExitCriticalFromISR,"axv",@progbits
 680              		.align 1
GAS LISTING C:\Users\bayra\AppData\Local\Temp\cchLfeBc.s 			page 13


 681              		.p2align 4,,15
 682              		.globl osalExitCriticalFromISR
 683              		.type	osalExitCriticalFromISR, @function
 684              	osalExitCriticalFromISR:
 685              	.LFB20:
 686              		.loc 2 429 0
 687              		.cfi_startproc
 688              		.loc 2 434 0
 689 0000 0004     		se_blr
 690              		.cfi_endproc
 691              	.LFE20:
 692              		.size	osalExitCriticalFromISR, .-osalExitCriticalFromISR
 693              		.section	.text.osalInit,"axv",@progbits
 694              		.align 1
 695              		.p2align 4,,15
 696              		.globl osalInit
 697              		.type	osalInit, @function
 698              	osalInit:
 699              	.LFB21:
 700              		.loc 2 442 0
 701              		.cfi_startproc
 702 0000 182106F8 		e_stwu %r1,-8(%r1)
 703              	.LCFI34:
 704              		.cfi_def_cfa_offset 8
 705 0004 0080     		se_mflr %r0
 706 0006 D301     		se_stw %r0,12(%r1)
 707              		.cfi_offset 65, 4
 708              		.loc 2 452 0
 709 0008 70E0E000 		e_lis %r7,osalTimeOps@ha
 710 000c 1C670000 		e_la %r3,osalTimeOps@l(%r7)
 711 0010 4804     		se_li %r4,0
 712 0012 4B05     		se_li %r5,48
 713 0014 78000001 		e_bl memset
 714              		.loc 2 528 0
 715 0018 70E0E000 		e_lis %r7,osalTimeOps@ha
 716 001c 1CE70000 		e_la %r7,osalTimeOps@l(%r7)
 717 0020 70C0E000 		e_lis %r6,vTaskDelay@ha
 718 0024 1CC60000 		e_la %r6,vTaskDelay@l(%r6)
 719 0028 D867     		se_stw %r6,32(%r7)
 720              		.loc 2 529 0
 721 002a 70E0E000 		e_lis %r7,osalTimeOps@ha
 722 002e 1CE70000 		e_la %r7,osalTimeOps@l(%r7)
 723 0032 70C0E000 		e_lis %r6,xTaskGetTickCount@ha
 724 0036 1CC60000 		e_la %r6,xTaskGetTickCount@l(%r6)
 725 003a D967     		se_stw %r6,36(%r7)
 726              		.loc 2 531 0
 727 003c 70E0E000 		e_lis %r7,osalTimeOps@ha
 728 0040 1CE70000 		e_la %r7,osalTimeOps@l(%r7)
 729 0044 70C0E000 		e_lis %r6,vTaskEnterCritical@ha
 730 0048 1CC60000 		e_la %r6,vTaskEnterCritical@l(%r6)
 731 004c DA67     		se_stw %r6,40(%r7)
 732              		.loc 2 532 0
 733 004e 70E0E000 		e_lis %r7,osalTimeOps@ha
 734 0052 1CE70000 		e_la %r7,osalTimeOps@l(%r7)
 735 0056 70C0E000 		e_lis %r6,vTaskExitCritical@ha
 736 005a 1CC60000 		e_la %r6,vTaskExitCritical@l(%r6)
 737 005e DB67     		se_stw %r6,44(%r7)
GAS LISTING C:\Users\bayra\AppData\Local\Temp\cchLfeBc.s 			page 14


 738              		.loc 2 582 0
 739 0060 C301     		se_lwz %r0,12(%r1)
 740 0062 0090     		se_mtlr %r0
 741 0064 2071     		se_addi %r1,8
 742              	.LCFI35:
 743              		.cfi_def_cfa_offset 0
 744 0066 0004     		se_blr
 745              		.cfi_endproc
 746              	.LFE21:
 747              		.size	osalInit, .-osalInit
 748              		.section	".text","axv"
 749              	.Letext0:
 750              		.file 3 "c:\\spc5studio-6.0\\eclipse\\plugins\\com.st.tools.spc5.tools.gnu.gcc.ppcvle.win32_4.9.4.
 751              		.file 4 "c:\\spc5studio-6.0\\eclipse\\plugins\\com.st.tools.spc5.tools.gnu.gcc.ppcvle.win32_4.9.4.
 752              		.file 5 "./components/spc58ecxx_osal_component_rla/lib/include/osal.h"
 753              		.section	.debug_info,"",@progbits
 754              	.Ldebug_info0:
 755 0000 00000465 		.4byte	0x465
 756 0004 0002     		.2byte	0x2
 757 0006 00000000 		.4byte	.Ldebug_abbrev0
 758 000a 04       		.byte	0x4
 759 000b 01       		.uleb128 0x1
 760 000c 00000000 		.4byte	.LASF51
 761 0010 01       		.byte	0x1
 762 0011 00000000 		.4byte	.LASF52
 763 0015 00000000 		.4byte	.LASF53
 764 0019 00000000 		.4byte	.Ldebug_ranges0+0
 765 001d 00000000 		.4byte	0
 766 0021 00000000 		.4byte	0
 767 0025 00000000 		.4byte	.Ldebug_line0
 768 0029 02       		.uleb128 0x2
 769 002a 04       		.byte	0x4
 770 002b 05       		.byte	0x5
 771 002c 696E7400 		.string	"int"
 772 0030 03       		.uleb128 0x3
 773 0031 04       		.byte	0x4
 774 0032 07       		.byte	0x7
 775 0033 00000000 		.4byte	.LASF0
 776 0037 03       		.uleb128 0x3
 777 0038 04       		.byte	0x4
 778 0039 05       		.byte	0x5
 779 003a 00000000 		.4byte	.LASF1
 780 003e 03       		.uleb128 0x3
 781 003f 01       		.byte	0x1
 782 0040 06       		.byte	0x6
 783 0041 00000000 		.4byte	.LASF2
 784 0045 04       		.uleb128 0x4
 785 0046 00000000 		.4byte	.LASF6
 786 004a 03       		.byte	0x3
 787 004b 1D       		.byte	0x1d
 788 004c 00000050 		.4byte	0x50
 789 0050 03       		.uleb128 0x3
 790 0051 01       		.byte	0x1
 791 0052 08       		.byte	0x8
 792 0053 00000000 		.4byte	.LASF3
 793 0057 03       		.uleb128 0x3
 794 0058 02       		.byte	0x2
GAS LISTING C:\Users\bayra\AppData\Local\Temp\cchLfeBc.s 			page 15


 795 0059 05       		.byte	0x5
 796 005a 00000000 		.4byte	.LASF4
 797 005e 03       		.uleb128 0x3
 798 005f 02       		.byte	0x2
 799 0060 07       		.byte	0x7
 800 0061 00000000 		.4byte	.LASF5
 801 0065 04       		.uleb128 0x4
 802 0066 00000000 		.4byte	.LASF7
 803 006a 03       		.byte	0x3
 804 006b 41       		.byte	0x41
 805 006c 00000070 		.4byte	0x70
 806 0070 03       		.uleb128 0x3
 807 0071 04       		.byte	0x4
 808 0072 07       		.byte	0x7
 809 0073 00000000 		.4byte	.LASF8
 810 0077 03       		.uleb128 0x3
 811 0078 08       		.byte	0x8
 812 0079 05       		.byte	0x5
 813 007a 00000000 		.4byte	.LASF9
 814 007e 03       		.uleb128 0x3
 815 007f 08       		.byte	0x8
 816 0080 07       		.byte	0x7
 817 0081 00000000 		.4byte	.LASF10
 818 0085 03       		.uleb128 0x3
 819 0086 04       		.byte	0x4
 820 0087 07       		.byte	0x7
 821 0088 00000000 		.4byte	.LASF11
 822 008c 05       		.uleb128 0x5
 823 008d 04       		.byte	0x4
 824 008e 00000092 		.4byte	0x92
 825 0092 06       		.uleb128 0x6
 826 0093 01       		.byte	0x1
 827 0094 03       		.uleb128 0x3
 828 0095 01       		.byte	0x1
 829 0096 08       		.byte	0x8
 830 0097 00000000 		.4byte	.LASF12
 831 009b 04       		.uleb128 0x4
 832 009c 00000000 		.4byte	.LASF13
 833 00a0 04       		.byte	0x4
 834 00a1 15       		.byte	0x15
 835 00a2 00000045 		.4byte	0x45
 836 00a6 04       		.uleb128 0x4
 837 00a7 00000000 		.4byte	.LASF14
 838 00ab 04       		.byte	0x4
 839 00ac 2D       		.byte	0x2d
 840 00ad 00000065 		.4byte	0x65
 841 00b1 07       		.uleb128 0x7
 842 00b2 0000009B 		.4byte	0x9b
 843 00b6 07       		.uleb128 0x7
 844 00b7 000000A6 		.4byte	0xa6
 845 00bb 04       		.uleb128 0x4
 846 00bc 00000000 		.4byte	.LASF15
 847 00c0 05       		.byte	0x5
 848 00c1 56       		.byte	0x56
 849 00c2 000000A6 		.4byte	0xa6
 850 00c6 04       		.uleb128 0x4
 851 00c7 00000000 		.4byte	.LASF16
GAS LISTING C:\Users\bayra\AppData\Local\Temp\cchLfeBc.s 			page 16


 852 00cb 02       		.byte	0x2
 853 00cc 29       		.byte	0x29
 854 00cd 000000D1 		.4byte	0xd1
 855 00d1 05       		.uleb128 0x5
 856 00d2 04       		.byte	0x4
 857 00d3 000000D7 		.4byte	0xd7
 858 00d7 08       		.uleb128 0x8
 859 00d8 01       		.byte	0x1
 860 00d9 000000E3 		.4byte	0xe3
 861 00dd 09       		.uleb128 0x9
 862 00de 000000BB 		.4byte	0xbb
 863 00e2 00       		.byte	0
 864 00e3 04       		.uleb128 0x4
 865 00e4 00000000 		.4byte	.LASF17
 866 00e8 02       		.byte	0x2
 867 00e9 2A       		.byte	0x2a
 868 00ea 000000EE 		.4byte	0xee
 869 00ee 05       		.uleb128 0x5
 870 00ef 04       		.byte	0x4
 871 00f0 000000F4 		.4byte	0xf4
 872 00f4 0A       		.uleb128 0xa
 873 00f5 01       		.byte	0x1
 874 00f6 000000A6 		.4byte	0xa6
 875 00fa 04       		.uleb128 0x4
 876 00fb 00000000 		.4byte	.LASF18
 877 00ff 02       		.byte	0x2
 878 0100 2B       		.byte	0x2b
 879 0101 0000008C 		.4byte	0x8c
 880 0105 04       		.uleb128 0x4
 881 0106 00000000 		.4byte	.LASF19
 882 010a 02       		.byte	0x2
 883 010b 2C       		.byte	0x2c
 884 010c 0000008C 		.4byte	0x8c
 885 0110 0B       		.uleb128 0xb
 886 0111 00000000 		.4byte	.LASF54
 887 0115 10       		.byte	0x10
 888 0116 02       		.byte	0x2
 889 0117 2E       		.byte	0x2e
 890 0118 00000155 		.4byte	0x155
 891 011c 0C       		.uleb128 0xc
 892 011d 00000000 		.4byte	.LASF20
 893 0121 02       		.byte	0x2
 894 0122 2F       		.byte	0x2f
 895 0123 000000C6 		.4byte	0xc6
 896 0127 02       		.byte	0x2
 897 0128 23       		.byte	0x23
 898 0129 00       		.uleb128 0
 899 012a 0C       		.uleb128 0xc
 900 012b 00000000 		.4byte	.LASF21
 901 012f 02       		.byte	0x2
 902 0130 30       		.byte	0x30
 903 0131 000000E3 		.4byte	0xe3
 904 0135 02       		.byte	0x2
 905 0136 23       		.byte	0x23
 906 0137 04       		.uleb128 0x4
 907 0138 0C       		.uleb128 0xc
 908 0139 00000000 		.4byte	.LASF22
GAS LISTING C:\Users\bayra\AppData\Local\Temp\cchLfeBc.s 			page 17


 909 013d 02       		.byte	0x2
 910 013e 31       		.byte	0x31
 911 013f 000000FA 		.4byte	0xfa
 912 0143 02       		.byte	0x2
 913 0144 23       		.byte	0x23
 914 0145 08       		.uleb128 0x8
 915 0146 0C       		.uleb128 0xc
 916 0147 00000000 		.4byte	.LASF23
 917 014b 02       		.byte	0x2
 918 014c 32       		.byte	0x32
 919 014d 00000105 		.4byte	0x105
 920 0151 02       		.byte	0x2
 921 0152 23       		.byte	0x23
 922 0153 0C       		.uleb128 0xc
 923 0154 00       		.byte	0
 924 0155 04       		.uleb128 0x4
 925 0156 00000000 		.4byte	.LASF24
 926 015a 02       		.byte	0x2
 927 015b 33       		.byte	0x33
 928 015c 00000110 		.4byte	0x110
 929 0160 0D       		.uleb128 0xd
 930 0161 00000000 		.4byte	.LASF25
 931 0165 01       		.byte	0x1
 932 0166 63       		.byte	0x63
 933 0167 01       		.byte	0x1
 934 0168 0000009B 		.4byte	0x9b
 935 016c 00000000 		.4byte	.LFB2
 936 0170 00000000 		.4byte	.LFE2
 937 0174 00000000 		.4byte	.LLST0
 938 0178 01       		.byte	0x1
 939 0179 0000018C 		.4byte	0x18c
 940 017d 0E       		.uleb128 0xe
 941 017e 70697200 		.string	"pir"
 942 0182 01       		.byte	0x1
 943 0183 64       		.byte	0x64
 944 0184 000000B1 		.4byte	0xb1
 945 0188 02       		.byte	0x2
 946 0189 91       		.byte	0x91
 947 018a 70       		.sleb128 -16
 948 018b 00       		.byte	0
 949 018c 0F       		.uleb128 0xf
 950 018d 01       		.byte	0x1
 951 018e 00000000 		.4byte	.LASF55
 952 0192 02       		.byte	0x2
 953 0193 65       		.byte	0x65
 954 0194 01       		.byte	0x1
 955 0195 000001B9 		.4byte	0x1b9
 956 0199 00000000 		.4byte	.LFB3
 957 019d 00000000 		.4byte	.LFE3
 958 01a1 00000000 		.4byte	.LLST1
 959 01a5 01       		.byte	0x1
 960 01a6 000001B9 		.4byte	0x1b9
 961 01aa 10       		.uleb128 0x10
 962 01ab 00000000 		.4byte	.LASF27
 963 01af 02       		.byte	0x2
 964 01b0 65       		.byte	0x65
 965 01b1 000000A6 		.4byte	0xa6
GAS LISTING C:\Users\bayra\AppData\Local\Temp\cchLfeBc.s 			page 18


 966 01b5 02       		.byte	0x2
 967 01b6 91       		.byte	0x91
 968 01b7 78       		.sleb128 -8
 969 01b8 00       		.byte	0
 970 01b9 05       		.uleb128 0x5
 971 01ba 04       		.byte	0x4
 972 01bb 000000B6 		.4byte	0xb6
 973 01bf 11       		.uleb128 0x11
 974 01c0 01       		.byte	0x1
 975 01c1 00000000 		.4byte	.LASF42
 976 01c5 02       		.byte	0x2
 977 01c6 74       		.byte	0x74
 978 01c7 01       		.byte	0x1
 979 01c8 00000000 		.4byte	.LFB4
 980 01cc 00000000 		.4byte	.LFE4
 981 01d0 00000000 		.4byte	.LLST2
 982 01d4 01       		.byte	0x1
 983 01d5 0D       		.uleb128 0xd
 984 01d6 00000000 		.4byte	.LASF26
 985 01da 02       		.byte	0x2
 986 01db 84       		.byte	0x84
 987 01dc 01       		.byte	0x1
 988 01dd 000000BB 		.4byte	0xbb
 989 01e1 00000000 		.4byte	.LFB5
 990 01e5 00000000 		.4byte	.LFE5
 991 01e9 00000000 		.4byte	.LLST3
 992 01ed 01       		.byte	0x1
 993 01ee 00000201 		.4byte	0x201
 994 01f2 12       		.uleb128 0x12
 995 01f3 73656300 		.string	"sec"
 996 01f7 02       		.byte	0x2
 997 01f8 84       		.byte	0x84
 998 01f9 000000A6 		.4byte	0xa6
 999 01fd 02       		.byte	0x2
 1000 01fe 91       		.byte	0x91
 1001 01ff 78       		.sleb128 -8
 1002 0200 00       		.byte	0
 1003 0201 0D       		.uleb128 0xd
 1004 0202 00000000 		.4byte	.LASF28
 1005 0206 02       		.byte	0x2
 1006 0207 92       		.byte	0x92
 1007 0208 01       		.byte	0x1
 1008 0209 000000BB 		.4byte	0xbb
 1009 020d 00000000 		.4byte	.LFB6
 1010 0211 00000000 		.4byte	.LFE6
 1011 0215 00000000 		.4byte	.LLST4
 1012 0219 01       		.byte	0x1
 1013 021a 0000022D 		.4byte	0x22d
 1014 021e 10       		.uleb128 0x10
 1015 021f 00000000 		.4byte	.LASF29
 1016 0223 02       		.byte	0x2
 1017 0224 92       		.byte	0x92
 1018 0225 000000A6 		.4byte	0xa6
 1019 0229 02       		.byte	0x2
 1020 022a 91       		.byte	0x91
 1021 022b 78       		.sleb128 -8
 1022 022c 00       		.byte	0
GAS LISTING C:\Users\bayra\AppData\Local\Temp\cchLfeBc.s 			page 19


 1023 022d 0D       		.uleb128 0xd
 1024 022e 00000000 		.4byte	.LASF30
 1025 0232 02       		.byte	0x2
 1026 0233 A1       		.byte	0xa1
 1027 0234 01       		.byte	0x1
 1028 0235 000000BB 		.4byte	0xbb
 1029 0239 00000000 		.4byte	.LFB7
 1030 023d 00000000 		.4byte	.LFE7
 1031 0241 00000000 		.4byte	.LLST5
 1032 0245 01       		.byte	0x1
 1033 0246 00000259 		.4byte	0x259
 1034 024a 10       		.uleb128 0x10
 1035 024b 00000000 		.4byte	.LASF31
 1036 024f 02       		.byte	0x2
 1037 0250 A1       		.byte	0xa1
 1038 0251 000000A6 		.4byte	0xa6
 1039 0255 02       		.byte	0x2
 1040 0256 91       		.byte	0x91
 1041 0257 78       		.sleb128 -8
 1042 0258 00       		.byte	0
 1043 0259 0D       		.uleb128 0xd
 1044 025a 00000000 		.4byte	.LASF32
 1045 025e 02       		.byte	0x2
 1046 025f B0       		.byte	0xb0
 1047 0260 01       		.byte	0x1
 1048 0261 000000A6 		.4byte	0xa6
 1049 0265 00000000 		.4byte	.LFB8
 1050 0269 00000000 		.4byte	.LFE8
 1051 026d 00000000 		.4byte	.LLST6
 1052 0271 01       		.byte	0x1
 1053 0272 00000285 		.4byte	0x285
 1054 0276 10       		.uleb128 0x10
 1055 0277 00000000 		.4byte	.LASF33
 1056 027b 02       		.byte	0x2
 1057 027c B0       		.byte	0xb0
 1058 027d 000000BB 		.4byte	0xbb
 1059 0281 02       		.byte	0x2
 1060 0282 91       		.byte	0x91
 1061 0283 78       		.sleb128 -8
 1062 0284 00       		.byte	0
 1063 0285 0D       		.uleb128 0xd
 1064 0286 00000000 		.4byte	.LASF34
 1065 028a 02       		.byte	0x2
 1066 028b BE       		.byte	0xbe
 1067 028c 01       		.byte	0x1
 1068 028d 000000A6 		.4byte	0xa6
 1069 0291 00000000 		.4byte	.LFB9
 1070 0295 00000000 		.4byte	.LFE9
 1071 0299 00000000 		.4byte	.LLST7
 1072 029d 01       		.byte	0x1
 1073 029e 000002B1 		.4byte	0x2b1
 1074 02a2 10       		.uleb128 0x10
 1075 02a3 00000000 		.4byte	.LASF33
 1076 02a7 02       		.byte	0x2
 1077 02a8 BE       		.byte	0xbe
 1078 02a9 000000BB 		.4byte	0xbb
 1079 02ad 02       		.byte	0x2
GAS LISTING C:\Users\bayra\AppData\Local\Temp\cchLfeBc.s 			page 20


 1080 02ae 91       		.byte	0x91
 1081 02af 78       		.sleb128 -8
 1082 02b0 00       		.byte	0
 1083 02b1 0D       		.uleb128 0xd
 1084 02b2 00000000 		.4byte	.LASF35
 1085 02b6 02       		.byte	0x2
 1086 02b7 CC       		.byte	0xcc
 1087 02b8 01       		.byte	0x1
 1088 02b9 000000A6 		.4byte	0xa6
 1089 02bd 00000000 		.4byte	.LFB10
 1090 02c1 00000000 		.4byte	.LFE10
 1091 02c5 00000000 		.4byte	.LLST8
 1092 02c9 01       		.byte	0x1
 1093 02ca 000002DD 		.4byte	0x2dd
 1094 02ce 10       		.uleb128 0x10
 1095 02cf 00000000 		.4byte	.LASF33
 1096 02d3 02       		.byte	0x2
 1097 02d4 CC       		.byte	0xcc
 1098 02d5 000000BB 		.4byte	0xbb
 1099 02d9 02       		.byte	0x2
 1100 02da 91       		.byte	0x91
 1101 02db 78       		.sleb128 -8
 1102 02dc 00       		.byte	0
 1103 02dd 13       		.uleb128 0x13
 1104 02de 01       		.byte	0x1
 1105 02df 00000000 		.4byte	.LASF36
 1106 02e3 02       		.byte	0x2
 1107 02e4 0148     		.2byte	0x148
 1108 02e6 01       		.byte	0x1
 1109 02e7 00000000 		.4byte	.LFB11
 1110 02eb 00000000 		.4byte	.LFE11
 1111 02ef 00000000 		.4byte	.LLST9
 1112 02f3 01       		.byte	0x1
 1113 02f4 00000308 		.4byte	0x308
 1114 02f8 14       		.uleb128 0x14
 1115 02f9 73656300 		.string	"sec"
 1116 02fd 02       		.byte	0x2
 1117 02fe 0148     		.2byte	0x148
 1118 0300 000000A6 		.4byte	0xa6
 1119 0304 02       		.byte	0x2
 1120 0305 91       		.byte	0x91
 1121 0306 70       		.sleb128 -16
 1122 0307 00       		.byte	0
 1123 0308 13       		.uleb128 0x13
 1124 0309 01       		.byte	0x1
 1125 030a 00000000 		.4byte	.LASF37
 1126 030e 02       		.byte	0x2
 1127 030f 0156     		.2byte	0x156
 1128 0311 01       		.byte	0x1
 1129 0312 00000000 		.4byte	.LFB12
 1130 0316 00000000 		.4byte	.LFE12
 1131 031a 00000000 		.4byte	.LLST10
 1132 031e 01       		.byte	0x1
 1133 031f 00000333 		.4byte	0x333
 1134 0323 15       		.uleb128 0x15
 1135 0324 00000000 		.4byte	.LASF29
 1136 0328 02       		.byte	0x2
GAS LISTING C:\Users\bayra\AppData\Local\Temp\cchLfeBc.s 			page 21


 1137 0329 0156     		.2byte	0x156
 1138 032b 000000A6 		.4byte	0xa6
 1139 032f 02       		.byte	0x2
 1140 0330 91       		.byte	0x91
 1141 0331 70       		.sleb128 -16
 1142 0332 00       		.byte	0
 1143 0333 13       		.uleb128 0x13
 1144 0334 01       		.byte	0x1
 1145 0335 00000000 		.4byte	.LASF38
 1146 0339 02       		.byte	0x2
 1147 033a 0164     		.2byte	0x164
 1148 033c 01       		.byte	0x1
 1149 033d 00000000 		.4byte	.LFB13
 1150 0341 00000000 		.4byte	.LFE13
 1151 0345 00000000 		.4byte	.LLST11
 1152 0349 01       		.byte	0x1
 1153 034a 0000035E 		.4byte	0x35e
 1154 034e 15       		.uleb128 0x15
 1155 034f 00000000 		.4byte	.LASF31
 1156 0353 02       		.byte	0x2
 1157 0354 0164     		.2byte	0x164
 1158 0356 000000A6 		.4byte	0xa6
 1159 035a 02       		.byte	0x2
 1160 035b 91       		.byte	0x91
 1161 035c 70       		.sleb128 -16
 1162 035d 00       		.byte	0
 1163 035e 16       		.uleb128 0x16
 1164 035f 01       		.byte	0x1
 1165 0360 00000000 		.4byte	.LASF39
 1166 0364 02       		.byte	0x2
 1167 0365 016F     		.2byte	0x16f
 1168 0367 01       		.byte	0x1
 1169 0368 000000A6 		.4byte	0xa6
 1170 036c 00000000 		.4byte	.LFB14
 1171 0370 00000000 		.4byte	.LFE14
 1172 0374 00000000 		.4byte	.LLST12
 1173 0378 01       		.byte	0x1
 1174 0379 16       		.uleb128 0x16
 1175 037a 01       		.byte	0x1
 1176 037b 00000000 		.4byte	.LASF40
 1177 037f 02       		.byte	0x2
 1178 0380 017A     		.2byte	0x17a
 1179 0382 01       		.byte	0x1
 1180 0383 000000A6 		.4byte	0xa6
 1181 0387 00000000 		.4byte	.LFB15
 1182 038b 00000000 		.4byte	.LFE15
 1183 038f 00000000 		.4byte	.LLST13
 1184 0393 01       		.byte	0x1
 1185 0394 16       		.uleb128 0x16
 1186 0395 01       		.byte	0x1
 1187 0396 00000000 		.4byte	.LASF41
 1188 039a 02       		.byte	0x2
 1189 039b 0185     		.2byte	0x185
 1190 039d 01       		.byte	0x1
 1191 039e 000000A6 		.4byte	0xa6
 1192 03a2 00000000 		.4byte	.LFB16
 1193 03a6 00000000 		.4byte	.LFE16
GAS LISTING C:\Users\bayra\AppData\Local\Temp\cchLfeBc.s 			page 22


 1194 03aa 00000000 		.4byte	.LLST14
 1195 03ae 01       		.byte	0x1
 1196 03af 17       		.uleb128 0x17
 1197 03b0 01       		.byte	0x1
 1198 03b1 00000000 		.4byte	.LASF43
 1199 03b5 02       		.byte	0x2
 1200 03b6 018F     		.2byte	0x18f
 1201 03b8 01       		.byte	0x1
 1202 03b9 00000000 		.4byte	.LFB17
 1203 03bd 00000000 		.4byte	.LFE17
 1204 03c1 00000000 		.4byte	.LLST15
 1205 03c5 01       		.byte	0x1
 1206 03c6 17       		.uleb128 0x17
 1207 03c7 01       		.byte	0x1
 1208 03c8 00000000 		.4byte	.LASF44
 1209 03cc 02       		.byte	0x2
 1210 03cd 0198     		.2byte	0x198
 1211 03cf 01       		.byte	0x1
 1212 03d0 00000000 		.4byte	.LFB18
 1213 03d4 00000000 		.4byte	.LFE18
 1214 03d8 00000000 		.4byte	.LLST16
 1215 03dc 01       		.byte	0x1
 1216 03dd 18       		.uleb128 0x18
 1217 03de 01       		.byte	0x1
 1218 03df 00000000 		.4byte	.LASF45
 1219 03e3 02       		.byte	0x2
 1220 03e4 01A1     		.2byte	0x1a1
 1221 03e6 01       		.byte	0x1
 1222 03e7 00000000 		.4byte	.LFB19
 1223 03eb 00000000 		.4byte	.LFE19
 1224 03ef 02       		.byte	0x2
 1225 03f0 71       		.byte	0x71
 1226 03f1 00       		.sleb128 0
 1227 03f2 01       		.byte	0x1
 1228 03f3 18       		.uleb128 0x18
 1229 03f4 01       		.byte	0x1
 1230 03f5 00000000 		.4byte	.LASF46
 1231 03f9 02       		.byte	0x2
 1232 03fa 01AD     		.2byte	0x1ad
 1233 03fc 01       		.byte	0x1
 1234 03fd 00000000 		.4byte	.LFB20
 1235 0401 00000000 		.4byte	.LFE20
 1236 0405 02       		.byte	0x2
 1237 0406 71       		.byte	0x71
 1238 0407 00       		.sleb128 0
 1239 0408 01       		.byte	0x1
 1240 0409 17       		.uleb128 0x17
 1241 040a 01       		.byte	0x1
 1242 040b 00000000 		.4byte	.LASF47
 1243 040f 02       		.byte	0x2
 1244 0410 01BA     		.2byte	0x1ba
 1245 0412 01       		.byte	0x1
 1246 0413 00000000 		.4byte	.LFB21
 1247 0417 00000000 		.4byte	.LFE21
 1248 041b 00000000 		.4byte	.LLST17
 1249 041f 01       		.byte	0x1
 1250 0420 19       		.uleb128 0x19
GAS LISTING C:\Users\bayra\AppData\Local\Temp\cchLfeBc.s 			page 23


 1251 0421 00000155 		.4byte	0x155
 1252 0425 00000430 		.4byte	0x430
 1253 0429 1A       		.uleb128 0x1a
 1254 042a 00000085 		.4byte	0x85
 1255 042e 02       		.byte	0x2
 1256 042f 00       		.byte	0
 1257 0430 1B       		.uleb128 0x1b
 1258 0431 00000000 		.4byte	.LASF48
 1259 0435 02       		.byte	0x2
 1260 0436 3B       		.byte	0x3b
 1261 0437 00000420 		.4byte	0x420
 1262 043b 05       		.byte	0x5
 1263 043c 03       		.byte	0x3
 1264 043d 00000000 		.4byte	osalTimeOps
 1265 0441 1B       		.uleb128 0x1b
 1266 0442 00000000 		.4byte	.LASF49
 1267 0446 02       		.byte	0x2
 1268 0447 41       		.byte	0x41
 1269 0448 000000A6 		.4byte	0xa6
 1270 044c 05       		.byte	0x5
 1271 044d 03       		.byte	0x3
 1272 044e 00000000 		.4byte	osal_ticks_per_sec
 1273 0452 1B       		.uleb128 0x1b
 1274 0453 00000000 		.4byte	.LASF50
 1275 0457 02       		.byte	0x2
 1276 0458 47       		.byte	0x47
 1277 0459 00000463 		.4byte	0x463
 1278 045d 05       		.byte	0x5
 1279 045e 03       		.byte	0x3
 1280 045f 00000000 		.4byte	osalsystime
 1281 0463 07       		.uleb128 0x7
 1282 0464 000000BB 		.4byte	0xbb
 1283 0468 00       		.byte	0
 1284              		.section	.debug_abbrev,"",@progbits
 1285              	.Ldebug_abbrev0:
 1286 0000 01       		.uleb128 0x1
 1287 0001 11       		.uleb128 0x11
 1288 0002 01       		.byte	0x1
 1289 0003 25       		.uleb128 0x25
 1290 0004 0E       		.uleb128 0xe
 1291 0005 13       		.uleb128 0x13
 1292 0006 0B       		.uleb128 0xb
 1293 0007 03       		.uleb128 0x3
 1294 0008 0E       		.uleb128 0xe
 1295 0009 1B       		.uleb128 0x1b
 1296 000a 0E       		.uleb128 0xe
 1297 000b 55       		.uleb128 0x55
 1298 000c 06       		.uleb128 0x6
 1299 000d 11       		.uleb128 0x11
 1300 000e 01       		.uleb128 0x1
 1301 000f 52       		.uleb128 0x52
 1302 0010 01       		.uleb128 0x1
 1303 0011 10       		.uleb128 0x10
 1304 0012 06       		.uleb128 0x6
 1305 0013 00       		.byte	0
 1306 0014 00       		.byte	0
 1307 0015 02       		.uleb128 0x2
GAS LISTING C:\Users\bayra\AppData\Local\Temp\cchLfeBc.s 			page 24


 1308 0016 24       		.uleb128 0x24
 1309 0017 00       		.byte	0
 1310 0018 0B       		.uleb128 0xb
 1311 0019 0B       		.uleb128 0xb
 1312 001a 3E       		.uleb128 0x3e
 1313 001b 0B       		.uleb128 0xb
 1314 001c 03       		.uleb128 0x3
 1315 001d 08       		.uleb128 0x8
 1316 001e 00       		.byte	0
 1317 001f 00       		.byte	0
 1318 0020 03       		.uleb128 0x3
 1319 0021 24       		.uleb128 0x24
 1320 0022 00       		.byte	0
 1321 0023 0B       		.uleb128 0xb
 1322 0024 0B       		.uleb128 0xb
 1323 0025 3E       		.uleb128 0x3e
 1324 0026 0B       		.uleb128 0xb
 1325 0027 03       		.uleb128 0x3
 1326 0028 0E       		.uleb128 0xe
 1327 0029 00       		.byte	0
 1328 002a 00       		.byte	0
 1329 002b 04       		.uleb128 0x4
 1330 002c 16       		.uleb128 0x16
 1331 002d 00       		.byte	0
 1332 002e 03       		.uleb128 0x3
 1333 002f 0E       		.uleb128 0xe
 1334 0030 3A       		.uleb128 0x3a
 1335 0031 0B       		.uleb128 0xb
 1336 0032 3B       		.uleb128 0x3b
 1337 0033 0B       		.uleb128 0xb
 1338 0034 49       		.uleb128 0x49
 1339 0035 13       		.uleb128 0x13
 1340 0036 00       		.byte	0
 1341 0037 00       		.byte	0
 1342 0038 05       		.uleb128 0x5
 1343 0039 0F       		.uleb128 0xf
 1344 003a 00       		.byte	0
 1345 003b 0B       		.uleb128 0xb
 1346 003c 0B       		.uleb128 0xb
 1347 003d 49       		.uleb128 0x49
 1348 003e 13       		.uleb128 0x13
 1349 003f 00       		.byte	0
 1350 0040 00       		.byte	0
 1351 0041 06       		.uleb128 0x6
 1352 0042 15       		.uleb128 0x15
 1353 0043 00       		.byte	0
 1354 0044 27       		.uleb128 0x27
 1355 0045 0C       		.uleb128 0xc
 1356 0046 00       		.byte	0
 1357 0047 00       		.byte	0
 1358 0048 07       		.uleb128 0x7
 1359 0049 35       		.uleb128 0x35
 1360 004a 00       		.byte	0
 1361 004b 49       		.uleb128 0x49
 1362 004c 13       		.uleb128 0x13
 1363 004d 00       		.byte	0
 1364 004e 00       		.byte	0
GAS LISTING C:\Users\bayra\AppData\Local\Temp\cchLfeBc.s 			page 25


 1365 004f 08       		.uleb128 0x8
 1366 0050 15       		.uleb128 0x15
 1367 0051 01       		.byte	0x1
 1368 0052 27       		.uleb128 0x27
 1369 0053 0C       		.uleb128 0xc
 1370 0054 01       		.uleb128 0x1
 1371 0055 13       		.uleb128 0x13
 1372 0056 00       		.byte	0
 1373 0057 00       		.byte	0
 1374 0058 09       		.uleb128 0x9
 1375 0059 05       		.uleb128 0x5
 1376 005a 00       		.byte	0
 1377 005b 49       		.uleb128 0x49
 1378 005c 13       		.uleb128 0x13
 1379 005d 00       		.byte	0
 1380 005e 00       		.byte	0
 1381 005f 0A       		.uleb128 0xa
 1382 0060 15       		.uleb128 0x15
 1383 0061 00       		.byte	0
 1384 0062 27       		.uleb128 0x27
 1385 0063 0C       		.uleb128 0xc
 1386 0064 49       		.uleb128 0x49
 1387 0065 13       		.uleb128 0x13
 1388 0066 00       		.byte	0
 1389 0067 00       		.byte	0
 1390 0068 0B       		.uleb128 0xb
 1391 0069 13       		.uleb128 0x13
 1392 006a 01       		.byte	0x1
 1393 006b 03       		.uleb128 0x3
 1394 006c 0E       		.uleb128 0xe
 1395 006d 0B       		.uleb128 0xb
 1396 006e 0B       		.uleb128 0xb
 1397 006f 3A       		.uleb128 0x3a
 1398 0070 0B       		.uleb128 0xb
 1399 0071 3B       		.uleb128 0x3b
 1400 0072 0B       		.uleb128 0xb
 1401 0073 01       		.uleb128 0x1
 1402 0074 13       		.uleb128 0x13
 1403 0075 00       		.byte	0
 1404 0076 00       		.byte	0
 1405 0077 0C       		.uleb128 0xc
 1406 0078 0D       		.uleb128 0xd
 1407 0079 00       		.byte	0
 1408 007a 03       		.uleb128 0x3
 1409 007b 0E       		.uleb128 0xe
 1410 007c 3A       		.uleb128 0x3a
 1411 007d 0B       		.uleb128 0xb
 1412 007e 3B       		.uleb128 0x3b
 1413 007f 0B       		.uleb128 0xb
 1414 0080 49       		.uleb128 0x49
 1415 0081 13       		.uleb128 0x13
 1416 0082 38       		.uleb128 0x38
 1417 0083 0A       		.uleb128 0xa
 1418 0084 00       		.byte	0
 1419 0085 00       		.byte	0
 1420 0086 0D       		.uleb128 0xd
 1421 0087 2E       		.uleb128 0x2e
GAS LISTING C:\Users\bayra\AppData\Local\Temp\cchLfeBc.s 			page 26


 1422 0088 01       		.byte	0x1
 1423 0089 03       		.uleb128 0x3
 1424 008a 0E       		.uleb128 0xe
 1425 008b 3A       		.uleb128 0x3a
 1426 008c 0B       		.uleb128 0xb
 1427 008d 3B       		.uleb128 0x3b
 1428 008e 0B       		.uleb128 0xb
 1429 008f 27       		.uleb128 0x27
 1430 0090 0C       		.uleb128 0xc
 1431 0091 49       		.uleb128 0x49
 1432 0092 13       		.uleb128 0x13
 1433 0093 11       		.uleb128 0x11
 1434 0094 01       		.uleb128 0x1
 1435 0095 12       		.uleb128 0x12
 1436 0096 01       		.uleb128 0x1
 1437 0097 40       		.uleb128 0x40
 1438 0098 06       		.uleb128 0x6
 1439 0099 9742     		.uleb128 0x2117
 1440 009b 0C       		.uleb128 0xc
 1441 009c 01       		.uleb128 0x1
 1442 009d 13       		.uleb128 0x13
 1443 009e 00       		.byte	0
 1444 009f 00       		.byte	0
 1445 00a0 0E       		.uleb128 0xe
 1446 00a1 34       		.uleb128 0x34
 1447 00a2 00       		.byte	0
 1448 00a3 03       		.uleb128 0x3
 1449 00a4 08       		.uleb128 0x8
 1450 00a5 3A       		.uleb128 0x3a
 1451 00a6 0B       		.uleb128 0xb
 1452 00a7 3B       		.uleb128 0x3b
 1453 00a8 0B       		.uleb128 0xb
 1454 00a9 49       		.uleb128 0x49
 1455 00aa 13       		.uleb128 0x13
 1456 00ab 02       		.uleb128 0x2
 1457 00ac 0A       		.uleb128 0xa
 1458 00ad 00       		.byte	0
 1459 00ae 00       		.byte	0
 1460 00af 0F       		.uleb128 0xf
 1461 00b0 2E       		.uleb128 0x2e
 1462 00b1 01       		.byte	0x1
 1463 00b2 3F       		.uleb128 0x3f
 1464 00b3 0C       		.uleb128 0xc
 1465 00b4 03       		.uleb128 0x3
 1466 00b5 0E       		.uleb128 0xe
 1467 00b6 3A       		.uleb128 0x3a
 1468 00b7 0B       		.uleb128 0xb
 1469 00b8 3B       		.uleb128 0x3b
 1470 00b9 0B       		.uleb128 0xb
 1471 00ba 27       		.uleb128 0x27
 1472 00bb 0C       		.uleb128 0xc
 1473 00bc 49       		.uleb128 0x49
 1474 00bd 13       		.uleb128 0x13
 1475 00be 11       		.uleb128 0x11
 1476 00bf 01       		.uleb128 0x1
 1477 00c0 12       		.uleb128 0x12
 1478 00c1 01       		.uleb128 0x1
GAS LISTING C:\Users\bayra\AppData\Local\Temp\cchLfeBc.s 			page 27


 1479 00c2 40       		.uleb128 0x40
 1480 00c3 06       		.uleb128 0x6
 1481 00c4 9642     		.uleb128 0x2116
 1482 00c6 0C       		.uleb128 0xc
 1483 00c7 01       		.uleb128 0x1
 1484 00c8 13       		.uleb128 0x13
 1485 00c9 00       		.byte	0
 1486 00ca 00       		.byte	0
 1487 00cb 10       		.uleb128 0x10
 1488 00cc 05       		.uleb128 0x5
 1489 00cd 00       		.byte	0
 1490 00ce 03       		.uleb128 0x3
 1491 00cf 0E       		.uleb128 0xe
 1492 00d0 3A       		.uleb128 0x3a
 1493 00d1 0B       		.uleb128 0xb
 1494 00d2 3B       		.uleb128 0x3b
 1495 00d3 0B       		.uleb128 0xb
 1496 00d4 49       		.uleb128 0x49
 1497 00d5 13       		.uleb128 0x13
 1498 00d6 02       		.uleb128 0x2
 1499 00d7 0A       		.uleb128 0xa
 1500 00d8 00       		.byte	0
 1501 00d9 00       		.byte	0
 1502 00da 11       		.uleb128 0x11
 1503 00db 2E       		.uleb128 0x2e
 1504 00dc 00       		.byte	0
 1505 00dd 3F       		.uleb128 0x3f
 1506 00de 0C       		.uleb128 0xc
 1507 00df 03       		.uleb128 0x3
 1508 00e0 0E       		.uleb128 0xe
 1509 00e1 3A       		.uleb128 0x3a
 1510 00e2 0B       		.uleb128 0xb
 1511 00e3 3B       		.uleb128 0x3b
 1512 00e4 0B       		.uleb128 0xb
 1513 00e5 27       		.uleb128 0x27
 1514 00e6 0C       		.uleb128 0xc
 1515 00e7 11       		.uleb128 0x11
 1516 00e8 01       		.uleb128 0x1
 1517 00e9 12       		.uleb128 0x12
 1518 00ea 01       		.uleb128 0x1
 1519 00eb 40       		.uleb128 0x40
 1520 00ec 06       		.uleb128 0x6
 1521 00ed 9642     		.uleb128 0x2116
 1522 00ef 0C       		.uleb128 0xc
 1523 00f0 00       		.byte	0
 1524 00f1 00       		.byte	0
 1525 00f2 12       		.uleb128 0x12
 1526 00f3 05       		.uleb128 0x5
 1527 00f4 00       		.byte	0
 1528 00f5 03       		.uleb128 0x3
 1529 00f6 08       		.uleb128 0x8
 1530 00f7 3A       		.uleb128 0x3a
 1531 00f8 0B       		.uleb128 0xb
 1532 00f9 3B       		.uleb128 0x3b
 1533 00fa 0B       		.uleb128 0xb
 1534 00fb 49       		.uleb128 0x49
 1535 00fc 13       		.uleb128 0x13
GAS LISTING C:\Users\bayra\AppData\Local\Temp\cchLfeBc.s 			page 28


 1536 00fd 02       		.uleb128 0x2
 1537 00fe 0A       		.uleb128 0xa
 1538 00ff 00       		.byte	0
 1539 0100 00       		.byte	0
 1540 0101 13       		.uleb128 0x13
 1541 0102 2E       		.uleb128 0x2e
 1542 0103 01       		.byte	0x1
 1543 0104 3F       		.uleb128 0x3f
 1544 0105 0C       		.uleb128 0xc
 1545 0106 03       		.uleb128 0x3
 1546 0107 0E       		.uleb128 0xe
 1547 0108 3A       		.uleb128 0x3a
 1548 0109 0B       		.uleb128 0xb
 1549 010a 3B       		.uleb128 0x3b
 1550 010b 05       		.uleb128 0x5
 1551 010c 27       		.uleb128 0x27
 1552 010d 0C       		.uleb128 0xc
 1553 010e 11       		.uleb128 0x11
 1554 010f 01       		.uleb128 0x1
 1555 0110 12       		.uleb128 0x12
 1556 0111 01       		.uleb128 0x1
 1557 0112 40       		.uleb128 0x40
 1558 0113 06       		.uleb128 0x6
 1559 0114 9642     		.uleb128 0x2116
 1560 0116 0C       		.uleb128 0xc
 1561 0117 01       		.uleb128 0x1
 1562 0118 13       		.uleb128 0x13
 1563 0119 00       		.byte	0
 1564 011a 00       		.byte	0
 1565 011b 14       		.uleb128 0x14
 1566 011c 05       		.uleb128 0x5
 1567 011d 00       		.byte	0
 1568 011e 03       		.uleb128 0x3
 1569 011f 08       		.uleb128 0x8
 1570 0120 3A       		.uleb128 0x3a
 1571 0121 0B       		.uleb128 0xb
 1572 0122 3B       		.uleb128 0x3b
 1573 0123 05       		.uleb128 0x5
 1574 0124 49       		.uleb128 0x49
 1575 0125 13       		.uleb128 0x13
 1576 0126 02       		.uleb128 0x2
 1577 0127 0A       		.uleb128 0xa
 1578 0128 00       		.byte	0
 1579 0129 00       		.byte	0
 1580 012a 15       		.uleb128 0x15
 1581 012b 05       		.uleb128 0x5
 1582 012c 00       		.byte	0
 1583 012d 03       		.uleb128 0x3
 1584 012e 0E       		.uleb128 0xe
 1585 012f 3A       		.uleb128 0x3a
 1586 0130 0B       		.uleb128 0xb
 1587 0131 3B       		.uleb128 0x3b
 1588 0132 05       		.uleb128 0x5
 1589 0133 49       		.uleb128 0x49
 1590 0134 13       		.uleb128 0x13
 1591 0135 02       		.uleb128 0x2
 1592 0136 0A       		.uleb128 0xa
GAS LISTING C:\Users\bayra\AppData\Local\Temp\cchLfeBc.s 			page 29


 1593 0137 00       		.byte	0
 1594 0138 00       		.byte	0
 1595 0139 16       		.uleb128 0x16
 1596 013a 2E       		.uleb128 0x2e
 1597 013b 00       		.byte	0
 1598 013c 3F       		.uleb128 0x3f
 1599 013d 0C       		.uleb128 0xc
 1600 013e 03       		.uleb128 0x3
 1601 013f 0E       		.uleb128 0xe
 1602 0140 3A       		.uleb128 0x3a
 1603 0141 0B       		.uleb128 0xb
 1604 0142 3B       		.uleb128 0x3b
 1605 0143 05       		.uleb128 0x5
 1606 0144 27       		.uleb128 0x27
 1607 0145 0C       		.uleb128 0xc
 1608 0146 49       		.uleb128 0x49
 1609 0147 13       		.uleb128 0x13
 1610 0148 11       		.uleb128 0x11
 1611 0149 01       		.uleb128 0x1
 1612 014a 12       		.uleb128 0x12
 1613 014b 01       		.uleb128 0x1
 1614 014c 40       		.uleb128 0x40
 1615 014d 06       		.uleb128 0x6
 1616 014e 9642     		.uleb128 0x2116
 1617 0150 0C       		.uleb128 0xc
 1618 0151 00       		.byte	0
 1619 0152 00       		.byte	0
 1620 0153 17       		.uleb128 0x17
 1621 0154 2E       		.uleb128 0x2e
 1622 0155 00       		.byte	0
 1623 0156 3F       		.uleb128 0x3f
 1624 0157 0C       		.uleb128 0xc
 1625 0158 03       		.uleb128 0x3
 1626 0159 0E       		.uleb128 0xe
 1627 015a 3A       		.uleb128 0x3a
 1628 015b 0B       		.uleb128 0xb
 1629 015c 3B       		.uleb128 0x3b
 1630 015d 05       		.uleb128 0x5
 1631 015e 27       		.uleb128 0x27
 1632 015f 0C       		.uleb128 0xc
 1633 0160 11       		.uleb128 0x11
 1634 0161 01       		.uleb128 0x1
 1635 0162 12       		.uleb128 0x12
 1636 0163 01       		.uleb128 0x1
 1637 0164 40       		.uleb128 0x40
 1638 0165 06       		.uleb128 0x6
 1639 0166 9642     		.uleb128 0x2116
 1640 0168 0C       		.uleb128 0xc
 1641 0169 00       		.byte	0
 1642 016a 00       		.byte	0
 1643 016b 18       		.uleb128 0x18
 1644 016c 2E       		.uleb128 0x2e
 1645 016d 00       		.byte	0
 1646 016e 3F       		.uleb128 0x3f
 1647 016f 0C       		.uleb128 0xc
 1648 0170 03       		.uleb128 0x3
 1649 0171 0E       		.uleb128 0xe
GAS LISTING C:\Users\bayra\AppData\Local\Temp\cchLfeBc.s 			page 30


 1650 0172 3A       		.uleb128 0x3a
 1651 0173 0B       		.uleb128 0xb
 1652 0174 3B       		.uleb128 0x3b
 1653 0175 05       		.uleb128 0x5
 1654 0176 27       		.uleb128 0x27
 1655 0177 0C       		.uleb128 0xc
 1656 0178 11       		.uleb128 0x11
 1657 0179 01       		.uleb128 0x1
 1658 017a 12       		.uleb128 0x12
 1659 017b 01       		.uleb128 0x1
 1660 017c 40       		.uleb128 0x40
 1661 017d 0A       		.uleb128 0xa
 1662 017e 9742     		.uleb128 0x2117
 1663 0180 0C       		.uleb128 0xc
 1664 0181 00       		.byte	0
 1665 0182 00       		.byte	0
 1666 0183 19       		.uleb128 0x19
 1667 0184 01       		.uleb128 0x1
 1668 0185 01       		.byte	0x1
 1669 0186 49       		.uleb128 0x49
 1670 0187 13       		.uleb128 0x13
 1671 0188 01       		.uleb128 0x1
 1672 0189 13       		.uleb128 0x13
 1673 018a 00       		.byte	0
 1674 018b 00       		.byte	0
 1675 018c 1A       		.uleb128 0x1a
 1676 018d 21       		.uleb128 0x21
 1677 018e 00       		.byte	0
 1678 018f 49       		.uleb128 0x49
 1679 0190 13       		.uleb128 0x13
 1680 0191 2F       		.uleb128 0x2f
 1681 0192 0B       		.uleb128 0xb
 1682 0193 00       		.byte	0
 1683 0194 00       		.byte	0
 1684 0195 1B       		.uleb128 0x1b
 1685 0196 34       		.uleb128 0x34
 1686 0197 00       		.byte	0
 1687 0198 03       		.uleb128 0x3
 1688 0199 0E       		.uleb128 0xe
 1689 019a 3A       		.uleb128 0x3a
 1690 019b 0B       		.uleb128 0xb
 1691 019c 3B       		.uleb128 0x3b
 1692 019d 0B       		.uleb128 0xb
 1693 019e 49       		.uleb128 0x49
 1694 019f 13       		.uleb128 0x13
 1695 01a0 02       		.uleb128 0x2
 1696 01a1 0A       		.uleb128 0xa
 1697 01a2 00       		.byte	0
 1698 01a3 00       		.byte	0
 1699 01a4 00       		.byte	0
 1700              		.section	.debug_loc,"",@progbits
 1701              	.Ldebug_loc0:
 1702              	.LLST0:
 1703 0000 00000000 		.4byte	.LFB2
 1704 0004 00000000 		.4byte	.LCFI0
 1705 0008 0002     		.2byte	0x2
 1706 000a 71       		.byte	0x71
GAS LISTING C:\Users\bayra\AppData\Local\Temp\cchLfeBc.s 			page 31


 1707 000b 00       		.sleb128 0
 1708 000c 00000000 		.4byte	.LCFI0
 1709 0010 00000000 		.4byte	.LCFI1
 1710 0014 0002     		.2byte	0x2
 1711 0016 71       		.byte	0x71
 1712 0017 18       		.sleb128 24
 1713 0018 00000000 		.4byte	.LCFI1
 1714 001c 00000000 		.4byte	.LFE2
 1715 0020 0002     		.2byte	0x2
 1716 0022 71       		.byte	0x71
 1717 0023 00       		.sleb128 0
 1718 0024 00000000 		.4byte	0
 1719 0028 00000000 		.4byte	0
 1720              	.LLST1:
 1721 002c 00000000 		.4byte	.LFB3
 1722 0030 00000000 		.4byte	.LCFI2
 1723 0034 0002     		.2byte	0x2
 1724 0036 71       		.byte	0x71
 1725 0037 00       		.sleb128 0
 1726 0038 00000000 		.4byte	.LCFI2
 1727 003c 00000000 		.4byte	.LCFI3
 1728 0040 0002     		.2byte	0x2
 1729 0042 71       		.byte	0x71
 1730 0043 10       		.sleb128 16
 1731 0044 00000000 		.4byte	.LCFI3
 1732 0048 00000000 		.4byte	.LFE3
 1733 004c 0002     		.2byte	0x2
 1734 004e 71       		.byte	0x71
 1735 004f 00       		.sleb128 0
 1736 0050 00000000 		.4byte	0
 1737 0054 00000000 		.4byte	0
 1738              	.LLST2:
 1739 0058 00000000 		.4byte	.LFB4
 1740 005c 00000000 		.4byte	.LCFI4
 1741 0060 0002     		.2byte	0x2
 1742 0062 71       		.byte	0x71
 1743 0063 00       		.sleb128 0
 1744 0064 00000000 		.4byte	.LCFI4
 1745 0068 00000000 		.4byte	.LCFI5
 1746 006c 0002     		.2byte	0x2
 1747 006e 71       		.byte	0x71
 1748 006f 08       		.sleb128 8
 1749 0070 00000000 		.4byte	.LCFI5
 1750 0074 00000000 		.4byte	.LFE4
 1751 0078 0002     		.2byte	0x2
 1752 007a 71       		.byte	0x71
 1753 007b 00       		.sleb128 0
 1754 007c 00000000 		.4byte	0
 1755 0080 00000000 		.4byte	0
 1756              	.LLST3:
 1757 0084 00000000 		.4byte	.LFB5
 1758 0088 00000000 		.4byte	.LCFI6
 1759 008c 0002     		.2byte	0x2
 1760 008e 71       		.byte	0x71
 1761 008f 00       		.sleb128 0
 1762 0090 00000000 		.4byte	.LCFI6
 1763 0094 00000000 		.4byte	.LCFI7
GAS LISTING C:\Users\bayra\AppData\Local\Temp\cchLfeBc.s 			page 32


 1764 0098 0002     		.2byte	0x2
 1765 009a 71       		.byte	0x71
 1766 009b 10       		.sleb128 16
 1767 009c 00000000 		.4byte	.LCFI7
 1768 00a0 00000000 		.4byte	.LFE5
 1769 00a4 0002     		.2byte	0x2
 1770 00a6 71       		.byte	0x71
 1771 00a7 00       		.sleb128 0
 1772 00a8 00000000 		.4byte	0
 1773 00ac 00000000 		.4byte	0
 1774              	.LLST4:
 1775 00b0 00000000 		.4byte	.LFB6
 1776 00b4 00000000 		.4byte	.LCFI8
 1777 00b8 0002     		.2byte	0x2
 1778 00ba 71       		.byte	0x71
 1779 00bb 00       		.sleb128 0
 1780 00bc 00000000 		.4byte	.LCFI8
 1781 00c0 00000000 		.4byte	.LCFI9
 1782 00c4 0002     		.2byte	0x2
 1783 00c6 71       		.byte	0x71
 1784 00c7 10       		.sleb128 16
 1785 00c8 00000000 		.4byte	.LCFI9
 1786 00cc 00000000 		.4byte	.LFE6
 1787 00d0 0002     		.2byte	0x2
 1788 00d2 71       		.byte	0x71
 1789 00d3 00       		.sleb128 0
 1790 00d4 00000000 		.4byte	0
 1791 00d8 00000000 		.4byte	0
 1792              	.LLST5:
 1793 00dc 00000000 		.4byte	.LFB7
 1794 00e0 00000000 		.4byte	.LCFI10
 1795 00e4 0002     		.2byte	0x2
 1796 00e6 71       		.byte	0x71
 1797 00e7 00       		.sleb128 0
 1798 00e8 00000000 		.4byte	.LCFI10
 1799 00ec 00000000 		.4byte	.LCFI11
 1800 00f0 0002     		.2byte	0x2
 1801 00f2 71       		.byte	0x71
 1802 00f3 10       		.sleb128 16
 1803 00f4 00000000 		.4byte	.LCFI11
 1804 00f8 00000000 		.4byte	.LFE7
 1805 00fc 0002     		.2byte	0x2
 1806 00fe 71       		.byte	0x71
 1807 00ff 00       		.sleb128 0
 1808 0100 00000000 		.4byte	0
 1809 0104 00000000 		.4byte	0
 1810              	.LLST6:
 1811 0108 00000000 		.4byte	.LFB8
 1812 010c 00000000 		.4byte	.LCFI12
 1813 0110 0002     		.2byte	0x2
 1814 0112 71       		.byte	0x71
 1815 0113 00       		.sleb128 0
 1816 0114 00000000 		.4byte	.LCFI12
 1817 0118 00000000 		.4byte	.LCFI13
 1818 011c 0002     		.2byte	0x2
 1819 011e 71       		.byte	0x71
 1820 011f 10       		.sleb128 16
GAS LISTING C:\Users\bayra\AppData\Local\Temp\cchLfeBc.s 			page 33


 1821 0120 00000000 		.4byte	.LCFI13
 1822 0124 00000000 		.4byte	.LFE8
 1823 0128 0002     		.2byte	0x2
 1824 012a 71       		.byte	0x71
 1825 012b 00       		.sleb128 0
 1826 012c 00000000 		.4byte	0
 1827 0130 00000000 		.4byte	0
 1828              	.LLST7:
 1829 0134 00000000 		.4byte	.LFB9
 1830 0138 00000000 		.4byte	.LCFI14
 1831 013c 0002     		.2byte	0x2
 1832 013e 71       		.byte	0x71
 1833 013f 00       		.sleb128 0
 1834 0140 00000000 		.4byte	.LCFI14
 1835 0144 00000000 		.4byte	.LCFI15
 1836 0148 0002     		.2byte	0x2
 1837 014a 71       		.byte	0x71
 1838 014b 10       		.sleb128 16
 1839 014c 00000000 		.4byte	.LCFI15
 1840 0150 00000000 		.4byte	.LFE9
 1841 0154 0002     		.2byte	0x2
 1842 0156 71       		.byte	0x71
 1843 0157 00       		.sleb128 0
 1844 0158 00000000 		.4byte	0
 1845 015c 00000000 		.4byte	0
 1846              	.LLST8:
 1847 0160 00000000 		.4byte	.LFB10
 1848 0164 00000000 		.4byte	.LCFI16
 1849 0168 0002     		.2byte	0x2
 1850 016a 71       		.byte	0x71
 1851 016b 00       		.sleb128 0
 1852 016c 00000000 		.4byte	.LCFI16
 1853 0170 00000000 		.4byte	.LCFI17
 1854 0174 0002     		.2byte	0x2
 1855 0176 71       		.byte	0x71
 1856 0177 10       		.sleb128 16
 1857 0178 00000000 		.4byte	.LCFI17
 1858 017c 00000000 		.4byte	.LFE10
 1859 0180 0002     		.2byte	0x2
 1860 0182 71       		.byte	0x71
 1861 0183 00       		.sleb128 0
 1862 0184 00000000 		.4byte	0
 1863 0188 00000000 		.4byte	0
 1864              	.LLST9:
 1865 018c 00000000 		.4byte	.LFB11
 1866 0190 00000000 		.4byte	.LCFI18
 1867 0194 0002     		.2byte	0x2
 1868 0196 71       		.byte	0x71
 1869 0197 00       		.sleb128 0
 1870 0198 00000000 		.4byte	.LCFI18
 1871 019c 00000000 		.4byte	.LCFI19
 1872 01a0 0002     		.2byte	0x2
 1873 01a2 71       		.byte	0x71
 1874 01a3 18       		.sleb128 24
 1875 01a4 00000000 		.4byte	.LCFI19
 1876 01a8 00000000 		.4byte	.LFE11
 1877 01ac 0002     		.2byte	0x2
GAS LISTING C:\Users\bayra\AppData\Local\Temp\cchLfeBc.s 			page 34


 1878 01ae 71       		.byte	0x71
 1879 01af 00       		.sleb128 0
 1880 01b0 00000000 		.4byte	0
 1881 01b4 00000000 		.4byte	0
 1882              	.LLST10:
 1883 01b8 00000000 		.4byte	.LFB12
 1884 01bc 00000000 		.4byte	.LCFI20
 1885 01c0 0002     		.2byte	0x2
 1886 01c2 71       		.byte	0x71
 1887 01c3 00       		.sleb128 0
 1888 01c4 00000000 		.4byte	.LCFI20
 1889 01c8 00000000 		.4byte	.LCFI21
 1890 01cc 0002     		.2byte	0x2
 1891 01ce 71       		.byte	0x71
 1892 01cf 18       		.sleb128 24
 1893 01d0 00000000 		.4byte	.LCFI21
 1894 01d4 00000000 		.4byte	.LFE12
 1895 01d8 0002     		.2byte	0x2
 1896 01da 71       		.byte	0x71
 1897 01db 00       		.sleb128 0
 1898 01dc 00000000 		.4byte	0
 1899 01e0 00000000 		.4byte	0
 1900              	.LLST11:
 1901 01e4 00000000 		.4byte	.LFB13
 1902 01e8 00000000 		.4byte	.LCFI22
 1903 01ec 0002     		.2byte	0x2
 1904 01ee 71       		.byte	0x71
 1905 01ef 00       		.sleb128 0
 1906 01f0 00000000 		.4byte	.LCFI22
 1907 01f4 00000000 		.4byte	.LCFI23
 1908 01f8 0002     		.2byte	0x2
 1909 01fa 71       		.byte	0x71
 1910 01fb 18       		.sleb128 24
 1911 01fc 00000000 		.4byte	.LCFI23
 1912 0200 00000000 		.4byte	.LFE13
 1913 0204 0002     		.2byte	0x2
 1914 0206 71       		.byte	0x71
 1915 0207 00       		.sleb128 0
 1916 0208 00000000 		.4byte	0
 1917 020c 00000000 		.4byte	0
 1918              	.LLST12:
 1919 0210 00000000 		.4byte	.LFB14
 1920 0214 00000000 		.4byte	.LCFI24
 1921 0218 0002     		.2byte	0x2
 1922 021a 71       		.byte	0x71
 1923 021b 00       		.sleb128 0
 1924 021c 00000000 		.4byte	.LCFI24
 1925 0220 00000000 		.4byte	.LCFI25
 1926 0224 0002     		.2byte	0x2
 1927 0226 71       		.byte	0x71
 1928 0227 08       		.sleb128 8
 1929 0228 00000000 		.4byte	.LCFI25
 1930 022c 00000000 		.4byte	.LFE14
 1931 0230 0002     		.2byte	0x2
 1932 0232 71       		.byte	0x71
 1933 0233 00       		.sleb128 0
 1934 0234 00000000 		.4byte	0
GAS LISTING C:\Users\bayra\AppData\Local\Temp\cchLfeBc.s 			page 35


 1935 0238 00000000 		.4byte	0
 1936              	.LLST13:
 1937 023c 00000000 		.4byte	.LFB15
 1938 0240 00000000 		.4byte	.LCFI26
 1939 0244 0002     		.2byte	0x2
 1940 0246 71       		.byte	0x71
 1941 0247 00       		.sleb128 0
 1942 0248 00000000 		.4byte	.LCFI26
 1943 024c 00000000 		.4byte	.LCFI27
 1944 0250 0002     		.2byte	0x2
 1945 0252 71       		.byte	0x71
 1946 0253 08       		.sleb128 8
 1947 0254 00000000 		.4byte	.LCFI27
 1948 0258 00000000 		.4byte	.LFE15
 1949 025c 0002     		.2byte	0x2
 1950 025e 71       		.byte	0x71
 1951 025f 00       		.sleb128 0
 1952 0260 00000000 		.4byte	0
 1953 0264 00000000 		.4byte	0
 1954              	.LLST14:
 1955 0268 00000000 		.4byte	.LFB16
 1956 026c 00000000 		.4byte	.LCFI28
 1957 0270 0002     		.2byte	0x2
 1958 0272 71       		.byte	0x71
 1959 0273 00       		.sleb128 0
 1960 0274 00000000 		.4byte	.LCFI28
 1961 0278 00000000 		.4byte	.LCFI29
 1962 027c 0002     		.2byte	0x2
 1963 027e 71       		.byte	0x71
 1964 027f 08       		.sleb128 8
 1965 0280 00000000 		.4byte	.LCFI29
 1966 0284 00000000 		.4byte	.LFE16
 1967 0288 0002     		.2byte	0x2
 1968 028a 71       		.byte	0x71
 1969 028b 00       		.sleb128 0
 1970 028c 00000000 		.4byte	0
 1971 0290 00000000 		.4byte	0
 1972              	.LLST15:
 1973 0294 00000000 		.4byte	.LFB17
 1974 0298 00000000 		.4byte	.LCFI30
 1975 029c 0002     		.2byte	0x2
 1976 029e 71       		.byte	0x71
 1977 029f 00       		.sleb128 0
 1978 02a0 00000000 		.4byte	.LCFI30
 1979 02a4 00000000 		.4byte	.LCFI31
 1980 02a8 0002     		.2byte	0x2
 1981 02aa 71       		.byte	0x71
 1982 02ab 08       		.sleb128 8
 1983 02ac 00000000 		.4byte	.LCFI31
 1984 02b0 00000000 		.4byte	.LFE17
 1985 02b4 0002     		.2byte	0x2
 1986 02b6 71       		.byte	0x71
 1987 02b7 00       		.sleb128 0
 1988 02b8 00000000 		.4byte	0
 1989 02bc 00000000 		.4byte	0
 1990              	.LLST16:
 1991 02c0 00000000 		.4byte	.LFB18
GAS LISTING C:\Users\bayra\AppData\Local\Temp\cchLfeBc.s 			page 36


 1992 02c4 00000000 		.4byte	.LCFI32
 1993 02c8 0002     		.2byte	0x2
 1994 02ca 71       		.byte	0x71
 1995 02cb 00       		.sleb128 0
 1996 02cc 00000000 		.4byte	.LCFI32
 1997 02d0 00000000 		.4byte	.LCFI33
 1998 02d4 0002     		.2byte	0x2
 1999 02d6 71       		.byte	0x71
 2000 02d7 08       		.sleb128 8
 2001 02d8 00000000 		.4byte	.LCFI33
 2002 02dc 00000000 		.4byte	.LFE18
 2003 02e0 0002     		.2byte	0x2
 2004 02e2 71       		.byte	0x71
 2005 02e3 00       		.sleb128 0
 2006 02e4 00000000 		.4byte	0
 2007 02e8 00000000 		.4byte	0
 2008              	.LLST17:
 2009 02ec 00000000 		.4byte	.LFB21
 2010 02f0 00000000 		.4byte	.LCFI34
 2011 02f4 0002     		.2byte	0x2
 2012 02f6 71       		.byte	0x71
 2013 02f7 00       		.sleb128 0
 2014 02f8 00000000 		.4byte	.LCFI34
 2015 02fc 00000000 		.4byte	.LCFI35
 2016 0300 0002     		.2byte	0x2
 2017 0302 71       		.byte	0x71
 2018 0303 08       		.sleb128 8
 2019 0304 00000000 		.4byte	.LCFI35
 2020 0308 00000000 		.4byte	.LFE21
 2021 030c 0002     		.2byte	0x2
 2022 030e 71       		.byte	0x71
 2023 030f 00       		.sleb128 0
 2024 0310 00000000 		.4byte	0
 2025 0314 00000000 		.4byte	0
 2026              		.section	.debug_aranges,"",@progbits
 2027 0000 000000B4 		.4byte	0xb4
 2028 0004 0002     		.2byte	0x2
 2029 0006 00000000 		.4byte	.Ldebug_info0
 2030 000a 04       		.byte	0x4
 2031 000b 00       		.byte	0
 2032 000c 0000     		.2byte	0
 2033 000e 0000     		.2byte	0
 2034 0010 00000000 		.4byte	.LFB2
 2035 0014 00000038 		.4byte	.LFE2-.LFB2
 2036 0018 00000000 		.4byte	.LFB3
 2037 001c 0000002C 		.4byte	.LFE3-.LFB3
 2038 0020 00000000 		.4byte	.LFB4
 2039 0024 00000014 		.4byte	.LFE4-.LFB4
 2040 0028 00000000 		.4byte	.LFB5
 2041 002c 00000018 		.4byte	.LFE5-.LFB5
 2042 0030 00000000 		.4byte	.LFB6
 2043 0034 0000004A 		.4byte	.LFE6-.LFB6
 2044 0038 00000000 		.4byte	.LFB7
 2045 003c 0000004A 		.4byte	.LFE7-.LFB7
 2046 0040 00000000 		.4byte	.LFB8
 2047 0044 0000001A 		.4byte	.LFE8-.LFB8
 2048 0048 00000000 		.4byte	.LFB9
GAS LISTING C:\Users\bayra\AppData\Local\Temp\cchLfeBc.s 			page 37


 2049 004c 00000022 		.4byte	.LFE9-.LFB9
 2050 0050 00000000 		.4byte	.LFB10
 2051 0054 00000024 		.4byte	.LFE10-.LFB10
 2052 0058 00000000 		.4byte	.LFB11
 2053 005c 0000003E 		.4byte	.LFE11-.LFB11
 2054 0060 00000000 		.4byte	.LFB12
 2055 0064 0000003E 		.4byte	.LFE12-.LFB12
 2056 0068 00000000 		.4byte	.LFB13
 2057 006c 0000003E 		.4byte	.LFE13-.LFB13
 2058 0070 00000000 		.4byte	.LFB14
 2059 0074 0000003A 		.4byte	.LFE14-.LFB14
 2060 0078 00000000 		.4byte	.LFB15
 2061 007c 0000003A 		.4byte	.LFE15-.LFB15
 2062 0080 00000000 		.4byte	.LFB16
 2063 0084 0000003A 		.4byte	.LFE16-.LFB16
 2064 0088 00000000 		.4byte	.LFB17
 2065 008c 0000002E 		.4byte	.LFE17-.LFB17
 2066 0090 00000000 		.4byte	.LFB18
 2067 0094 0000002E 		.4byte	.LFE18-.LFB18
 2068 0098 00000000 		.4byte	.LFB19
 2069 009c 00000002 		.4byte	.LFE19-.LFB19
 2070 00a0 00000000 		.4byte	.LFB20
 2071 00a4 00000002 		.4byte	.LFE20-.LFB20
 2072 00a8 00000000 		.4byte	.LFB21
 2073 00ac 00000068 		.4byte	.LFE21-.LFB21
 2074 00b0 00000000 		.4byte	0
 2075 00b4 00000000 		.4byte	0
 2076              		.section	.debug_ranges,"",@progbits
 2077              	.Ldebug_ranges0:
 2078 0000 00000000 		.4byte	.LFB2
 2079 0004 00000000 		.4byte	.LFE2
 2080 0008 00000000 		.4byte	.LFB3
 2081 000c 00000000 		.4byte	.LFE3
 2082 0010 00000000 		.4byte	.LFB4
 2083 0014 00000000 		.4byte	.LFE4
 2084 0018 00000000 		.4byte	.LFB5
 2085 001c 00000000 		.4byte	.LFE5
 2086 0020 00000000 		.4byte	.LFB6
 2087 0024 00000000 		.4byte	.LFE6
 2088 0028 00000000 		.4byte	.LFB7
 2089 002c 00000000 		.4byte	.LFE7
 2090 0030 00000000 		.4byte	.LFB8
 2091 0034 00000000 		.4byte	.LFE8
 2092 0038 00000000 		.4byte	.LFB9
 2093 003c 00000000 		.4byte	.LFE9
 2094 0040 00000000 		.4byte	.LFB10
 2095 0044 00000000 		.4byte	.LFE10
 2096 0048 00000000 		.4byte	.LFB11
 2097 004c 00000000 		.4byte	.LFE11
 2098 0050 00000000 		.4byte	.LFB12
 2099 0054 00000000 		.4byte	.LFE12
 2100 0058 00000000 		.4byte	.LFB13
 2101 005c 00000000 		.4byte	.LFE13
 2102 0060 00000000 		.4byte	.LFB14
 2103 0064 00000000 		.4byte	.LFE14
 2104 0068 00000000 		.4byte	.LFB15
 2105 006c 00000000 		.4byte	.LFE15
GAS LISTING C:\Users\bayra\AppData\Local\Temp\cchLfeBc.s 			page 38


 2106 0070 00000000 		.4byte	.LFB16
 2107 0074 00000000 		.4byte	.LFE16
 2108 0078 00000000 		.4byte	.LFB17
 2109 007c 00000000 		.4byte	.LFE17
 2110 0080 00000000 		.4byte	.LFB18
 2111 0084 00000000 		.4byte	.LFE18
 2112 0088 00000000 		.4byte	.LFB19
 2113 008c 00000000 		.4byte	.LFE19
 2114 0090 00000000 		.4byte	.LFB20
 2115 0094 00000000 		.4byte	.LFE20
 2116 0098 00000000 		.4byte	.LFB21
 2117 009c 00000000 		.4byte	.LFE21
 2118 00a0 00000000 		.4byte	0
 2119 00a4 00000000 		.4byte	0
 2120              		.section	.debug_line,"",@progbits
 2121              	.Ldebug_line0:
 2122 0000 000003E0 		.section	.debug_str,"MS",@progbits,1
 2122      00020000 
 2122      01FF0201 
 2122      FB0E0D00 
 2122      01010101 
 2123              	.LASF9:
 2124 0000 6C6F6E67 		.string	"long long int"
 2124      206C6F6E 
 2124      6720696E 
 2124      7400
 2125              	.LASF28:
 2126 000e 6F73616C 		.string	"osalSysTime_MS2ST"
 2126      53797354 
 2126      696D655F 
 2126      4D533253 
 2126      5400
 2127              	.LASF6:
 2128 0020 5F5F7569 		.string	"__uint8_t"
 2128      6E74385F 
 2128      7400
 2129              	.LASF36:
 2130 002a 6F73616C 		.string	"osalThreadDelaySeconds"
 2130      54687265 
 2130      61644465 
 2130      6C617953 
 2130      65636F6E 
 2131              	.LASF42:
 2132 0041 6F73616C 		.string	"osalSysTimeReset"
 2132      53797354 
 2132      696D6552 
 2132      65736574 
 2132      00
 2133              	.LASF26:
 2134 0052 6F73616C 		.string	"osalSysTime_S2ST"
 2134      53797354 
 2134      696D655F 
 2134      53325354 
 2134      00
 2135              	.LASF15:
 2136 0063 6F73616C 		.string	"osalsystime_t"
 2136      73797374 
GAS LISTING C:\Users\bayra\AppData\Local\Temp\cchLfeBc.s 			page 39


 2136      696D655F 
 2136      7400
 2137              	.LASF44:
 2138 0071 6F73616C 		.string	"osalExitCritical"
 2138      45786974 
 2138      43726974 
 2138      6963616C 
 2138      00
 2139              	.LASF37:
 2140 0082 6F73616C 		.string	"osalThreadDelayMilliseconds"
 2140      54687265 
 2140      61644465 
 2140      6C61794D 
 2140      696C6C69 
 2141              	.LASF5:
 2142 009e 73686F72 		.string	"short unsigned int"
 2142      7420756E 
 2142      7369676E 
 2142      65642069 
 2142      6E7400
 2143              	.LASF54:
 2144 00b1 6F73616C 		.string	"osalTime_s"
 2144      54696D65 
 2144      5F7300
 2145              	.LASF24:
 2146 00bc 6F73616C 		.string	"osalTime_t"
 2146      54696D65 
 2146      5F7400
 2147              	.LASF31:
 2148 00c7 75736563 		.string	"usec"
 2148      00
 2149              	.LASF40:
 2150 00cc 6F73616C 		.string	"osalThreadGetMilliseconds"
 2150      54687265 
 2150      61644765 
 2150      744D696C 
 2150      6C697365 
 2151              	.LASF43:
 2152 00e6 6F73616C 		.string	"osalEnterCritical"
 2152      456E7465 
 2152      72437269 
 2152      74696361 
 2152      6C00
 2153              	.LASF10:
 2154 00f8 6C6F6E67 		.string	"long long unsigned int"
 2154      206C6F6E 
 2154      6720756E 
 2154      7369676E 
 2154      65642069 
 2155              	.LASF48:
 2156 010f 6F73616C 		.string	"osalTimeOps"
 2156      54696D65 
 2156      4F707300 
 2157              	.LASF3:
 2158 011b 756E7369 		.string	"unsigned char"
 2158      676E6564 
 2158      20636861 
GAS LISTING C:\Users\bayra\AppData\Local\Temp\cchLfeBc.s 			page 40


 2158      7200
 2159              	.LASF8:
 2160 0129 6C6F6E67 		.string	"long unsigned int"
 2160      20756E73 
 2160      69676E65 
 2160      6420696E 
 2160      7400
 2161              	.LASF33:
 2162 013b 7469636B 		.string	"ticks"
 2162      7300
 2163              	.LASF45:
 2164 0141 6F73616C 		.string	"osalEnterCriticalFromISR"
 2164      456E7465 
 2164      72437269 
 2164      74696361 
 2164      6C46726F 
 2165              	.LASF39:
 2166 015a 6F73616C 		.string	"osalThreadGetSeconds"
 2166      54687265 
 2166      61644765 
 2166      74536563 
 2166      6F6E6473 
 2167              	.LASF52:
 2168 016f 2E2F636F 		.string	"./components/spc58ecxx_osal_component_rla/lib/src/osal.c"
 2168      6D706F6E 
 2168      656E7473 
 2168      2F737063 
 2168      35386563 
 2169              	.LASF7:
 2170 01a8 5F5F7569 		.string	"__uint32_t"
 2170      6E743332 
 2170      5F7400
 2171              	.LASF53:
 2172 01b3 443A5C47 		.string	"D:\\GitKraken\\SPC58EC80E5\\Gateway"
 2172      69744B72 
 2172      616B656E 
 2172      5C535043 
 2172      35384543 
 2173              	.LASF38:
 2174 01d4 6F73616C 		.string	"osalThreadDelayMicroseconds"
 2174      54687265 
 2174      61644465 
 2174      6C61794D 
 2174      6963726F 
 2175              	.LASF34:
 2176 01f0 6F73616C 		.string	"osalSysTime_ST2MS"
 2176      53797354 
 2176      696D655F 
 2176      5354324D 
 2176      5300
 2177              	.LASF32:
 2178 0202 6F73616C 		.string	"osalSysTime_ST2S"
 2178      53797354 
 2178      696D655F 
 2178      53543253 
 2178      00
 2179              	.LASF4:
GAS LISTING C:\Users\bayra\AppData\Local\Temp\cchLfeBc.s 			page 41


 2180 0213 73686F72 		.string	"short int"
 2180      7420696E 
 2180      7400
 2181              	.LASF16:
 2182 021d 64656C61 		.string	"delayTicks_t"
 2182      79546963 
 2182      6B735F74 
 2182      00
 2183              	.LASF0:
 2184 022a 756E7369 		.string	"unsigned int"
 2184      676E6564 
 2184      20696E74 
 2184      00
 2185              	.LASF25:
 2186 0237 6F73616C 		.string	"osal_getpir"
 2186      5F676574 
 2186      70697200 
 2187              	.LASF20:
 2188 0243 64656C61 		.string	"delayTicks"
 2188      79546963 
 2188      6B7300
 2189              	.LASF13:
 2190 024e 75696E74 		.string	"uint8_t"
 2190      385F7400 
 2191              	.LASF22:
 2192 0256 656E7465 		.string	"enterCritical"
 2192      72437269 
 2192      74696361 
 2192      6C00
 2193              	.LASF55:
 2194 0264 6F73616C 		.string	"osalSysTimeSetup"
 2194      53797354 
 2194      696D6553 
 2194      65747570 
 2194      00
 2195              	.LASF46:
 2196 0275 6F73616C 		.string	"osalExitCriticalFromISR"
 2196      45786974 
 2196      43726974 
 2196      6963616C 
 2196      46726F6D 
 2197              	.LASF2:
 2198 028d 7369676E 		.string	"signed char"
 2198      65642063 
 2198      68617200 
 2199              	.LASF47:
 2200 0299 6F73616C 		.string	"osalInit"
 2200      496E6974 
 2200      00
 2201              	.LASF41:
 2202 02a2 6F73616C 		.string	"osalThreadGetMicroseconds"
 2202      54687265 
 2202      61644765 
 2202      744D6963 
 2202      726F7365 
 2203              	.LASF11:
 2204 02bc 73697A65 		.string	"sizetype"
GAS LISTING C:\Users\bayra\AppData\Local\Temp\cchLfeBc.s 			page 42


 2204      74797065 
 2204      00
 2205              	.LASF27:
 2206 02c5 7469636B 		.string	"ticks_per_sec"
 2206      735F7065 
 2206      725F7365 
 2206      6300
 2207              	.LASF21:
 2208 02d3 67657454 		.string	"getTicks"
 2208      69636B73 
 2208      00
 2209              	.LASF35:
 2210 02dc 6F73616C 		.string	"osalSysTime_ST2US"
 2210      53797354 
 2210      696D655F 
 2210      53543255 
 2210      5300
 2211              	.LASF23:
 2212 02ee 65786974 		.string	"exitCritical"
 2212      43726974 
 2212      6963616C 
 2212      00
 2213              	.LASF29:
 2214 02fb 6D736563 		.string	"msec"
 2214      00
 2215              	.LASF18:
 2216 0300 656E7465 		.string	"enterCritical_t"
 2216      72437269 
 2216      74696361 
 2216      6C5F7400 
 2217              	.LASF17:
 2218 0310 67657454 		.string	"getTicks_t"
 2218      69636B73 
 2218      5F7400
 2219              	.LASF49:
 2220 031b 6F73616C 		.string	"osal_ticks_per_sec"
 2220      5F746963 
 2220      6B735F70 
 2220      65725F73 
 2220      656300
 2221              	.LASF19:
 2222 032e 65786974 		.string	"exitCritical_t"
 2222      43726974 
 2222      6963616C 
 2222      5F7400
 2223              	.LASF14:
 2224 033d 75696E74 		.string	"uint32_t"
 2224      33325F74 
 2224      00
 2225              	.LASF1:
 2226 0346 6C6F6E67 		.string	"long int"
 2226      20696E74 
 2226      00
 2227              	.LASF12:
 2228 034f 63686172 		.string	"char"
 2228      00
 2229              	.LASF51:
GAS LISTING C:\Users\bayra\AppData\Local\Temp\cchLfeBc.s 			page 43


 2230 0354 474E5520 		.ascii	"GNU C 4.9.4 20160726 (Sat May 27 11:09:55 CDT 2017         b"
 2230      4320342E 
 2230      392E3420 
 2230      32303136 
 2230      30373236 
 2231 0390 75696C64 		.ascii	"uild.sh"
 2231      2E7368
 2232 0397 20726576 		.string	" rev=gd8b6c20 s=F494 ELe200 -V release_gd8b6c20_build_Fed_ELe200_ML0) -mcall-sysv -mcpu=e
 2232      3D676438 
 2232      62366332 
 2232      3020733D 
 2232      46343934 
 2233              	.LASF30:
 2234 0498 6F73616C 		.string	"osalSysTime_US2ST"
 2234      53797354 
 2234      696D655F 
 2234      55533253 
 2234      5400
 2235              	.LASF50:
 2236 04aa 6F73616C 		.string	"osalsystime"
 2236      73797374 
 2236      696D6500 
 2237              		.ident	"GCC: (GNU) 4.9.4 20160726 (Sat May 27 11:09:55 CDT 2017         build.sh rev=gd8b6c20 s=F4
GAS LISTING C:\Users\bayra\AppData\Local\Temp\cchLfeBc.s 			page 44


DEFINED SYMBOLS
                            *ABS*:00000000 osal.c
C:\Users\bayra\AppData\Local\Temp\cchLfeBc.s:9      .text.osal_getpir:00000000 osal_getpir
C:\Users\bayra\AppData\Local\Temp\cchLfeBc.s:55     .bss.osalTimeOps:00000000 osalTimeOps
C:\Users\bayra\AppData\Local\Temp\cchLfeBc.s:61     .bss.osal_ticks_per_sec:00000000 osal_ticks_per_sec
C:\Users\bayra\AppData\Local\Temp\cchLfeBc.s:67     .bss.osalsystime:00000000 osalsystime
C:\Users\bayra\AppData\Local\Temp\cchLfeBc.s:74     .text.osalSysTimeSetup:00000000 osalSysTimeSetup
C:\Users\bayra\AppData\Local\Temp\cchLfeBc.s:112    .text.osalSysTimeReset:00000000 osalSysTimeReset
C:\Users\bayra\AppData\Local\Temp\cchLfeBc.s:138    .text.osalSysTime_S2ST:00000000 osalSysTime_S2ST
C:\Users\bayra\AppData\Local\Temp\cchLfeBc.s:164    .text.osalSysTime_MS2ST:00000000 osalSysTime_MS2ST
C:\Users\bayra\AppData\Local\Temp\cchLfeBc.s:210    .text.osalSysTime_US2ST:00000000 osalSysTime_US2ST
C:\Users\bayra\AppData\Local\Temp\cchLfeBc.s:256    .text.osalSysTime_ST2S:00000000 osalSysTime_ST2S
C:\Users\bayra\AppData\Local\Temp\cchLfeBc.s:282    .text.osalSysTime_ST2MS:00000000 osalSysTime_ST2MS
C:\Users\bayra\AppData\Local\Temp\cchLfeBc.s:310    .text.osalSysTime_ST2US:00000000 osalSysTime_ST2US
C:\Users\bayra\AppData\Local\Temp\cchLfeBc.s:340    .text.osalThreadDelaySeconds:00000000 osalThreadDelaySeconds
C:\Users\bayra\AppData\Local\Temp\cchLfeBc.s:385    .text.osalThreadDelayMilliseconds:00000000 osalThreadDelayMilliseconds
C:\Users\bayra\AppData\Local\Temp\cchLfeBc.s:430    .text.osalThreadDelayMicroseconds:00000000 osalThreadDelayMicroseconds
C:\Users\bayra\AppData\Local\Temp\cchLfeBc.s:475    .text.osalThreadGetSeconds:00000000 osalThreadGetSeconds
C:\Users\bayra\AppData\Local\Temp\cchLfeBc.s:516    .text.osalThreadGetMilliseconds:00000000 osalThreadGetMilliseconds
C:\Users\bayra\AppData\Local\Temp\cchLfeBc.s:557    .text.osalThreadGetMicroseconds:00000000 osalThreadGetMicroseconds
C:\Users\bayra\AppData\Local\Temp\cchLfeBc.s:598    .text.osalEnterCritical:00000000 osalEnterCritical
C:\Users\bayra\AppData\Local\Temp\cchLfeBc.s:634    .text.osalExitCritical:00000000 osalExitCritical
C:\Users\bayra\AppData\Local\Temp\cchLfeBc.s:670    .text.osalEnterCriticalFromISR:00000000 osalEnterCriticalFromISR
C:\Users\bayra\AppData\Local\Temp\cchLfeBc.s:684    .text.osalExitCriticalFromISR:00000000 osalExitCriticalFromISR
C:\Users\bayra\AppData\Local\Temp\cchLfeBc.s:698    .text.osalInit:00000000 osalInit

UNDEFINED SYMBOLS
sysTimeSetup
sysTimeReset
memset
vTaskDelay
xTaskGetTickCount
vTaskEnterCritical
vTaskExitCritical
