GAS LISTING C:\Users\bayra\AppData\Local\Temp\cc0Ytu1c.s 			page 1


   1              		.file	"port.c"
   2              		.section	".text","axv"
   3              	.Ltext0:
   4              		.cfi_sections	.debug_frame
   5              		.section	.text.pxPortInitialiseStack,"axv",@progbits
   6              		.align 1
   7              		.p2align 4,,15
   8              		.globl pxPortInitialiseStack
   9              		.type	pxPortInitialiseStack, @function
  10              	pxPortInitialiseStack:
  11              	.LFB3:
  12              		.file 1 "./components/spc5_freertos_component_rla/lib/portable/port.c"
  13              		.loc 1 124 0
  14              		.cfi_startproc
  15 0000 182106E8 		e_stwu %r1,-24(%r1)
  16              	.LCFI0:
  17              		.cfi_def_cfa_offset 24
  18 0004 D231     		se_stw %r3,8(%r1)
  19 0006 D341     		se_stw %r4,12(%r1)
  20 0008 D451     		se_stw %r5,16(%r1)
  21              		.loc 1 137 0
  22              	 # 137 "./components/spc5_freertos_component_rla/lib/portable/port.c" 1
  23 000a 7CC000A6 		mfmsr	%r6	
  24              	
  25              	 # 0 "" 2
  26              		.loc 1 138 0
  27              	 # 138 "./components/spc5_freertos_component_rla/lib/portable/port.c" 1
  28 000e 18C7D180 		e_ori	%r7, %r6, 32768	
  29              	
  30              	 # 0 "" 2
  31              		.loc 1 142 0
  32 0012 C251     		se_lwz %r5,8(%r1)
  33 0014 18A584E0 		e_addi %r5,%r5,-32
  34 0018 D251     		se_stw %r5,8(%r1)
  35              		.loc 1 143 0
  36 001a C251     		se_lwz %r5,8(%r1)
  37 001c 18A584FC 		e_addi %r5,%r5,-4
  38 0020 D251     		se_stw %r5,8(%r1)
  39 0022 C251     		se_lwz %r5,8(%r1)
  40 0024 4804     		se_li %r4,0
  41 0026 D045     		se_stw %r4,0(%r5)
  42              		.loc 1 144 0
  43 0028 C251     		se_lwz %r5,8(%r1)
  44 002a 18A584FC 		e_addi %r5,%r5,-4
  45 002e D251     		se_stw %r5,8(%r1)
  46 0030 C251     		se_lwz %r5,8(%r1)
  47 0032 4804     		se_li %r4,0
  48 0034 D045     		se_stw %r4,0(%r5)
  49              		.loc 1 145 0
  50 0036 C251     		se_lwz %r5,8(%r1)
  51 0038 18A584FC 		e_addi %r5,%r5,-4
  52 003c D251     		se_stw %r5,8(%r1)
  53 003e C341     		se_lwz %r4,12(%r1)
  54 0040 C251     		se_lwz %r5,8(%r1)
  55 0042 D045     		se_stw %r4,0(%r5)
  56              		.loc 1 146 0
  57 0044 C251     		se_lwz %r5,8(%r1)
GAS LISTING C:\Users\bayra\AppData\Local\Temp\cc0Ytu1c.s 			page 2


  58 0046 18A584FC 		e_addi %r5,%r5,-4
  59 004a D251     		se_stw %r5,8(%r1)
  60 004c C251     		se_lwz %r5,8(%r1)
  61 004e 4804     		se_li %r4,0
  62 0050 D045     		se_stw %r4,0(%r5)
  63              		.loc 1 147 0
  64 0052 C251     		se_lwz %r5,8(%r1)
  65 0054 18A584FC 		e_addi %r5,%r5,-4
  66 0058 D251     		se_stw %r5,8(%r1)
  67 005a C251     		se_lwz %r5,8(%r1)
  68 005c 4B14     		se_li %r4,49
  69 005e D045     		se_stw %r4,0(%r5)
  70              		.loc 1 148 0
  71 0060 C251     		se_lwz %r5,8(%r1)
  72 0062 18A584FC 		e_addi %r5,%r5,-4
  73 0066 D251     		se_stw %r5,8(%r1)
  74 0068 C251     		se_lwz %r5,8(%r1)
  75 006a 4B04     		se_li %r4,48
  76 006c D045     		se_stw %r4,0(%r5)
  77              		.loc 1 149 0
  78 006e C251     		se_lwz %r5,8(%r1)
  79 0070 18A584FC 		e_addi %r5,%r5,-4
  80 0074 D251     		se_stw %r5,8(%r1)
  81 0076 C251     		se_lwz %r5,8(%r1)
  82 0078 4A94     		se_li %r4,41
  83 007a D045     		se_stw %r4,0(%r5)
  84              		.loc 1 150 0
  85 007c C251     		se_lwz %r5,8(%r1)
  86 007e 18A584FC 		e_addi %r5,%r5,-4
  87 0082 D251     		se_stw %r5,8(%r1)
  88 0084 C251     		se_lwz %r5,8(%r1)
  89 0086 4A84     		se_li %r4,40
  90 0088 D045     		se_stw %r4,0(%r5)
  91              		.loc 1 151 0
  92 008a C251     		se_lwz %r5,8(%r1)
  93 008c 18A584FC 		e_addi %r5,%r5,-4
  94 0090 D251     		se_stw %r5,8(%r1)
  95 0092 C251     		se_lwz %r5,8(%r1)
  96 0094 4A74     		se_li %r4,39
  97 0096 D045     		se_stw %r4,0(%r5)
  98              		.loc 1 152 0
  99 0098 C251     		se_lwz %r5,8(%r1)
 100 009a 18A584FC 		e_addi %r5,%r5,-4
 101 009e D251     		se_stw %r5,8(%r1)
 102 00a0 C251     		se_lwz %r5,8(%r1)
 103 00a2 4A64     		se_li %r4,38
 104 00a4 D045     		se_stw %r4,0(%r5)
 105              		.loc 1 153 0
 106 00a6 C251     		se_lwz %r5,8(%r1)
 107 00a8 18A584FC 		e_addi %r5,%r5,-4
 108 00ac D251     		se_stw %r5,8(%r1)
 109 00ae C251     		se_lwz %r5,8(%r1)
 110 00b0 4A54     		se_li %r4,37
 111 00b2 D045     		se_stw %r4,0(%r5)
 112              		.loc 1 154 0
 113 00b4 C251     		se_lwz %r5,8(%r1)
 114 00b6 18A584FC 		e_addi %r5,%r5,-4
GAS LISTING C:\Users\bayra\AppData\Local\Temp\cc0Ytu1c.s 			page 3


 115 00ba D251     		se_stw %r5,8(%r1)
 116 00bc C251     		se_lwz %r5,8(%r1)
 117 00be 4A44     		se_li %r4,36
 118 00c0 D045     		se_stw %r4,0(%r5)
 119              		.loc 1 155 0
 120 00c2 C251     		se_lwz %r5,8(%r1)
 121 00c4 18A584FC 		e_addi %r5,%r5,-4
 122 00c8 D251     		se_stw %r5,8(%r1)
 123 00ca C251     		se_lwz %r5,8(%r1)
 124 00cc 4A34     		se_li %r4,35
 125 00ce D045     		se_stw %r4,0(%r5)
 126              		.loc 1 156 0
 127 00d0 C251     		se_lwz %r5,8(%r1)
 128 00d2 18A584FC 		e_addi %r5,%r5,-4
 129 00d6 D251     		se_stw %r5,8(%r1)
 130 00d8 C251     		se_lwz %r5,8(%r1)
 131 00da 4A24     		se_li %r4,34
 132 00dc D045     		se_stw %r4,0(%r5)
 133              		.loc 1 157 0
 134 00de C251     		se_lwz %r5,8(%r1)
 135 00e0 18A584FC 		e_addi %r5,%r5,-4
 136 00e4 D251     		se_stw %r5,8(%r1)
 137 00e6 C251     		se_lwz %r5,8(%r1)
 138 00e8 4A14     		se_li %r4,33
 139 00ea D045     		se_stw %r4,0(%r5)
 140              		.loc 1 158 0
 141 00ec C251     		se_lwz %r5,8(%r1)
 142 00ee 18A584FC 		e_addi %r5,%r5,-4
 143 00f2 D251     		se_stw %r5,8(%r1)
 144 00f4 C251     		se_lwz %r5,8(%r1)
 145 00f6 4A04     		se_li %r4,32
 146 00f8 D045     		se_stw %r4,0(%r5)
 147              		.loc 1 159 0
 148 00fa C251     		se_lwz %r5,8(%r1)
 149 00fc 18A584FC 		e_addi %r5,%r5,-4
 150 0100 D251     		se_stw %r5,8(%r1)
 151 0102 C251     		se_lwz %r5,8(%r1)
 152 0104 4994     		se_li %r4,25
 153 0106 D045     		se_stw %r4,0(%r5)
 154              		.loc 1 160 0
 155 0108 C251     		se_lwz %r5,8(%r1)
 156 010a 18A584FC 		e_addi %r5,%r5,-4
 157 010e D251     		se_stw %r5,8(%r1)
 158 0110 C251     		se_lwz %r5,8(%r1)
 159 0112 4984     		se_li %r4,24
 160 0114 D045     		se_stw %r4,0(%r5)
 161              		.loc 1 161 0
 162 0116 C251     		se_lwz %r5,8(%r1)
 163 0118 18A584FC 		e_addi %r5,%r5,-4
 164 011c D251     		se_stw %r5,8(%r1)
 165 011e C251     		se_lwz %r5,8(%r1)
 166 0120 4974     		se_li %r4,23
 167 0122 D045     		se_stw %r4,0(%r5)
 168              		.loc 1 162 0
 169 0124 C251     		se_lwz %r5,8(%r1)
 170 0126 18A584FC 		e_addi %r5,%r5,-4
 171 012a D251     		se_stw %r5,8(%r1)
GAS LISTING C:\Users\bayra\AppData\Local\Temp\cc0Ytu1c.s 			page 4


 172 012c C251     		se_lwz %r5,8(%r1)
 173 012e 4964     		se_li %r4,22
 174 0130 D045     		se_stw %r4,0(%r5)
 175              		.loc 1 163 0
 176 0132 C251     		se_lwz %r5,8(%r1)
 177 0134 18A584FC 		e_addi %r5,%r5,-4
 178 0138 D251     		se_stw %r5,8(%r1)
 179 013a C251     		se_lwz %r5,8(%r1)
 180 013c 4954     		se_li %r4,21
 181 013e D045     		se_stw %r4,0(%r5)
 182              		.loc 1 164 0
 183 0140 C251     		se_lwz %r5,8(%r1)
 184 0142 18A584FC 		e_addi %r5,%r5,-4
 185 0146 D251     		se_stw %r5,8(%r1)
 186 0148 C251     		se_lwz %r5,8(%r1)
 187 014a 4944     		se_li %r4,20
 188 014c D045     		se_stw %r4,0(%r5)
 189              		.loc 1 168 0
 190 014e C251     		se_lwz %r5,8(%r1)
 191 0150 18A584FC 		e_addi %r5,%r5,-4
 192 0154 D251     		se_stw %r5,8(%r1)
 193 0156 70A0E000 		e_lis %r5,__sdata2_start__@ha
 194 015a 1C850000 		e_la %r4,__sdata2_start__@l(%r5)
 195 015e C251     		se_lwz %r5,8(%r1)
 196 0160 D045     		se_stw %r4,0(%r5)
 197              		.loc 1 170 0
 198 0162 C251     		se_lwz %r5,8(%r1)
 199 0164 18A584FC 		e_addi %r5,%r5,-4
 200 0168 D251     		se_stw %r5,8(%r1)
 201 016a C251     		se_lwz %r5,8(%r1)
 202 016c 4924     		se_li %r4,18
 203 016e D045     		se_stw %r4,0(%r5)
 204              		.loc 1 171 0
 205 0170 C251     		se_lwz %r5,8(%r1)
 206 0172 18A584FC 		e_addi %r5,%r5,-4
 207 0176 D251     		se_stw %r5,8(%r1)
 208 0178 C251     		se_lwz %r5,8(%r1)
 209 017a 4914     		se_li %r4,17
 210 017c D045     		se_stw %r4,0(%r5)
 211              		.loc 1 172 0
 212 017e C251     		se_lwz %r5,8(%r1)
 213 0180 18A584FC 		e_addi %r5,%r5,-4
 214 0184 D251     		se_stw %r5,8(%r1)
 215 0186 C251     		se_lwz %r5,8(%r1)
 216 0188 4904     		se_li %r4,16
 217 018a D045     		se_stw %r4,0(%r5)
 218              		.loc 1 173 0
 219 018c C251     		se_lwz %r5,8(%r1)
 220 018e 18A584FC 		e_addi %r5,%r5,-4
 221 0192 D251     		se_stw %r5,8(%r1)
 222 0194 C251     		se_lwz %r5,8(%r1)
 223 0196 4894     		se_li %r4,9
 224 0198 D045     		se_stw %r4,0(%r5)
 225              		.loc 1 174 0
 226 019a C251     		se_lwz %r5,8(%r1)
 227 019c 18A584FC 		e_addi %r5,%r5,-4
 228 01a0 D251     		se_stw %r5,8(%r1)
GAS LISTING C:\Users\bayra\AppData\Local\Temp\cc0Ytu1c.s 			page 5


 229 01a2 C251     		se_lwz %r5,8(%r1)
 230 01a4 4884     		se_li %r4,8
 231 01a6 D045     		se_stw %r4,0(%r5)
 232              		.loc 1 175 0
 233 01a8 C251     		se_lwz %r5,8(%r1)
 234 01aa 18A584FC 		e_addi %r5,%r5,-4
 235 01ae D251     		se_stw %r5,8(%r1)
 236 01b0 C251     		se_lwz %r5,8(%r1)
 237 01b2 4874     		se_li %r4,7
 238 01b4 D045     		se_stw %r4,0(%r5)
 239              		.loc 1 176 0
 240 01b6 C251     		se_lwz %r5,8(%r1)
 241 01b8 18A584FC 		e_addi %r5,%r5,-4
 242 01bc D251     		se_stw %r5,8(%r1)
 243 01be C251     		se_lwz %r5,8(%r1)
 244 01c0 4864     		se_li %r4,6
 245 01c2 D045     		se_stw %r4,0(%r5)
 246              		.loc 1 177 0
 247 01c4 C251     		se_lwz %r5,8(%r1)
 248 01c6 18A584FC 		e_addi %r5,%r5,-4
 249 01ca D251     		se_stw %r5,8(%r1)
 250 01cc C251     		se_lwz %r5,8(%r1)
 251 01ce 4854     		se_li %r4,5
 252 01d0 D045     		se_stw %r4,0(%r5)
 253              		.loc 1 178 0
 254 01d2 C251     		se_lwz %r5,8(%r1)
 255 01d4 18A584FC 		e_addi %r5,%r5,-4
 256 01d8 D251     		se_stw %r5,8(%r1)
 257 01da C251     		se_lwz %r5,8(%r1)
 258 01dc 4844     		se_li %r4,4
 259 01de D045     		se_stw %r4,0(%r5)
 260              		.loc 1 179 0
 261 01e0 C251     		se_lwz %r5,8(%r1)
 262 01e2 18A584FC 		e_addi %r5,%r5,-4
 263 01e6 D251     		se_stw %r5,8(%r1)
 264 01e8 C441     		se_lwz %r4,16(%r1)
 265 01ea C251     		se_lwz %r5,8(%r1)
 266 01ec D045     		se_stw %r4,0(%r5)
 267              		.loc 1 183 0
 268 01ee C251     		se_lwz %r5,8(%r1)
 269 01f0 18A584FC 		e_addi %r5,%r5,-4
 270 01f4 D251     		se_stw %r5,8(%r1)
 271 01f6 70A0E000 		e_lis %r5,__sdata2_start__@ha
 272 01fa 1C850000 		e_la %r4,__sdata2_start__@l(%r5)
 273 01fe C251     		se_lwz %r5,8(%r1)
 274 0200 D045     		se_stw %r4,0(%r5)
 275              		.loc 1 185 0
 276 0202 C251     		se_lwz %r5,8(%r1)
 277 0204 18A584FC 		e_addi %r5,%r5,-4
 278 0208 D251     		se_stw %r5,8(%r1)
 279 020a C251     		se_lwz %r5,8(%r1)
 280 020c 4814     		se_li %r4,1
 281 020e D045     		se_stw %r4,0(%r5)
 282              		.loc 1 186 0
 283 0210 C251     		se_lwz %r5,8(%r1)
 284 0212 18A584FC 		e_addi %r5,%r5,-4
 285 0216 D251     		se_stw %r5,8(%r1)
GAS LISTING C:\Users\bayra\AppData\Local\Temp\cc0Ytu1c.s 			page 6


 286 0218 C251     		se_lwz %r5,8(%r1)
 287 021a 4804     		se_li %r4,0
 288 021c D045     		se_stw %r4,0(%r5)
 289              		.loc 1 187 0
 290 021e C251     		se_lwz %r5,8(%r1)
 291 0220 18A584FC 		e_addi %r5,%r5,-4
 292 0224 D251     		se_stw %r5,8(%r1)
 293 0226 0175     		se_mr %r5,%r7
 294 0228 C271     		se_lwz %r7,8(%r1)
 295 022a D057     		se_stw %r5,0(%r7)
 296              		.loc 1 188 0
 297 022c C271     		se_lwz %r7,8(%r1)
 298 022e 18E784FC 		e_addi %r7,%r7,-4
 299 0232 D271     		se_stw %r7,8(%r1)
 300 0234 C351     		se_lwz %r5,12(%r1)
 301 0236 C271     		se_lwz %r7,8(%r1)
 302 0238 D057     		se_stw %r5,0(%r7)
 303              		.loc 1 189 0
 304 023a C271     		se_lwz %r7,8(%r1)
 305 023c 18E784FC 		e_addi %r7,%r7,-4
 306 0240 D271     		se_stw %r7,8(%r1)
 307 0242 C271     		se_lwz %r7,8(%r1)
 308 0244 D067     		se_stw %r6,0(%r7)
 309              		.loc 1 191 0
 310 0246 C271     		se_lwz %r7,8(%r1)
 311 0248 18E784E0 		e_addi %r7,%r7,-32
 312 024c D271     		se_stw %r7,8(%r1)
 313              		.loc 1 192 0
 314 024e C271     		se_lwz %r7,8(%r1)
 315 0250 70D7E2DA 		e_lis %r6,0xbada
 316 0254 70D7C2DA 		e_or2i %r6,47834
 317 0258 D067     		se_stw %r6,0(%r7)
 318              		.loc 1 194 0
 319 025a C271     		se_lwz %r7,8(%r1)
 320              		.loc 1 195 0
 321 025c 0173     		se_mr %r3,%r7
 322 025e 2171     		se_addi %r1,24
 323              	.LCFI1:
 324              		.cfi_def_cfa_offset 0
 325 0260 0004     		se_blr
 326              		.cfi_endproc
 327              	.LFE3:
 328              		.size	pxPortInitialiseStack, .-pxPortInitialiseStack
 329              		.section	.text.xPortStartScheduler,"axv",@progbits
 330              		.align 1
 331              		.p2align 4,,15
 332              		.globl xPortStartScheduler
 333              		.type	xPortStartScheduler, @function
 334              	xPortStartScheduler:
 335              	.LFB4:
 336              		.loc 1 199 0
 337              		.cfi_startproc
 338 0000 182106F8 		e_stwu %r1,-8(%r1)
 339              	.LCFI2:
 340              		.cfi_def_cfa_offset 8
 341 0004 0080     		se_mflr %r0
 342 0006 D301     		se_stw %r0,12(%r1)
GAS LISTING C:\Users\bayra\AppData\Local\Temp\cc0Ytu1c.s 			page 7


 343              		.cfi_offset 65, 4
 344              		.loc 1 200 0
 345 0008 78000001 		e_bl prvPortTimerSetup
 346              		.loc 1 202 0
 347 000c 78000001 		e_bl vPortStartFirstTask
 348              		.loc 1 205 0
 349 0010 4807     		se_li %r7,0
 350              		.loc 1 206 0
 351 0012 0173     		se_mr %r3,%r7
 352 0014 C301     		se_lwz %r0,12(%r1)
 353 0016 0090     		se_mtlr %r0
 354 0018 2071     		se_addi %r1,8
 355              	.LCFI3:
 356              		.cfi_def_cfa_offset 0
 357 001a 0004     		se_blr
 358              		.cfi_endproc
 359              	.LFE4:
 360              		.size	xPortStartScheduler, .-xPortStartScheduler
 361              		.section	.text.vPortEndScheduler,"axv",@progbits
 362              		.align 1
 363              		.p2align 4,,15
 364              		.globl vPortEndScheduler
 365              		.type	vPortEndScheduler, @function
 366              	vPortEndScheduler:
 367              	.LFB5:
 368              		.loc 1 210 0
 369              		.cfi_startproc
 370              	.L6:
 371              		.loc 1 212 0 discriminator 1
 372 0000 78000000 		e_b .L6
 373              		.cfi_endproc
 374              	.LFE5:
 375              		.size	vPortEndScheduler, .-vPortEndScheduler
 376              		.section	.text.prvPortTimerSetup,"axv",@progbits
 377              		.align 1
 378              		.p2align 4,,15
 379              		.globl prvPortTimerSetup
 380              		.type	prvPortTimerSetup, @function
 381              	prvPortTimerSetup:
 382              	.LFB6:
 383              		.loc 1 217 0
 384              		.cfi_startproc
 385 0000 182106F8 		e_stwu %r1,-8(%r1)
 386              	.LCFI4:
 387              		.cfi_def_cfa_offset 8
 388 0004 0080     		se_mflr %r0
 389 0006 D301     		se_stw %r0,12(%r1)
 390              		.cfi_offset 65, 4
 391              		.loc 1 219 0
 392 0008 706003E8 		e_li %r3,1000
 393 000c 78000001 		e_bl osalSysTimeSetup
 394              		.loc 1 221 0
 395 0010 C301     		se_lwz %r0,12(%r1)
 396 0012 0090     		se_mtlr %r0
 397 0014 2071     		se_addi %r1,8
 398              	.LCFI5:
 399              		.cfi_def_cfa_offset 0
GAS LISTING C:\Users\bayra\AppData\Local\Temp\cc0Ytu1c.s 			page 8


 400 0016 0004     		se_blr
 401              		.cfi_endproc
 402              	.LFE6:
 403              		.size	prvPortTimerSetup, .-prvPortTimerSetup
 404              		.section	.text.vPortTimerReset,"axv",@progbits
 405              		.align 1
 406              		.p2align 4,,15
 407              		.globl vPortTimerReset
 408              		.type	vPortTimerReset, @function
 409              	vPortTimerReset:
 410              	.LFB7:
 411              		.loc 1 225 0
 412              		.cfi_startproc
 413 0000 182106F8 		e_stwu %r1,-8(%r1)
 414              	.LCFI6:
 415              		.cfi_def_cfa_offset 8
 416 0004 0080     		se_mflr %r0
 417 0006 D301     		se_stw %r0,12(%r1)
 418              		.cfi_offset 65, 4
 419              		.loc 1 227 0
 420 0008 78000001 		e_bl osalSysTimeReset
 421              		.loc 1 229 0
 422 000c C301     		se_lwz %r0,12(%r1)
 423 000e 0090     		se_mtlr %r0
 424 0010 2071     		se_addi %r1,8
 425              	.LCFI7:
 426              		.cfi_def_cfa_offset 0
 427 0012 0004     		se_blr
 428              		.cfi_endproc
 429              	.LFE7:
 430              		.size	vPortTimerReset, .-vPortTimerReset
 431              		.section	.text.vector226,"axv",@progbits
 432              		.align 1
 433              		.p2align 4,,15
 434              		.globl vector226
 435              		.type	vector226, @function
 436              	vector226:
 437              	.LFB8:
 438              		.loc 1 233 0
 439              		.cfi_startproc
 440 0000 182106F8 		e_stwu %r1,-8(%r1)
 441              	.LCFI8:
 442              		.cfi_def_cfa_offset 8
 443 0004 0080     		se_mflr %r0
 444 0006 D301     		se_stw %r0,12(%r1)
 445              		.cfi_offset 65, 4
 446              		.loc 1 234 0
 447 0008 78000001 		e_bl xTaskIncrementTick
 448              		.loc 1 239 0
 449 000c 78000001 		e_bl vTaskSwitchContext
 450              		.loc 1 241 0
 451 0010 78000001 		e_bl vPortTimerReset
 452              		.loc 1 242 0
 453 0014 C301     		se_lwz %r0,12(%r1)
 454 0016 0090     		se_mtlr %r0
 455 0018 2071     		se_addi %r1,8
 456              	.LCFI9:
GAS LISTING C:\Users\bayra\AppData\Local\Temp\cc0Ytu1c.s 			page 9


 457              		.cfi_def_cfa_offset 0
 458 001a 0004     		se_blr
 459              		.cfi_endproc
 460              	.LFE8:
 461              		.size	vector226, .-vector226
 462              		.section	".text","axv"
 463              	.Letext0:
 464              		.file 2 "./components/spc5_freertos_component_rla/lib/include/projdefs.h"
 465              		.file 3 "./components/spc5_freertos_component_rla/lib/portable/portmacro.h"
 466              		.section	.debug_info,"",@progbits
 467              	.Ldebug_info0:
 468 0000 00000196 		.4byte	0x196
 469 0004 0002     		.2byte	0x2
 470 0006 00000000 		.4byte	.Ldebug_abbrev0
 471 000a 04       		.byte	0x4
 472 000b 01       		.uleb128 0x1
 473 000c 00000000 		.4byte	.LASF21
 474 0010 01       		.byte	0x1
 475 0011 00000000 		.4byte	.LASF22
 476 0015 00000000 		.4byte	.LASF23
 477 0019 00000000 		.4byte	.Ldebug_ranges0+0
 478 001d 00000000 		.4byte	0
 479 0021 00000000 		.4byte	0
 480 0025 00000000 		.4byte	.Ldebug_line0
 481 0029 02       		.uleb128 0x2
 482 002a 04       		.byte	0x4
 483 002b 05       		.byte	0x5
 484 002c 696E7400 		.string	"int"
 485 0030 03       		.uleb128 0x3
 486 0031 04       		.byte	0x4
 487 0032 07       		.byte	0x7
 488 0033 00000000 		.4byte	.LASF0
 489 0037 03       		.uleb128 0x3
 490 0038 04       		.byte	0x4
 491 0039 05       		.byte	0x5
 492 003a 00000000 		.4byte	.LASF1
 493 003e 03       		.uleb128 0x3
 494 003f 01       		.byte	0x1
 495 0040 06       		.byte	0x6
 496 0041 00000000 		.4byte	.LASF2
 497 0045 03       		.uleb128 0x3
 498 0046 01       		.byte	0x1
 499 0047 08       		.byte	0x8
 500 0048 00000000 		.4byte	.LASF3
 501 004c 03       		.uleb128 0x3
 502 004d 02       		.byte	0x2
 503 004e 05       		.byte	0x5
 504 004f 00000000 		.4byte	.LASF4
 505 0053 03       		.uleb128 0x3
 506 0054 02       		.byte	0x2
 507 0055 07       		.byte	0x7
 508 0056 00000000 		.4byte	.LASF5
 509 005a 03       		.uleb128 0x3
 510 005b 04       		.byte	0x4
 511 005c 07       		.byte	0x7
 512 005d 00000000 		.4byte	.LASF6
 513 0061 03       		.uleb128 0x3
GAS LISTING C:\Users\bayra\AppData\Local\Temp\cc0Ytu1c.s 			page 10


 514 0062 08       		.byte	0x8
 515 0063 05       		.byte	0x5
 516 0064 00000000 		.4byte	.LASF7
 517 0068 03       		.uleb128 0x3
 518 0069 08       		.byte	0x8
 519 006a 07       		.byte	0x7
 520 006b 00000000 		.4byte	.LASF8
 521 006f 04       		.uleb128 0x4
 522 0070 00000000 		.4byte	.LASF9
 523 0074 02       		.byte	0x2
 524 0075 23       		.byte	0x23
 525 0076 0000007A 		.4byte	0x7a
 526 007a 05       		.uleb128 0x5
 527 007b 04       		.byte	0x4
 528 007c 00000080 		.4byte	0x80
 529 0080 06       		.uleb128 0x6
 530 0081 01       		.byte	0x1
 531 0082 0000008C 		.4byte	0x8c
 532 0086 07       		.uleb128 0x7
 533 0087 0000008C 		.4byte	0x8c
 534 008b 00       		.byte	0
 535 008c 08       		.uleb128 0x8
 536 008d 04       		.byte	0x4
 537 008e 04       		.uleb128 0x4
 538 008f 00000000 		.4byte	.LASF10
 539 0093 03       		.byte	0x3
 540 0094 62       		.byte	0x62
 541 0095 00000037 		.4byte	0x37
 542 0099 03       		.uleb128 0x3
 543 009a 04       		.byte	0x4
 544 009b 07       		.byte	0x7
 545 009c 00000000 		.4byte	.LASF11
 546 00a0 03       		.uleb128 0x3
 547 00a1 01       		.byte	0x1
 548 00a2 08       		.byte	0x8
 549 00a3 00000000 		.4byte	.LASF12
 550 00a7 09       		.uleb128 0x9
 551 00a8 01       		.byte	0x1
 552 00a9 00000000 		.4byte	.LASF24
 553 00ad 01       		.byte	0x1
 554 00ae 7B       		.byte	0x7b
 555 00af 01       		.byte	0x1
 556 00b0 0000010A 		.4byte	0x10a
 557 00b4 00000000 		.4byte	.LFB3
 558 00b8 00000000 		.4byte	.LFE3
 559 00bc 00000000 		.4byte	.LLST0
 560 00c0 01       		.byte	0x1
 561 00c1 0000010A 		.4byte	0x10a
 562 00c5 0A       		.uleb128 0xa
 563 00c6 00000000 		.4byte	.LASF13
 564 00ca 01       		.byte	0x1
 565 00cb 7B       		.byte	0x7b
 566 00cc 0000010A 		.4byte	0x10a
 567 00d0 02       		.byte	0x2
 568 00d1 91       		.byte	0x91
 569 00d2 70       		.sleb128 -16
 570 00d3 0A       		.uleb128 0xa
GAS LISTING C:\Users\bayra\AppData\Local\Temp\cc0Ytu1c.s 			page 11


 571 00d4 00000000 		.4byte	.LASF14
 572 00d8 01       		.byte	0x1
 573 00d9 7B       		.byte	0x7b
 574 00da 0000006F 		.4byte	0x6f
 575 00de 02       		.byte	0x2
 576 00df 91       		.byte	0x91
 577 00e0 74       		.sleb128 -12
 578 00e1 0A       		.uleb128 0xa
 579 00e2 00000000 		.4byte	.LASF15
 580 00e6 01       		.byte	0x1
 581 00e7 7B       		.byte	0x7b
 582 00e8 0000008C 		.4byte	0x8c
 583 00ec 02       		.byte	0x2
 584 00ed 91       		.byte	0x91
 585 00ee 78       		.sleb128 -8
 586 00ef 0B       		.uleb128 0xb
 587 00f0 6D737200 		.string	"msr"
 588 00f4 01       		.byte	0x1
 589 00f5 86       		.byte	0x86
 590 00f6 0000005A 		.4byte	0x5a
 591 00fa 01       		.byte	0x1
 592 00fb 56       		.byte	0x56
 593 00fc 0C       		.uleb128 0xc
 594 00fd 00000000 		.4byte	.LASF16
 595 0101 01       		.byte	0x1
 596 0102 87       		.byte	0x87
 597 0103 0000005A 		.4byte	0x5a
 598 0107 01       		.byte	0x1
 599 0108 57       		.byte	0x57
 600 0109 00       		.byte	0
 601 010a 05       		.uleb128 0x5
 602 010b 04       		.byte	0x4
 603 010c 0000005A 		.4byte	0x5a
 604 0110 0D       		.uleb128 0xd
 605 0111 01       		.byte	0x1
 606 0112 00000000 		.4byte	.LASF25
 607 0116 01       		.byte	0x1
 608 0117 C6       		.byte	0xc6
 609 0118 01       		.byte	0x1
 610 0119 00000037 		.4byte	0x37
 611 011d 00000000 		.4byte	.LFB4
 612 0121 00000000 		.4byte	.LFE4
 613 0125 00000000 		.4byte	.LLST1
 614 0129 01       		.byte	0x1
 615 012a 0E       		.uleb128 0xe
 616 012b 01       		.byte	0x1
 617 012c 00000000 		.4byte	.LASF17
 618 0130 01       		.byte	0x1
 619 0131 D1       		.byte	0xd1
 620 0132 01       		.byte	0x1
 621 0133 00000000 		.4byte	.LFB5
 622 0137 00000000 		.4byte	.LFE5
 623 013b 02       		.byte	0x2
 624 013c 71       		.byte	0x71
 625 013d 00       		.sleb128 0
 626 013e 01       		.byte	0x1
 627 013f 0F       		.uleb128 0xf
GAS LISTING C:\Users\bayra\AppData\Local\Temp\cc0Ytu1c.s 			page 12


 628 0140 01       		.byte	0x1
 629 0141 00000000 		.4byte	.LASF18
 630 0145 01       		.byte	0x1
 631 0146 D8       		.byte	0xd8
 632 0147 01       		.byte	0x1
 633 0148 00000000 		.4byte	.LFB6
 634 014c 00000000 		.4byte	.LFE6
 635 0150 00000000 		.4byte	.LLST2
 636 0154 01       		.byte	0x1
 637 0155 0F       		.uleb128 0xf
 638 0156 01       		.byte	0x1
 639 0157 00000000 		.4byte	.LASF19
 640 015b 01       		.byte	0x1
 641 015c E0       		.byte	0xe0
 642 015d 01       		.byte	0x1
 643 015e 00000000 		.4byte	.LFB7
 644 0162 00000000 		.4byte	.LFE7
 645 0166 00000000 		.4byte	.LLST3
 646 016a 01       		.byte	0x1
 647 016b 0F       		.uleb128 0xf
 648 016c 01       		.byte	0x1
 649 016d 00000000 		.4byte	.LASF20
 650 0171 01       		.byte	0x1
 651 0172 E8       		.byte	0xe8
 652 0173 01       		.byte	0x1
 653 0174 00000000 		.4byte	.LFB8
 654 0178 00000000 		.4byte	.LFE8
 655 017c 00000000 		.4byte	.LLST4
 656 0180 01       		.byte	0x1
 657 0181 10       		.uleb128 0x10
 658 0182 0000005A 		.4byte	0x5a
 659 0186 0000018C 		.4byte	0x18c
 660 018a 11       		.uleb128 0x11
 661 018b 00       		.byte	0
 662 018c 12       		.uleb128 0x12
 663 018d 00000000 		.4byte	.LASF26
 664 0191 01       		.byte	0x1
 665 0192 58       		.byte	0x58
 666 0193 00000181 		.4byte	0x181
 667 0197 01       		.byte	0x1
 668 0198 01       		.byte	0x1
 669 0199 00       		.byte	0
 670              		.section	.debug_abbrev,"",@progbits
 671              	.Ldebug_abbrev0:
 672 0000 01       		.uleb128 0x1
 673 0001 11       		.uleb128 0x11
 674 0002 01       		.byte	0x1
 675 0003 25       		.uleb128 0x25
 676 0004 0E       		.uleb128 0xe
 677 0005 13       		.uleb128 0x13
 678 0006 0B       		.uleb128 0xb
 679 0007 03       		.uleb128 0x3
 680 0008 0E       		.uleb128 0xe
 681 0009 1B       		.uleb128 0x1b
 682 000a 0E       		.uleb128 0xe
 683 000b 55       		.uleb128 0x55
 684 000c 06       		.uleb128 0x6
GAS LISTING C:\Users\bayra\AppData\Local\Temp\cc0Ytu1c.s 			page 13


 685 000d 11       		.uleb128 0x11
 686 000e 01       		.uleb128 0x1
 687 000f 52       		.uleb128 0x52
 688 0010 01       		.uleb128 0x1
 689 0011 10       		.uleb128 0x10
 690 0012 06       		.uleb128 0x6
 691 0013 00       		.byte	0
 692 0014 00       		.byte	0
 693 0015 02       		.uleb128 0x2
 694 0016 24       		.uleb128 0x24
 695 0017 00       		.byte	0
 696 0018 0B       		.uleb128 0xb
 697 0019 0B       		.uleb128 0xb
 698 001a 3E       		.uleb128 0x3e
 699 001b 0B       		.uleb128 0xb
 700 001c 03       		.uleb128 0x3
 701 001d 08       		.uleb128 0x8
 702 001e 00       		.byte	0
 703 001f 00       		.byte	0
 704 0020 03       		.uleb128 0x3
 705 0021 24       		.uleb128 0x24
 706 0022 00       		.byte	0
 707 0023 0B       		.uleb128 0xb
 708 0024 0B       		.uleb128 0xb
 709 0025 3E       		.uleb128 0x3e
 710 0026 0B       		.uleb128 0xb
 711 0027 03       		.uleb128 0x3
 712 0028 0E       		.uleb128 0xe
 713 0029 00       		.byte	0
 714 002a 00       		.byte	0
 715 002b 04       		.uleb128 0x4
 716 002c 16       		.uleb128 0x16
 717 002d 00       		.byte	0
 718 002e 03       		.uleb128 0x3
 719 002f 0E       		.uleb128 0xe
 720 0030 3A       		.uleb128 0x3a
 721 0031 0B       		.uleb128 0xb
 722 0032 3B       		.uleb128 0x3b
 723 0033 0B       		.uleb128 0xb
 724 0034 49       		.uleb128 0x49
 725 0035 13       		.uleb128 0x13
 726 0036 00       		.byte	0
 727 0037 00       		.byte	0
 728 0038 05       		.uleb128 0x5
 729 0039 0F       		.uleb128 0xf
 730 003a 00       		.byte	0
 731 003b 0B       		.uleb128 0xb
 732 003c 0B       		.uleb128 0xb
 733 003d 49       		.uleb128 0x49
 734 003e 13       		.uleb128 0x13
 735 003f 00       		.byte	0
 736 0040 00       		.byte	0
 737 0041 06       		.uleb128 0x6
 738 0042 15       		.uleb128 0x15
 739 0043 01       		.byte	0x1
 740 0044 27       		.uleb128 0x27
 741 0045 0C       		.uleb128 0xc
GAS LISTING C:\Users\bayra\AppData\Local\Temp\cc0Ytu1c.s 			page 14


 742 0046 01       		.uleb128 0x1
 743 0047 13       		.uleb128 0x13
 744 0048 00       		.byte	0
 745 0049 00       		.byte	0
 746 004a 07       		.uleb128 0x7
 747 004b 05       		.uleb128 0x5
 748 004c 00       		.byte	0
 749 004d 49       		.uleb128 0x49
 750 004e 13       		.uleb128 0x13
 751 004f 00       		.byte	0
 752 0050 00       		.byte	0
 753 0051 08       		.uleb128 0x8
 754 0052 0F       		.uleb128 0xf
 755 0053 00       		.byte	0
 756 0054 0B       		.uleb128 0xb
 757 0055 0B       		.uleb128 0xb
 758 0056 00       		.byte	0
 759 0057 00       		.byte	0
 760 0058 09       		.uleb128 0x9
 761 0059 2E       		.uleb128 0x2e
 762 005a 01       		.byte	0x1
 763 005b 3F       		.uleb128 0x3f
 764 005c 0C       		.uleb128 0xc
 765 005d 03       		.uleb128 0x3
 766 005e 0E       		.uleb128 0xe
 767 005f 3A       		.uleb128 0x3a
 768 0060 0B       		.uleb128 0xb
 769 0061 3B       		.uleb128 0x3b
 770 0062 0B       		.uleb128 0xb
 771 0063 27       		.uleb128 0x27
 772 0064 0C       		.uleb128 0xc
 773 0065 49       		.uleb128 0x49
 774 0066 13       		.uleb128 0x13
 775 0067 11       		.uleb128 0x11
 776 0068 01       		.uleb128 0x1
 777 0069 12       		.uleb128 0x12
 778 006a 01       		.uleb128 0x1
 779 006b 40       		.uleb128 0x40
 780 006c 06       		.uleb128 0x6
 781 006d 9742     		.uleb128 0x2117
 782 006f 0C       		.uleb128 0xc
 783 0070 01       		.uleb128 0x1
 784 0071 13       		.uleb128 0x13
 785 0072 00       		.byte	0
 786 0073 00       		.byte	0
 787 0074 0A       		.uleb128 0xa
 788 0075 05       		.uleb128 0x5
 789 0076 00       		.byte	0
 790 0077 03       		.uleb128 0x3
 791 0078 0E       		.uleb128 0xe
 792 0079 3A       		.uleb128 0x3a
 793 007a 0B       		.uleb128 0xb
 794 007b 3B       		.uleb128 0x3b
 795 007c 0B       		.uleb128 0xb
 796 007d 49       		.uleb128 0x49
 797 007e 13       		.uleb128 0x13
 798 007f 02       		.uleb128 0x2
GAS LISTING C:\Users\bayra\AppData\Local\Temp\cc0Ytu1c.s 			page 15


 799 0080 0A       		.uleb128 0xa
 800 0081 00       		.byte	0
 801 0082 00       		.byte	0
 802 0083 0B       		.uleb128 0xb
 803 0084 34       		.uleb128 0x34
 804 0085 00       		.byte	0
 805 0086 03       		.uleb128 0x3
 806 0087 08       		.uleb128 0x8
 807 0088 3A       		.uleb128 0x3a
 808 0089 0B       		.uleb128 0xb
 809 008a 3B       		.uleb128 0x3b
 810 008b 0B       		.uleb128 0xb
 811 008c 49       		.uleb128 0x49
 812 008d 13       		.uleb128 0x13
 813 008e 02       		.uleb128 0x2
 814 008f 0A       		.uleb128 0xa
 815 0090 00       		.byte	0
 816 0091 00       		.byte	0
 817 0092 0C       		.uleb128 0xc
 818 0093 34       		.uleb128 0x34
 819 0094 00       		.byte	0
 820 0095 03       		.uleb128 0x3
 821 0096 0E       		.uleb128 0xe
 822 0097 3A       		.uleb128 0x3a
 823 0098 0B       		.uleb128 0xb
 824 0099 3B       		.uleb128 0x3b
 825 009a 0B       		.uleb128 0xb
 826 009b 49       		.uleb128 0x49
 827 009c 13       		.uleb128 0x13
 828 009d 02       		.uleb128 0x2
 829 009e 0A       		.uleb128 0xa
 830 009f 00       		.byte	0
 831 00a0 00       		.byte	0
 832 00a1 0D       		.uleb128 0xd
 833 00a2 2E       		.uleb128 0x2e
 834 00a3 00       		.byte	0
 835 00a4 3F       		.uleb128 0x3f
 836 00a5 0C       		.uleb128 0xc
 837 00a6 03       		.uleb128 0x3
 838 00a7 0E       		.uleb128 0xe
 839 00a8 3A       		.uleb128 0x3a
 840 00a9 0B       		.uleb128 0xb
 841 00aa 3B       		.uleb128 0x3b
 842 00ab 0B       		.uleb128 0xb
 843 00ac 27       		.uleb128 0x27
 844 00ad 0C       		.uleb128 0xc
 845 00ae 49       		.uleb128 0x49
 846 00af 13       		.uleb128 0x13
 847 00b0 11       		.uleb128 0x11
 848 00b1 01       		.uleb128 0x1
 849 00b2 12       		.uleb128 0x12
 850 00b3 01       		.uleb128 0x1
 851 00b4 40       		.uleb128 0x40
 852 00b5 06       		.uleb128 0x6
 853 00b6 9642     		.uleb128 0x2116
 854 00b8 0C       		.uleb128 0xc
 855 00b9 00       		.byte	0
GAS LISTING C:\Users\bayra\AppData\Local\Temp\cc0Ytu1c.s 			page 16


 856 00ba 00       		.byte	0
 857 00bb 0E       		.uleb128 0xe
 858 00bc 2E       		.uleb128 0x2e
 859 00bd 00       		.byte	0
 860 00be 3F       		.uleb128 0x3f
 861 00bf 0C       		.uleb128 0xc
 862 00c0 03       		.uleb128 0x3
 863 00c1 0E       		.uleb128 0xe
 864 00c2 3A       		.uleb128 0x3a
 865 00c3 0B       		.uleb128 0xb
 866 00c4 3B       		.uleb128 0x3b
 867 00c5 0B       		.uleb128 0xb
 868 00c6 27       		.uleb128 0x27
 869 00c7 0C       		.uleb128 0xc
 870 00c8 11       		.uleb128 0x11
 871 00c9 01       		.uleb128 0x1
 872 00ca 12       		.uleb128 0x12
 873 00cb 01       		.uleb128 0x1
 874 00cc 40       		.uleb128 0x40
 875 00cd 0A       		.uleb128 0xa
 876 00ce 9742     		.uleb128 0x2117
 877 00d0 0C       		.uleb128 0xc
 878 00d1 00       		.byte	0
 879 00d2 00       		.byte	0
 880 00d3 0F       		.uleb128 0xf
 881 00d4 2E       		.uleb128 0x2e
 882 00d5 00       		.byte	0
 883 00d6 3F       		.uleb128 0x3f
 884 00d7 0C       		.uleb128 0xc
 885 00d8 03       		.uleb128 0x3
 886 00d9 0E       		.uleb128 0xe
 887 00da 3A       		.uleb128 0x3a
 888 00db 0B       		.uleb128 0xb
 889 00dc 3B       		.uleb128 0x3b
 890 00dd 0B       		.uleb128 0xb
 891 00de 27       		.uleb128 0x27
 892 00df 0C       		.uleb128 0xc
 893 00e0 11       		.uleb128 0x11
 894 00e1 01       		.uleb128 0x1
 895 00e2 12       		.uleb128 0x12
 896 00e3 01       		.uleb128 0x1
 897 00e4 40       		.uleb128 0x40
 898 00e5 06       		.uleb128 0x6
 899 00e6 9642     		.uleb128 0x2116
 900 00e8 0C       		.uleb128 0xc
 901 00e9 00       		.byte	0
 902 00ea 00       		.byte	0
 903 00eb 10       		.uleb128 0x10
 904 00ec 01       		.uleb128 0x1
 905 00ed 01       		.byte	0x1
 906 00ee 49       		.uleb128 0x49
 907 00ef 13       		.uleb128 0x13
 908 00f0 01       		.uleb128 0x1
 909 00f1 13       		.uleb128 0x13
 910 00f2 00       		.byte	0
 911 00f3 00       		.byte	0
 912 00f4 11       		.uleb128 0x11
GAS LISTING C:\Users\bayra\AppData\Local\Temp\cc0Ytu1c.s 			page 17


 913 00f5 21       		.uleb128 0x21
 914 00f6 00       		.byte	0
 915 00f7 00       		.byte	0
 916 00f8 00       		.byte	0
 917 00f9 12       		.uleb128 0x12
 918 00fa 34       		.uleb128 0x34
 919 00fb 00       		.byte	0
 920 00fc 03       		.uleb128 0x3
 921 00fd 0E       		.uleb128 0xe
 922 00fe 3A       		.uleb128 0x3a
 923 00ff 0B       		.uleb128 0xb
 924 0100 3B       		.uleb128 0x3b
 925 0101 0B       		.uleb128 0xb
 926 0102 49       		.uleb128 0x49
 927 0103 13       		.uleb128 0x13
 928 0104 3F       		.uleb128 0x3f
 929 0105 0C       		.uleb128 0xc
 930 0106 3C       		.uleb128 0x3c
 931 0107 0C       		.uleb128 0xc
 932 0108 00       		.byte	0
 933 0109 00       		.byte	0
 934 010a 00       		.byte	0
 935              		.section	.debug_loc,"",@progbits
 936              	.Ldebug_loc0:
 937              	.LLST0:
 938 0000 00000000 		.4byte	.LFB3
 939 0004 00000000 		.4byte	.LCFI0
 940 0008 0002     		.2byte	0x2
 941 000a 71       		.byte	0x71
 942 000b 00       		.sleb128 0
 943 000c 00000000 		.4byte	.LCFI0
 944 0010 00000000 		.4byte	.LCFI1
 945 0014 0002     		.2byte	0x2
 946 0016 71       		.byte	0x71
 947 0017 18       		.sleb128 24
 948 0018 00000000 		.4byte	.LCFI1
 949 001c 00000000 		.4byte	.LFE3
 950 0020 0002     		.2byte	0x2
 951 0022 71       		.byte	0x71
 952 0023 00       		.sleb128 0
 953 0024 00000000 		.4byte	0
 954 0028 00000000 		.4byte	0
 955              	.LLST1:
 956 002c 00000000 		.4byte	.LFB4
 957 0030 00000000 		.4byte	.LCFI2
 958 0034 0002     		.2byte	0x2
 959 0036 71       		.byte	0x71
 960 0037 00       		.sleb128 0
 961 0038 00000000 		.4byte	.LCFI2
 962 003c 00000000 		.4byte	.LCFI3
 963 0040 0002     		.2byte	0x2
 964 0042 71       		.byte	0x71
 965 0043 08       		.sleb128 8
 966 0044 00000000 		.4byte	.LCFI3
 967 0048 00000000 		.4byte	.LFE4
 968 004c 0002     		.2byte	0x2
 969 004e 71       		.byte	0x71
GAS LISTING C:\Users\bayra\AppData\Local\Temp\cc0Ytu1c.s 			page 18


 970 004f 00       		.sleb128 0
 971 0050 00000000 		.4byte	0
 972 0054 00000000 		.4byte	0
 973              	.LLST2:
 974 0058 00000000 		.4byte	.LFB6
 975 005c 00000000 		.4byte	.LCFI4
 976 0060 0002     		.2byte	0x2
 977 0062 71       		.byte	0x71
 978 0063 00       		.sleb128 0
 979 0064 00000000 		.4byte	.LCFI4
 980 0068 00000000 		.4byte	.LCFI5
 981 006c 0002     		.2byte	0x2
 982 006e 71       		.byte	0x71
 983 006f 08       		.sleb128 8
 984 0070 00000000 		.4byte	.LCFI5
 985 0074 00000000 		.4byte	.LFE6
 986 0078 0002     		.2byte	0x2
 987 007a 71       		.byte	0x71
 988 007b 00       		.sleb128 0
 989 007c 00000000 		.4byte	0
 990 0080 00000000 		.4byte	0
 991              	.LLST3:
 992 0084 00000000 		.4byte	.LFB7
 993 0088 00000000 		.4byte	.LCFI6
 994 008c 0002     		.2byte	0x2
 995 008e 71       		.byte	0x71
 996 008f 00       		.sleb128 0
 997 0090 00000000 		.4byte	.LCFI6
 998 0094 00000000 		.4byte	.LCFI7
 999 0098 0002     		.2byte	0x2
 1000 009a 71       		.byte	0x71
 1001 009b 08       		.sleb128 8
 1002 009c 00000000 		.4byte	.LCFI7
 1003 00a0 00000000 		.4byte	.LFE7
 1004 00a4 0002     		.2byte	0x2
 1005 00a6 71       		.byte	0x71
 1006 00a7 00       		.sleb128 0
 1007 00a8 00000000 		.4byte	0
 1008 00ac 00000000 		.4byte	0
 1009              	.LLST4:
 1010 00b0 00000000 		.4byte	.LFB8
 1011 00b4 00000000 		.4byte	.LCFI8
 1012 00b8 0002     		.2byte	0x2
 1013 00ba 71       		.byte	0x71
 1014 00bb 00       		.sleb128 0
 1015 00bc 00000000 		.4byte	.LCFI8
 1016 00c0 00000000 		.4byte	.LCFI9
 1017 00c4 0002     		.2byte	0x2
 1018 00c6 71       		.byte	0x71
 1019 00c7 08       		.sleb128 8
 1020 00c8 00000000 		.4byte	.LCFI9
 1021 00cc 00000000 		.4byte	.LFE8
 1022 00d0 0002     		.2byte	0x2
 1023 00d2 71       		.byte	0x71
 1024 00d3 00       		.sleb128 0
 1025 00d4 00000000 		.4byte	0
 1026 00d8 00000000 		.4byte	0
GAS LISTING C:\Users\bayra\AppData\Local\Temp\cc0Ytu1c.s 			page 19


 1027              		.section	.debug_aranges,"",@progbits
 1028 0000 00000044 		.4byte	0x44
 1029 0004 0002     		.2byte	0x2
 1030 0006 00000000 		.4byte	.Ldebug_info0
 1031 000a 04       		.byte	0x4
 1032 000b 00       		.byte	0
 1033 000c 0000     		.2byte	0
 1034 000e 0000     		.2byte	0
 1035 0010 00000000 		.4byte	.LFB3
 1036 0014 00000262 		.4byte	.LFE3-.LFB3
 1037 0018 00000000 		.4byte	.LFB4
 1038 001c 0000001C 		.4byte	.LFE4-.LFB4
 1039 0020 00000000 		.4byte	.LFB5
 1040 0024 00000004 		.4byte	.LFE5-.LFB5
 1041 0028 00000000 		.4byte	.LFB6
 1042 002c 00000018 		.4byte	.LFE6-.LFB6
 1043 0030 00000000 		.4byte	.LFB7
 1044 0034 00000014 		.4byte	.LFE7-.LFB7
 1045 0038 00000000 		.4byte	.LFB8
 1046 003c 0000001C 		.4byte	.LFE8-.LFB8
 1047 0040 00000000 		.4byte	0
 1048 0044 00000000 		.4byte	0
 1049              		.section	.debug_ranges,"",@progbits
 1050              	.Ldebug_ranges0:
 1051 0000 00000000 		.4byte	.LFB3
 1052 0004 00000000 		.4byte	.LFE3
 1053 0008 00000000 		.4byte	.LFB4
 1054 000c 00000000 		.4byte	.LFE4
 1055 0010 00000000 		.4byte	.LFB5
 1056 0014 00000000 		.4byte	.LFE5
 1057 0018 00000000 		.4byte	.LFB6
 1058 001c 00000000 		.4byte	.LFE6
 1059 0020 00000000 		.4byte	.LFB7
 1060 0024 00000000 		.4byte	.LFE7
 1061 0028 00000000 		.4byte	.LFB8
 1062 002c 00000000 		.4byte	.LFE8
 1063 0030 00000000 		.4byte	0
 1064 0034 00000000 		.4byte	0
 1065              		.section	.debug_line,"",@progbits
 1066              	.Ldebug_line0:
 1067 0000 0000014C 		.section	.debug_str,"MS",@progbits,1
 1067      00020000 
 1067      00A50201 
 1067      FB0E0D00 
 1067      01010101 
 1068              	.LASF7:
 1069 0000 6C6F6E67 		.string	"long long int"
 1069      206C6F6E 
 1069      6720696E 
 1069      7400
 1070              	.LASF0:
 1071 000e 756E7369 		.string	"unsigned int"
 1071      676E6564 
 1071      20696E74 
 1071      00
 1072              	.LASF18:
 1073 001b 70727650 		.string	"prvPortTimerSetup"
GAS LISTING C:\Users\bayra\AppData\Local\Temp\cc0Ytu1c.s 			page 20


 1073      6F727454 
 1073      696D6572 
 1073      53657475 
 1073      7000
 1074              	.LASF21:
 1075 002d 474E5520 		.ascii	"GNU C 4.9.4 20160726 (Sat May 27 11:09:55 CDT 2017         b"
 1075      4320342E 
 1075      392E3420 
 1075      32303136 
 1075      30373236 
 1076 0069 75696C64 		.ascii	"uild.sh"
 1076      2E7368
 1077 0070 20726576 		.string	" rev=gd8b6c20 s=F494 ELe200 -V release_gd8b6c20_build_Fed_ELe200_ML0) -mcall-sysv -mcpu=e
 1077      3D676438 
 1077      62366332 
 1077      3020733D 
 1077      46343934 
 1078              	.LASF25:
 1079 0171 78506F72 		.string	"xPortStartScheduler"
 1079      74537461 
 1079      72745363 
 1079      68656475 
 1079      6C657200 
 1080              	.LASF16:
 1081 0185 73727231 		.string	"srr1"
 1081      00
 1082              	.LASF6:
 1083 018a 6C6F6E67 		.string	"long unsigned int"
 1083      20756E73 
 1083      69676E65 
 1083      6420696E 
 1083      7400
 1084              	.LASF8:
 1085 019c 6C6F6E67 		.string	"long long unsigned int"
 1085      206C6F6E 
 1085      6720756E 
 1085      7369676E 
 1085      65642069 
 1086              	.LASF13:
 1087 01b3 7078546F 		.string	"pxTopOfStack"
 1087      704F6653 
 1087      7461636B 
 1087      00
 1088              	.LASF24:
 1089 01c0 7078506F 		.string	"pxPortInitialiseStack"
 1089      7274496E 
 1089      69746961 
 1089      6C697365 
 1089      53746163 
 1090              	.LASF17:
 1091 01d6 76506F72 		.string	"vPortEndScheduler"
 1091      74456E64 
 1091      53636865 
 1091      64756C65 
 1091      7200
 1092              	.LASF3:
 1093 01e8 756E7369 		.string	"unsigned char"
GAS LISTING C:\Users\bayra\AppData\Local\Temp\cc0Ytu1c.s 			page 21


 1093      676E6564 
 1093      20636861 
 1093      7200
 1094              	.LASF10:
 1095 01f6 42617365 		.string	"BaseType_t"
 1095      54797065 
 1095      5F7400
 1096              	.LASF22:
 1097 0201 2E2F636F 		.string	"./components/spc5_freertos_component_rla/lib/portable/port.c"
 1097      6D706F6E 
 1097      656E7473 
 1097      2F737063 
 1097      355F6672 
 1098              	.LASF4:
 1099 023e 73686F72 		.string	"short int"
 1099      7420696E 
 1099      7400
 1100              	.LASF20:
 1101 0248 76656374 		.string	"vector226"
 1101      6F723232 
 1101      3600
 1102              	.LASF14:
 1103 0252 7078436F 		.string	"pxCode"
 1103      646500
 1104              	.LASF19:
 1105 0259 76506F72 		.string	"vPortTimerReset"
 1105      7454696D 
 1105      65725265 
 1105      73657400 
 1106              	.LASF5:
 1107 0269 73686F72 		.string	"short unsigned int"
 1107      7420756E 
 1107      7369676E 
 1107      65642069 
 1107      6E7400
 1108              	.LASF2:
 1109 027c 7369676E 		.string	"signed char"
 1109      65642063 
 1109      68617200 
 1110              	.LASF9:
 1111 0288 5461736B 		.string	"TaskFunction_t"
 1111      46756E63 
 1111      74696F6E 
 1111      5F7400
 1112              	.LASF15:
 1113 0297 70765061 		.string	"pvParameters"
 1113      72616D65 
 1113      74657273 
 1113      00
 1114              	.LASF11:
 1115 02a4 73697A65 		.string	"sizetype"
 1115      74797065 
 1115      00
 1116              	.LASF1:
 1117 02ad 6C6F6E67 		.string	"long int"
 1117      20696E74 
 1117      00
GAS LISTING C:\Users\bayra\AppData\Local\Temp\cc0Ytu1c.s 			page 22


 1118              	.LASF23:
 1119 02b6 443A5C47 		.string	"D:\\GitKraken\\SPC58EC80E5\\Gateway"
 1119      69744B72 
 1119      616B656E 
 1119      5C535043 
 1119      35384543 
 1120              	.LASF26:
 1121 02d7 5F5F7364 		.string	"__sdata2_start__"
 1121      61746132 
 1121      5F737461 
 1121      72745F5F 
 1121      00
 1122              	.LASF12:
 1123 02e8 63686172 		.string	"char"
 1123      00
 1124              		.ident	"GCC: (GNU) 4.9.4 20160726 (Sat May 27 11:09:55 CDT 2017         build.sh rev=gd8b6c20 s=F4
GAS LISTING C:\Users\bayra\AppData\Local\Temp\cc0Ytu1c.s 			page 23


DEFINED SYMBOLS
                            *ABS*:00000000 port.c
C:\Users\bayra\AppData\Local\Temp\cc0Ytu1c.s:10     .text.pxPortInitialiseStack:00000000 pxPortInitialiseStack
C:\Users\bayra\AppData\Local\Temp\cc0Ytu1c.s:334    .text.xPortStartScheduler:00000000 xPortStartScheduler
C:\Users\bayra\AppData\Local\Temp\cc0Ytu1c.s:381    .text.prvPortTimerSetup:00000000 prvPortTimerSetup
C:\Users\bayra\AppData\Local\Temp\cc0Ytu1c.s:366    .text.vPortEndScheduler:00000000 vPortEndScheduler
C:\Users\bayra\AppData\Local\Temp\cc0Ytu1c.s:409    .text.vPortTimerReset:00000000 vPortTimerReset
C:\Users\bayra\AppData\Local\Temp\cc0Ytu1c.s:436    .text.vector226:00000000 vector226

UNDEFINED SYMBOLS
__sdata2_start__
vPortStartFirstTask
osalSysTimeSetup
osalSysTimeReset
xTaskIncrementTick
vTaskSwitchContext
