GAS LISTING C:\Users\bayra\AppData\Local\Temp\cckds2yD.s 			page 1


   1              		.file	"spc5_lld.c"
   2              		.section	".text","axv"
   3              	.Ltext0:
   4              		.cfi_sections	.debug_frame
   5              		.section	.text.spc5LLDInit,"axv",@progbits
   6              		.align 1
   7              		.p2align 4,,15
   8              		.globl spc5LLDInit
   9              		.type	spc5LLDInit, @function
  10              	spc5LLDInit:
  11              	.LFB3:
  12              		.file 1 "./components/spc58ecxx_low_level_drivers_component_rla/lib/src/spc5_lld.c"
  13              		.loc 1 43 0
  14              		.cfi_startproc
  15 0000 182106F8 		e_stwu %r1,-8(%r1)
  16              	.LCFI0:
  17              		.cfi_def_cfa_offset 8
  18 0004 0080     		se_mflr %r0
  19 0006 D301     		se_stw %r0,12(%r1)
  20              		.cfi_offset 65, 4
  21              		.loc 1 46 0
  22 0008 78000001 		e_bl edmaInit
  23              		.loc 1 70 0
  24 000c 78000001 		e_bl can_lld_init
  25              		.loc 1 120 0
  26 0010 C301     		se_lwz %r0,12(%r1)
  27 0012 0090     		se_mtlr %r0
  28 0014 2071     		se_addi %r1,8
  29              	.LCFI1:
  30              		.cfi_def_cfa_offset 0
  31 0016 0004     		se_blr
  32              		.cfi_endproc
  33              	.LFE3:
  34              		.size	spc5LLDInit, .-spc5LLDInit
  35              		.section	".text","axv"
  36              	.Letext0:
  37              		.section	.debug_info,"",@progbits
  38              	.Ldebug_info0:
  39 0000 00000089 		.4byte	0x89
  40 0004 0002     		.2byte	0x2
  41 0006 00000000 		.4byte	.Ldebug_abbrev0
  42 000a 04       		.byte	0x4
  43 000b 01       		.uleb128 0x1
  44 000c 00000000 		.4byte	.LASF10
  45 0010 01       		.byte	0x1
  46 0011 00000000 		.4byte	.LASF11
  47 0015 00000000 		.4byte	.LASF12
  48 0019 00000000 		.4byte	.Ldebug_ranges0+0
  49 001d 00000000 		.4byte	0
  50 0021 00000000 		.4byte	0
  51 0025 00000000 		.4byte	.Ldebug_line0
  52 0029 02       		.uleb128 0x2
  53 002a 01       		.byte	0x1
  54 002b 06       		.byte	0x6
  55 002c 00000000 		.4byte	.LASF0
  56 0030 02       		.uleb128 0x2
  57 0031 01       		.byte	0x1
GAS LISTING C:\Users\bayra\AppData\Local\Temp\cckds2yD.s 			page 2


  58 0032 08       		.byte	0x8
  59 0033 00000000 		.4byte	.LASF1
  60 0037 02       		.uleb128 0x2
  61 0038 02       		.byte	0x2
  62 0039 05       		.byte	0x5
  63 003a 00000000 		.4byte	.LASF2
  64 003e 02       		.uleb128 0x2
  65 003f 02       		.byte	0x2
  66 0040 07       		.byte	0x7
  67 0041 00000000 		.4byte	.LASF3
  68 0045 02       		.uleb128 0x2
  69 0046 04       		.byte	0x4
  70 0047 05       		.byte	0x5
  71 0048 00000000 		.4byte	.LASF4
  72 004c 02       		.uleb128 0x2
  73 004d 04       		.byte	0x4
  74 004e 07       		.byte	0x7
  75 004f 00000000 		.4byte	.LASF5
  76 0053 02       		.uleb128 0x2
  77 0054 08       		.byte	0x8
  78 0055 05       		.byte	0x5
  79 0056 00000000 		.4byte	.LASF6
  80 005a 02       		.uleb128 0x2
  81 005b 08       		.byte	0x8
  82 005c 07       		.byte	0x7
  83 005d 00000000 		.4byte	.LASF7
  84 0061 03       		.uleb128 0x3
  85 0062 04       		.byte	0x4
  86 0063 05       		.byte	0x5
  87 0064 696E7400 		.string	"int"
  88 0068 02       		.uleb128 0x2
  89 0069 04       		.byte	0x4
  90 006a 07       		.byte	0x7
  91 006b 00000000 		.4byte	.LASF8
  92 006f 02       		.uleb128 0x2
  93 0070 04       		.byte	0x4
  94 0071 07       		.byte	0x7
  95 0072 00000000 		.4byte	.LASF9
  96 0076 04       		.uleb128 0x4
  97 0077 01       		.byte	0x1
  98 0078 00000000 		.4byte	.LASF13
  99 007c 01       		.byte	0x1
 100 007d 2B       		.byte	0x2b
 101 007e 01       		.byte	0x1
 102 007f 00000000 		.4byte	.LFB3
 103 0083 00000000 		.4byte	.LFE3
 104 0087 00000000 		.4byte	.LLST0
 105 008b 01       		.byte	0x1
 106 008c 00       		.byte	0
 107              		.section	.debug_abbrev,"",@progbits
 108              	.Ldebug_abbrev0:
 109 0000 01       		.uleb128 0x1
 110 0001 11       		.uleb128 0x11
 111 0002 01       		.byte	0x1
 112 0003 25       		.uleb128 0x25
 113 0004 0E       		.uleb128 0xe
 114 0005 13       		.uleb128 0x13
GAS LISTING C:\Users\bayra\AppData\Local\Temp\cckds2yD.s 			page 3


 115 0006 0B       		.uleb128 0xb
 116 0007 03       		.uleb128 0x3
 117 0008 0E       		.uleb128 0xe
 118 0009 1B       		.uleb128 0x1b
 119 000a 0E       		.uleb128 0xe
 120 000b 55       		.uleb128 0x55
 121 000c 06       		.uleb128 0x6
 122 000d 11       		.uleb128 0x11
 123 000e 01       		.uleb128 0x1
 124 000f 52       		.uleb128 0x52
 125 0010 01       		.uleb128 0x1
 126 0011 10       		.uleb128 0x10
 127 0012 06       		.uleb128 0x6
 128 0013 00       		.byte	0
 129 0014 00       		.byte	0
 130 0015 02       		.uleb128 0x2
 131 0016 24       		.uleb128 0x24
 132 0017 00       		.byte	0
 133 0018 0B       		.uleb128 0xb
 134 0019 0B       		.uleb128 0xb
 135 001a 3E       		.uleb128 0x3e
 136 001b 0B       		.uleb128 0xb
 137 001c 03       		.uleb128 0x3
 138 001d 0E       		.uleb128 0xe
 139 001e 00       		.byte	0
 140 001f 00       		.byte	0
 141 0020 03       		.uleb128 0x3
 142 0021 24       		.uleb128 0x24
 143 0022 00       		.byte	0
 144 0023 0B       		.uleb128 0xb
 145 0024 0B       		.uleb128 0xb
 146 0025 3E       		.uleb128 0x3e
 147 0026 0B       		.uleb128 0xb
 148 0027 03       		.uleb128 0x3
 149 0028 08       		.uleb128 0x8
 150 0029 00       		.byte	0
 151 002a 00       		.byte	0
 152 002b 04       		.uleb128 0x4
 153 002c 2E       		.uleb128 0x2e
 154 002d 00       		.byte	0
 155 002e 3F       		.uleb128 0x3f
 156 002f 0C       		.uleb128 0xc
 157 0030 03       		.uleb128 0x3
 158 0031 0E       		.uleb128 0xe
 159 0032 3A       		.uleb128 0x3a
 160 0033 0B       		.uleb128 0xb
 161 0034 3B       		.uleb128 0x3b
 162 0035 0B       		.uleb128 0xb
 163 0036 27       		.uleb128 0x27
 164 0037 0C       		.uleb128 0xc
 165 0038 11       		.uleb128 0x11
 166 0039 01       		.uleb128 0x1
 167 003a 12       		.uleb128 0x12
 168 003b 01       		.uleb128 0x1
 169 003c 40       		.uleb128 0x40
 170 003d 06       		.uleb128 0x6
 171 003e 9642     		.uleb128 0x2116
GAS LISTING C:\Users\bayra\AppData\Local\Temp\cckds2yD.s 			page 4


 172 0040 0C       		.uleb128 0xc
 173 0041 00       		.byte	0
 174 0042 00       		.byte	0
 175 0043 00       		.byte	0
 176              		.section	.debug_loc,"",@progbits
 177              	.Ldebug_loc0:
 178              	.LLST0:
 179 0000 00000000 		.4byte	.LFB3
 180 0004 00000000 		.4byte	.LCFI0
 181 0008 0002     		.2byte	0x2
 182 000a 71       		.byte	0x71
 183 000b 00       		.sleb128 0
 184 000c 00000000 		.4byte	.LCFI0
 185 0010 00000000 		.4byte	.LCFI1
 186 0014 0002     		.2byte	0x2
 187 0016 71       		.byte	0x71
 188 0017 08       		.sleb128 8
 189 0018 00000000 		.4byte	.LCFI1
 190 001c 00000000 		.4byte	.LFE3
 191 0020 0002     		.2byte	0x2
 192 0022 71       		.byte	0x71
 193 0023 00       		.sleb128 0
 194 0024 00000000 		.4byte	0
 195 0028 00000000 		.4byte	0
 196              		.section	.debug_aranges,"",@progbits
 197 0000 0000001C 		.4byte	0x1c
 198 0004 0002     		.2byte	0x2
 199 0006 00000000 		.4byte	.Ldebug_info0
 200 000a 04       		.byte	0x4
 201 000b 00       		.byte	0
 202 000c 0000     		.2byte	0
 203 000e 0000     		.2byte	0
 204 0010 00000000 		.4byte	.LFB3
 205 0014 00000018 		.4byte	.LFE3-.LFB3
 206 0018 00000000 		.4byte	0
 207 001c 00000000 		.4byte	0
 208              		.section	.debug_ranges,"",@progbits
 209              	.Ldebug_ranges0:
 210 0000 00000000 		.4byte	.LFB3
 211 0004 00000000 		.4byte	.LFE3
 212 0008 00000000 		.4byte	0
 213 000c 00000000 		.4byte	0
 214              		.section	.debug_line,"",@progbits
 215              	.Ldebug_line0:
 216 0000 0000007C 		.section	.debug_str,"MS",@progbits,1
 216      00020000 
 216      00600201 
 216      FB0E0D00 
 216      01010101 
 217              	.LASF8:
 218 0000 756E7369 		.string	"unsigned int"
 218      676E6564 
 218      20696E74 
 218      00
 219              	.LASF5:
 220 000d 6C6F6E67 		.string	"long unsigned int"
 220      20756E73 
GAS LISTING C:\Users\bayra\AppData\Local\Temp\cckds2yD.s 			page 5


 220      69676E65 
 220      6420696E 
 220      7400
 221              	.LASF0:
 222 001f 7369676E 		.string	"signed char"
 222      65642063 
 222      68617200 
 223              	.LASF3:
 224 002b 73686F72 		.string	"short unsigned int"
 224      7420756E 
 224      7369676E 
 224      65642069 
 224      6E7400
 225              	.LASF10:
 226 003e 474E5520 		.ascii	"GNU C 4.9.4 20160726 (Sat May 27 11:09:55 CDT 2017         b"
 226      4320342E 
 226      392E3420 
 226      32303136 
 226      30373236 
 227 007a 75696C64 		.ascii	"uild.sh"
 227      2E7368
 228 0081 20726576 		.string	" rev=gd8b6c20 s=F494 ELe200 -V release_gd8b6c20_build_Fed_ELe200_ML0) -mcall-sysv -mcpu=e
 228      3D676438 
 228      62366332 
 228      3020733D 
 228      46343934 
 229              	.LASF11:
 230 0182 2E2F636F 		.string	"./components/spc58ecxx_low_level_drivers_component_rla/lib/src/spc5_lld.c"
 230      6D706F6E 
 230      656E7473 
 230      2F737063 
 230      35386563 
 231              	.LASF13:
 232 01cc 73706335 		.string	"spc5LLDInit"
 232      4C4C4449 
 232      6E697400 
 233              	.LASF1:
 234 01d8 756E7369 		.string	"unsigned char"
 234      676E6564 
 234      20636861 
 234      7200
 235              	.LASF4:
 236 01e6 6C6F6E67 		.string	"long int"
 236      20696E74 
 236      00
 237              	.LASF9:
 238 01ef 73697A65 		.string	"sizetype"
 238      74797065 
 238      00
 239              	.LASF2:
 240 01f8 73686F72 		.string	"short int"
 240      7420696E 
 240      7400
 241              	.LASF7:
 242 0202 6C6F6E67 		.string	"long long unsigned int"
 242      206C6F6E 
 242      6720756E 
GAS LISTING C:\Users\bayra\AppData\Local\Temp\cckds2yD.s 			page 6


 242      7369676E 
 242      65642069 
 243              	.LASF6:
 244 0219 6C6F6E67 		.string	"long long int"
 244      206C6F6E 
 244      6720696E 
 244      7400
 245              	.LASF12:
 246 0227 443A5C47 		.string	"D:\\GitKraken\\SPC58EC80E5\\Gateway"
 246      69744B72 
 246      616B656E 
 246      5C535043 
 246      35384543 
 247              		.ident	"GCC: (GNU) 4.9.4 20160726 (Sat May 27 11:09:55 CDT 2017         build.sh rev=gd8b6c20 s=F4
GAS LISTING C:\Users\bayra\AppData\Local\Temp\cckds2yD.s 			page 7


DEFINED SYMBOLS
                            *ABS*:00000000 spc5_lld.c
C:\Users\bayra\AppData\Local\Temp\cckds2yD.s:10     .text.spc5LLDInit:00000000 spc5LLDInit

UNDEFINED SYMBOLS
edmaInit
can_lld_init
