GAS LISTING C:\Users\bayra\AppData\Local\Temp\cch3q7Xe.s 			page 1


   1              		.file	"systimer.c"
   2              		.section	".text","axv"
   3              	.Ltext0:
   4              		.cfi_sections	.debug_frame
   5              		.section	.text.sysTimeSetup,"axv",@progbits
   6              		.align 1
   7              		.p2align 4,,15
   8              		.globl sysTimeSetup
   9              		.type	sysTimeSetup, @function
  10              	sysTimeSetup:
  11              	.LFB2:
  12              		.file 1 "./components/spc58ecxx_osal_component_rla/lib/src/systimer.c"
  13              		.loc 1 52 0
  14              		.cfi_startproc
  15 0000 182106E0 		e_stwu %r1,-32(%r1)
  16              	.LCFI0:
  17              		.cfi_def_cfa_offset 32
  18 0004 0080     		se_mflr %r0
  19 0006 D901     		se_stw %r0,36(%r1)
  20              		.cfi_offset 65, 4
  21 0008 D631     		se_stw %r3,24(%r1)
  22              		.loc 1 58 0
  23 000a 70FEE404 		e_lis %r7,0xf404
  24 000e 70E8C224 		e_or2i %r7,16932
  25 0012 70C40004 		e_li %r6,8196
  26 0016 B067     		se_sth %r6,0(%r7)
  27              		.loc 1 59 0
  28 0018 49E3     		se_li %r3,30
  29 001a 4924     		se_li %r4,18
  30 001c 78000001 		e_bl SPCSetPeripheralClockMode
  31              		.loc 1 60 0
  32 0020 70E0E4C4 		e_lis %r7,0x4c4
  33 0024 18E6D1B4 		e_ori %r6,%r7,46080
  34 0028 C671     		se_lwz %r7,24(%r1)
  35 002a 7CE63B96 		divwu %r7,%r6,%r7
  36 002e 18E784FF 		e_addi %r7,%r7,-1
  37 0032 D271     		se_stw %r7,8(%r1)
  38              		.loc 1 61 0
  39 0034 70FEE7F8 		e_lis %r7,0xf7f8
  40 0038 6517     		se_bseti %r7,17
  41 003a 4816     		se_li %r6,1
  42 003c D067     		se_stw %r6,0(%r7)
  43              		.loc 1 62 0
  44 003e 70FEE7F8 		e_lis %r7,0xf7f8
  45 0042 6517     		se_bseti %r7,17
  46 0044 C261     		se_lwz %r6,8(%r1)
  47 0046 54C70100 		e_stw %r6,256(%r7)
  48              		.loc 1 63 0
  49 004a 70FEE7F8 		e_lis %r7,0xf7f8
  50 004e 6517     		se_bseti %r7,17
  51 0050 C261     		se_lwz %r6,8(%r1)
  52 0052 54C70104 		e_stw %r6,260(%r7)
  53              		.loc 1 64 0
  54 0056 70FEE7F8 		e_lis %r7,0xf7f8
  55 005a 6517     		se_bseti %r7,17
  56 005c 4816     		se_li %r6,1
  57 005e 54C7010C 		e_stw %r6,268(%r7)
GAS LISTING C:\Users\bayra\AppData\Local\Temp\cch3q7Xe.s 			page 2


  58              		.loc 1 65 0
  59 0062 70FEE7F8 		e_lis %r7,0xf7f8
  60 0066 6517     		se_bseti %r7,17
  61 0068 4836     		se_li %r6,3
  62 006a 54C70108 		e_stw %r6,264(%r7)
  63              		.loc 1 66 0
  64 006e C901     		se_lwz %r0,36(%r1)
  65 0070 0090     		se_mtlr %r0
  66 0072 21F1     		se_addi %r1,32
  67              	.LCFI1:
  68              		.cfi_def_cfa_offset 0
  69 0074 0004     		se_blr
  70              		.cfi_endproc
  71              	.LFE2:
  72              		.size	sysTimeSetup, .-sysTimeSetup
  73              		.section	.text.sysTimeReset,"axv",@progbits
  74              		.align 1
  75              		.p2align 4,,15
  76              		.globl sysTimeReset
  77              		.type	sysTimeReset, @function
  78              	sysTimeReset:
  79              	.LFB3:
  80              		.loc 1 74 0
  81              		.cfi_startproc
  82              		.loc 1 76 0
  83 0000 70FEE7F8 		e_lis %r7,0xf7f8
  84 0004 6517     		se_bseti %r7,17
  85 0006 50E7010C 		e_lwz %r7,268(%r7)
  86 000a 2207     		se_cmpli %r7,1
  87 000c 7F800020 		e_mcrf %cr7,%cr0
  88 0010 7CE00026 		mfcr %r7
  89 0014 74E7E007 		e_rlwinm %r7,%r7,28,0xf0000000
  90 0018 7CE80120 		mtcrf 128,%r7
  91 001c 7A020010 		e_bne %cr0,.L2
  92              		.loc 1 77 0
  93 0020 70FEE7F8 		e_lis %r7,0xf7f8
  94 0024 6517     		se_bseti %r7,17
  95 0026 4816     		se_li %r6,1
  96 0028 54C7010C 		e_stw %r6,268(%r7)
  97              	.L2:
  98              		.loc 1 79 0
  99 002c 0004     		se_blr
 100              		.cfi_endproc
 101              	.LFE3:
 102              		.size	sysTimeReset, .-sysTimeReset
 103              		.section	".text","axv"
 104              	.Letext0:
 105              		.file 2 "c:\\spc5studio-6.0\\eclipse\\plugins\\com.st.tools.spc5.tools.gnu.gcc.ppcvle.win32_4.9.4.
 106              		.file 3 "c:\\spc5studio-6.0\\eclipse\\plugins\\com.st.tools.spc5.tools.gnu.gcc.ppcvle.win32_4.9.4.
 107              		.file 4 "./components/spc58ecxx_platform_component_rla/lib/include/typedefs.h"
 108              		.file 5 "./components/spc58ecxx_platform_component_rla/lib/include/spc58xcxx.h"
 109              		.section	.debug_info,"",@progbits
 110              	.Ldebug_info0:
 111 0000 0000057F 		.4byte	0x57f
 112 0004 0002     		.2byte	0x2
 113 0006 00000000 		.4byte	.Ldebug_abbrev0
 114 000a 04       		.byte	0x4
GAS LISTING C:\Users\bayra\AppData\Local\Temp\cch3q7Xe.s 			page 3


 115 000b 01       		.uleb128 0x1
 116 000c 00000000 		.4byte	.LASF33
 117 0010 01       		.byte	0x1
 118 0011 00000000 		.4byte	.LASF34
 119 0015 00000000 		.4byte	.LASF35
 120 0019 00000000 		.4byte	.Ldebug_ranges0+0
 121 001d 00000000 		.4byte	0
 122 0021 00000000 		.4byte	0
 123 0025 00000000 		.4byte	.Ldebug_line0
 124 0029 02       		.uleb128 0x2
 125 002a 01       		.byte	0x1
 126 002b 06       		.byte	0x6
 127 002c 00000000 		.4byte	.LASF0
 128 0030 03       		.uleb128 0x3
 129 0031 00000000 		.4byte	.LASF3
 130 0035 02       		.byte	0x2
 131 0036 1D       		.byte	0x1d
 132 0037 0000003B 		.4byte	0x3b
 133 003b 02       		.uleb128 0x2
 134 003c 01       		.byte	0x1
 135 003d 08       		.byte	0x8
 136 003e 00000000 		.4byte	.LASF1
 137 0042 02       		.uleb128 0x2
 138 0043 02       		.byte	0x2
 139 0044 05       		.byte	0x5
 140 0045 00000000 		.4byte	.LASF2
 141 0049 03       		.uleb128 0x3
 142 004a 00000000 		.4byte	.LASF4
 143 004e 02       		.byte	0x2
 144 004f 2B       		.byte	0x2b
 145 0050 00000054 		.4byte	0x54
 146 0054 02       		.uleb128 0x2
 147 0055 02       		.byte	0x2
 148 0056 07       		.byte	0x7
 149 0057 00000000 		.4byte	.LASF5
 150 005b 02       		.uleb128 0x2
 151 005c 04       		.byte	0x4
 152 005d 05       		.byte	0x5
 153 005e 00000000 		.4byte	.LASF6
 154 0062 03       		.uleb128 0x3
 155 0063 00000000 		.4byte	.LASF7
 156 0067 02       		.byte	0x2
 157 0068 41       		.byte	0x41
 158 0069 0000006D 		.4byte	0x6d
 159 006d 02       		.uleb128 0x2
 160 006e 04       		.byte	0x4
 161 006f 07       		.byte	0x7
 162 0070 00000000 		.4byte	.LASF8
 163 0074 02       		.uleb128 0x2
 164 0075 08       		.byte	0x8
 165 0076 05       		.byte	0x5
 166 0077 00000000 		.4byte	.LASF9
 167 007b 02       		.uleb128 0x2
 168 007c 08       		.byte	0x8
 169 007d 07       		.byte	0x7
 170 007e 00000000 		.4byte	.LASF10
 171 0082 04       		.uleb128 0x4
GAS LISTING C:\Users\bayra\AppData\Local\Temp\cch3q7Xe.s 			page 4


 172 0083 04       		.byte	0x4
 173 0084 05       		.byte	0x5
 174 0085 696E7400 		.string	"int"
 175 0089 02       		.uleb128 0x2
 176 008a 04       		.byte	0x4
 177 008b 07       		.byte	0x7
 178 008c 00000000 		.4byte	.LASF11
 179 0090 03       		.uleb128 0x3
 180 0091 00000000 		.4byte	.LASF12
 181 0095 03       		.byte	0x3
 182 0096 15       		.byte	0x15
 183 0097 00000030 		.4byte	0x30
 184 009b 03       		.uleb128 0x3
 185 009c 00000000 		.4byte	.LASF13
 186 00a0 03       		.byte	0x3
 187 00a1 21       		.byte	0x21
 188 00a2 00000049 		.4byte	0x49
 189 00a6 03       		.uleb128 0x3
 190 00a7 00000000 		.4byte	.LASF14
 191 00ab 03       		.byte	0x3
 192 00ac 2D       		.byte	0x2d
 193 00ad 00000062 		.4byte	0x62
 194 00b1 03       		.uleb128 0x3
 195 00b2 00000000 		.4byte	.LASF15
 196 00b6 04       		.byte	0x4
 197 00b7 1C       		.byte	0x1c
 198 00b8 000000BC 		.4byte	0xbc
 199 00bc 05       		.uleb128 0x5
 200 00bd 00000090 		.4byte	0x90
 201 00c1 03       		.uleb128 0x3
 202 00c2 00000000 		.4byte	.LASF16
 203 00c6 04       		.byte	0x4
 204 00c7 20       		.byte	0x20
 205 00c8 000000CC 		.4byte	0xcc
 206 00cc 05       		.uleb128 0x5
 207 00cd 000000A6 		.4byte	0xa6
 208 00d1 02       		.uleb128 0x2
 209 00d2 04       		.byte	0x4
 210 00d3 07       		.byte	0x7
 211 00d4 00000000 		.4byte	.LASF17
 212 00d8 06       		.uleb128 0x6
 213 00d9 000000B1 		.4byte	0xb1
 214 00dd 000000E8 		.4byte	0xe8
 215 00e1 07       		.uleb128 0x7
 216 00e2 000000D1 		.4byte	0xd1
 217 00e6 07       		.byte	0x7
 218 00e7 00       		.byte	0
 219 00e8 08       		.uleb128 0x8
 220 00e9 04       		.byte	0x4
 221 00ea 05       		.byte	0x5
 222 00eb 2C77     		.2byte	0x2c77
 223 00ed 0000013A 		.4byte	0x13a
 224 00f1 09       		.uleb128 0x9
 225 00f2 00000000 		.4byte	.LASF18
 226 00f6 05       		.byte	0x5
 227 00f7 2C78     		.2byte	0x2c78
 228 00f9 000000C1 		.4byte	0xc1
GAS LISTING C:\Users\bayra\AppData\Local\Temp\cch3q7Xe.s 			page 5


 229 00fd 04       		.byte	0x4
 230 00fe 1D       		.byte	0x1d
 231 00ff 00       		.byte	0
 232 0100 02       		.byte	0x2
 233 0101 23       		.byte	0x23
 234 0102 00       		.uleb128 0
 235 0103 09       		.uleb128 0x9
 236 0104 00000000 		.4byte	.LASF19
 237 0108 05       		.byte	0x5
 238 0109 2C79     		.2byte	0x2c79
 239 010b 000000C1 		.4byte	0xc1
 240 010f 04       		.byte	0x4
 241 0110 01       		.byte	0x1
 242 0111 1D       		.byte	0x1d
 243 0112 02       		.byte	0x2
 244 0113 23       		.byte	0x23
 245 0114 00       		.uleb128 0
 246 0115 09       		.uleb128 0x9
 247 0116 00000000 		.4byte	.LASF20
 248 011a 05       		.byte	0x5
 249 011b 2C7A     		.2byte	0x2c7a
 250 011d 000000C1 		.4byte	0xc1
 251 0121 04       		.byte	0x4
 252 0122 01       		.byte	0x1
 253 0123 1E       		.byte	0x1e
 254 0124 02       		.byte	0x2
 255 0125 23       		.byte	0x23
 256 0126 00       		.uleb128 0
 257 0127 0A       		.uleb128 0xa
 258 0128 46525A00 		.string	"FRZ"
 259 012c 05       		.byte	0x5
 260 012d 2C7B     		.2byte	0x2c7b
 261 012f 000000C1 		.4byte	0xc1
 262 0133 04       		.byte	0x4
 263 0134 01       		.byte	0x1
 264 0135 1F       		.byte	0x1f
 265 0136 02       		.byte	0x2
 266 0137 23       		.byte	0x23
 267 0138 00       		.uleb128 0
 268 0139 00       		.byte	0
 269 013a 0B       		.uleb128 0xb
 270 013b 04       		.byte	0x4
 271 013c 05       		.byte	0x5
 272 013d 2C75     		.2byte	0x2c75
 273 013f 00000158 		.4byte	0x158
 274 0143 0C       		.uleb128 0xc
 275 0144 5200     		.string	"R"
 276 0146 05       		.byte	0x5
 277 0147 2C76     		.2byte	0x2c76
 278 0149 000000C1 		.4byte	0xc1
 279 014d 0C       		.uleb128 0xc
 280 014e 4200     		.string	"B"
 281 0150 05       		.byte	0x5
 282 0151 2C7C     		.2byte	0x2c7c
 283 0153 000000E8 		.4byte	0xe8
 284 0157 00       		.byte	0
 285 0158 08       		.uleb128 0x8
GAS LISTING C:\Users\bayra\AppData\Local\Temp\cch3q7Xe.s 			page 6


 286 0159 04       		.byte	0x4
 287 015a 05       		.byte	0x5
 288 015b 2C83     		.2byte	0x2c83
 289 015d 00000174 		.4byte	0x174
 290 0161 0A       		.uleb128 0xa
 291 0162 4C544800 		.string	"LTH"
 292 0166 05       		.byte	0x5
 293 0167 2C84     		.2byte	0x2c84
 294 0169 000000C1 		.4byte	0xc1
 295 016d 04       		.byte	0x4
 296 016e 20       		.byte	0x20
 297 016f 00       		.byte	0
 298 0170 02       		.byte	0x2
 299 0171 23       		.byte	0x23
 300 0172 00       		.uleb128 0
 301 0173 00       		.byte	0
 302 0174 0B       		.uleb128 0xb
 303 0175 04       		.byte	0x4
 304 0176 05       		.byte	0x5
 305 0177 2C81     		.2byte	0x2c81
 306 0179 00000192 		.4byte	0x192
 307 017d 0C       		.uleb128 0xc
 308 017e 5200     		.string	"R"
 309 0180 05       		.byte	0x5
 310 0181 2C82     		.2byte	0x2c82
 311 0183 000000C1 		.4byte	0xc1
 312 0187 0C       		.uleb128 0xc
 313 0188 4200     		.string	"B"
 314 018a 05       		.byte	0x5
 315 018b 2C85     		.2byte	0x2c85
 316 018d 00000158 		.4byte	0x158
 317 0191 00       		.byte	0
 318 0192 08       		.uleb128 0x8
 319 0193 04       		.byte	0x4
 320 0194 05       		.byte	0x5
 321 0195 2C8A     		.2byte	0x2c8a
 322 0197 000001AE 		.4byte	0x1ae
 323 019b 0A       		.uleb128 0xa
 324 019c 4C544C00 		.string	"LTL"
 325 01a0 05       		.byte	0x5
 326 01a1 2C8B     		.2byte	0x2c8b
 327 01a3 000000C1 		.4byte	0xc1
 328 01a7 04       		.byte	0x4
 329 01a8 20       		.byte	0x20
 330 01a9 00       		.byte	0
 331 01aa 02       		.byte	0x2
 332 01ab 23       		.byte	0x23
 333 01ac 00       		.uleb128 0
 334 01ad 00       		.byte	0
 335 01ae 0B       		.uleb128 0xb
 336 01af 04       		.byte	0x4
 337 01b0 05       		.byte	0x5
 338 01b1 2C88     		.2byte	0x2c88
 339 01b3 000001CC 		.4byte	0x1cc
 340 01b7 0C       		.uleb128 0xc
 341 01b8 5200     		.string	"R"
 342 01ba 05       		.byte	0x5
GAS LISTING C:\Users\bayra\AppData\Local\Temp\cch3q7Xe.s 			page 7


 343 01bb 2C89     		.2byte	0x2c89
 344 01bd 000000C1 		.4byte	0xc1
 345 01c1 0C       		.uleb128 0xc
 346 01c2 4200     		.string	"B"
 347 01c4 05       		.byte	0x5
 348 01c5 2C8C     		.2byte	0x2c8c
 349 01c7 00000192 		.4byte	0x192
 350 01cb 00       		.byte	0
 351 01cc 08       		.uleb128 0x8
 352 01cd 04       		.byte	0x4
 353 01ce 05       		.byte	0x5
 354 01cf 2C93     		.2byte	0x2c93
 355 01d1 000001E8 		.4byte	0x1e8
 356 01d5 0A       		.uleb128 0xa
 357 01d6 54535600 		.string	"TSV"
 358 01da 05       		.byte	0x5
 359 01db 2C94     		.2byte	0x2c94
 360 01dd 000000C1 		.4byte	0xc1
 361 01e1 04       		.byte	0x4
 362 01e2 20       		.byte	0x20
 363 01e3 00       		.byte	0
 364 01e4 02       		.byte	0x2
 365 01e5 23       		.byte	0x23
 366 01e6 00       		.uleb128 0
 367 01e7 00       		.byte	0
 368 01e8 0B       		.uleb128 0xb
 369 01e9 04       		.byte	0x4
 370 01ea 05       		.byte	0x5
 371 01eb 2C91     		.2byte	0x2c91
 372 01ed 00000206 		.4byte	0x206
 373 01f1 0C       		.uleb128 0xc
 374 01f2 5200     		.string	"R"
 375 01f4 05       		.byte	0x5
 376 01f5 2C92     		.2byte	0x2c92
 377 01f7 000000C1 		.4byte	0xc1
 378 01fb 0C       		.uleb128 0xc
 379 01fc 4200     		.string	"B"
 380 01fe 05       		.byte	0x5
 381 01ff 2C95     		.2byte	0x2c95
 382 0201 000001CC 		.4byte	0x1cc
 383 0205 00       		.byte	0
 384 0206 08       		.uleb128 0x8
 385 0207 04       		.byte	0x4
 386 0208 05       		.byte	0x5
 387 0209 2C9A     		.2byte	0x2c9a
 388 020b 00000222 		.4byte	0x222
 389 020f 0A       		.uleb128 0xa
 390 0210 54564C00 		.string	"TVL"
 391 0214 05       		.byte	0x5
 392 0215 2C9B     		.2byte	0x2c9b
 393 0217 000000C1 		.4byte	0xc1
 394 021b 04       		.byte	0x4
 395 021c 20       		.byte	0x20
 396 021d 00       		.byte	0
 397 021e 02       		.byte	0x2
 398 021f 23       		.byte	0x23
 399 0220 00       		.uleb128 0
GAS LISTING C:\Users\bayra\AppData\Local\Temp\cch3q7Xe.s 			page 8


 400 0221 00       		.byte	0
 401 0222 0B       		.uleb128 0xb
 402 0223 04       		.byte	0x4
 403 0224 05       		.byte	0x5
 404 0225 2C98     		.2byte	0x2c98
 405 0227 00000240 		.4byte	0x240
 406 022b 0C       		.uleb128 0xc
 407 022c 5200     		.string	"R"
 408 022e 05       		.byte	0x5
 409 022f 2C99     		.2byte	0x2c99
 410 0231 000000C1 		.4byte	0xc1
 411 0235 0C       		.uleb128 0xc
 412 0236 4200     		.string	"B"
 413 0238 05       		.byte	0x5
 414 0239 2C9C     		.2byte	0x2c9c
 415 023b 00000206 		.4byte	0x206
 416 023f 00       		.byte	0
 417 0240 08       		.uleb128 0x8
 418 0241 04       		.byte	0x4
 419 0242 05       		.byte	0x5
 420 0243 2CA1     		.2byte	0x2ca1
 421 0245 00000280 		.4byte	0x280
 422 0249 09       		.uleb128 0x9
 423 024a 00000000 		.4byte	.LASF18
 424 024e 05       		.byte	0x5
 425 024f 2CA2     		.2byte	0x2ca2
 426 0251 000000C1 		.4byte	0xc1
 427 0255 04       		.byte	0x4
 428 0256 1E       		.byte	0x1e
 429 0257 00       		.byte	0
 430 0258 02       		.byte	0x2
 431 0259 23       		.byte	0x23
 432 025a 00       		.uleb128 0
 433 025b 0A       		.uleb128 0xa
 434 025c 54494500 		.string	"TIE"
 435 0260 05       		.byte	0x5
 436 0261 2CA3     		.2byte	0x2ca3
 437 0263 000000C1 		.4byte	0xc1
 438 0267 04       		.byte	0x4
 439 0268 01       		.byte	0x1
 440 0269 1E       		.byte	0x1e
 441 026a 02       		.byte	0x2
 442 026b 23       		.byte	0x23
 443 026c 00       		.uleb128 0
 444 026d 0A       		.uleb128 0xa
 445 026e 54454E00 		.string	"TEN"
 446 0272 05       		.byte	0x5
 447 0273 2CA4     		.2byte	0x2ca4
 448 0275 000000C1 		.4byte	0xc1
 449 0279 04       		.byte	0x4
 450 027a 01       		.byte	0x1
 451 027b 1F       		.byte	0x1f
 452 027c 02       		.byte	0x2
 453 027d 23       		.byte	0x23
 454 027e 00       		.uleb128 0
 455 027f 00       		.byte	0
 456 0280 0B       		.uleb128 0xb
GAS LISTING C:\Users\bayra\AppData\Local\Temp\cch3q7Xe.s 			page 9


 457 0281 04       		.byte	0x4
 458 0282 05       		.byte	0x5
 459 0283 2C9F     		.2byte	0x2c9f
 460 0285 0000029E 		.4byte	0x29e
 461 0289 0C       		.uleb128 0xc
 462 028a 5200     		.string	"R"
 463 028c 05       		.byte	0x5
 464 028d 2CA0     		.2byte	0x2ca0
 465 028f 000000C1 		.4byte	0xc1
 466 0293 0C       		.uleb128 0xc
 467 0294 4200     		.string	"B"
 468 0296 05       		.byte	0x5
 469 0297 2CA5     		.2byte	0x2ca5
 470 0299 00000240 		.4byte	0x240
 471 029d 00       		.byte	0
 472 029e 08       		.uleb128 0x8
 473 029f 04       		.byte	0x4
 474 02a0 05       		.byte	0x5
 475 02a1 2CAA     		.2byte	0x2caa
 476 02a3 000002CC 		.4byte	0x2cc
 477 02a7 09       		.uleb128 0x9
 478 02a8 00000000 		.4byte	.LASF18
 479 02ac 05       		.byte	0x5
 480 02ad 2CAB     		.2byte	0x2cab
 481 02af 000000C1 		.4byte	0xc1
 482 02b3 04       		.byte	0x4
 483 02b4 1F       		.byte	0x1f
 484 02b5 00       		.byte	0
 485 02b6 02       		.byte	0x2
 486 02b7 23       		.byte	0x23
 487 02b8 00       		.uleb128 0
 488 02b9 0A       		.uleb128 0xa
 489 02ba 54494600 		.string	"TIF"
 490 02be 05       		.byte	0x5
 491 02bf 2CAC     		.2byte	0x2cac
 492 02c1 000000C1 		.4byte	0xc1
 493 02c5 04       		.byte	0x4
 494 02c6 01       		.byte	0x1
 495 02c7 1F       		.byte	0x1f
 496 02c8 02       		.byte	0x2
 497 02c9 23       		.byte	0x23
 498 02ca 00       		.uleb128 0
 499 02cb 00       		.byte	0
 500 02cc 0B       		.uleb128 0xb
 501 02cd 04       		.byte	0x4
 502 02ce 05       		.byte	0x5
 503 02cf 2CA8     		.2byte	0x2ca8
 504 02d1 000002EA 		.4byte	0x2ea
 505 02d5 0C       		.uleb128 0xc
 506 02d6 5200     		.string	"R"
 507 02d8 05       		.byte	0x5
 508 02d9 2CA9     		.2byte	0x2ca9
 509 02db 000000C1 		.4byte	0xc1
 510 02df 0C       		.uleb128 0xc
 511 02e0 4200     		.string	"B"
 512 02e2 05       		.byte	0x5
 513 02e3 2CAD     		.2byte	0x2cad
GAS LISTING C:\Users\bayra\AppData\Local\Temp\cch3q7Xe.s 			page 10


 514 02e5 0000029E 		.4byte	0x29e
 515 02e9 00       		.byte	0
 516 02ea 08       		.uleb128 0x8
 517 02eb 04       		.byte	0x4
 518 02ec 05       		.byte	0x5
 519 02ed 2CB3     		.2byte	0x2cb3
 520 02ef 00000306 		.4byte	0x306
 521 02f3 0A       		.uleb128 0xa
 522 02f4 54535600 		.string	"TSV"
 523 02f8 05       		.byte	0x5
 524 02f9 2CB4     		.2byte	0x2cb4
 525 02fb 000000C1 		.4byte	0xc1
 526 02ff 04       		.byte	0x4
 527 0300 20       		.byte	0x20
 528 0301 00       		.byte	0
 529 0302 02       		.byte	0x2
 530 0303 23       		.byte	0x23
 531 0304 00       		.uleb128 0
 532 0305 00       		.byte	0
 533 0306 0B       		.uleb128 0xb
 534 0307 04       		.byte	0x4
 535 0308 05       		.byte	0x5
 536 0309 2CB1     		.2byte	0x2cb1
 537 030b 00000324 		.4byte	0x324
 538 030f 0C       		.uleb128 0xc
 539 0310 5200     		.string	"R"
 540 0312 05       		.byte	0x5
 541 0313 2CB2     		.2byte	0x2cb2
 542 0315 000000C1 		.4byte	0xc1
 543 0319 0C       		.uleb128 0xc
 544 031a 4200     		.string	"B"
 545 031c 05       		.byte	0x5
 546 031d 2CB5     		.2byte	0x2cb5
 547 031f 000002EA 		.4byte	0x2ea
 548 0323 00       		.byte	0
 549 0324 08       		.uleb128 0x8
 550 0325 04       		.byte	0x4
 551 0326 05       		.byte	0x5
 552 0327 2CBA     		.2byte	0x2cba
 553 0329 00000340 		.4byte	0x340
 554 032d 0A       		.uleb128 0xa
 555 032e 54564C00 		.string	"TVL"
 556 0332 05       		.byte	0x5
 557 0333 2CBB     		.2byte	0x2cbb
 558 0335 000000C1 		.4byte	0xc1
 559 0339 04       		.byte	0x4
 560 033a 20       		.byte	0x20
 561 033b 00       		.byte	0
 562 033c 02       		.byte	0x2
 563 033d 23       		.byte	0x23
 564 033e 00       		.uleb128 0
 565 033f 00       		.byte	0
 566 0340 0B       		.uleb128 0xb
 567 0341 04       		.byte	0x4
 568 0342 05       		.byte	0x5
 569 0343 2CB8     		.2byte	0x2cb8
 570 0345 0000035E 		.4byte	0x35e
GAS LISTING C:\Users\bayra\AppData\Local\Temp\cch3q7Xe.s 			page 11


 571 0349 0C       		.uleb128 0xc
 572 034a 5200     		.string	"R"
 573 034c 05       		.byte	0x5
 574 034d 2CB9     		.2byte	0x2cb9
 575 034f 000000C1 		.4byte	0xc1
 576 0353 0C       		.uleb128 0xc
 577 0354 4200     		.string	"B"
 578 0356 05       		.byte	0x5
 579 0357 2CBC     		.2byte	0x2cbc
 580 0359 00000324 		.4byte	0x324
 581 035d 00       		.byte	0
 582 035e 08       		.uleb128 0x8
 583 035f 04       		.byte	0x4
 584 0360 05       		.byte	0x5
 585 0361 2CC1     		.2byte	0x2cc1
 586 0363 000003B0 		.4byte	0x3b0
 587 0367 09       		.uleb128 0x9
 588 0368 00000000 		.4byte	.LASF18
 589 036c 05       		.byte	0x5
 590 036d 2CC2     		.2byte	0x2cc2
 591 036f 000000C1 		.4byte	0xc1
 592 0373 04       		.byte	0x4
 593 0374 1D       		.byte	0x1d
 594 0375 00       		.byte	0
 595 0376 02       		.byte	0x2
 596 0377 23       		.byte	0x23
 597 0378 00       		.uleb128 0
 598 0379 0A       		.uleb128 0xa
 599 037a 43484E00 		.string	"CHN"
 600 037e 05       		.byte	0x5
 601 037f 2CC3     		.2byte	0x2cc3
 602 0381 000000C1 		.4byte	0xc1
 603 0385 04       		.byte	0x4
 604 0386 01       		.byte	0x1
 605 0387 1D       		.byte	0x1d
 606 0388 02       		.byte	0x2
 607 0389 23       		.byte	0x23
 608 038a 00       		.uleb128 0
 609 038b 0A       		.uleb128 0xa
 610 038c 54494500 		.string	"TIE"
 611 0390 05       		.byte	0x5
 612 0391 2CC4     		.2byte	0x2cc4
 613 0393 000000C1 		.4byte	0xc1
 614 0397 04       		.byte	0x4
 615 0398 01       		.byte	0x1
 616 0399 1E       		.byte	0x1e
 617 039a 02       		.byte	0x2
 618 039b 23       		.byte	0x23
 619 039c 00       		.uleb128 0
 620 039d 0A       		.uleb128 0xa
 621 039e 54454E00 		.string	"TEN"
 622 03a2 05       		.byte	0x5
 623 03a3 2CC5     		.2byte	0x2cc5
 624 03a5 000000C1 		.4byte	0xc1
 625 03a9 04       		.byte	0x4
 626 03aa 01       		.byte	0x1
 627 03ab 1F       		.byte	0x1f
GAS LISTING C:\Users\bayra\AppData\Local\Temp\cch3q7Xe.s 			page 12


 628 03ac 02       		.byte	0x2
 629 03ad 23       		.byte	0x23
 630 03ae 00       		.uleb128 0
 631 03af 00       		.byte	0
 632 03b0 0B       		.uleb128 0xb
 633 03b1 04       		.byte	0x4
 634 03b2 05       		.byte	0x5
 635 03b3 2CBF     		.2byte	0x2cbf
 636 03b5 000003CE 		.4byte	0x3ce
 637 03b9 0C       		.uleb128 0xc
 638 03ba 5200     		.string	"R"
 639 03bc 05       		.byte	0x5
 640 03bd 2CC0     		.2byte	0x2cc0
 641 03bf 000000C1 		.4byte	0xc1
 642 03c3 0C       		.uleb128 0xc
 643 03c4 4200     		.string	"B"
 644 03c6 05       		.byte	0x5
 645 03c7 2CC6     		.2byte	0x2cc6
 646 03c9 0000035E 		.4byte	0x35e
 647 03cd 00       		.byte	0
 648 03ce 08       		.uleb128 0x8
 649 03cf 04       		.byte	0x4
 650 03d0 05       		.byte	0x5
 651 03d1 2CCB     		.2byte	0x2ccb
 652 03d3 000003FC 		.4byte	0x3fc
 653 03d7 09       		.uleb128 0x9
 654 03d8 00000000 		.4byte	.LASF18
 655 03dc 05       		.byte	0x5
 656 03dd 2CCC     		.2byte	0x2ccc
 657 03df 000000C1 		.4byte	0xc1
 658 03e3 04       		.byte	0x4
 659 03e4 1F       		.byte	0x1f
 660 03e5 00       		.byte	0
 661 03e6 02       		.byte	0x2
 662 03e7 23       		.byte	0x23
 663 03e8 00       		.uleb128 0
 664 03e9 0A       		.uleb128 0xa
 665 03ea 54494600 		.string	"TIF"
 666 03ee 05       		.byte	0x5
 667 03ef 2CCD     		.2byte	0x2ccd
 668 03f1 000000C1 		.4byte	0xc1
 669 03f5 04       		.byte	0x4
 670 03f6 01       		.byte	0x1
 671 03f7 1F       		.byte	0x1f
 672 03f8 02       		.byte	0x2
 673 03f9 23       		.byte	0x23
 674 03fa 00       		.uleb128 0
 675 03fb 00       		.byte	0
 676 03fc 0B       		.uleb128 0xb
 677 03fd 04       		.byte	0x4
 678 03fe 05       		.byte	0x5
 679 03ff 2CC9     		.2byte	0x2cc9
 680 0401 0000041A 		.4byte	0x41a
 681 0405 0C       		.uleb128 0xc
 682 0406 5200     		.string	"R"
 683 0408 05       		.byte	0x5
 684 0409 2CCA     		.2byte	0x2cca
GAS LISTING C:\Users\bayra\AppData\Local\Temp\cch3q7Xe.s 			page 13


 685 040b 000000C1 		.4byte	0xc1
 686 040f 0C       		.uleb128 0xc
 687 0410 4200     		.string	"B"
 688 0412 05       		.byte	0x5
 689 0413 2CCE     		.2byte	0x2cce
 690 0415 000003CE 		.4byte	0x3ce
 691 0419 00       		.byte	0
 692 041a 08       		.uleb128 0x8
 693 041b 10       		.byte	0x10
 694 041c 05       		.byte	0x5
 695 041d 2CB0     		.2byte	0x2cb0
 696 041f 00000460 		.4byte	0x460
 697 0423 0D       		.uleb128 0xd
 698 0424 00000000 		.4byte	.LASF21
 699 0428 05       		.byte	0x5
 700 0429 2CB6     		.2byte	0x2cb6
 701 042b 00000306 		.4byte	0x306
 702 042f 02       		.byte	0x2
 703 0430 23       		.byte	0x23
 704 0431 00       		.uleb128 0
 705 0432 0D       		.uleb128 0xd
 706 0433 00000000 		.4byte	.LASF22
 707 0437 05       		.byte	0x5
 708 0438 2CBD     		.2byte	0x2cbd
 709 043a 00000340 		.4byte	0x340
 710 043e 02       		.byte	0x2
 711 043f 23       		.byte	0x23
 712 0440 04       		.uleb128 0x4
 713 0441 0D       		.uleb128 0xd
 714 0442 00000000 		.4byte	.LASF23
 715 0446 05       		.byte	0x5
 716 0447 2CC7     		.2byte	0x2cc7
 717 0449 000003B0 		.4byte	0x3b0
 718 044d 02       		.byte	0x2
 719 044e 23       		.byte	0x23
 720 044f 08       		.uleb128 0x8
 721 0450 0D       		.uleb128 0xd
 722 0451 00000000 		.4byte	.LASF24
 723 0455 05       		.byte	0x5
 724 0456 2CCF     		.2byte	0x2ccf
 725 0458 000003FC 		.4byte	0x3fc
 726 045c 02       		.byte	0x2
 727 045d 23       		.byte	0x23
 728 045e 0C       		.uleb128 0xc
 729 045f 00       		.byte	0
 730 0460 0E       		.uleb128 0xe
 731 0461 00000000 		.4byte	.LASF36
 732 0465 0180     		.2byte	0x180
 733 0467 05       		.byte	0x5
 734 0468 2C74     		.2byte	0x2c74
 735 046a 0000050C 		.4byte	0x50c
 736 046e 0F       		.uleb128 0xf
 737 046f 4D435200 		.string	"MCR"
 738 0473 05       		.byte	0x5
 739 0474 2C7D     		.2byte	0x2c7d
 740 0476 0000013A 		.4byte	0x13a
 741 047a 02       		.byte	0x2
GAS LISTING C:\Users\bayra\AppData\Local\Temp\cch3q7Xe.s 			page 14


 742 047b 23       		.byte	0x23
 743 047c 00       		.uleb128 0
 744 047d 0D       		.uleb128 0xd
 745 047e 00000000 		.4byte	.LASF25
 746 0482 05       		.byte	0x5
 747 0483 2C7F     		.2byte	0x2c7f
 748 0485 0000051C 		.4byte	0x51c
 749 0489 02       		.byte	0x2
 750 048a 23       		.byte	0x23
 751 048b 04       		.uleb128 0x4
 752 048c 0D       		.uleb128 0xd
 753 048d 00000000 		.4byte	.LASF26
 754 0491 05       		.byte	0x5
 755 0492 2C86     		.2byte	0x2c86
 756 0494 00000174 		.4byte	0x174
 757 0498 03       		.byte	0x3
 758 0499 23       		.byte	0x23
 759 049a E001     		.uleb128 0xe0
 760 049c 0D       		.uleb128 0xd
 761 049d 00000000 		.4byte	.LASF27
 762 04a1 05       		.byte	0x5
 763 04a2 2C8D     		.2byte	0x2c8d
 764 04a4 000001AE 		.4byte	0x1ae
 765 04a8 03       		.byte	0x3
 766 04a9 23       		.byte	0x23
 767 04aa E401     		.uleb128 0xe4
 768 04ac 0D       		.uleb128 0xd
 769 04ad 00000000 		.4byte	.LASF28
 770 04b1 05       		.byte	0x5
 771 04b2 2C8F     		.2byte	0x2c8f
 772 04b4 00000521 		.4byte	0x521
 773 04b8 03       		.byte	0x3
 774 04b9 23       		.byte	0x23
 775 04ba E801     		.uleb128 0xe8
 776 04bc 0D       		.uleb128 0xd
 777 04bd 00000000 		.4byte	.LASF29
 778 04c1 05       		.byte	0x5
 779 04c2 2C96     		.2byte	0x2c96
 780 04c4 000001E8 		.4byte	0x1e8
 781 04c8 03       		.byte	0x3
 782 04c9 23       		.byte	0x23
 783 04ca F001     		.uleb128 0xf0
 784 04cc 0D       		.uleb128 0xd
 785 04cd 00000000 		.4byte	.LASF30
 786 04d1 05       		.byte	0x5
 787 04d2 2C9D     		.2byte	0x2c9d
 788 04d4 00000222 		.4byte	0x222
 789 04d8 03       		.byte	0x3
 790 04d9 23       		.byte	0x23
 791 04da F401     		.uleb128 0xf4
 792 04dc 0D       		.uleb128 0xd
 793 04dd 00000000 		.4byte	.LASF31
 794 04e1 05       		.byte	0x5
 795 04e2 2CA6     		.2byte	0x2ca6
 796 04e4 00000280 		.4byte	0x280
 797 04e8 03       		.byte	0x3
 798 04e9 23       		.byte	0x23
GAS LISTING C:\Users\bayra\AppData\Local\Temp\cch3q7Xe.s 			page 15


 799 04ea F801     		.uleb128 0xf8
 800 04ec 0D       		.uleb128 0xd
 801 04ed 00000000 		.4byte	.LASF32
 802 04f1 05       		.byte	0x5
 803 04f2 2CAE     		.2byte	0x2cae
 804 04f4 000002CC 		.4byte	0x2cc
 805 04f8 03       		.byte	0x3
 806 04f9 23       		.byte	0x23
 807 04fa FC01     		.uleb128 0xfc
 808 04fc 0F       		.uleb128 0xf
 809 04fd 434800   		.string	"CH"
 810 0500 05       		.byte	0x5
 811 0501 2CD1     		.2byte	0x2cd1
 812 0503 00000526 		.4byte	0x526
 813 0507 03       		.byte	0x3
 814 0508 23       		.byte	0x23
 815 0509 8002     		.uleb128 0x100
 816 050b 00       		.byte	0
 817 050c 06       		.uleb128 0x6
 818 050d 000000B1 		.4byte	0xb1
 819 0511 0000051C 		.4byte	0x51c
 820 0515 07       		.uleb128 0x7
 821 0516 000000D1 		.4byte	0xd1
 822 051a DB       		.byte	0xdb
 823 051b 00       		.byte	0
 824 051c 05       		.uleb128 0x5
 825 051d 0000050C 		.4byte	0x50c
 826 0521 05       		.uleb128 0x5
 827 0522 000000D8 		.4byte	0xd8
 828 0526 06       		.uleb128 0x6
 829 0527 0000041A 		.4byte	0x41a
 830 052b 00000536 		.4byte	0x536
 831 052f 07       		.uleb128 0x7
 832 0530 000000D1 		.4byte	0xd1
 833 0534 07       		.byte	0x7
 834 0535 00       		.byte	0
 835 0536 10       		.uleb128 0x10
 836 0537 01       		.byte	0x1
 837 0538 00000000 		.4byte	.LASF37
 838 053c 01       		.byte	0x1
 839 053d 33       		.byte	0x33
 840 053e 01       		.byte	0x1
 841 053f 00000000 		.4byte	.LFB2
 842 0543 00000000 		.4byte	.LFE2
 843 0547 00000000 		.4byte	.LLST0
 844 054b 01       		.byte	0x1
 845 054c 0000056D 		.4byte	0x56d
 846 0550 11       		.uleb128 0x11
 847 0551 00000000 		.4byte	.LASF38
 848 0555 01       		.byte	0x1
 849 0556 33       		.byte	0x33
 850 0557 000000A6 		.4byte	0xa6
 851 055b 02       		.byte	0x2
 852 055c 91       		.byte	0x91
 853 055d 78       		.sleb128 -8
 854 055e 12       		.uleb128 0x12
 855 055f 72656700 		.string	"reg"
GAS LISTING C:\Users\bayra\AppData\Local\Temp\cch3q7Xe.s 			page 16


 856 0563 01       		.byte	0x1
 857 0564 35       		.byte	0x35
 858 0565 000000A6 		.4byte	0xa6
 859 0569 02       		.byte	0x2
 860 056a 91       		.byte	0x91
 861 056b 68       		.sleb128 -24
 862 056c 00       		.byte	0
 863 056d 13       		.uleb128 0x13
 864 056e 01       		.byte	0x1
 865 056f 00000000 		.4byte	.LASF39
 866 0573 01       		.byte	0x1
 867 0574 49       		.byte	0x49
 868 0575 01       		.byte	0x1
 869 0576 00000000 		.4byte	.LFB3
 870 057a 00000000 		.4byte	.LFE3
 871 057e 02       		.byte	0x2
 872 057f 71       		.byte	0x71
 873 0580 00       		.sleb128 0
 874 0581 01       		.byte	0x1
 875 0582 00       		.byte	0
 876              		.section	.debug_abbrev,"",@progbits
 877              	.Ldebug_abbrev0:
 878 0000 01       		.uleb128 0x1
 879 0001 11       		.uleb128 0x11
 880 0002 01       		.byte	0x1
 881 0003 25       		.uleb128 0x25
 882 0004 0E       		.uleb128 0xe
 883 0005 13       		.uleb128 0x13
 884 0006 0B       		.uleb128 0xb
 885 0007 03       		.uleb128 0x3
 886 0008 0E       		.uleb128 0xe
 887 0009 1B       		.uleb128 0x1b
 888 000a 0E       		.uleb128 0xe
 889 000b 55       		.uleb128 0x55
 890 000c 06       		.uleb128 0x6
 891 000d 11       		.uleb128 0x11
 892 000e 01       		.uleb128 0x1
 893 000f 52       		.uleb128 0x52
 894 0010 01       		.uleb128 0x1
 895 0011 10       		.uleb128 0x10
 896 0012 06       		.uleb128 0x6
 897 0013 00       		.byte	0
 898 0014 00       		.byte	0
 899 0015 02       		.uleb128 0x2
 900 0016 24       		.uleb128 0x24
 901 0017 00       		.byte	0
 902 0018 0B       		.uleb128 0xb
 903 0019 0B       		.uleb128 0xb
 904 001a 3E       		.uleb128 0x3e
 905 001b 0B       		.uleb128 0xb
 906 001c 03       		.uleb128 0x3
 907 001d 0E       		.uleb128 0xe
 908 001e 00       		.byte	0
 909 001f 00       		.byte	0
 910 0020 03       		.uleb128 0x3
 911 0021 16       		.uleb128 0x16
 912 0022 00       		.byte	0
GAS LISTING C:\Users\bayra\AppData\Local\Temp\cch3q7Xe.s 			page 17


 913 0023 03       		.uleb128 0x3
 914 0024 0E       		.uleb128 0xe
 915 0025 3A       		.uleb128 0x3a
 916 0026 0B       		.uleb128 0xb
 917 0027 3B       		.uleb128 0x3b
 918 0028 0B       		.uleb128 0xb
 919 0029 49       		.uleb128 0x49
 920 002a 13       		.uleb128 0x13
 921 002b 00       		.byte	0
 922 002c 00       		.byte	0
 923 002d 04       		.uleb128 0x4
 924 002e 24       		.uleb128 0x24
 925 002f 00       		.byte	0
 926 0030 0B       		.uleb128 0xb
 927 0031 0B       		.uleb128 0xb
 928 0032 3E       		.uleb128 0x3e
 929 0033 0B       		.uleb128 0xb
 930 0034 03       		.uleb128 0x3
 931 0035 08       		.uleb128 0x8
 932 0036 00       		.byte	0
 933 0037 00       		.byte	0
 934 0038 05       		.uleb128 0x5
 935 0039 35       		.uleb128 0x35
 936 003a 00       		.byte	0
 937 003b 49       		.uleb128 0x49
 938 003c 13       		.uleb128 0x13
 939 003d 00       		.byte	0
 940 003e 00       		.byte	0
 941 003f 06       		.uleb128 0x6
 942 0040 01       		.uleb128 0x1
 943 0041 01       		.byte	0x1
 944 0042 49       		.uleb128 0x49
 945 0043 13       		.uleb128 0x13
 946 0044 01       		.uleb128 0x1
 947 0045 13       		.uleb128 0x13
 948 0046 00       		.byte	0
 949 0047 00       		.byte	0
 950 0048 07       		.uleb128 0x7
 951 0049 21       		.uleb128 0x21
 952 004a 00       		.byte	0
 953 004b 49       		.uleb128 0x49
 954 004c 13       		.uleb128 0x13
 955 004d 2F       		.uleb128 0x2f
 956 004e 0B       		.uleb128 0xb
 957 004f 00       		.byte	0
 958 0050 00       		.byte	0
 959 0051 08       		.uleb128 0x8
 960 0052 13       		.uleb128 0x13
 961 0053 01       		.byte	0x1
 962 0054 0B       		.uleb128 0xb
 963 0055 0B       		.uleb128 0xb
 964 0056 3A       		.uleb128 0x3a
 965 0057 0B       		.uleb128 0xb
 966 0058 3B       		.uleb128 0x3b
 967 0059 05       		.uleb128 0x5
 968 005a 01       		.uleb128 0x1
 969 005b 13       		.uleb128 0x13
GAS LISTING C:\Users\bayra\AppData\Local\Temp\cch3q7Xe.s 			page 18


 970 005c 00       		.byte	0
 971 005d 00       		.byte	0
 972 005e 09       		.uleb128 0x9
 973 005f 0D       		.uleb128 0xd
 974 0060 00       		.byte	0
 975 0061 03       		.uleb128 0x3
 976 0062 0E       		.uleb128 0xe
 977 0063 3A       		.uleb128 0x3a
 978 0064 0B       		.uleb128 0xb
 979 0065 3B       		.uleb128 0x3b
 980 0066 05       		.uleb128 0x5
 981 0067 49       		.uleb128 0x49
 982 0068 13       		.uleb128 0x13
 983 0069 0B       		.uleb128 0xb
 984 006a 0B       		.uleb128 0xb
 985 006b 0D       		.uleb128 0xd
 986 006c 0B       		.uleb128 0xb
 987 006d 0C       		.uleb128 0xc
 988 006e 0B       		.uleb128 0xb
 989 006f 38       		.uleb128 0x38
 990 0070 0A       		.uleb128 0xa
 991 0071 00       		.byte	0
 992 0072 00       		.byte	0
 993 0073 0A       		.uleb128 0xa
 994 0074 0D       		.uleb128 0xd
 995 0075 00       		.byte	0
 996 0076 03       		.uleb128 0x3
 997 0077 08       		.uleb128 0x8
 998 0078 3A       		.uleb128 0x3a
 999 0079 0B       		.uleb128 0xb
 1000 007a 3B       		.uleb128 0x3b
 1001 007b 05       		.uleb128 0x5
 1002 007c 49       		.uleb128 0x49
 1003 007d 13       		.uleb128 0x13
 1004 007e 0B       		.uleb128 0xb
 1005 007f 0B       		.uleb128 0xb
 1006 0080 0D       		.uleb128 0xd
 1007 0081 0B       		.uleb128 0xb
 1008 0082 0C       		.uleb128 0xc
 1009 0083 0B       		.uleb128 0xb
 1010 0084 38       		.uleb128 0x38
 1011 0085 0A       		.uleb128 0xa
 1012 0086 00       		.byte	0
 1013 0087 00       		.byte	0
 1014 0088 0B       		.uleb128 0xb
 1015 0089 17       		.uleb128 0x17
 1016 008a 01       		.byte	0x1
 1017 008b 0B       		.uleb128 0xb
 1018 008c 0B       		.uleb128 0xb
 1019 008d 3A       		.uleb128 0x3a
 1020 008e 0B       		.uleb128 0xb
 1021 008f 3B       		.uleb128 0x3b
 1022 0090 05       		.uleb128 0x5
 1023 0091 01       		.uleb128 0x1
 1024 0092 13       		.uleb128 0x13
 1025 0093 00       		.byte	0
 1026 0094 00       		.byte	0
GAS LISTING C:\Users\bayra\AppData\Local\Temp\cch3q7Xe.s 			page 19


 1027 0095 0C       		.uleb128 0xc
 1028 0096 0D       		.uleb128 0xd
 1029 0097 00       		.byte	0
 1030 0098 03       		.uleb128 0x3
 1031 0099 08       		.uleb128 0x8
 1032 009a 3A       		.uleb128 0x3a
 1033 009b 0B       		.uleb128 0xb
 1034 009c 3B       		.uleb128 0x3b
 1035 009d 05       		.uleb128 0x5
 1036 009e 49       		.uleb128 0x49
 1037 009f 13       		.uleb128 0x13
 1038 00a0 00       		.byte	0
 1039 00a1 00       		.byte	0
 1040 00a2 0D       		.uleb128 0xd
 1041 00a3 0D       		.uleb128 0xd
 1042 00a4 00       		.byte	0
 1043 00a5 03       		.uleb128 0x3
 1044 00a6 0E       		.uleb128 0xe
 1045 00a7 3A       		.uleb128 0x3a
 1046 00a8 0B       		.uleb128 0xb
 1047 00a9 3B       		.uleb128 0x3b
 1048 00aa 05       		.uleb128 0x5
 1049 00ab 49       		.uleb128 0x49
 1050 00ac 13       		.uleb128 0x13
 1051 00ad 38       		.uleb128 0x38
 1052 00ae 0A       		.uleb128 0xa
 1053 00af 00       		.byte	0
 1054 00b0 00       		.byte	0
 1055 00b1 0E       		.uleb128 0xe
 1056 00b2 13       		.uleb128 0x13
 1057 00b3 01       		.byte	0x1
 1058 00b4 03       		.uleb128 0x3
 1059 00b5 0E       		.uleb128 0xe
 1060 00b6 0B       		.uleb128 0xb
 1061 00b7 05       		.uleb128 0x5
 1062 00b8 3A       		.uleb128 0x3a
 1063 00b9 0B       		.uleb128 0xb
 1064 00ba 3B       		.uleb128 0x3b
 1065 00bb 05       		.uleb128 0x5
 1066 00bc 01       		.uleb128 0x1
 1067 00bd 13       		.uleb128 0x13
 1068 00be 00       		.byte	0
 1069 00bf 00       		.byte	0
 1070 00c0 0F       		.uleb128 0xf
 1071 00c1 0D       		.uleb128 0xd
 1072 00c2 00       		.byte	0
 1073 00c3 03       		.uleb128 0x3
 1074 00c4 08       		.uleb128 0x8
 1075 00c5 3A       		.uleb128 0x3a
 1076 00c6 0B       		.uleb128 0xb
 1077 00c7 3B       		.uleb128 0x3b
 1078 00c8 05       		.uleb128 0x5
 1079 00c9 49       		.uleb128 0x49
 1080 00ca 13       		.uleb128 0x13
 1081 00cb 38       		.uleb128 0x38
 1082 00cc 0A       		.uleb128 0xa
 1083 00cd 00       		.byte	0
GAS LISTING C:\Users\bayra\AppData\Local\Temp\cch3q7Xe.s 			page 20


 1084 00ce 00       		.byte	0
 1085 00cf 10       		.uleb128 0x10
 1086 00d0 2E       		.uleb128 0x2e
 1087 00d1 01       		.byte	0x1
 1088 00d2 3F       		.uleb128 0x3f
 1089 00d3 0C       		.uleb128 0xc
 1090 00d4 03       		.uleb128 0x3
 1091 00d5 0E       		.uleb128 0xe
 1092 00d6 3A       		.uleb128 0x3a
 1093 00d7 0B       		.uleb128 0xb
 1094 00d8 3B       		.uleb128 0x3b
 1095 00d9 0B       		.uleb128 0xb
 1096 00da 27       		.uleb128 0x27
 1097 00db 0C       		.uleb128 0xc
 1098 00dc 11       		.uleb128 0x11
 1099 00dd 01       		.uleb128 0x1
 1100 00de 12       		.uleb128 0x12
 1101 00df 01       		.uleb128 0x1
 1102 00e0 40       		.uleb128 0x40
 1103 00e1 06       		.uleb128 0x6
 1104 00e2 9642     		.uleb128 0x2116
 1105 00e4 0C       		.uleb128 0xc
 1106 00e5 01       		.uleb128 0x1
 1107 00e6 13       		.uleb128 0x13
 1108 00e7 00       		.byte	0
 1109 00e8 00       		.byte	0
 1110 00e9 11       		.uleb128 0x11
 1111 00ea 05       		.uleb128 0x5
 1112 00eb 00       		.byte	0
 1113 00ec 03       		.uleb128 0x3
 1114 00ed 0E       		.uleb128 0xe
 1115 00ee 3A       		.uleb128 0x3a
 1116 00ef 0B       		.uleb128 0xb
 1117 00f0 3B       		.uleb128 0x3b
 1118 00f1 0B       		.uleb128 0xb
 1119 00f2 49       		.uleb128 0x49
 1120 00f3 13       		.uleb128 0x13
 1121 00f4 02       		.uleb128 0x2
 1122 00f5 0A       		.uleb128 0xa
 1123 00f6 00       		.byte	0
 1124 00f7 00       		.byte	0
 1125 00f8 12       		.uleb128 0x12
 1126 00f9 34       		.uleb128 0x34
 1127 00fa 00       		.byte	0
 1128 00fb 03       		.uleb128 0x3
 1129 00fc 08       		.uleb128 0x8
 1130 00fd 3A       		.uleb128 0x3a
 1131 00fe 0B       		.uleb128 0xb
 1132 00ff 3B       		.uleb128 0x3b
 1133 0100 0B       		.uleb128 0xb
 1134 0101 49       		.uleb128 0x49
 1135 0102 13       		.uleb128 0x13
 1136 0103 02       		.uleb128 0x2
 1137 0104 0A       		.uleb128 0xa
 1138 0105 00       		.byte	0
 1139 0106 00       		.byte	0
 1140 0107 13       		.uleb128 0x13
GAS LISTING C:\Users\bayra\AppData\Local\Temp\cch3q7Xe.s 			page 21


 1141 0108 2E       		.uleb128 0x2e
 1142 0109 00       		.byte	0
 1143 010a 3F       		.uleb128 0x3f
 1144 010b 0C       		.uleb128 0xc
 1145 010c 03       		.uleb128 0x3
 1146 010d 0E       		.uleb128 0xe
 1147 010e 3A       		.uleb128 0x3a
 1148 010f 0B       		.uleb128 0xb
 1149 0110 3B       		.uleb128 0x3b
 1150 0111 0B       		.uleb128 0xb
 1151 0112 27       		.uleb128 0x27
 1152 0113 0C       		.uleb128 0xc
 1153 0114 11       		.uleb128 0x11
 1154 0115 01       		.uleb128 0x1
 1155 0116 12       		.uleb128 0x12
 1156 0117 01       		.uleb128 0x1
 1157 0118 40       		.uleb128 0x40
 1158 0119 0A       		.uleb128 0xa
 1159 011a 9742     		.uleb128 0x2117
 1160 011c 0C       		.uleb128 0xc
 1161 011d 00       		.byte	0
 1162 011e 00       		.byte	0
 1163 011f 00       		.byte	0
 1164              		.section	.debug_loc,"",@progbits
 1165              	.Ldebug_loc0:
 1166              	.LLST0:
 1167 0000 00000000 		.4byte	.LFB2
 1168 0004 00000000 		.4byte	.LCFI0
 1169 0008 0002     		.2byte	0x2
 1170 000a 71       		.byte	0x71
 1171 000b 00       		.sleb128 0
 1172 000c 00000000 		.4byte	.LCFI0
 1173 0010 00000000 		.4byte	.LCFI1
 1174 0014 0002     		.2byte	0x2
 1175 0016 71       		.byte	0x71
 1176 0017 20       		.sleb128 32
 1177 0018 00000000 		.4byte	.LCFI1
 1178 001c 00000000 		.4byte	.LFE2
 1179 0020 0002     		.2byte	0x2
 1180 0022 71       		.byte	0x71
 1181 0023 00       		.sleb128 0
 1182 0024 00000000 		.4byte	0
 1183 0028 00000000 		.4byte	0
 1184              		.section	.debug_aranges,"",@progbits
 1185 0000 00000024 		.4byte	0x24
 1186 0004 0002     		.2byte	0x2
 1187 0006 00000000 		.4byte	.Ldebug_info0
 1188 000a 04       		.byte	0x4
 1189 000b 00       		.byte	0
 1190 000c 0000     		.2byte	0
 1191 000e 0000     		.2byte	0
 1192 0010 00000000 		.4byte	.LFB2
 1193 0014 00000076 		.4byte	.LFE2-.LFB2
 1194 0018 00000000 		.4byte	.LFB3
 1195 001c 0000002E 		.4byte	.LFE3-.LFB3
 1196 0020 00000000 		.4byte	0
 1197 0024 00000000 		.4byte	0
GAS LISTING C:\Users\bayra\AppData\Local\Temp\cch3q7Xe.s 			page 22


 1198              		.section	.debug_ranges,"",@progbits
 1199              	.Ldebug_ranges0:
 1200 0000 00000000 		.4byte	.LFB2
 1201 0004 00000000 		.4byte	.LFE2
 1202 0008 00000000 		.4byte	.LFB3
 1203 000c 00000000 		.4byte	.LFE3
 1204 0010 00000000 		.4byte	0
 1205 0014 00000000 		.4byte	0
 1206              		.section	.debug_line,"",@progbits
 1207              	.Ldebug_line0:
 1208 0000 0000020F 		.section	.debug_str,"MS",@progbits,1
 1208      00020000 
 1208      01DE0201 
 1208      FB0E0D00 
 1208      01010101 
 1209              	.LASF9:
 1210 0000 6C6F6E67 		.string	"long long int"
 1210      206C6F6E 
 1210      6720696E 
 1210      7400
 1211              	.LASF3:
 1212 000e 5F5F7569 		.string	"__uint8_t"
 1212      6E74385F 
 1212      7400
 1213              	.LASF30:
 1214 0018 5254495F 		.string	"RTI_CVAL"
 1214      4356414C 
 1214      00
 1215              	.LASF24:
 1216 0021 54464C47 		.string	"TFLG"
 1216      00
 1217              	.LASF1:
 1218 0026 756E7369 		.string	"unsigned char"
 1218      676E6564 
 1218      20636861 
 1218      7200
 1219              	.LASF31:
 1220 0034 5254495F 		.string	"RTI_TCTRL"
 1220      54435452 
 1220      4C00
 1221              	.LASF8:
 1222 003e 6C6F6E67 		.string	"long unsigned int"
 1222      20756E73 
 1222      69676E65 
 1222      6420696E 
 1222      7400
 1223              	.LASF5:
 1224 0050 73686F72 		.string	"short unsigned int"
 1224      7420756E 
 1224      7369676E 
 1224      65642069 
 1224      6E7400
 1225              	.LASF22:
 1226 0063 4356414C 		.string	"CVAL"
 1226      00
 1227              	.LASF25:
 1228 0068 4144525F 		.string	"ADR_reserved0"
GAS LISTING C:\Users\bayra\AppData\Local\Temp\cch3q7Xe.s 			page 23


 1228      72657365 
 1228      72766564 
 1228      3000
 1229              	.LASF28:
 1230 0076 4144525F 		.string	"ADR_reserved1"
 1230      72657365 
 1230      72766564 
 1230      3100
 1231              	.LASF39:
 1232 0084 73797354 		.string	"sysTimeReset"
 1232      696D6552 
 1232      65736574 
 1232      00
 1233              	.LASF26:
 1234 0091 4C544D52 		.string	"LTMR64H"
 1234      36344800 
 1235              	.LASF27:
 1236 0099 4C544D52 		.string	"LTMR64L"
 1236      36344C00 
 1237              	.LASF35:
 1238 00a1 443A5C47 		.string	"D:\\GitKraken\\SPC58EC80E5\\Gateway"
 1238      69744B72 
 1238      616B656E 
 1238      5C535043 
 1238      35384543 
 1239              	.LASF7:
 1240 00c2 5F5F7569 		.string	"__uint32_t"
 1240      6E743332 
 1240      5F7400
 1241              	.LASF20:
 1242 00cd 4D444953 		.string	"MDIS"
 1242      00
 1243              	.LASF21:
 1244 00d2 4C445641 		.string	"LDVAL"
 1244      4C00
 1245              	.LASF11:
 1246 00d8 756E7369 		.string	"unsigned int"
 1246      676E6564 
 1246      20696E74 
 1246      00
 1247              	.LASF23:
 1248 00e5 54435452 		.string	"TCTRL"
 1248      4C00
 1249              	.LASF10:
 1250 00eb 6C6F6E67 		.string	"long long unsigned int"
 1250      206C6F6E 
 1250      6720756E 
 1250      7369676E 
 1250      65642069 
 1251              	.LASF12:
 1252 0102 75696E74 		.string	"uint8_t"
 1252      385F7400 
 1253              	.LASF15:
 1254 010a 7675696E 		.string	"vuint8_t"
 1254      74385F74 
 1254      00
 1255              	.LASF0:
GAS LISTING C:\Users\bayra\AppData\Local\Temp\cch3q7Xe.s 			page 24


 1256 0113 7369676E 		.string	"signed char"
 1256      65642063 
 1256      68617200 
 1257              	.LASF36:
 1258 011f 5049545F 		.string	"PIT_tag"
 1258      74616700 
 1259              	.LASF38:
 1260 0127 7469636B 		.string	"ticks_per_sec"
 1260      735F7065 
 1260      725F7365 
 1260      6300
 1261              	.LASF17:
 1262 0135 73697A65 		.string	"sizetype"
 1262      74797065 
 1262      00
 1263              	.LASF19:
 1264 013e 4D444953 		.string	"MDIS_RTI"
 1264      5F525449 
 1264      00
 1265              	.LASF37:
 1266 0147 73797354 		.string	"sysTimeSetup"
 1266      696D6553 
 1266      65747570 
 1266      00
 1267              	.LASF18:
 1268 0154 756E7573 		.string	"unused_0"
 1268      65645F30 
 1268      00
 1269              	.LASF16:
 1270 015d 7675696E 		.string	"vuint32_t"
 1270      7433325F 
 1270      7400
 1271              	.LASF2:
 1272 0167 73686F72 		.string	"short int"
 1272      7420696E 
 1272      7400
 1273              	.LASF4:
 1274 0171 5F5F7569 		.string	"__uint16_t"
 1274      6E743136 
 1274      5F7400
 1275              	.LASF13:
 1276 017c 75696E74 		.string	"uint16_t"
 1276      31365F74 
 1276      00
 1277              	.LASF29:
 1278 0185 5254495F 		.string	"RTI_LDVAL"
 1278      4C445641 
 1278      4C00
 1279              	.LASF14:
 1280 018f 75696E74 		.string	"uint32_t"
 1280      33325F74 
 1280      00
 1281              	.LASF6:
 1282 0198 6C6F6E67 		.string	"long int"
 1282      20696E74 
 1282      00
 1283              	.LASF33:
GAS LISTING C:\Users\bayra\AppData\Local\Temp\cch3q7Xe.s 			page 25


 1284 01a1 474E5520 		.ascii	"GNU C 4.9.4 20160726 (Sat May 27 11:09:55 CDT 2017         b"
 1284      4320342E 
 1284      392E3420 
 1284      32303136 
 1284      30373236 
 1285 01dd 75696C64 		.ascii	"uild.sh"
 1285      2E7368
 1286 01e4 20726576 		.string	" rev=gd8b6c20 s=F494 ELe200 -V release_gd8b6c20_build_Fed_ELe200_ML0) -mcall-sysv -mcpu=e
 1286      3D676438 
 1286      62366332 
 1286      3020733D 
 1286      46343934 
 1287              	.LASF32:
 1288 02e5 5254495F 		.string	"RTI_TFLG"
 1288      54464C47 
 1288      00
 1289              	.LASF34:
 1290 02ee 2E2F636F 		.string	"./components/spc58ecxx_osal_component_rla/lib/src/systimer.c"
 1290      6D706F6E 
 1290      656E7473 
 1290      2F737063 
 1290      35386563 
 1291              		.ident	"GCC: (GNU) 4.9.4 20160726 (Sat May 27 11:09:55 CDT 2017         build.sh rev=gd8b6c20 s=F4
GAS LISTING C:\Users\bayra\AppData\Local\Temp\cch3q7Xe.s 			page 26


DEFINED SYMBOLS
                            *ABS*:00000000 systimer.c
C:\Users\bayra\AppData\Local\Temp\cch3q7Xe.s:10     .text.sysTimeSetup:00000000 sysTimeSetup
C:\Users\bayra\AppData\Local\Temp\cch3q7Xe.s:78     .text.sysTimeReset:00000000 sysTimeReset

UNDEFINED SYMBOLS
SPCSetPeripheralClockMode
