GAS LISTING C:\Users\bayra\AppData\Local\Temp\ccJzHBYO.s 			page 1


   1              		.file	"board.c"
   2              		.section	".text","axv"
   3              	.Ltext0:
   4              		.cfi_sections	.debug_frame
   5              		.section	.text.boardInit,"axv",@progbits
   6              		.align 1
   7              		.p2align 4,,15
   8              		.globl boardInit
   9              		.type	boardInit, @function
  10              	boardInit:
  11              	.LFB2:
  12              		.file 1 "./components/spc58ecxx_board_initialization_component_rla/cfg/board.c"
  13              		.loc 1 49 0
  14              		.cfi_startproc
  15              		.loc 1 51 0
  16 0000 7060E000 		e_lis %r3,.LANCHOR0@ha
  17              		.loc 1 52 0
  18              		.loc 1 51 0
  19 0004 1C630000 		e_la %r3,.LANCHOR0@l(%r3)
  20 0008 78000000 		e_b pal_init
  21              	.LVL0:
  22              		.cfi_endproc
  23              	.LFE2:
  24              		.size	boardInit, .-boardInit
  25              		.section	.data.spc_mscr_io_init,"aw",@progbits
  26              		.align 2
  27              		.type	spc_mscr_io_init, @object
  28              		.size	spc_mscr_io_init, 60
  29              	spc_mscr_io_init:
  30 0000 000A     		.short	10
  31 0002 0000     		.zero	2
  32 0004 02880008 		.long	42467336
  33 0008 00       		.byte	0
  34 0009 000000   		.zero	3
  35 000c 000B     		.short	11
  36 000e 0000     		.zero	2
  37 0010 00890000 		.long	8978432
  38 0014 00       		.byte	0
  39 0015 000000   		.zero	3
  40 0018 0056     		.short	86
  41 001a 0000     		.zero	2
  42 001c 00890000 		.long	8978432
  43 0020 00       		.byte	0
  44 0021 000000   		.zero	3
  45 0024 0057     		.short	87
  46 0026 0000     		.zero	2
  47 0028 02880002 		.long	42467330
  48 002c 00       		.byte	0
  49 002d 000000   		.zero	3
  50 0030 FFFF     		.short	-1
  51 0032 0000     		.zero	2
  52 0034 00000000 		.long	0
  53 0038 00       		.byte	0
  54 0039 000000   		.zero	3
  55              		.section	.data.pal_default_config,"aw",@progbits
  56              		.align 2
  57              		.set	.LANCHOR0,. + 0
GAS LISTING C:\Users\bayra\AppData\Local\Temp\ccJzHBYO.s 			page 2


  58              		.type	pal_default_config, @object
  59              		.size	pal_default_config, 8
  60              	pal_default_config:
  61 0000 00000000 		.long	spc_mscr_io_init
  62 0004 00000000 		.long	spc_mscr_mux_init
  63              		.section	.data.spc_mscr_mux_init,"aw",@progbits
  64              		.align 2
  65              		.type	spc_mscr_mux_init, @object
  66              		.size	spc_mscr_mux_init, 24
  67              	spc_mscr_mux_init:
  68 0000 00F6     		.short	246
  69 0002 0000     		.zero	2
  70 0004 00000006 		.long	6
  71 0008 00FC     		.short	252
  72 000a 0000     		.zero	2
  73 000c 00000005 		.long	5
  74 0010 FFFF     		.short	-1
  75 0012 0000     		.zero	2
  76 0014 00000000 		.long	0
  77              		.section	".text","axv"
  78              	.Letext0:
  79              		.file 2 "c:\\spc5studio-6.0\\eclipse\\plugins\\com.st.tools.spc5.tools.gnu.gcc.ppcvle.win32_4.9.4.
  80              		.file 3 "c:\\spc5studio-6.0\\eclipse\\plugins\\com.st.tools.spc5.tools.gnu.gcc.ppcvle.win32_4.9.4.
  81              		.file 4 "./components/spc58ecxx_board_initialization_component_rla/lib/include/pal.h"
  82              		.section	.debug_info,"",@progbits
  83              	.Ldebug_info0:
  84 0000 00000206 		.4byte	0x206
  85 0004 0002     		.2byte	0x2
  86 0006 00000000 		.4byte	.Ldebug_abbrev0
  87 000a 04       		.byte	0x4
  88 000b 01       		.uleb128 0x1
  89 000c 00000000 		.4byte	.LASF28
  90 0010 01       		.byte	0x1
  91 0011 00000000 		.4byte	.LASF29
  92 0015 00000000 		.4byte	.LASF30
  93 0019 00000000 		.4byte	.Ldebug_ranges0+0
  94 001d 00000000 		.4byte	0
  95 0021 00000000 		.4byte	0
  96 0025 00000000 		.4byte	.Ldebug_line0
  97 0029 02       		.uleb128 0x2
  98 002a 01       		.byte	0x1
  99 002b 06       		.byte	0x6
 100 002c 00000000 		.4byte	.LASF0
 101 0030 03       		.uleb128 0x3
 102 0031 00000000 		.4byte	.LASF2
 103 0035 02       		.byte	0x2
 104 0036 1D       		.byte	0x1d
 105 0037 0000003B 		.4byte	0x3b
 106 003b 02       		.uleb128 0x2
 107 003c 01       		.byte	0x1
 108 003d 08       		.byte	0x8
 109 003e 00000000 		.4byte	.LASF1
 110 0042 03       		.uleb128 0x3
 111 0043 00000000 		.4byte	.LASF3
 112 0047 02       		.byte	0x2
 113 0048 29       		.byte	0x29
 114 0049 0000004D 		.4byte	0x4d
GAS LISTING C:\Users\bayra\AppData\Local\Temp\ccJzHBYO.s 			page 3


 115 004d 02       		.uleb128 0x2
 116 004e 02       		.byte	0x2
 117 004f 05       		.byte	0x5
 118 0050 00000000 		.4byte	.LASF4
 119 0054 02       		.uleb128 0x2
 120 0055 02       		.byte	0x2
 121 0056 07       		.byte	0x7
 122 0057 00000000 		.4byte	.LASF5
 123 005b 02       		.uleb128 0x2
 124 005c 04       		.byte	0x4
 125 005d 05       		.byte	0x5
 126 005e 00000000 		.4byte	.LASF6
 127 0062 03       		.uleb128 0x3
 128 0063 00000000 		.4byte	.LASF7
 129 0067 02       		.byte	0x2
 130 0068 41       		.byte	0x41
 131 0069 0000006D 		.4byte	0x6d
 132 006d 02       		.uleb128 0x2
 133 006e 04       		.byte	0x4
 134 006f 07       		.byte	0x7
 135 0070 00000000 		.4byte	.LASF8
 136 0074 02       		.uleb128 0x2
 137 0075 08       		.byte	0x8
 138 0076 05       		.byte	0x5
 139 0077 00000000 		.4byte	.LASF9
 140 007b 02       		.uleb128 0x2
 141 007c 08       		.byte	0x8
 142 007d 07       		.byte	0x7
 143 007e 00000000 		.4byte	.LASF10
 144 0082 04       		.uleb128 0x4
 145 0083 04       		.byte	0x4
 146 0084 05       		.byte	0x5
 147 0085 696E7400 		.string	"int"
 148 0089 02       		.uleb128 0x2
 149 008a 04       		.byte	0x4
 150 008b 07       		.byte	0x7
 151 008c 00000000 		.4byte	.LASF11
 152 0090 03       		.uleb128 0x3
 153 0091 00000000 		.4byte	.LASF12
 154 0095 03       		.byte	0x3
 155 0096 15       		.byte	0x15
 156 0097 00000030 		.4byte	0x30
 157 009b 03       		.uleb128 0x3
 158 009c 00000000 		.4byte	.LASF13
 159 00a0 03       		.byte	0x3
 160 00a1 20       		.byte	0x20
 161 00a2 00000042 		.4byte	0x42
 162 00a6 03       		.uleb128 0x3
 163 00a7 00000000 		.4byte	.LASF14
 164 00ab 03       		.byte	0x3
 165 00ac 2D       		.byte	0x2d
 166 00ad 00000062 		.4byte	0x62
 167 00b1 02       		.uleb128 0x2
 168 00b2 04       		.byte	0x4
 169 00b3 07       		.byte	0x7
 170 00b4 00000000 		.4byte	.LASF15
 171 00b8 03       		.uleb128 0x3
GAS LISTING C:\Users\bayra\AppData\Local\Temp\ccJzHBYO.s 			page 4


 172 00b9 00000000 		.4byte	.LASF16
 173 00bd 04       		.byte	0x4
 174 00be 8B       		.byte	0x8b
 175 00bf 000000A6 		.4byte	0xa6
 176 00c3 05       		.uleb128 0x5
 177 00c4 0C       		.byte	0xc
 178 00c5 04       		.byte	0x4
 179 00c6 95       		.byte	0x95
 180 00c7 000000F6 		.4byte	0xf6
 181 00cb 06       		.uleb128 0x6
 182 00cc 00000000 		.4byte	.LASF17
 183 00d0 04       		.byte	0x4
 184 00d1 96       		.byte	0x96
 185 00d2 0000009B 		.4byte	0x9b
 186 00d6 02       		.byte	0x2
 187 00d7 23       		.byte	0x23
 188 00d8 00       		.uleb128 0
 189 00d9 06       		.uleb128 0x6
 190 00da 00000000 		.4byte	.LASF18
 191 00de 04       		.byte	0x4
 192 00df 97       		.byte	0x97
 193 00e0 000000B8 		.4byte	0xb8
 194 00e4 02       		.byte	0x2
 195 00e5 23       		.byte	0x23
 196 00e6 04       		.uleb128 0x4
 197 00e7 06       		.uleb128 0x6
 198 00e8 00000000 		.4byte	.LASF19
 199 00ec 04       		.byte	0x4
 200 00ed 98       		.byte	0x98
 201 00ee 00000090 		.4byte	0x90
 202 00f2 02       		.byte	0x2
 203 00f3 23       		.byte	0x23
 204 00f4 08       		.uleb128 0x8
 205 00f5 00       		.byte	0
 206 00f6 03       		.uleb128 0x3
 207 00f7 00000000 		.4byte	.LASF20
 208 00fb 04       		.byte	0x4
 209 00fc 99       		.byte	0x99
 210 00fd 000000C3 		.4byte	0xc3
 211 0101 05       		.uleb128 0x5
 212 0102 08       		.byte	0x8
 213 0103 04       		.byte	0x4
 214 0104 9E       		.byte	0x9e
 215 0105 00000126 		.4byte	0x126
 216 0109 06       		.uleb128 0x6
 217 010a 00000000 		.4byte	.LASF17
 218 010e 04       		.byte	0x4
 219 010f 9F       		.byte	0x9f
 220 0110 0000009B 		.4byte	0x9b
 221 0114 02       		.byte	0x2
 222 0115 23       		.byte	0x23
 223 0116 00       		.uleb128 0
 224 0117 06       		.uleb128 0x6
 225 0118 00000000 		.4byte	.LASF18
 226 011c 04       		.byte	0x4
 227 011d A0       		.byte	0xa0
 228 011e 000000A6 		.4byte	0xa6
GAS LISTING C:\Users\bayra\AppData\Local\Temp\ccJzHBYO.s 			page 5


 229 0122 02       		.byte	0x2
 230 0123 23       		.byte	0x23
 231 0124 04       		.uleb128 0x4
 232 0125 00       		.byte	0
 233 0126 03       		.uleb128 0x3
 234 0127 00000000 		.4byte	.LASF21
 235 012b 04       		.byte	0x4
 236 012c A1       		.byte	0xa1
 237 012d 00000101 		.4byte	0x101
 238 0131 05       		.uleb128 0x5
 239 0132 08       		.byte	0x8
 240 0133 04       		.byte	0x4
 241 0134 AC       		.byte	0xac
 242 0135 00000156 		.4byte	0x156
 243 0139 06       		.uleb128 0x6
 244 013a 00000000 		.4byte	.LASF22
 245 013e 04       		.byte	0x4
 246 013f AD       		.byte	0xad
 247 0140 00000156 		.4byte	0x156
 248 0144 02       		.byte	0x2
 249 0145 23       		.byte	0x23
 250 0146 00       		.uleb128 0
 251 0147 06       		.uleb128 0x6
 252 0148 00000000 		.4byte	.LASF23
 253 014c 04       		.byte	0x4
 254 014d AE       		.byte	0xae
 255 014e 0000015C 		.4byte	0x15c
 256 0152 02       		.byte	0x2
 257 0153 23       		.byte	0x23
 258 0154 04       		.uleb128 0x4
 259 0155 00       		.byte	0
 260 0156 07       		.uleb128 0x7
 261 0157 04       		.byte	0x4
 262 0158 000000F6 		.4byte	0xf6
 263 015c 07       		.uleb128 0x7
 264 015d 04       		.byte	0x4
 265 015e 00000126 		.4byte	0x126
 266 0162 03       		.uleb128 0x3
 267 0163 00000000 		.4byte	.LASF24
 268 0167 04       		.byte	0x4
 269 0168 AF       		.byte	0xaf
 270 0169 00000131 		.4byte	0x131
 271 016d 08       		.uleb128 0x8
 272 016e 01       		.byte	0x1
 273 016f 00000000 		.4byte	.LASF31
 274 0173 01       		.byte	0x1
 275 0174 31       		.byte	0x31
 276 0175 01       		.byte	0x1
 277 0176 00000000 		.4byte	.LFB2
 278 017a 00000000 		.4byte	.LFE2
 279 017e 02       		.byte	0x2
 280 017f 71       		.byte	0x71
 281 0180 00       		.sleb128 0
 282 0181 01       		.byte	0x1
 283 0182 0000019B 		.4byte	0x19b
 284 0186 09       		.uleb128 0x9
 285 0187 00000000 		.4byte	.LVL0
GAS LISTING C:\Users\bayra\AppData\Local\Temp\ccJzHBYO.s 			page 6


 286 018b 01       		.byte	0x1
 287 018c 000001EE 		.4byte	0x1ee
 288 0190 0A       		.uleb128 0xa
 289 0191 01       		.byte	0x1
 290 0192 53       		.byte	0x53
 291 0193 05       		.byte	0x5
 292 0194 03       		.byte	0x3
 293 0195 00000000 		.4byte	.LANCHOR0
 294 0199 00       		.byte	0
 295 019a 00       		.byte	0
 296 019b 0B       		.uleb128 0xb
 297 019c 000000F6 		.4byte	0xf6
 298 01a0 000001AB 		.4byte	0x1ab
 299 01a4 0C       		.uleb128 0xc
 300 01a5 000000B1 		.4byte	0xb1
 301 01a9 04       		.byte	0x4
 302 01aa 00       		.byte	0
 303 01ab 0D       		.uleb128 0xd
 304 01ac 00000000 		.4byte	.LASF25
 305 01b0 01       		.byte	0x1
 306 01b1 14       		.byte	0x14
 307 01b2 0000019B 		.4byte	0x19b
 308 01b6 05       		.byte	0x5
 309 01b7 03       		.byte	0x3
 310 01b8 00000000 		.4byte	spc_mscr_io_init
 311 01bc 0B       		.uleb128 0xb
 312 01bd 00000126 		.4byte	0x126
 313 01c1 000001CC 		.4byte	0x1cc
 314 01c5 0C       		.uleb128 0xc
 315 01c6 000000B1 		.4byte	0xb1
 316 01ca 02       		.byte	0x2
 317 01cb 00       		.byte	0
 318 01cc 0D       		.uleb128 0xd
 319 01cd 00000000 		.4byte	.LASF26
 320 01d1 01       		.byte	0x1
 321 01d2 20       		.byte	0x20
 322 01d3 000001BC 		.4byte	0x1bc
 323 01d7 05       		.byte	0x5
 324 01d8 03       		.byte	0x3
 325 01d9 00000000 		.4byte	spc_mscr_mux_init
 326 01dd 0D       		.uleb128 0xd
 327 01de 00000000 		.4byte	.LASF27
 328 01e2 01       		.byte	0x1
 329 01e3 29       		.byte	0x29
 330 01e4 00000162 		.4byte	0x162
 331 01e8 05       		.byte	0x5
 332 01e9 03       		.byte	0x3
 333 01ea 00000000 		.4byte	pal_default_config
 334 01ee 0E       		.uleb128 0xe
 335 01ef 01       		.byte	0x1
 336 01f0 00000000 		.4byte	.LASF32
 337 01f4 04       		.byte	0x4
 338 01f5 01CC     		.2byte	0x1cc
 339 01f7 01       		.byte	0x1
 340 01f8 01       		.byte	0x1
 341 01f9 00000203 		.4byte	0x203
 342 01fd 0F       		.uleb128 0xf
GAS LISTING C:\Users\bayra\AppData\Local\Temp\ccJzHBYO.s 			page 7


 343 01fe 00000203 		.4byte	0x203
 344 0202 00       		.byte	0
 345 0203 07       		.uleb128 0x7
 346 0204 04       		.byte	0x4
 347 0205 00000162 		.4byte	0x162
 348 0209 00       		.byte	0
 349              		.section	.debug_abbrev,"",@progbits
 350              	.Ldebug_abbrev0:
 351 0000 01       		.uleb128 0x1
 352 0001 11       		.uleb128 0x11
 353 0002 01       		.byte	0x1
 354 0003 25       		.uleb128 0x25
 355 0004 0E       		.uleb128 0xe
 356 0005 13       		.uleb128 0x13
 357 0006 0B       		.uleb128 0xb
 358 0007 03       		.uleb128 0x3
 359 0008 0E       		.uleb128 0xe
 360 0009 1B       		.uleb128 0x1b
 361 000a 0E       		.uleb128 0xe
 362 000b 55       		.uleb128 0x55
 363 000c 06       		.uleb128 0x6
 364 000d 11       		.uleb128 0x11
 365 000e 01       		.uleb128 0x1
 366 000f 52       		.uleb128 0x52
 367 0010 01       		.uleb128 0x1
 368 0011 10       		.uleb128 0x10
 369 0012 06       		.uleb128 0x6
 370 0013 00       		.byte	0
 371 0014 00       		.byte	0
 372 0015 02       		.uleb128 0x2
 373 0016 24       		.uleb128 0x24
 374 0017 00       		.byte	0
 375 0018 0B       		.uleb128 0xb
 376 0019 0B       		.uleb128 0xb
 377 001a 3E       		.uleb128 0x3e
 378 001b 0B       		.uleb128 0xb
 379 001c 03       		.uleb128 0x3
 380 001d 0E       		.uleb128 0xe
 381 001e 00       		.byte	0
 382 001f 00       		.byte	0
 383 0020 03       		.uleb128 0x3
 384 0021 16       		.uleb128 0x16
 385 0022 00       		.byte	0
 386 0023 03       		.uleb128 0x3
 387 0024 0E       		.uleb128 0xe
 388 0025 3A       		.uleb128 0x3a
 389 0026 0B       		.uleb128 0xb
 390 0027 3B       		.uleb128 0x3b
 391 0028 0B       		.uleb128 0xb
 392 0029 49       		.uleb128 0x49
 393 002a 13       		.uleb128 0x13
 394 002b 00       		.byte	0
 395 002c 00       		.byte	0
 396 002d 04       		.uleb128 0x4
 397 002e 24       		.uleb128 0x24
 398 002f 00       		.byte	0
 399 0030 0B       		.uleb128 0xb
GAS LISTING C:\Users\bayra\AppData\Local\Temp\ccJzHBYO.s 			page 8


 400 0031 0B       		.uleb128 0xb
 401 0032 3E       		.uleb128 0x3e
 402 0033 0B       		.uleb128 0xb
 403 0034 03       		.uleb128 0x3
 404 0035 08       		.uleb128 0x8
 405 0036 00       		.byte	0
 406 0037 00       		.byte	0
 407 0038 05       		.uleb128 0x5
 408 0039 13       		.uleb128 0x13
 409 003a 01       		.byte	0x1
 410 003b 0B       		.uleb128 0xb
 411 003c 0B       		.uleb128 0xb
 412 003d 3A       		.uleb128 0x3a
 413 003e 0B       		.uleb128 0xb
 414 003f 3B       		.uleb128 0x3b
 415 0040 0B       		.uleb128 0xb
 416 0041 01       		.uleb128 0x1
 417 0042 13       		.uleb128 0x13
 418 0043 00       		.byte	0
 419 0044 00       		.byte	0
 420 0045 06       		.uleb128 0x6
 421 0046 0D       		.uleb128 0xd
 422 0047 00       		.byte	0
 423 0048 03       		.uleb128 0x3
 424 0049 0E       		.uleb128 0xe
 425 004a 3A       		.uleb128 0x3a
 426 004b 0B       		.uleb128 0xb
 427 004c 3B       		.uleb128 0x3b
 428 004d 0B       		.uleb128 0xb
 429 004e 49       		.uleb128 0x49
 430 004f 13       		.uleb128 0x13
 431 0050 38       		.uleb128 0x38
 432 0051 0A       		.uleb128 0xa
 433 0052 00       		.byte	0
 434 0053 00       		.byte	0
 435 0054 07       		.uleb128 0x7
 436 0055 0F       		.uleb128 0xf
 437 0056 00       		.byte	0
 438 0057 0B       		.uleb128 0xb
 439 0058 0B       		.uleb128 0xb
 440 0059 49       		.uleb128 0x49
 441 005a 13       		.uleb128 0x13
 442 005b 00       		.byte	0
 443 005c 00       		.byte	0
 444 005d 08       		.uleb128 0x8
 445 005e 2E       		.uleb128 0x2e
 446 005f 01       		.byte	0x1
 447 0060 3F       		.uleb128 0x3f
 448 0061 0C       		.uleb128 0xc
 449 0062 03       		.uleb128 0x3
 450 0063 0E       		.uleb128 0xe
 451 0064 3A       		.uleb128 0x3a
 452 0065 0B       		.uleb128 0xb
 453 0066 3B       		.uleb128 0x3b
 454 0067 0B       		.uleb128 0xb
 455 0068 27       		.uleb128 0x27
 456 0069 0C       		.uleb128 0xc
GAS LISTING C:\Users\bayra\AppData\Local\Temp\ccJzHBYO.s 			page 9


 457 006a 11       		.uleb128 0x11
 458 006b 01       		.uleb128 0x1
 459 006c 12       		.uleb128 0x12
 460 006d 01       		.uleb128 0x1
 461 006e 40       		.uleb128 0x40
 462 006f 0A       		.uleb128 0xa
 463 0070 9742     		.uleb128 0x2117
 464 0072 0C       		.uleb128 0xc
 465 0073 01       		.uleb128 0x1
 466 0074 13       		.uleb128 0x13
 467 0075 00       		.byte	0
 468 0076 00       		.byte	0
 469 0077 09       		.uleb128 0x9
 470 0078 898201   		.uleb128 0x4109
 471 007b 01       		.byte	0x1
 472 007c 11       		.uleb128 0x11
 473 007d 01       		.uleb128 0x1
 474 007e 9542     		.uleb128 0x2115
 475 0080 0C       		.uleb128 0xc
 476 0081 31       		.uleb128 0x31
 477 0082 13       		.uleb128 0x13
 478 0083 00       		.byte	0
 479 0084 00       		.byte	0
 480 0085 0A       		.uleb128 0xa
 481 0086 8A8201   		.uleb128 0x410a
 482 0089 00       		.byte	0
 483 008a 02       		.uleb128 0x2
 484 008b 0A       		.uleb128 0xa
 485 008c 9142     		.uleb128 0x2111
 486 008e 0A       		.uleb128 0xa
 487 008f 00       		.byte	0
 488 0090 00       		.byte	0
 489 0091 0B       		.uleb128 0xb
 490 0092 01       		.uleb128 0x1
 491 0093 01       		.byte	0x1
 492 0094 49       		.uleb128 0x49
 493 0095 13       		.uleb128 0x13
 494 0096 01       		.uleb128 0x1
 495 0097 13       		.uleb128 0x13
 496 0098 00       		.byte	0
 497 0099 00       		.byte	0
 498 009a 0C       		.uleb128 0xc
 499 009b 21       		.uleb128 0x21
 500 009c 00       		.byte	0
 501 009d 49       		.uleb128 0x49
 502 009e 13       		.uleb128 0x13
 503 009f 2F       		.uleb128 0x2f
 504 00a0 0B       		.uleb128 0xb
 505 00a1 00       		.byte	0
 506 00a2 00       		.byte	0
 507 00a3 0D       		.uleb128 0xd
 508 00a4 34       		.uleb128 0x34
 509 00a5 00       		.byte	0
 510 00a6 03       		.uleb128 0x3
 511 00a7 0E       		.uleb128 0xe
 512 00a8 3A       		.uleb128 0x3a
 513 00a9 0B       		.uleb128 0xb
GAS LISTING C:\Users\bayra\AppData\Local\Temp\ccJzHBYO.s 			page 10


 514 00aa 3B       		.uleb128 0x3b
 515 00ab 0B       		.uleb128 0xb
 516 00ac 49       		.uleb128 0x49
 517 00ad 13       		.uleb128 0x13
 518 00ae 02       		.uleb128 0x2
 519 00af 0A       		.uleb128 0xa
 520 00b0 00       		.byte	0
 521 00b1 00       		.byte	0
 522 00b2 0E       		.uleb128 0xe
 523 00b3 2E       		.uleb128 0x2e
 524 00b4 01       		.byte	0x1
 525 00b5 3F       		.uleb128 0x3f
 526 00b6 0C       		.uleb128 0xc
 527 00b7 03       		.uleb128 0x3
 528 00b8 0E       		.uleb128 0xe
 529 00b9 3A       		.uleb128 0x3a
 530 00ba 0B       		.uleb128 0xb
 531 00bb 3B       		.uleb128 0x3b
 532 00bc 05       		.uleb128 0x5
 533 00bd 27       		.uleb128 0x27
 534 00be 0C       		.uleb128 0xc
 535 00bf 3C       		.uleb128 0x3c
 536 00c0 0C       		.uleb128 0xc
 537 00c1 01       		.uleb128 0x1
 538 00c2 13       		.uleb128 0x13
 539 00c3 00       		.byte	0
 540 00c4 00       		.byte	0
 541 00c5 0F       		.uleb128 0xf
 542 00c6 05       		.uleb128 0x5
 543 00c7 00       		.byte	0
 544 00c8 49       		.uleb128 0x49
 545 00c9 13       		.uleb128 0x13
 546 00ca 00       		.byte	0
 547 00cb 00       		.byte	0
 548 00cc 00       		.byte	0
 549              		.section	.debug_aranges,"",@progbits
 550 0000 0000001C 		.4byte	0x1c
 551 0004 0002     		.2byte	0x2
 552 0006 00000000 		.4byte	.Ldebug_info0
 553 000a 04       		.byte	0x4
 554 000b 00       		.byte	0
 555 000c 0000     		.2byte	0
 556 000e 0000     		.2byte	0
 557 0010 00000000 		.4byte	.LFB2
 558 0014 0000000C 		.4byte	.LFE2-.LFB2
 559 0018 00000000 		.4byte	0
 560 001c 00000000 		.4byte	0
 561              		.section	.debug_ranges,"",@progbits
 562              	.Ldebug_ranges0:
 563 0000 00000000 		.4byte	.LFB2
 564 0004 00000000 		.4byte	.LFE2
 565 0008 00000000 		.4byte	0
 566 000c 00000000 		.4byte	0
 567              		.section	.debug_line,"",@progbits
 568              	.Ldebug_line0:
 569 0000 000001F7 		.section	.debug_str,"MS",@progbits,1
 569      00020000 
GAS LISTING C:\Users\bayra\AppData\Local\Temp\ccJzHBYO.s 			page 11


 569      01DF0201 
 569      FB0E0D00 
 569      01010101 
 570              	.LASF2:
 571 0000 5F5F7569 		.string	"__uint8_t"
 571      6E74385F 
 571      7400
 572              	.LASF3:
 573 000a 5F5F696E 		.string	"__int16_t"
 573      7431365F 
 573      7400
 574              	.LASF18:
 575 0014 76616C75 		.string	"value"
 575      6500
 576              	.LASF16:
 577 001a 696F6D6F 		.string	"iomode_t"
 577      64655F74 
 577      00
 578              	.LASF1:
 579 0023 756E7369 		.string	"unsigned char"
 579      676E6564 
 579      20636861 
 579      7200
 580              	.LASF8:
 581 0031 6C6F6E67 		.string	"long unsigned int"
 581      20756E73 
 581      69676E65 
 581      6420696E 
 581      7400
 582              	.LASF5:
 583 0043 73686F72 		.string	"short unsigned int"
 583      7420756E 
 583      7369676E 
 583      65642069 
 583      6E7400
 584              	.LASF29:
 585 0056 2E2F636F 		.string	"./components/spc58ecxx_board_initialization_component_rla/cfg/board.c"
 585      6D706F6E 
 585      656E7473 
 585      2F737063 
 585      35386563 
 586              	.LASF20:
 587 009c 7370635F 		.string	"spc_mscr_io_init_t"
 587      6D736372 
 587      5F696F5F 
 587      696E6974 
 587      5F7400
 588              	.LASF25:
 589 00af 7370635F 		.string	"spc_mscr_io_init"
 589      6D736372 
 589      5F696F5F 
 589      696E6974 
 589      00
 590              	.LASF24:
 591 00c0 50414C43 		.string	"PALConfig"
 591      6F6E6669 
 591      6700
GAS LISTING C:\Users\bayra\AppData\Local\Temp\ccJzHBYO.s 			page 12


 592              	.LASF28:
 593 00ca 474E5520 		.ascii	"GNU C 4.9.4 20160726 (Sat May 27 11:09:55 CDT 2017         b"
 593      4320342E 
 593      392E3420 
 593      32303136 
 593      30373236 
 594 0106 75696C64 		.ascii	"uild.sh"
 594      2E7368
 595 010d 20726576 		.string	" rev=gd8b6c20 s=F494 ELe200 -V release_gd8b6c20_build_Fed_ELe200_ML0) -mcall-sysv -mcpu=e
 595      3D676438 
 595      62366332 
 595      3020733D 
 595      46343934 
 596              	.LASF7:
 597 020e 5F5F7569 		.string	"__uint32_t"
 597      6E743332 
 597      5F7400
 598              	.LASF27:
 599 0219 70616C5F 		.string	"pal_default_config"
 599      64656661 
 599      756C745F 
 599      636F6E66 
 599      696700
 600              	.LASF11:
 601 022c 756E7369 		.string	"unsigned int"
 601      676E6564 
 601      20696E74 
 601      00
 602              	.LASF10:
 603 0239 6C6F6E67 		.string	"long long unsigned int"
 603      206C6F6E 
 603      6720756E 
 603      7369676E 
 603      65642069 
 604              	.LASF12:
 605 0250 75696E74 		.string	"uint8_t"
 605      385F7400 
 606              	.LASF31:
 607 0258 626F6172 		.string	"boardInit"
 607      64496E69 
 607      7400
 608              	.LASF13:
 609 0262 696E7431 		.string	"int16_t"
 609      365F7400 
 610              	.LASF22:
 611 026a 6D736372 		.string	"mscr_io"
 611      5F696F00 
 612              	.LASF15:
 613 0272 73697A65 		.string	"sizetype"
 613      74797065 
 613      00
 614              	.LASF21:
 615 027b 7370635F 		.string	"spc_mscr_mux_init_t"
 615      6D736372 
 615      5F6D7578 
 615      5F696E69 
 615      745F7400 
GAS LISTING C:\Users\bayra\AppData\Local\Temp\ccJzHBYO.s 			page 13


 616              	.LASF9:
 617 028f 6C6F6E67 		.string	"long long int"
 617      206C6F6E 
 617      6720696E 
 617      7400
 618              	.LASF23:
 619 029d 6D736372 		.string	"mscr_mux"
 619      5F6D7578 
 619      00
 620              	.LASF30:
 621 02a6 433A5C53 		.string	"C:\\SPC5Studio-6.0\\workspace\\Gateway"
 621      50433553 
 621      74756469 
 621      6F2D362E 
 621      305C776F 
 622              	.LASF26:
 623 02ca 7370635F 		.string	"spc_mscr_mux_init"
 623      6D736372 
 623      5F6D7578 
 623      5F696E69 
 623      7400
 624              	.LASF19:
 625 02dc 6770646F 		.string	"gpdo"
 625      00
 626              	.LASF4:
 627 02e1 73686F72 		.string	"short int"
 627      7420696E 
 627      7400
 628              	.LASF17:
 629 02eb 696E6465 		.string	"index"
 629      7800
 630              	.LASF14:
 631 02f1 75696E74 		.string	"uint32_t"
 631      33325F74 
 631      00
 632              	.LASF6:
 633 02fa 6C6F6E67 		.string	"long int"
 633      20696E74 
 633      00
 634              	.LASF0:
 635 0303 7369676E 		.string	"signed char"
 635      65642063 
 635      68617200 
 636              	.LASF32:
 637 030f 70616C5F 		.string	"pal_init"
 637      696E6974 
 637      00
 638              		.ident	"GCC: (GNU) 4.9.4 20160726 (Sat May 27 11:09:55 CDT 2017         build.sh rev=gd8b6c20 s=F4
GAS LISTING C:\Users\bayra\AppData\Local\Temp\ccJzHBYO.s 			page 14


DEFINED SYMBOLS
                            *ABS*:00000000 board.c
C:\Users\bayra\AppData\Local\Temp\ccJzHBYO.s:10     .text.boardInit:00000000 boardInit
C:\Users\bayra\AppData\Local\Temp\ccJzHBYO.s:29     .data.spc_mscr_io_init:00000000 spc_mscr_io_init
C:\Users\bayra\AppData\Local\Temp\ccJzHBYO.s:60     .data.pal_default_config:00000000 pal_default_config
C:\Users\bayra\AppData\Local\Temp\ccJzHBYO.s:67     .data.spc_mscr_mux_init:00000000 spc_mscr_mux_init

UNDEFINED SYMBOLS
pal_init
